1: 79: /dev/shm/dappelh/nvcache_79
1: 80: /dev/shm/dappelh/nvcache_80
1: 81: /dev/shm/dappelh/nvcache_81
1: 78: /dev/shm/dappelh/nvcache_78
1: 82: /dev/shm/dappelh/nvcache_82
1: 83: /dev/shm/dappelh/nvcache_83
1: 56: /dev/shm/dappelh/nvcache_56
1: 55: /dev/shm/dappelh/nvcache_55
1: 88: /dev/shm/dappelh/nvcache_88
1: 59: /dev/shm/dappelh/nvcache_59
1: 57: /dev/shm/dappelh/nvcache_57
1: 58: /dev/shm/dappelh/nvcache_58
1: 89: /dev/shm/dappelh/nvcache_89
1: 54: /dev/shm/dappelh/nvcache_54
1: 84: /dev/shm/dappelh/nvcache_84
1: 87: /dev/shm/dappelh/nvcache_87
1: 85: /dev/shm/dappelh/nvcache_85
1: 86: /dev/shm/dappelh/nvcache_86
1: 24: /dev/shm/dappelh/nvcache_24
1: 29: /dev/shm/dappelh/nvcache_29
1: 25: /dev/shm/dappelh/nvcache_25
1: 27: /dev/shm/dappelh/nvcache_27
1: 26: /dev/shm/dappelh/nvcache_26
1: 28: /dev/shm/dappelh/nvcache_28
1: 13: /dev/shm/dappelh/nvcache_13
1: 17: /dev/shm/dappelh/nvcache_17
1: 14: /dev/shm/dappelh/nvcache_14
1: 15: /dev/shm/dappelh/nvcache_15
1: 12: /dev/shm/dappelh/nvcache_12
1: 19: /dev/shm/dappelh/nvcache_19
1: 21: /dev/shm/dappelh/nvcache_21
1: 20: /dev/shm/dappelh/nvcache_20
1: 34: /dev/shm/dappelh/nvcache_34
1: 18: /dev/shm/dappelh/nvcache_18
1: 23: /dev/shm/dappelh/nvcache_23
1: 33: /dev/shm/dappelh/nvcache_33
1: 22: /dev/shm/dappelh/nvcache_22
1: 35: /dev/shm/dappelh/nvcache_35
1: 32: /dev/shm/dappelh/nvcache_32
1: 30: /dev/shm/dappelh/nvcache_30
1: 31: /dev/shm/dappelh/nvcache_31
1: 16: /dev/shm/dappelh/nvcache_16
1: 65: /dev/shm/dappelh/nvcache_65
1: 64: /dev/shm/dappelh/nvcache_64
1: 62: /dev/shm/dappelh/nvcache_62
1: 60: /dev/shm/dappelh/nvcache_60
1: 61: /dev/shm/dappelh/nvcache_61
1: 63: /dev/shm/dappelh/nvcache_63
1: 42: /dev/shm/dappelh/nvcache_42
1: 43: /dev/shm/dappelh/nvcache_43
1: 46: /dev/shm/dappelh/nvcache_46
1: 44: /dev/shm/dappelh/nvcache_44
1: 47: /dev/shm/dappelh/nvcache_47
1: 45: /dev/shm/dappelh/nvcache_45
1: 48: /dev/shm/dappelh/nvcache_48
1: 50: /dev/shm/dappelh/nvcache_50
1: 49: /dev/shm/dappelh/nvcache_49
1: 52: /dev/shm/dappelh/nvcache_52
1: 51: /dev/shm/dappelh/nvcache_51
1: 53: /dev/shm/dappelh/nvcache_53
1: 76: /dev/shm/dappelh/nvcache_76
1: 77: /dev/shm/dappelh/nvcache_77
1: 73: /dev/shm/dappelh/nvcache_73
1: 74: /dev/shm/dappelh/nvcache_74
1: 75: /dev/shm/dappelh/nvcache_75
1: 72: /dev/shm/dappelh/nvcache_72
1: 38: /dev/shm/dappelh/nvcache_38
1: 36: /dev/shm/dappelh/nvcache_36
1: 37: /dev/shm/dappelh/nvcache_37
1: 39: /dev/shm/dappelh/nvcache_39
1: 11: /dev/shm/dappelh/nvcache_11
1: 10: /dev/shm/dappelh/nvcache_10
1: 41: /dev/shm/dappelh/nvcache_41
1: 9: /dev/shm/dappelh/nvcache_9
1: 7: /dev/shm/dappelh/nvcache_7
1: 40: /dev/shm/dappelh/nvcache_40
1: 8: /dev/shm/dappelh/nvcache_8
1: 6: /dev/shm/dappelh/nvcache_6
1: 70: /dev/shm/dappelh/nvcache_70
1: 66: /dev/shm/dappelh/nvcache_66
1: 68: /dev/shm/dappelh/nvcache_68
1: 71: /dev/shm/dappelh/nvcache_71
1: 69: /dev/shm/dappelh/nvcache_69
1: 67: /dev/shm/dappelh/nvcache_67
1: 94: /dev/shm/dappelh/nvcache_94
1: 92: /dev/shm/dappelh/nvcache_92
1: 90: /dev/shm/dappelh/nvcache_90
1: 95: /dev/shm/dappelh/nvcache_95
1: 93: /dev/shm/dappelh/nvcache_93
1: 91: /dev/shm/dappelh/nvcache_91
1: 0: /dev/shm/dappelh/nvcache_0
1: 3: /dev/shm/dappelh/nvcache_3
1: 1: /dev/shm/dappelh/nvcache_1
1: 2: /dev/shm/dappelh/nvcache_2
1: 4: /dev/shm/dappelh/nvcache_4
1: 5: /dev/shm/dappelh/nvcache_5
1: 0:  Executing UMT2015 Number of ranks =96
1: 0:  and number of OMP threads  =14
1: 0:  gridFileName: 4x4x6_38.cmg
1: 0:  setting the number of groups=16
1: 0:  Running with Product Quadrature 
1: 0:  setting number of polar angles     = 8
1: 0:  setting number of azimuthal angles = 4
1: 0:  Building mesh...
1: 0:  Mesh complete.
1: 0:  Initializing Teton object...
1: 0:     done.
1: 0:  Starting time advance...
1: 0:  sweep_mem =              22248612864
1: 0:  True flux iterations =             1
1: 0:  True flux iterations =             1
1: 0:  True flux iterations =             1
1: 0:  True flux iterations =             1
1: 0: CYCLE 1 timerad = 3e-06
1: 0:  
1: 0: TempIters = 4 FluxIters = 4 GTAIters = 0
1: 0: TrMax =     0.0031622776601684 in Zone 67278 on Node 95
1: 0: TeMax =     0.0031622776601684 in Zone 68238 on Node 73
1: 0: Recommended time step for next rad cycle = 6e-05
1: 0:  
1: 0:  
1: 0: ********** Run Time Statistics **********
1: 0:                   Cycle Advance             Accumulated 
1: 0:                      Time (sec)         Angle Loop Time (sec)
1: 0: RADTR              = 18.328591             7.1139636789449
1: 0:  
1: 0:  True flux iterations =             2
1: 0:  True flux iterations =             3
1: 0:  True flux iterations =             1
1: 0:  True flux iterations =             1
1: 0: CYCLE 2 timerad = 6.3e-05
1: 0:  
1: 0: TempIters = 4 FluxIters = 4 GTAIters = 0
1: 0: TrMax =     0.36459219972498 in Zone 86428 on Node 48
1: 0: TeMax =     0.0075234782306735 in Zone 76779 on Node 24
1: 0: Recommended time step for next rad cycle = 6e-05
1: 0:  
1: 0:  
1: 0: ********** Run Time Statistics **********
1: 0:                   Cycle Advance             Accumulated 
1: 0:                      Time (sec)         Angle Loop Time (sec)
1: 0: RADTR              = 22.605718             17.917432259768
1: 0:  
1: 0:  True flux iterations =             2
1: 0:  True flux iterations =             3
1: 0:  True flux iterations =             1
1: 0:  True flux iterations =             1
1: 0:  True flux iterations =             1
1: 0:  True flux iterations =             1
1: 0:  True flux iterations =             1
1: 0:  True flux iterations =             1
1: 0: CYCLE 3 timerad = 0.000123
1: 0:  
1: 0: TempIters = 8 FluxIters = 8 GTAIters = 0
1: 0: TrMax =     0.43263702948747 in Zone 78379 on Node 24
1: 0: TeMax =     0.1420712957895 in Zone 86428 on Node 48
1: 0: Recommended time step for next rad cycle = 6e-05
1: 0:  
1: 0:  
1: 0: ********** Run Time Statistics **********
1: 0:                   Cycle Advance             Accumulated 
1: 0:                      Time (sec)         Angle Loop Time (sec)
1: 0: RADTR              = 31.727241             35.599748530425
1: 0:  
1: 0:  True flux iterations =             2
1: 0:  True flux iterations =             2
1: 0:  True flux iterations =             1
1: 0:  True flux iterations =             1
1: 0:  True flux iterations =             1
1: 0:  True flux iterations =             1
1: 0:  True flux iterations =             1
1: 0:  True flux iterations =             1
1: 0: CYCLE 4 timerad = 0.000183
1: 0:  
1: 0: TempIters = 8 FluxIters = 8 GTAIters = 0
1: 0: TrMax =     0.47777565112918 in Zone 87665 on Node 72
1: 0: TeMax =     0.18768964085174 in Zone 78379 on Node 24
1: 0: Recommended time step for next rad cycle = 6e-05
1: 0:  
1: 0:  
1: 0: ********** Run Time Statistics **********
1: 0:                   Cycle Advance             Accumulated 
1: 0:                      Time (sec)         Angle Loop Time (sec)
1: 0: RADTR              = 30.85412             52.490407161415
1: 0:  
1: 0:  True flux iterations =             2
1: 0:  True flux iterations =             2
1: 0:  True flux iterations =             1
1: 0:  True flux iterations =             1
1: 0:  True flux iterations =             1
1: 0:  True flux iterations =             1
1: 0:  True flux iterations =             1
1: 0:  True flux iterations =             1
1: 0: CYCLE 5 timerad = 0.000243
1: 0:  
1: 0: TempIters = 8 FluxIters = 8 GTAIters = 0
1: 0: TrMax =     0.51233672654568 in Zone 58229 on Node 72
1: 0: TeMax =     0.22394100235695 in Zone 86429 on Node 48
1: 0: Recommended time step for next rad cycle = 6e-05
1: 0:  
1: 0:  
1: 0: ********** Run Time Statistics **********
1: 0:                   Cycle Advance             Accumulated 
1: 0:                      Time (sec)         Angle Loop Time (sec)
1: 0: RADTR              = 31.030971             69.393795010634
1: 0:  
1: 0:  True flux iterations =             2
1: 0:  True flux iterations =             2
1: 0:  True flux iterations =             1
1: 0:  True flux iterations =             1
1: 0:  True flux iterations =             1
1: 0:  True flux iterations =             1
1: 0:  True flux iterations =             1
1: 0:  True flux iterations =             1
1: 0: CYCLE 6 timerad = 0.000303
1: 0:  
1: 0: TempIters = 8 FluxIters = 8 GTAIters = 0
1: 0: TrMax =     0.54062904636714 in Zone 85409 on Node 0
1: 0: TeMax =     0.25504594781785 in Zone 86429 on Node 48
1: 0: Recommended time step for next rad cycle = 6e-05
1: 0:  
1: 0:  
1: 0: ********** Run Time Statistics **********
1: 0:                   Cycle Advance             Accumulated 
1: 0:                      Time (sec)         Angle Loop Time (sec)
1: 0: RADTR              = 30.94757             86.242554076016
1: 0:  
1: 0:  SuOlson setting last step's dt=3.1e-05
1: 0:  True flux iterations =             2
1: 0:  True flux iterations =             1
1: 0:  True flux iterations =             1
1: 0:  True flux iterations =             1
1: 0:  True flux iterations =             1
1: 0: CYCLE 7 timerad = 0.000334
1: 0:  
1: 0: TempIters = 5 FluxIters = 5 GTAIters = 0
1: 0: TrMax =     0.55355936068436 in Zone 87071 on Node 72
1: 0: TeMax =     0.27044841658371 in Zone 86429 on Node 48
1: 0: Recommended time step for next rad cycle = 6e-05
1: 0:  
1: 0:  
1: 0: ********** Run Time Statistics **********
1: 0:                   Cycle Advance             Accumulated 
1: 0:                      Time (sec)         Angle Loop Time (sec)
1: 0: RADTR              = 22.436528             96.796078932006
1: 0:  
1: 0:  SuOlson Test version 1.0 completed at time= 0.000334  goalTime= 0.000334
1: 0:  Computing error check along x=0.00328947, y=0.00328947
1: 0:  z=    0.01 tInterpolated=  0.00533376 tExact=    0.00468 error=0.000653763
1: 0:  z=     0.1 tInterpolated=  0.00533376 tExact=    0.00468 error=0.000653763
1: 0:  z= 0.17783 tInterpolated=  0.00533376 tExact=    0.00468 error=0.000653761
1: 0:  z= 0.31623 tInterpolated=  0.00533264 tExact=    0.00468 error=0.000652636
1: 0:  z=    0.45 tInterpolated=  0.00502137 tExact=    0.00455 error=0.000471374
1: 0:  z=     0.5 tInterpolated=  0.00270995 tExact=    0.00234 error=0.000369954
1: 0:  z= 0.56234 tInterpolated=   0.0001964 tExact=      5e-05 error=  0.0001464
1: 0:  z=    0.75 tInterpolated= 5.29419e-08 tExact=          0 error=5.29419e-08
1: 0: ngroups = 16
1: 0: nangsn = 256
1: 0: tot zones = 8428800
1: 0: numUnknowns = 2.76195e+11
1: 0: cumulativeIterationCount= 45 cumulativeWorkTime=187.931 s.
1: 0: figure of merit = 6.61349e+10
1: 23: Cleaning up nvcache path
1: 80: Cleaning up nvcache path
1: 76: Cleaning up nvcache path
1: 28: Cleaning up nvcache path
1: 88: Cleaning up nvcache path
1: 56: Cleaning up nvcache path
1: 3: Cleaning up nvcache path
1: 64: Cleaning up nvcache path
1: 66: Cleaning up nvcache path
1: 49: Cleaning up nvcache path
1: 7: Cleaning up nvcache path
1: 34: Cleaning up nvcache path
1: 16: Cleaning up nvcache path
1: 92: Cleaning up nvcache path
1: 45: Cleaning up nvcache path
1: 37: Cleaning up nvcache path
1: 79: Cleaning up nvcache path
1: 73: Cleaning up nvcache path
1: 18: Cleaning up nvcache path
1: 62: Cleaning up nvcache path
1: 2: Cleaning up nvcache path
1: 24: Cleaning up nvcache path
1: 91: Cleaning up nvcache path
1: 84: Cleaning up nvcache path
1: 50: Cleaning up nvcache path
1: 69: Cleaning up nvcache path
1: 46: Cleaning up nvcache path
1: 13: Cleaning up nvcache path
1: 83: Cleaning up nvcache path
1: 74: Cleaning up nvcache path
1: 4: Cleaning up nvcache path
1: 20: Cleaning up nvcache path
1: 32: Cleaning up nvcache path
1: 63: Cleaning up nvcache path
1: 27: Cleaning up nvcache path
1: 57: Cleaning up nvcache path
1: 22: Cleaning up nvcache path
1: 86: Cleaning up nvcache path
1: 51: Cleaning up nvcache path
1: 71: Cleaning up nvcache path
1: 44: Cleaning up nvcache path
1: 9: Cleaning up nvcache path
1: 61: Cleaning up nvcache path
1: 95: Cleaning up nvcache path
1: 75: Cleaning up nvcache path
1: 81: Cleaning up nvcache path
1: 0: Cleaning up nvcache path
1: 25: Cleaning up nvcache path
1: 89: Cleaning up nvcache path
1: 31: Cleaning up nvcache path
1: 40: Cleaning up nvcache path
1: 58: Cleaning up nvcache path
1: 68: Cleaning up nvcache path
1: 12: Cleaning up nvcache path
1: 48: Cleaning up nvcache path
1: 11: Cleaning up nvcache path
1: 55: Cleaning up nvcache path
1: 65: Cleaning up nvcache path
1: 77: Cleaning up nvcache path
1: 33: Cleaning up nvcache path
1: 42: Cleaning up nvcache path
1: 19: Cleaning up nvcache path
1: 29: Cleaning up nvcache path
1: 94: Cleaning up nvcache path
1: 82: Cleaning up nvcache path
1: 15: Cleaning up nvcache path
1: 78: Cleaning up nvcache path
1: 38: Cleaning up nvcache path
1: 53: Cleaning up nvcache path
1: 8: Cleaning up nvcache path
1: 1: Cleaning up nvcache path
1: 47: Cleaning up nvcache path
1: 21: Cleaning up nvcache path
1: 90: Cleaning up nvcache path
1: 85: Cleaning up nvcache path
1: 72: Cleaning up nvcache path
1: 67: Cleaning up nvcache path
1: 5: Cleaning up nvcache path
1: 30: Cleaning up nvcache path
1: 59: Cleaning up nvcache path
1: 26: Cleaning up nvcache path
1: 17: Cleaning up nvcache path
1: 87: Cleaning up nvcache path
1: 70: Cleaning up nvcache path
1: 60: Cleaning up nvcache path
1: 52: Cleaning up nvcache path
1: 54: Cleaning up nvcache path
1: 35: Cleaning up nvcache path
1: 10: Cleaning up nvcache path
1: 43: Cleaning up nvcache path
1: 93: Cleaning up nvcache path
1: 39: Cleaning up nvcache path
1: 14: Cleaning up nvcache path
1: 6: Cleaning up nvcache path
1: 36: Cleaning up nvcache path
1: 41: Cleaning up nvcache path

------------------------------------------------------------
Sender: LSF System <lsfadmin@batch4>
Subject: Job 135086: <Not_Specified> in cluster <summit> Done

Job <Not_Specified> was submitted from host <login4> by user <dappelh> in cluster <summit> at Mon Jul 16 16:21:22 2018
Job was executed on host(s) <1*batch4>, in queue <batch>, as user <dappelh> in cluster <summit> at Mon Jul 16 16:21:32 2018
                            <42*c02n08>
                            <42*c02n09>
                            <42*c02n10>
                            <42*c02n11>
                            <42*c02n12>
                            <42*c02n13>
                            <42*c02n14>
                            <42*c02n15>
                            <42*c02n16>
                            <42*c02n17>
                            <42*c02n18>
                            <42*c03n01>
                            <42*c03n02>
                            <42*c03n03>
                            <42*c03n04>
                            <42*c03n05>
</ccs/home/dappelh> was used as the home directory.
</ccs/home/dappelh/codes/coral/umt2016-managed/june-runs> was used as the working directory.
Started at Mon Jul 16 16:21:32 2018
Terminated at Mon Jul 16 16:30:37 2018
Results reported at Mon Jul 16 16:30:37 2018

The output (if any) is above this job summary.



PS:

Read file <135086.err> for stderr output of this job.

