1: 0: from Timer_Print: could not open timing_summary.135086
1: 0: timing summary printed to stderr
1: 0: 
1: 0: ------------------------------------------------------------------------------------------------
1: 0: Timing  summary:                 #calls       avg(sec)     min(sec) minRank     max(sec) maxRank
1: 0: ------------------------------------------------------------------------------------------------
1: 0: work                                  1       187.933      187.931      64      187.941      34
1: 0: getgeometry                           7         2.214        2.157      15        2.536      51
1: 0: reflect                               7         0.100        0.000      38        0.265      72
1: 0: rtorder                               7        37.624       36.428       8       39.969      63
1: 0: findexit                              7         4.647        2.592      44        5.930      58
1: 0: scheduler                             7         0.001        0.001      59        0.001      66
1: 0: advanceRT                             7         8.693        8.626      60        8.837      53
1: 0: _ZoneLoop0                            7         0.021        0.020      71        0.022      93
1: 0: _snmoments1                           7         8.420        8.347      30        8.575      53
1: 0: __snmoments                         492         0.014        0.013      71        0.017      31
1: 0: _ZoneLoop2                            7         0.047        0.035      47        0.052      58
1: 0: rtstrtsn                              7         0.222        0.210      71        0.233       9
1: 0: _initialize                           7         0.035        0.032       6        0.039       3
1: 0: _zoneaverage                          7         0.037        0.033      71        0.043       9
1: 0: compton                               7         0.026        0.017      57        0.032      77
1: 0: absorbrate                           52         0.233        0.212      59        0.259      19
1: 0: material                             52         7.450        6.476       5        8.069      64
1: 0: exch                                 45         8.736        4.918      72       11.977      57
1: 0: rswpmd                               45       110.300      107.117      57      114.135       5
1: 0: _setflux                            103         3.156        2.124      23        4.040      31
1: 0: _initexch                            58         3.428        0.014      37        7.558      77
1: 0: _sweepoct                           436       100.715       96.795       0      102.114      62
1: 0: __exch                              436        31.880       22.076      23       37.505      39
1: 0: rtconi                               45         0.845        0.807      79        0.915       0
1: 0: rtconv                               45         3.053        2.590      64        3.771       5
1: 0: bdyedt                                7         0.680        0.678      29        0.681      92
