1: 0: from Timer_Print: could not open timing_summary.135385
1: 0: timing summary printed to stderr
1: 0: 
1: 0: ------------------------------------------------------------------------------------------------
1: 0: Timing  summary:                 #calls       avg(sec)     min(sec) minRank     max(sec) maxRank
1: 0: ------------------------------------------------------------------------------------------------
1: 0: work                                  1       245.275      245.274     312      245.284      23
1: 0: getgeometry                           7         2.200        2.146     585        2.632     788
1: 0: reflect                               7         0.043        0.000     793        0.257       0
1: 0: rtorder                               7        37.687       35.612     855       40.661     314
1: 0: findexit                              7         8.100        4.968     314        9.972     855
1: 0: scheduler                             7         0.002        0.002    1096        0.002     833
1: 0: advanceRT                             7         8.695        8.620     942        8.874     929
1: 0: _ZoneLoop0                            7         0.021        0.020     344        0.024     541
1: 0: _snmoments1                           7         8.422        8.343     120        8.608     929
1: 0: __snmoments                         656         0.019        0.017     713        0.022    1051
1: 0: _ZoneLoop2                            7         0.047        0.034     899        0.070     639
1: 0: rtstrtsn                              7         0.222        0.208     713        0.237     228
1: 0: _initialize                           7         0.035        0.030     708        0.041     999
1: 0: _zoneaverage                          7         0.037        0.033     344        0.043      69
1: 0: compton                               7         0.026        0.014     885        0.034     133
1: 0: absorbrate                           60         0.269        0.238     216        0.304     514
1: 0: material                             60         8.750        7.071     587       11.301     261
1: 0: exch                                 53        12.390        6.990       0       16.123     459
1: 0: rswpmd                               53       155.609      151.815     459      161.265      11
1: 0: _setflux                            140         4.795        2.684    1151        6.379     486
1: 0: _initexch                            87         4.236        0.228     459       10.544     143
1: 0: _sweepoct                           600       142.708      138.257    1008      144.549     716
1: 0: __exch                              600        52.106       37.315    1013       57.617     774
1: 0: rtconi                               53         1.630        0.879     217        1.712     411
1: 0: rtconv                               53         5.440        3.317     261        6.731     587
1: 0: bdyedt                                7         0.969        0.967     332        0.970     369
