1: 0: from Timer_Print: could not open timing_summary.135384
1: 0: timing summary printed to stderr
1: 0: 
1: 0: ------------------------------------------------------------------------------------------------
1: 0: Timing  summary:                 #calls       avg(sec)     min(sec) minRank     max(sec) maxRank
1: 0: ------------------------------------------------------------------------------------------------
1: 0: work                                  1       244.166      244.163     775      244.174     707
1: 0: getgeometry                           7         2.200        2.151     233        2.474     756
1: 0: reflect                               7         0.043        0.000     794        0.253    1140
1: 0: rtorder                               7        37.672       36.017     539       40.531     433
1: 0: findexit                              7         8.071        4.909     433        9.968     539
1: 0: scheduler                             7         0.002        0.002    1116        0.002      84
1: 0: advanceRT                             7         8.692        8.621     630        8.863     539
1: 0: _ZoneLoop0                            7         0.021        0.020     586        0.033     852
1: 0: _snmoments1                           7         8.419        8.341     630        8.600     449
1: 0: __snmoments                         656         0.019        0.017      51        0.022     367
1: 0: _ZoneLoop2                            7         0.047        0.035    1025        0.055     621
1: 0: rtstrtsn                              7         0.222        0.210     677        0.238     315
1: 0: _initialize                           7         0.035        0.030     346        0.040     513
1: 0: _zoneaverage                          7         0.037        0.033    1052        0.043     789
1: 0: compton                               7         0.026        0.016      93        0.035     257
1: 0: absorbrate                           60         0.269        0.244     528        0.307     372
1: 0: material                             60         8.724        7.040     203       10.219     163
1: 0: exch                                 53        12.330        6.566      11       15.591     895
1: 0: rswpmd                               53       155.759      152.473     896      161.861      11
1: 0: _setflux                            140         4.720        2.762    1019        6.132       6
1: 0: _initexch                            87         3.901        0.195     896       10.731    1151
1: 0: _sweepoct                           600       143.263      137.572    1008      145.118     703
1: 0: __exch                              600        53.237       37.746    1151       58.187     703
1: 0: rtconi                               53         1.027        0.968     372        1.117    1003
1: 0: rtconv                               53         5.302        4.013     163        6.596     659
1: 0: bdyedt                                7         0.689        0.687     189        0.691     842
