1: 0: from Timer_Print: could not open timing_summary.135457
1: 0: timing summary printed to stderr
1: 0: 
1: 0: ------------------------------------------------------------------------------------------------
1: 0: Timing  summary:                 #calls       avg(sec)     min(sec) minRank     max(sec) maxRank
1: 0: ------------------------------------------------------------------------------------------------
1: 0: work                                  1       244.496      244.494     879      244.504     130
1: 0: getgeometry                           7         2.200        2.147       6        2.416     709
1: 0: reflect                               7         0.043        0.000     457        0.262    1008
1: 0: rtorder                               7        37.691       35.947     293       40.420     498
1: 0: findexit                              7         8.057        5.282     651        9.880     539
1: 0: scheduler                             7         0.003        0.003     720        0.003     325
1: 0: advanceRT                             7         8.698        8.623     103        8.893     851
1: 0: _ZoneLoop0                            7         0.021        0.020     587        0.052    1011
1: 0: _snmoments1                           7         8.425        8.345     942        8.629     851
1: 0: __snmoments                         656         0.019        0.017      11        0.022     265
1: 0: _ZoneLoop2                            7         0.046        0.034     917        0.062     744
1: 0: rtstrtsn                              7         0.221        0.209      26        0.240     432
1: 0: _initialize                           7         0.035        0.029     421        0.040     951
1: 0: _zoneaverage                          7         0.037        0.033    1025        0.046     477
1: 0: compton                               7         0.026        0.014     298        0.034    1079
1: 0: absorbrate                           60         0.269        0.239     559        0.312     351
1: 0: material                             60         8.676        7.025     143       11.225     621
1: 0: exch                                 53        12.401        6.471      11       15.737     751
1: 0: rswpmd                               53       155.753      152.391     320      161.985      11
1: 0: _setflux                            140         4.756        3.011    1010        6.422     246
1: 0: _initexch                            87         3.851        0.187     319       10.763      11
1: 0: _sweepoct                           600       143.190      138.551       0      145.022     988
1: 0: __exch                              600        52.935       37.067     143       57.731     787
1: 0: rtconi                               53         1.140        1.073     574        1.255     559
1: 0: rtconv                               53         5.580        3.459     621        6.832     143
1: 0: bdyedt                                7         0.685        0.681    1001        0.686      46
