1: 0: from Timer_Print: could not open timing_summary.135461
1: 0: timing summary printed to stderr
1: 0: 
1: 0: ------------------------------------------------------------------------------------------------
1: 0: Timing  summary:                 #calls       avg(sec)     min(sec) minRank     max(sec) maxRank
1: 0: ------------------------------------------------------------------------------------------------
1: 0: work                                  1       244.048      244.046    1000      244.056     583
1: 0: getgeometry                           7         2.225        2.158     515        2.693     352
1: 0: reflect                               7         0.043        0.000     986        0.257    1008
1: 0: rtorder                               7        37.692       35.735     243       40.454     498
1: 0: findexit                              7         7.900        5.034     817        9.692     243
1: 0: scheduler                             7         0.003        0.002     934        0.003      37
1: 0: advanceRT                             7         8.694        8.617     630        8.865    1001
1: 0: _ZoneLoop0                            7         0.021        0.020     469        0.034     461
1: 0: _snmoments1                           7         8.425        8.342     630        8.605    1001
1: 0: __snmoments                         656         0.019        0.017     549        0.022     887
1: 0: _ZoneLoop2                            7         0.046        0.034    1085        0.058      57
1: 0: rtstrtsn                              7         0.222        0.211     242        0.242     867
1: 0: _initialize                           7         0.035        0.030      60        0.041     211
1: 0: _zoneaverage                          7         0.037        0.033     701        0.043     754
1: 0: compton                               7         0.026        0.013     480        0.034     178
1: 0: absorbrate                           60         0.269        0.245     958        0.310     324
1: 0: material                             60         8.708        7.063    1043       10.171     934
1: 0: exch                                 53        12.491        6.351    1008       15.502     256
1: 0: rswpmd                               53       155.400      152.334     256      161.669      11
1: 0: _setflux                            140         4.741        2.699    1151        6.032     683
1: 0: _initexch                            87         3.671        0.453     256       10.755      11
1: 0: _sweepoct                           600       143.303      138.474       0      144.874     704
1: 0: __exch                              600        53.152       38.123    1151       57.754     835
1: 0: rtconi                               53         1.063        1.002     324        1.147    1146
1: 0: rtconv                               53         5.337        4.031     934        6.605    1043
1: 0: bdyedt                                7         0.690        0.688     258        0.691     124
