1: 0: from Timer_Print: could not open timing_summary.135455
1: 0: timing summary printed to stderr
1: 0: 
1: 0: ------------------------------------------------------------------------------------------------
1: 0: Timing  summary:                 #calls       avg(sec)     min(sec) minRank     max(sec) maxRank
1: 0: ------------------------------------------------------------------------------------------------
1: 0: work                                  1       244.518      244.516     891      244.526     383
1: 0: getgeometry                           7         2.210        2.148     627        2.458      29
1: 0: reflect                               7         0.043        0.000     961        0.263       0
1: 0: rtorder                               7        37.661       36.144    1148       40.546     817
1: 0: findexit                              7         8.011        4.991     817        9.633    1148
1: 0: advanceRT                             7         8.690        8.618     222        8.893     461
1: 0: scheduler                             7         0.002        0.002    1126        0.002     842
1: 0: _ZoneLoop0                            7         0.021        0.020    1021        0.062    1020
1: 0: _snmoments1                           7         8.417        8.341     222        8.612     839
1: 0: __snmoments                         656         0.019        0.017     261        0.022     829
1: 0: _ZoneLoop2                            7         0.047        0.035     323        0.060     754
1: 0: rtstrtsn                              7         0.221        0.208    1151        0.237     465
1: 0: _initialize                           7         0.035        0.029     396        0.039     583
1: 0: _zoneaverage                          7         0.037        0.033    1151        0.044     645
1: 0: compton                               7         0.026        0.014    1125        0.034     505
1: 0: absorbrate                           60         0.269        0.245     286        0.304     223
1: 0: material                             60         8.710        7.038     827       10.113    1051
1: 0: exch                                 53        12.487        6.084    1140       16.303     162
1: 0: rswpmd                               53       155.856      152.203     162      162.229    1140
1: 0: _setflux                            140         4.679        2.552     143        6.150     366
1: 0: _initexch                            87         4.041        0.192     162       11.214    1140
1: 0: _sweepoct                           600       143.406      139.066       0      144.865     956
1: 0: __exch                              600        53.172       37.297    1151       57.776     919
1: 0: rtconi                               53         1.062        1.008    1122        1.162    1124
1: 0: rtconv                               53         5.411        4.177     778        6.676     827
1: 0: bdyedt                                7         0.766        0.764     408        0.767    1002
