1: 0: from Timer_Print: could not open timing_summary.135458
1: 0: timing summary printed to stderr
1: 0: 
1: 0: ------------------------------------------------------------------------------------------------
1: 0: Timing  summary:                 #calls       avg(sec)     min(sec) minRank     max(sec) maxRank
1: 0: ------------------------------------------------------------------------------------------------
1: 0: work                                  1       244.413      244.411     919      244.422    1094
1: 0: getgeometry                           7         2.201        2.147     856        2.435     538
1: 0: reflect                               7         0.043        0.000     157        0.258       0
1: 0: rtorder                               7        37.673       36.054     243       40.422     498
1: 0: findexit                              7         7.974        5.196     817        9.616    1052
1: 0: scheduler                             7         0.003        0.002     947        0.003     543
1: 0: advanceRT                             7         8.694        8.615     120        8.875     395
1: 0: _ZoneLoop0                            7         0.021        0.020     192        0.027     754
1: 0: _snmoments1                           7         8.420        8.338     120        8.612     395
1: 0: __snmoments                         656         0.019        0.017     297        0.022     943
1: 0: _ZoneLoop2                            7         0.047        0.034     803        0.055      78
1: 0: rtstrtsn                              7         0.221        0.211     836        0.260     399
1: 0: _initialize                           7         0.035        0.029     619        0.040     493
1: 0: _zoneaverage                          7         0.037        0.033     110        0.044     605
1: 0: compton                               7         0.026        0.011       4        0.034      37
1: 0: absorbrate                           60         0.269        0.240     830        0.349     108
1: 0: material                             60         8.686        7.024    1055       10.180      46
1: 0: exch                                 53        12.492        6.395      11       15.610     955
1: 0: rswpmd                               53       155.714      152.668     956      162.068      11
1: 0: _setflux                            140         4.755        2.554     132        6.329     438
1: 0: _initexch                            87         3.555        0.151     955       10.502      11
1: 0: _sweepoct                           600       143.323      137.894       0      144.987     703
1: 0: __exch                              600        53.320       38.158    1151       57.943     835
1: 0: rtconi                               53         1.349        1.286    1090        1.435     830
1: 0: rtconv                               53         5.293        3.965      46        6.578     683
1: 0: bdyedt                                7         0.681        0.678     975        0.682     828
