1: 0: from Timer_Print: could not open timing_summary.135459
1: 0: timing summary printed to stderr
1: 0: 
1: 0: ------------------------------------------------------------------------------------------------
1: 0: Timing  summary:                 #calls       avg(sec)     min(sec) minRank     max(sec) maxRank
1: 0: ------------------------------------------------------------------------------------------------
1: 0: work                                  1       244.846      244.844     819      244.855     723
1: 0: getgeometry                           7         2.209        2.153      14        2.906     754
1: 0: reflect                               7         0.043        0.000     649        0.256       0
1: 0: rtorder                               7        37.667       35.876     243       40.520     687
1: 0: findexit                              7         7.955        4.959     687        9.967     539
1: 0: scheduler                             7         0.003        0.003     939        0.003      25
1: 0: advanceRT                             7         8.696        8.621     942        8.884     911
1: 0: _ZoneLoop0                            7         0.021        0.020     702        0.022     211
1: 0: _snmoments1                           7         8.423        8.343     169        8.623     911
1: 0: __snmoments                         656         0.019        0.017     243        0.022     475
1: 0: _ZoneLoop2                            7         0.046        0.034     515        0.056     921
1: 0: rtstrtsn                              7         0.222        0.209     242        0.237     867
1: 0: _initialize                           7         0.035        0.030     463        0.039     535
1: 0: _zoneaverage                          7         0.037        0.033     809        0.043     183
1: 0: compton                               7         0.027        0.017     991        0.033     863
1: 0: absorbrate                           60         0.269        0.241    1034        0.304     904
1: 0: material                             60         8.726        7.058     563       11.805     644
1: 0: exch                                 53        12.565        6.522    1151       15.714     831
1: 0: rswpmd                               53       155.511      152.292     831      161.852    1151
1: 0: _setflux                            140         4.745        2.639     132        6.093      30
1: 0: _initexch                            87         3.613        0.246     831       10.861    1151
1: 0: _sweepoct                           600       143.249      138.686       0      144.953     164
1: 0: __exch                              600        53.131       38.392    1151       57.747     357
1: 0: rtconi                               53         0.973        0.915     904        1.062     651
1: 0: rtconv                               53         5.781        3.187     644        7.063     563
1: 0: bdyedt                                7         0.693        0.691     844        0.694    1053
