1: 0: from Timer_Print: could not open timing_summary.135462
1: 0: timing summary printed to stderr
1: 0: 
1: 0: ------------------------------------------------------------------------------------------------
1: 0: Timing  summary:                 #calls       avg(sec)     min(sec) minRank     max(sec) maxRank
1: 0: ------------------------------------------------------------------------------------------------
1: 0: work                                  1       243.787      243.785     382      243.796     280
1: 0: getgeometry                           7         2.206        2.153     632        2.485     654
1: 0: reflect                               7         0.043        0.000     301        0.270    1008
1: 0: rtorder                               7        37.676       35.921     655       40.403     311
1: 0: findexit                              7         7.890        5.110     817        9.907     655
1: 0: scheduler                             7         0.002        0.002     428        0.002     914
1: 0: advanceRT                             7         8.692        8.615     120        8.887     857
1: 0: _ZoneLoop0                            7         0.021        0.020     569        0.092     409
1: 0: _snmoments1                           7         8.419        8.337     120        8.627     857
1: 0: __snmoments                         656         0.019        0.017     549        0.022     799
1: 0: _ZoneLoop2                            7         0.047        0.035     425        0.059     492
1: 0: rtstrtsn                              7         0.220        0.209     242        0.237     867
1: 0: _initialize                           7         0.035        0.029      91        0.040     157
1: 0: _zoneaverage                          7         0.036        0.033     407        0.043     183
1: 0: compton                               7         0.026        0.016     853        0.034     482
1: 0: absorbrate                           60         0.269        0.244     380        0.304     474
1: 0: material                             60         8.672        7.030     563        9.866     456
1: 0: exch                                 53        12.456        6.232    1008       15.741     258
1: 0: rswpmd                               53       155.673      152.545     258      161.939      11
1: 0: _setflux                            140         4.712        2.361    1151        6.270     438
1: 0: _initexch                            87         3.666        0.180     259       10.733    1008
1: 0: _sweepoct                           600       143.468      137.770    1008      145.042     163
1: 0: __exch                              600        53.423       38.912     143       58.061     211
1: 0: rtconi                               53         0.965        0.912    1086        1.038     789
1: 0: rtconv                               53         5.109        4.056     456        6.367     563
1: 0: bdyedt                                7         0.767        0.765     954        0.768     150
