1: 0: from Timer_Print: could not open timing_summary.135416
1: 0: timing summary printed to stderr
1: 0: 
1: 0: ------------------------------------------------------------------------------------------------
1: 0: Timing  summary:                 #calls       avg(sec)     min(sec) minRank     max(sec) maxRank
1: 0: ------------------------------------------------------------------------------------------------
1: 0: work                                  1       244.587      244.585     858      244.595     627
1: 0: getgeometry                           7         2.200        2.150     225        2.508     891
1: 0: reflect                               7         0.043        0.000     193        0.257    1140
1: 0: rtorder                               7        37.702       36.130    1038       40.398     817
1: 0: findexit                              7         7.951        5.044     817        9.696    1038
1: 0: scheduler                             7         0.002        0.002     420        0.002    1057
1: 0: advanceRT                             7         8.695        8.618     906        8.939     305
1: 0: _ZoneLoop0                            7         0.021        0.020     649        0.023      43
1: 0: _snmoments1                           7         8.422        8.342     906        8.608     995
1: 0: __snmoments                         656         0.019        0.017      99        0.022     457
1: 0: _ZoneLoop2                            7         0.047        0.034     563        0.150     305
1: 0: rtstrtsn                              7         0.221        0.209     722        0.262     763
1: 0: _initialize                           7         0.035        0.029     166        0.039      22
1: 0: _zoneaverage                          7         0.037        0.033      32        0.044     719
1: 0: compton                               7         0.026        0.011     309        0.034     615
1: 0: absorbrate                           60         0.270        0.243      36        0.320     824
1: 0: material                             60         8.713        7.043     299       11.850      44
1: 0: exch                                 53        12.479        6.430    1140       15.724     399
1: 0: rswpmd                               53       155.447      152.132     399      161.493      11
1: 0: _setflux                            140         4.744        2.584    1019        6.478     498
1: 0: _initexch                            87         3.750        0.345     399       10.531    1140
1: 0: _sweepoct                           600       143.096      136.264       0      144.756     956
1: 0: __exch                              600        52.864       35.807    1151       57.650     826
1: 0: rtconi                               53         1.215        1.159     221        1.298     324
1: 0: rtconv                               53         5.794        3.158      44        7.096    1103
1: 0: bdyedt                                7         0.687        0.684     572        0.688    1145
