1: 0: from Timer_Print: could not open timing_summary.135417
1: 0: timing summary printed to stderr
1: 0: 
1: 0: ------------------------------------------------------------------------------------------------
1: 0: Timing  summary:                 #calls       avg(sec)     min(sec) minRank     max(sec) maxRank
1: 0: ------------------------------------------------------------------------------------------------
1: 0: work                                  1       246.634      246.632     226      246.642      63
1: 0: getgeometry                           7         2.205        2.151     855        2.908    1094
1: 0: reflect                               7         0.043        0.000     745        0.263    1008
1: 0: rtorder                               7        37.691       36.081     426       41.221     429
1: 0: findexit                              7         8.275        4.936     429       10.068     426
1: 0: scheduler                             7         0.003        0.003     496        0.003     693
1: 0: advanceRT                             7         8.698        8.613     120        8.906     869
1: 0: _ZoneLoop0                            7         0.021        0.020     454        0.142     896
1: 0: _snmoments1                           7         8.428        8.338     120        8.645     869
1: 0: __snmoments                         656         0.019        0.017     401        0.022     554
1: 0: _ZoneLoop2                            7         0.047        0.034     401        0.066    1077
1: 0: rtstrtsn                              7         0.221        0.208     611        0.259     429
1: 0: _initialize                           7         0.035        0.028    1051        0.040     633
1: 0: _zoneaverage                          7         0.037        0.033     461        0.047     890
1: 0: compton                               7         0.026        0.016     186        0.034     665
1: 0: absorbrate                           60         0.269        0.243     186        0.310     157
1: 0: material                             60         8.713        7.063     767       10.369     475
1: 0: exch                                 53        12.296        6.662    1151       15.516     895
1: 0: rswpmd                               53       156.235      153.075     895      162.144    1151
1: 0: _setflux                            140         4.688        2.688    1151        6.301     750
1: 0: _initexch                            87         4.021        0.620     896       10.803    1151
1: 0: _sweepoct                           600       143.391      137.771       0      145.244     416
1: 0: __exch                              600        53.194       38.856    1151       58.319     414
1: 0: rtconi                               53         1.156        1.087     174        1.237     348
1: 0: rtconv                               53         4.980        3.545     475        6.250      71
1: 0: bdyedt                                7         2.350        2.348      86        2.352     401
