1: 0: from Timer_Print: could not open timing_summary.135460
1: 0: timing summary printed to stderr
1: 0: 
1: 0: ------------------------------------------------------------------------------------------------
1: 0: Timing  summary:                 #calls       avg(sec)     min(sec) minRank     max(sec) maxRank
1: 0: ------------------------------------------------------------------------------------------------
1: 0: work                                  1       244.604      244.602     190      244.612     118
1: 0: getgeometry                           7         2.210        2.155     602        2.535     207
1: 0: reflect                               7         0.043        0.000     181        0.259    1008
1: 0: rtorder                               7        37.677       35.940     539       40.669     498
1: 0: findexit                              7         8.153        5.186      63       10.146     539
1: 0: scheduler                             7         0.002        0.002     339        0.003     877
1: 0: advanceRT                             7         8.695        8.621     942        8.868    1001
1: 0: _ZoneLoop0                            7         0.021        0.020     192        0.027     893
1: 0: _snmoments1                           7         8.422        8.341     630        8.605     629
1: 0: __snmoments                         656         0.019        0.017      15        0.022     901
1: 0: _ZoneLoop2                            7         0.047        0.035     245        0.056     369
1: 0: rtstrtsn                              7         0.222        0.211    1124        0.239    1094
1: 0: _initialize                           7         0.035        0.030     303        0.040     819
1: 0: _zoneaverage                          7         0.037        0.033     959        0.043     393
1: 0: compton                               7         0.027        0.011     744        0.035    1128
1: 0: absorbrate                           60         0.269        0.245     246        0.333     147
1: 0: material                             60         8.718        7.054     191       11.726     728
1: 0: exch                                 53        12.562        6.783    1140       15.616     258
1: 0: rswpmd                               53       155.468      152.315     752      161.451    1019
1: 0: _setflux                            140         4.739        2.694    1151        6.515     252
1: 0: _initexch                            87         3.704        0.347     259       10.542    1019
1: 0: _sweepoct                           600       143.384      138.244       0      144.960     164
1: 0: __exch                              600        53.352       39.374    1013       57.903     211
1: 0: rtconi                               53         1.146        1.083     147        1.229     246
1: 0: rtconv                               53         5.589        3.095     728        6.844     935
1: 0: bdyedt                                7         0.686        0.684     638        0.688    1033
