1: 0: from Timer_Print: could not open timing_summary.135454
1: 0: timing summary printed to stderr
1: 0: 
1: 0: ------------------------------------------------------------------------------------------------
1: 0: Timing  summary:                 #calls       avg(sec)     min(sec) minRank     max(sec) maxRank
1: 0: ------------------------------------------------------------------------------------------------
1: 0: work                                  1       244.750      244.748     358      244.761     211
1: 0: getgeometry                           7         2.236        2.175     203        2.481     749
1: 0: reflect                               7         0.043        0.000     229        0.261       0
1: 0: rtorder                               7        37.685       36.159     703       40.459     311
1: 0: findexit                              7         7.793        5.159     817        9.578     703
1: 0: scheduler                             7         0.002        0.002     669        0.002     775
1: 0: advanceRT                             7         8.697        8.622     186        8.879    1037
1: 0: _ZoneLoop0                            7         0.021        0.020     236        0.022     261
1: 0: _snmoments1                           7         8.425        8.345     186        8.617    1037
1: 0: __snmoments                         656         0.019        0.017     236        0.022     793
1: 0: _ZoneLoop2                            7         0.046        0.035     767        0.102     994
1: 0: rtstrtsn                              7         0.221        0.209    1151        0.245     313
1: 0: _initialize                           7         0.035        0.030     672        0.039      10
1: 0: _zoneaverage                          7         0.037        0.033    1151        0.044     645
1: 0: compton                               7         0.026        0.017     884        0.034     639
1: 0: absorbrate                           60         0.269        0.245     602        0.310     457
1: 0: material                             60         8.704        7.034     599       11.367     969
1: 0: exch                                 53        12.517        6.105    1140       16.476     162
1: 0: rswpmd                               53       156.000      152.192     162      162.401    1140
1: 0: _setflux                            140         4.679        2.436    1019        6.657     192
1: 0: _initexch                            87         4.108        0.126     162       11.437    1140
1: 0: _sweepoct                           600       143.423      138.377       0      145.065     560
1: 0: __exch                              600        53.159       37.119    1151       57.858     594
1: 0: rtconi                               53         1.076        1.014     457        1.156     909
1: 0: rtconv                               53         5.674        3.458     969        6.947     599
1: 0: bdyedt                                7         0.710        0.708    1093        0.711     963
