1: 0: from Timer_Print: could not open timing_summary.141896
1: 0: timing summary printed to stderr
1: 0: 
1: 0: ------------------------------------------------------------------------------------------------
1: 0: Timing  summary:                 #calls       avg(sec)     min(sec) minRank     max(sec) maxRank
1: 0: ------------------------------------------------------------------------------------------------
1: 0: work                                  1       263.700      263.699     193      263.703      63
1: 0: getgeometry                           7         6.374        6.249     608        7.244     885
1: 0: reflect                               7         0.043        0.000     974        0.256    1008
1: 0: rtorder                               7        37.495       36.120     509       39.923     687
1: 0: findexit                              7         7.890        5.272     687        9.470     825
1: 0: scheduler                             7         0.002        0.002     371        0.003      21
1: 0: advanceRT                             7         8.711        8.642     366        8.876     857
1: 0: _ZoneLoop0                            7         0.021        0.020     357        0.021      44
1: 0: _snmoments1                           7         8.439        8.365     738        8.616     857
1: 0: __snmoments                         656         0.019        0.017     828        0.021     818
1: 0: _ZoneLoop2                            7         0.047        0.034     233        0.053     294
1: 0: rtstrtsn                              7         0.212        0.200     416        0.223      69
1: 0: _initialize                           7         0.035        0.030     137        0.040     852
1: 0: _zoneaverage                          7         0.036        0.032     137        0.042     700
1: 0: compton                               7         0.026        0.011     331        0.033     274
1: 0: absorbrate                           60         0.269        0.239     286        0.314     750
1: 0: material                             60         8.716        7.035     467        9.666     795
1: 0: exch                                 53        12.206        5.869    1151       15.506     603
1: 0: rswpmd                               53       171.908      168.549     603      178.511    1151
1: 0: _setflux                            140         4.556        2.738     143        6.336     352
1: 0: _initexch                            87         3.767        0.233     604       11.190    1151
1: 0: _sweepoct                           600       159.873      155.538       0      161.658     414
1: 0: __exch                              600        48.762       35.952     143       53.956     413
1: 0: rtconi                               53         0.889        0.823     750        0.986     286
1: 0: rtconv                               53         4.549        3.738     795        5.839      23
1: 0: bdyedt                                7         0.712        0.710     459        0.713     875
