1: 0: from Timer_Print: could not open timing_summary.141949
1: 0: timing summary printed to stderr
1: 0: 
1: 0: ------------------------------------------------------------------------------------------------
1: 0: Timing  summary:                 #calls       avg(sec)     min(sec) minRank     max(sec) maxRank
1: 0: ------------------------------------------------------------------------------------------------
1: 0: work                                  1       256.140      256.140     572      256.142      11
1: 0: getgeometry                           7         0.814        0.776     341        1.087     320
1: 0: reflect                               7         0.166        0.000     631        1.014     132
1: 0: rtorder                               7        14.829       14.114     912       16.066      71
1: 0: findexit                              7         6.593        5.242      71        7.238     605
1: 0: scheduler                             7         0.002        0.002    1081        0.002     309
1: 0: advanceRT                             7         7.981        7.911     696        8.223     386
1: 0: _ZoneLoop0                            7         0.003        0.003     852        0.004     575
1: 0: _snmoments1                           7         7.772        7.703     762        8.014     386
1: 0: __snmoments                         743         0.021        0.019    1107        0.023    1126
1: 0: _ZoneLoop2                            7         0.008        0.006     884        0.036     967
1: 0: rtstrtsn                              7         0.022        0.019    1060        0.050     967
1: 0: _initialize                           7         0.004        0.003    1091        0.005    1098
1: 0: _zoneaverage                          7         0.005        0.005     242        0.033     967
1: 0: compton                               7         0.002        0.001     803        0.005     391
1: 0: absorbrate                           71         0.054        0.050     521        0.058     967
1: 0: material                             71         2.499        1.931     935        3.347     320
1: 0: exch                                 64        25.462       13.756      11       32.534     320
1: 0: rswpmd                               64       193.515      186.205     320      205.235      11
1: 0: _setflux                            164         5.059        2.533    1140        7.760     509
1: 0: _initexch                           100         7.961        0.606     320       20.606      11
1: 0: _sweepoct                           687       176.796      170.842       0      179.130     272
1: 0: __exch                              687        90.217       71.747    1151       95.678     176
1: 0: rtconi                               64         0.132        0.118     664        0.144     417
1: 0: rtconv                               64         1.408        0.700     320        1.885     935
1: 0: bdyedt                                7         1.416        1.416     884        1.416     544
