1: 0: from Timer_Print: could not open timing_summary.141978
1: 0: timing summary printed to stderr
1: 0: 
1: 0: ------------------------------------------------------------------------------------------------
1: 0: Timing  summary:                 #calls       avg(sec)     min(sec) minRank     max(sec) maxRank
1: 0: ------------------------------------------------------------------------------------------------
1: 0: work                                  1        71.340       71.338     124       71.348     606
1: 0: getgeometry                           6         5.438        5.337     454        5.836     196
1: 0: reflect                               6         0.037        0.000     877        0.227     132
1: 0: rtorder                               6        32.104       30.721     243       34.150     488
1: 0: findexit                              6         7.093        4.996     204        8.637     539
1: 0: scheduler                             6         0.002        0.002    1131        0.002     353
1: 0: advanceRT                             6         7.480        7.424     366        7.603     761
1: 0: _ZoneLoop0                            6         0.018        0.017     673        0.019     930
1: 0: _snmoments1                           6         7.218        7.157     235        7.347     581
1: 0: __snmoments                          96         0.002        0.002     371        0.003     361
1: 0: _ZoneLoop2                            6         0.040        0.030     197        0.045     768
1: 0: rtstrtsn                              6         0.182        0.172     848        0.190     915
1: 0: _initialize                           6         0.030        0.025    1033        0.035     280
1: 0: _zoneaverage                          6         0.031        0.027     965        0.036     934
1: 0: compton                               6         0.022        0.013     215        0.029     451
1: 0: absorbrate                           12         0.051        0.046     428        0.057     297
1: 0: material                             12         1.441        1.386      20        1.877     225
1: 0: exch                                  6         1.674        0.903     143        1.984     979
1: 0: rswpmd                                6        11.860       11.583     979       12.565      11
1: 0: _setflux                             12         0.575        0.340    1009        0.751     378
1: 0: _initexch                             6         0.380        0.077     895        1.156      11
1: 0: _sweepoct                            48        10.561        9.973       0       10.827     908
1: 0: __exch                               48         4.176        2.937     143        4.638     990
1: 0: rtconi                                6         0.104        0.096     476        0.113     915
1: 0: rtconv                                6         0.419        0.197     225        0.450     631
1: 0: bdyedt                                6         0.613        0.611     317        0.614     996
