1: 0: from Timer_Print: could not open timing_summary.141950
1: 0: timing summary printed to stderr
1: 0: 
1: 0: ------------------------------------------------------------------------------------------------
1: 0: Timing  summary:                 #calls       avg(sec)     min(sec) minRank     max(sec) maxRank
1: 0: ------------------------------------------------------------------------------------------------
1: 0: work                                  1       214.216      214.214     784      214.220     145
1: 0: getgeometry                           7         3.120        3.054    1116        3.546     807
1: 0: reflect                               7         0.042        0.000     907        0.258     132
1: 0: rtorder                               7        17.318       16.653     741       18.301     608
1: 0: findexit                              7         4.568        3.515     720        5.463     741
1: 0: scheduler                             7         0.003        0.003    1137        0.003     241
1: 0: advanceRT                             7         7.812        7.742     966        8.092     386
1: 0: _ZoneLoop0                            7         0.011        0.010     610        0.011     660
1: 0: _snmoments1                           7         7.572        7.500     642        7.862     386
1: 0: __snmoments                         656         0.019        0.016      44        0.022     763
1: 0: _ZoneLoop2                            7         0.034        0.023      44        0.054     350
1: 0: rtstrtsn                              7         0.112        0.101     797        0.138     509
1: 0: _initialize                           7         0.017        0.012     378        0.020     164
1: 0: _zoneaverage                          7         0.025        0.020     806        0.053     509
1: 0: compton                               7         0.012        0.005     660        0.017      60
1: 0: absorbrate                           60         0.183        0.169     574        0.204     127
1: 0: material                             60         7.996        6.412    1043       11.148     487
1: 0: exch                                 53        14.781        7.774    1151       18.544     687
1: 0: rswpmd                               53       149.153      145.383     687      156.456    1151
1: 0: _setflux                            140         3.797        2.228    1019        4.918      36
1: 0: _initexch                            87         4.287        0.471     687       12.387    1151
1: 0: _sweepoct                           600       137.304      131.032       0      139.113     990
1: 0: __exch                              600        60.587       42.501    1151       65.085     558
1: 0: rtconi                               53         0.675        0.412     926        0.725    1005
1: 0: rtconv                               53         5.107        2.414     487        6.340    1043
1: 0: bdyedt                                7         0.778        0.777     382        0.778     812
