1: 0: from Timer_Print: could not open timing_summary.141946
1: 0: timing summary printed to stderr
1: 0: 
1: 0: ------------------------------------------------------------------------------------------------
1: 0: Timing  summary:                 #calls       avg(sec)     min(sec) minRank     max(sec) maxRank
1: 0: ------------------------------------------------------------------------------------------------
1: 0: work                                  1       213.675      213.674     327      213.679     704
1: 0: getgeometry                           7         3.124        3.055    1009        4.291     112
1: 0: reflect                               7         0.042        0.000     451        0.254    1008
1: 0: rtorder                               7        17.291       16.711     411       18.323     608
1: 0: findexit                              7         4.556        3.643     133        5.215    1062
1: 0: scheduler                             7         0.002        0.002     748        0.002     958
1: 0: advanceRT                             7         7.803        7.742     864        7.953      95
1: 0: _ZoneLoop0                            7         0.011        0.010    1097        0.011     354
1: 0: _snmoments1                           7         7.564        7.500     138        7.722      95
1: 0: __snmoments                         656         0.019        0.017     717        0.022     971
1: 0: _ZoneLoop2                            7         0.034        0.024     947        0.046     912
1: 0: rtstrtsn                              7         0.112        0.101     653        0.120     381
1: 0: _initialize                           7         0.017        0.014     570        0.020    1018
1: 0: _zoneaverage                          7         0.025        0.020    1148        0.030     807
1: 0: compton                               7         0.012        0.005    1061        0.016     589
1: 0: absorbrate                           60         0.183        0.167    1061        0.200     352
1: 0: material                             60         7.989        6.456      59        9.212    1074
1: 0: exch                                 53        14.653        7.128       0       18.778     399
1: 0: rswpmd                               53       149.601      145.456     399      157.150       0
1: 0: _setflux                            140         3.810        2.119     143        5.280      30
1: 0: _initexch                            87         4.650        0.379     399       12.948       0
1: 0: _sweepoct                           600       137.178      130.283       0      139.515     988
1: 0: __exch                              600        60.181       43.060    1151       65.670     843
1: 0: rtconi                               53         0.510        0.474     729        0.564    1061
1: 0: rtconv                               53         3.783        2.764    1074        4.957     215
1: 0: bdyedt                                7         0.764        0.761     874        0.764     803
