1: 0: from Timer_Print: could not open timing_summary.141947
1: 0: timing summary printed to stderr
1: 0: 
1: 0: ------------------------------------------------------------------------------------------------
1: 0: Timing  summary:                 #calls       avg(sec)     min(sec) minRank     max(sec) maxRank
1: 0: ------------------------------------------------------------------------------------------------
1: 0: work                                  1       275.938      275.937     946      275.940     201
1: 0: getgeometry                           7         1.593        1.559      13        2.020      19
1: 0: reflect                               7         0.164        0.000     631        0.989     132
1: 0: rtorder                               7        30.616       29.698    1092       34.903     149
1: 0: findexit                              7        11.762        7.268     149       12.805     745
1: 0: scheduler                             7         0.003        0.003     806        0.003     662
1: 0: advanceRT                             7         8.766        8.713     354        8.893     551
1: 0: _ZoneLoop0                            7         0.006        0.006     983        0.006     992
1: 0: _snmoments1                           7         8.544        8.489     912        8.671     551
1: 0: __snmoments                         752         0.022        0.020     718        0.025     955
1: 0: _ZoneLoop2                            7         0.011        0.008     494        0.017     827
1: 0: rtstrtsn                              7         0.047        0.043     686        0.052     705
1: 0: _initialize                           7         0.008        0.006     310        0.011     705
1: 0: _zoneaverage                          7         0.009        0.008    1127        0.010    1081
1: 0: compton                               7         0.006        0.003     514        0.009     107
1: 0: absorbrate                           71         0.079        0.070     769        0.092     548
1: 0: material                             71         2.692        2.098      95        3.286     465
1: 0: exch                                 64        20.891       10.589       0       26.638     400
1: 0: rswpmd                               64       194.861      189.106     400      205.181       0
1: 0: _setflux                            165         6.340        3.574    1151        8.646     706
1: 0: _initexch                           101         6.713        0.835     400       18.301       0
1: 0: _sweepoct                           696       177.189      167.984       0      180.450     989
1: 0: __exch                              696        89.752       67.231    1151       97.516     844
1: 0: rtconi                               64         0.246        0.218     158        0.275     769
1: 0: rtconv                               64         1.576        1.092     465        2.072      95
1: 0: bdyedt                                7         1.121        1.120     240        1.121    1054
