1: 0: from Timer_Print: could not open timing_summary.141938
1: 0: timing summary printed to stderr
1: 0: 
1: 0: ------------------------------------------------------------------------------------------------
1: 0: Timing  summary:                 #calls       avg(sec)     min(sec) minRank     max(sec) maxRank
1: 0: ------------------------------------------------------------------------------------------------
1: 0: work                                  1       233.775      233.774     993      233.779     259
1: 0: getgeometry                           7         3.124        3.053     793        4.422       8
1: 0: reflect                               7         0.083        0.000     919        0.504     132
1: 0: rtorder                               7        33.041       31.826     521       34.859     608
1: 0: findexit                              7         7.944        6.242    1141        9.305     967
1: 0: scheduler                             7         0.002        0.002     881        0.002     145
1: 0: advanceRT                             7         8.479        8.404     426        8.656     203
1: 0: _ZoneLoop0                            7         0.011        0.011       0        0.012     286
1: 0: _snmoments1                           7         8.244        8.165     426        8.425     203
1: 0: __snmoments                         656         0.019        0.017     521        0.022     982
1: 0: _ZoneLoop2                            7         0.022        0.017     479        0.025    1116
1: 0: rtstrtsn                              7         0.103        0.096     959        0.124     286
1: 0: _initialize                           7         0.017        0.013     670        0.037     286
1: 0: _zoneaverage                          7         0.018        0.016     872        0.021    1048
1: 0: compton                               7         0.012        0.005     925        0.055     286
1: 0: absorbrate                           60         0.133        0.115     704        0.165     715
1: 0: material                             60         4.260        3.438     959        5.620    1028
1: 0: exch                                 53        14.070        7.450    1140       18.165     400
1: 0: rswpmd                               53       155.627      151.500     400      162.259    1140
1: 0: _setflux                            140         4.574        2.448    1008        6.654     494
1: 0: _initexch                            87         4.594        0.410     836       12.072    1140
1: 0: _sweepoct                           600       142.897      135.788       0      145.335     989
1: 0: __exch                              600        63.850       45.028    1019       70.323     835
1: 0: rtconi                               53         0.439        0.402    1113        0.493     704
1: 0: rtconv                               53         2.532        1.402    1028        3.163     959
1: 0: bdyedt                                7         1.062        1.060      57        1.062     597
