polar = 8
azim = 4
groups = 16

------------------------------------------------------------
Sender: LSF System <lsfadmin@batch1>
Subject: Job 181191: <Not_Specified> in cluster <summit> Exited

Job <Not_Specified> was submitted from host <login4> by user <dappelh> in cluster <summit> at Thu Sep  6 16:48:13 2018
Job was executed on host(s) <1*batch1>, in queue <tested>, as user <dappelh> in cluster <summit> at Thu Sep  6 17:37:40 2018
                            <42*f32n15>
                            <42*f32n16>
                            <42*f32n17>
                            <42*f32n18>
                            <42*f33n01>
                            <42*f33n02>
                            <42*f33n03>
                            <42*f33n04>
                            <42*f33n05>
                            <42*f33n06>
                            <42*f33n07>
                            <42*f33n08>
                            <42*f33n09>
                            <42*f33n10>
                            <42*f33n11>
                            <42*f33n12>
                            <42*f33n13>
                            <42*f33n14>
                            <42*f33n15>
                            <42*f33n16>
                            <42*f33n17>
                            <42*f33n18>
                            <42*f34n01>
                            <42*f34n02>
                            <42*f34n03>
                            <42*f34n04>
                            <42*f34n05>
                            <42*f34n06>
                            <42*f34n07>
                            <42*f34n08>
                            <42*f34n09>
                            <42*f34n10>
                            <42*f34n11>
                            <42*f34n12>
                            <42*f34n13>
                            <42*f34n14>
                            <42*f34n15>
                            <42*f34n16>
                            <42*f34n17>
                            <42*f34n18>
                            <42*f35n01>
                            <42*f35n02>
                            <42*f35n03>
                            <42*f35n04>
                            <42*f35n05>
                            <42*f35n06>
                            <42*f35n07>
                            <42*f35n08>
                            <42*f35n09>
                            <42*f35n10>
                            <42*f35n11>
                            <42*f35n12>
                            <42*f35n13>
                            <42*f35n14>
                            <42*f35n15>
                            <42*f35n16>
                            <42*f35n17>
                            <42*f35n18>
                            <42*f36n01>
                            <42*f36n02>
                            <42*f36n03>
                            <42*f36n04>
                            <42*f36n05>
                            <42*f36n06>
                            <42*f36n07>
                            <42*f36n08>
                            <42*f36n09>
                            <42*f36n10>
                            <42*f36n11>
                            <42*f36n12>
                            <42*f36n13>
                            <42*f36n14>
                            <42*f36n15>
                            <42*f36n16>
                            <42*f36n17>
                            <42*f36n18>
                            <42*g01n01>
                            <42*g01n02>
                            <42*g01n03>
                            <42*g01n04>
                            <42*g01n05>
                            <42*g01n06>
                            <42*g01n07>
                            <42*g01n08>
                            <42*g01n09>
                            <42*g01n10>
                            <42*g01n11>
                            <42*g01n12>
                            <42*g01n13>
                            <42*g01n14>
                            <42*g01n15>
                            <42*g01n16>
                            <42*g01n17>
                            <42*g01n18>
                            <42*g02n01>
                            <42*g02n02>
                            <42*g02n03>
                            <42*g02n04>
                            <42*g02n05>
                            <42*g02n06>
                            <42*g02n07>
                            <42*g02n08>
                            <42*g02n09>
                            <42*g02n10>
                            <42*g02n11>
                            <42*g02n12>
                            <42*g02n13>
                            <42*g02n14>
                            <42*g02n15>
                            <42*g02n16>
                            <42*g02n17>
                            <42*g02n18>
                            <42*g03n01>
                            <42*g03n02>
                            <42*g03n03>
                            <42*g03n04>
                            <42*g03n05>
                            <42*g03n06>
                            <42*g03n07>
                            <42*g03n08>
                            <42*g03n09>
                            <42*g03n10>
                            <42*g03n11>
                            <42*g03n12>
                            <42*g03n13>
                            <42*g03n14>
                            <42*g03n15>
                            <42*g03n16>
                            <42*g03n17>
                            <42*g03n18>
                            <42*g04n01>
                            <42*g04n02>
                            <42*g04n03>
                            <42*g04n04>
                            <42*g04n05>
                            <42*g04n06>
                            <42*g04n07>
                            <42*g04n08>
                            <42*g04n09>
                            <42*g04n10>
                            <42*g04n11>
                            <42*g04n12>
                            <42*g04n13>
                            <42*g04n14>
                            <42*g04n15>
                            <42*g04n16>
                            <42*g04n17>
                            <42*g04n18>
                            <42*g05n07>
                            <42*g05n06>
                            <42*g05n05>
                            <42*g05n04>
                            <42*g05n03>
                            <42*g05n08>
                            <42*g05n09>
                            <42*g05n10>
                            <42*g05n11>
                            <42*g05n12>
                            <42*g05n13>
                            <42*g05n14>
                            <42*g05n15>
                            <42*g05n16>
                            <42*g05n17>
                            <42*g05n18>
                            <42*g05n01>
                            <42*g05n02>
                            <42*g06n01>
                            <42*g06n02>
                            <42*g06n03>
                            <42*g06n04>
                            <42*g06n05>
                            <42*g06n06>
                            <42*g06n07>
                            <42*g06n08>
                            <42*g06n09>
                            <42*g06n10>
                            <42*g06n11>
                            <42*g06n12>
                            <42*g06n13>
                            <42*g06n14>
                            <42*g06n15>
                            <42*g06n16>
                            <42*g06n17>
                            <42*g06n18>
                            <42*g07n01>
                            <42*g07n02>
                            <42*g07n03>
                            <42*g07n04>
                            <42*g07n05>
                            <42*g07n06>
                            <42*g07n07>
                            <42*g07n08>
</ccs/home/dappelh> was used as the home directory.
</ccs/home/dappelh/codes/coral/umt2016-managed/june-runs> was used as the working directory.
Started at Thu Sep  6 17:37:40 2018
Terminated at Thu Sep  6 17:54:14 2018
Results reported at Thu Sep  6 17:54:14 2018

The output (if any) is above this job summary.



PS:

Read file <181191.err> for stderr output of this job.

