1: 0: from Timer_Print: could not open timing_summary.181194
1: 0: timing summary printed to stderr
1: 0: 
1: 0: ------------------------------------------------------------------------------------------------
1: 0: Timing  summary:                 #calls       avg(sec)     min(sec) minRank     max(sec) maxRank
1: 0: ------------------------------------------------------------------------------------------------
1: 0: work                                  1       252.357      252.355     478      252.365     907
1: 0: getgeometry                           7         5.998        5.883    1054        8.353     475
1: 0: reflect                               7         0.043        0.000     685        0.255    1140
1: 0: rtorder                               7        37.505       35.939     293       39.997     817
1: 0: findexit                              7         7.526        4.888     817        9.187     539
1: 0: scheduler                             7         0.262        0.262     712        0.262     745
1: 0: advanceRT                             7         8.584        8.512     120        8.775     863
1: 0: _ZoneLoop0                            7         0.020        0.020     183        0.040     946
1: 0: _snmoments1                           7         8.307        8.231     120        8.487     863
1: 0: __snmoments                         656         0.019        0.017     559        0.035     614
1: 0: _ZoneLoop2                            7         0.047        0.034     653        0.060     730
1: 0: rtstrtsn                              7         0.211        0.200     206        0.226     483
1: 0: _initialize                           7         0.035        0.028     985        0.043     943
1: 0: _zoneaverage                          7         0.036        0.032     182        0.043     730
1: 0: compton                               7         0.026        0.017     943        0.033     730
1: 0: absorbrate                           60         0.276        0.247     920        0.328      36
1: 0: material                             60         8.113        6.586    1055        9.263     392
1: 0: exch                                 53        12.302        6.436    1151       15.479     171
1: 0: rswpmd                               53       160.851      157.627     171      166.955    1151
1: 0: _setflux                            140         3.959        2.121    1151        5.313     208
1: 0: _initexch                            87         3.647        0.318     176       10.668    1151
1: 0: _sweepoct                           600       149.967      146.075       0      151.287     556
1: 0: __exch                              600        49.501       36.804     143       53.257     378
1: 0: rtconi                               53         0.894        0.835     483        1.005     627
1: 0: rtconv                               53         3.829        2.861     392        4.986    1055
1: 0: bdyedt                                7         0.777        0.775    1108        0.778    1101
