
------------------------------------------------------------
Sender: LSF System <lsfadmin@batch1>
Subject: Job 181193: <Not_Specified> in cluster <summit> Exited

Job <Not_Specified> was submitted from host <login4> by user <dappelh> in cluster <summit> at Thu Sep  6 17:12:50 2018
Job was executed on host(s) <1*batch1>, in queue <tested>, as user <dappelh> in cluster <summit> at Thu Sep  6 17:37:40 2018
                            <42*g07n09>
                            <42*g07n10>
                            <42*g07n11>
                            <42*g07n12>
                            <42*g07n13>
                            <42*g07n14>
                            <42*g07n15>
                            <42*g07n16>
                            <42*g07n17>
                            <42*g07n18>
                            <42*g08n01>
                            <42*g08n02>
                            <42*g08n03>
                            <42*g08n04>
                            <42*g08n05>
                            <42*g08n06>
                            <42*g08n07>
                            <42*g08n08>
                            <42*g08n09>
                            <42*g08n10>
                            <42*g08n11>
                            <42*g08n12>
                            <42*g08n13>
                            <42*g08n14>
                            <42*g08n15>
                            <42*g08n16>
                            <42*g08n17>
                            <42*g08n18>
                            <42*g09n01>
                            <42*g09n02>
                            <42*g09n03>
                            <42*g09n04>
                            <42*g09n05>
                            <42*g09n06>
                            <42*g09n07>
                            <42*g09n08>
                            <42*g09n09>
                            <42*g09n10>
                            <42*g09n11>
                            <42*g09n12>
                            <42*g09n13>
                            <42*g09n14>
                            <42*g09n15>
                            <42*g09n16>
                            <42*g09n17>
                            <42*g09n18>
                            <42*g10n01>
                            <42*g10n02>
                            <42*g10n03>
                            <42*g10n04>
                            <42*g10n05>
                            <42*g10n06>
                            <42*g10n07>
                            <42*g10n08>
                            <42*g10n09>
                            <42*g10n10>
                            <42*g10n11>
                            <42*g10n12>
                            <42*g10n13>
                            <42*g10n14>
                            <42*g10n15>
                            <42*g10n16>
                            <42*g10n17>
                            <42*g10n18>
                            <42*g11n01>
                            <42*g11n02>
                            <42*g11n03>
                            <42*g11n04>
                            <42*g11n05>
                            <42*g11n06>
                            <42*g11n07>
                            <42*g11n08>
                            <42*g11n09>
                            <42*g11n10>
                            <42*g11n11>
                            <42*g11n12>
                            <42*g11n13>
                            <42*g11n14>
                            <42*g11n15>
                            <42*g11n16>
                            <42*g11n17>
                            <42*g11n18>
                            <42*g12n01>
                            <42*g12n02>
                            <42*g12n03>
                            <42*g12n04>
                            <42*g12n05>
                            <42*g12n06>
                            <42*g12n07>
                            <42*g12n08>
                            <42*g12n09>
                            <42*g12n10>
                            <42*g12n11>
                            <42*g12n12>
                            <42*g12n13>
                            <42*g12n14>
                            <42*g12n15>
                            <42*g12n16>
                            <42*g12n17>
                            <42*g12n18>
                            <42*g13n01>
                            <42*g13n02>
                            <42*g13n03>
                            <42*g13n04>
                            <42*g13n05>
                            <42*g13n06>
                            <42*g13n07>
                            <42*g13n08>
                            <42*g13n09>
                            <42*g13n10>
                            <42*g13n11>
                            <42*g13n12>
                            <42*g13n13>
                            <42*g13n14>
                            <42*g13n15>
                            <42*g13n16>
                            <42*g13n17>
                            <42*g13n18>
                            <42*g14n01>
                            <42*g14n02>
                            <42*g14n03>
                            <42*g14n04>
                            <42*g14n05>
                            <42*g14n06>
                            <42*g14n07>
                            <42*g14n08>
                            <42*g14n09>
                            <42*g14n10>
                            <42*g14n11>
                            <42*g14n12>
                            <42*g14n13>
                            <42*g14n14>
                            <42*g14n15>
                            <42*g14n16>
                            <42*g14n17>
                            <42*g14n18>
                            <42*g15n01>
                            <42*g15n02>
                            <42*g15n03>
                            <42*g15n04>
                            <42*g15n05>
                            <42*g15n06>
                            <42*g15n07>
                            <42*g15n08>
                            <42*g15n09>
                            <42*g15n10>
                            <42*g15n11>
                            <42*g15n12>
                            <42*g15n13>
                            <42*g15n14>
                            <42*g15n15>
                            <42*g15n16>
                            <42*g15n17>
                            <42*g15n18>
                            <42*g16n01>
                            <42*g16n02>
                            <42*g16n03>
                            <42*g16n04>
                            <42*g16n05>
                            <42*g16n06>
                            <42*g16n07>
                            <42*g16n08>
                            <42*g16n09>
                            <42*g16n10>
                            <42*g16n11>
                            <42*g16n12>
                            <42*g16n13>
                            <42*g16n14>
                            <42*g16n15>
                            <42*g16n16>
                            <42*g16n17>
                            <42*g16n18>
                            <42*g17n01>
                            <42*g17n02>
                            <42*g17n03>
                            <42*g17n04>
                            <42*g17n05>
                            <42*g17n06>
                            <42*g17n07>
                            <42*g17n08>
                            <42*g17n09>
                            <42*g17n10>
                            <42*g17n11>
                            <42*g17n12>
                            <42*g17n13>
                            <42*g17n14>
                            <42*g17n15>
                            <42*g17n16>
                            <42*g17n17>
                            <42*g17n18>
                            <42*g18n01>
                            <42*g18n02>
</ccs/home/dappelh> was used as the home directory.
</ccs/home/dappelh/codes/coral/umt2016-managed/june-runs> was used as the working directory.
Started at Thu Sep  6 17:37:40 2018
Terminated at Thu Sep  6 17:54:03 2018
Results reported at Thu Sep  6 17:54:03 2018

The output (if any) is above this job summary.



PS:

Read file <181193.err> for stderr output of this job.

