JOB_NUMBER is not set - defaulting to 1
starting job 1 in stream 1 at  Thu Aug 9 17:24:16 EDT 2018
polar = 8
azim = 4
groups = 16
job 1 finished at 

------------------------------------------------------------
Sender: LSF System <lsfadmin@batch3>
Subject: Job 142641: <umt> in cluster <summit> Exited

Job <umt> was submitted from host <login4> by user <dappelh> in cluster <summit> at Thu Aug  9 17:24:16 2018
Job was executed on host(s) <1*batch3>, in queue <tested>, as user <dappelh> in cluster <summit> at Fri Aug 10 17:00:49 2018
                            <42*a01n01>
                            <42*a01n02>
                            <42*a01n03>
                            <42*a01n04>
                            <42*a01n05>
                            <42*a01n06>
                            <42*a01n07>
                            <42*a01n08>
                            <42*a01n09>
                            <42*a01n10>
                            <42*a01n11>
                            <42*a01n12>
                            <42*a01n13>
                            <42*a01n14>
                            <42*a01n15>
                            <42*a01n16>
                            <42*a01n17>
                            <42*a01n18>
                            <42*a02n01>
                            <42*a02n02>
                            <42*a02n03>
                            <42*a02n04>
                            <42*a02n05>
                            <42*a02n06>
                            <42*a02n07>
                            <42*a02n08>
                            <42*a02n09>
                            <42*a02n10>
                            <42*a02n11>
                            <42*a02n12>
                            <42*a02n13>
                            <42*a02n14>
                            <42*a02n15>
                            <42*a02n16>
                            <42*a02n17>
                            <42*a02n18>
                            <42*a03n01>
                            <42*a03n02>
                            <42*a03n03>
                            <42*a03n05>
                            <42*a03n06>
                            <42*a03n07>
                            <42*a03n08>
                            <42*a03n09>
                            <42*a03n10>
                            <42*a03n11>
                            <42*a03n12>
                            <42*a03n13>
                            <42*a03n14>
                            <42*a03n15>
                            <42*a03n16>
                            <42*a03n17>
                            <42*a03n18>
                            <42*a04n01>
                            <42*a04n02>
                            <42*a04n03>
                            <42*a04n04>
                            <42*a04n05>
                            <42*a04n06>
                            <42*a04n07>
                            <42*a04n08>
                            <42*a04n09>
                            <42*a04n10>
                            <42*a04n11>
                            <42*a04n12>
                            <42*a04n13>
                            <42*a04n14>
                            <42*a04n15>
                            <42*a04n16>
                            <42*a04n17>
                            <42*a04n18>
                            <42*a05n01>
                            <42*a05n02>
                            <42*a05n03>
                            <42*a05n04>
                            <42*a05n05>
                            <42*a05n06>
                            <42*a05n07>
                            <42*a05n08>
                            <42*a05n09>
                            <42*a05n10>
                            <42*a05n11>
                            <42*a05n12>
                            <42*a05n13>
                            <42*a05n14>
                            <42*a05n15>
                            <42*a05n16>
                            <42*a05n17>
                            <42*a05n18>
                            <42*a06n01>
                            <42*a06n02>
                            <42*a06n03>
                            <42*a06n04>
                            <42*a06n05>
                            <42*a06n06>
                            <42*a06n07>
                            <42*a06n08>
                            <42*a06n09>
                            <42*a06n10>
                            <42*a06n11>
                            <42*a06n12>
                            <42*a06n13>
                            <42*a06n15>
                            <42*a06n16>
                            <42*a06n17>
                            <42*a06n18>
                            <42*a07n01>
                            <42*a07n02>
                            <42*a07n03>
                            <42*a07n04>
                            <42*a07n05>
                            <42*a07n06>
                            <42*a07n07>
                            <42*a07n08>
                            <42*a07n09>
                            <42*a07n10>
                            <42*a07n11>
                            <42*a07n12>
                            <42*a07n13>
                            <42*a07n14>
                            <42*a07n15>
                            <42*a07n16>
                            <42*a07n17>
                            <42*a07n18>
                            <42*a08n01>
                            <42*a08n02>
                            <42*a08n03>
                            <42*a08n04>
                            <42*a08n05>
                            <42*a08n06>
                            <42*a08n07>
                            <42*a08n08>
                            <42*a08n09>
                            <42*a08n10>
                            <42*a08n11>
                            <42*a08n12>
                            <42*a08n13>
                            <42*a08n14>
                            <42*a08n15>
                            <42*a08n16>
                            <42*a08n17>
                            <42*a08n18>
                            <42*a09n01>
                            <42*a09n02>
                            <42*a09n03>
                            <42*a09n04>
                            <42*a09n05>
                            <42*a09n06>
                            <42*a09n07>
                            <42*a09n08>
                            <42*a09n09>
                            <42*a09n10>
                            <42*a09n11>
                            <42*a09n12>
                            <42*a09n13>
                            <42*a09n14>
                            <42*a09n15>
                            <42*a09n16>
                            <42*a09n17>
                            <42*a09n18>
                            <42*a10n01>
                            <42*a10n02>
                            <42*a10n03>
                            <42*a10n04>
                            <42*a10n05>
                            <42*a10n06>
                            <42*a10n07>
                            <42*a10n08>
                            <42*a10n09>
                            <42*a10n10>
                            <42*a10n11>
                            <42*a10n12>
                            <42*a10n13>
                            <42*a10n14>
                            <42*a10n15>
                            <42*a10n16>
                            <42*a10n17>
                            <42*a10n18>
                            <42*a11n01>
                            <42*a11n02>
                            <42*a11n03>
                            <42*a11n04>
                            <42*a11n05>
                            <42*a11n06>
                            <42*a11n07>
                            <42*a11n08>
                            <42*a11n09>
                            <42*a11n10>
                            <42*a11n11>
                            <42*a11n12>
                            <42*a11n13>
                            <42*a11n14>
</ccs/home/dappelh> was used as the home directory.
</ccs/home/dappelh/codes/coral/umt2016-managed/acceptance-runs> was used as the working directory.
Started at Fri Aug 10 17:00:49 2018
Terminated at Fri Aug 10 17:01:56 2018
Results reported at Fri Aug 10 17:01:56 2018

The output (if any) is above this job summary.



PS:

Read file <142641.err> for stderr output of this job.

