starting job 1 in stream 1 at  Mon Aug 13 15:14:30 EDT 2018
polar = 8
azim = 4
groups = 16
job 1 finished at 

------------------------------------------------------------
Sender: LSF System <lsfadmin@batch5>
Subject: Job 143781: <umt> in cluster <summit> Exited

Job <umt> was submitted from host <login2> by user <dappelh> in cluster <summit> at Mon Aug 13 15:14:30 2018
Job was executed on host(s) <1*batch5>, in queue <tested>, as user <dappelh> in cluster <summit> at Mon Aug 13 19:13:00 2018
                            <42*h19n13>
                            <42*h19n14>
                            <42*h19n15>
                            <42*h19n16>
                            <42*h19n17>
                            <42*h19n18>
                            <42*h20n01>
                            <42*h20n02>
                            <42*h20n03>
                            <42*h20n04>
                            <42*h20n05>
                            <42*h20n06>
                            <42*h20n07>
                            <42*h20n08>
                            <42*h20n09>
                            <42*h20n10>
                            <42*h20n11>
                            <42*h20n12>
                            <42*h20n13>
                            <42*h20n14>
                            <42*h20n15>
                            <42*h20n16>
                            <42*h20n17>
                            <42*h20n18>
                            <42*h21n01>
                            <42*h21n02>
                            <42*h21n03>
                            <42*h21n04>
                            <42*h21n05>
                            <42*h21n06>
                            <42*h21n07>
                            <42*h21n08>
                            <42*h21n09>
                            <42*h21n10>
                            <42*h21n11>
                            <42*h21n12>
                            <42*h21n13>
                            <42*h21n14>
                            <42*h21n15>
                            <42*h21n16>
                            <42*h21n17>
                            <42*h21n18>
                            <42*h22n01>
                            <42*h22n02>
                            <42*h22n03>
                            <42*h22n04>
                            <42*h22n05>
                            <42*h22n06>
                            <42*h22n07>
                            <42*h22n08>
                            <42*h22n09>
                            <42*h22n10>
                            <42*h22n11>
                            <42*h22n12>
                            <42*h22n13>
                            <42*h22n14>
                            <42*h22n15>
                            <42*h22n16>
                            <42*h22n17>
                            <42*h22n18>
                            <42*h23n01>
                            <42*h23n02>
                            <42*h23n03>
                            <42*h23n04>
                            <42*h23n05>
                            <42*h23n06>
                            <42*h23n07>
                            <42*h23n08>
                            <42*h23n09>
                            <42*h23n10>
                            <42*h23n11>
                            <42*h23n12>
                            <42*h23n13>
                            <42*h23n14>
                            <42*h23n15>
                            <42*h23n16>
                            <42*h23n17>
                            <42*h23n18>
                            <42*h24n01>
                            <42*h24n02>
                            <42*h24n03>
                            <42*h24n04>
                            <42*h24n05>
                            <42*h24n06>
                            <42*h24n07>
                            <42*h24n08>
                            <42*h24n09>
                            <42*h24n10>
                            <42*h24n11>
                            <42*h24n12>
                            <42*h24n13>
                            <42*h24n14>
                            <42*h24n15>
                            <42*h24n16>
                            <42*h24n17>
                            <42*h24n18>
                            <42*h25n01>
                            <42*h25n02>
                            <42*h25n03>
                            <42*h25n04>
                            <42*h25n05>
                            <42*h25n06>
                            <42*h25n07>
                            <42*h25n08>
                            <42*h25n09>
                            <42*h25n10>
                            <42*h25n11>
                            <42*h25n12>
                            <42*h25n13>
                            <42*h25n14>
                            <42*h25n15>
                            <42*h25n16>
                            <42*h25n17>
                            <42*h25n18>
                            <42*h26n01>
                            <42*h26n02>
                            <42*h26n03>
                            <42*h26n04>
                            <42*h26n05>
                            <42*h26n06>
                            <42*h26n07>
                            <42*h26n08>
                            <42*h26n09>
                            <42*h26n10>
                            <42*h26n11>
                            <42*h26n12>
                            <42*h26n13>
                            <42*h26n14>
                            <42*h26n15>
                            <42*h26n16>
                            <42*h26n17>
                            <42*h26n18>
                            <42*h27n01>
                            <42*h27n02>
                            <42*h27n03>
                            <42*h27n04>
                            <42*h27n05>
                            <42*h27n06>
                            <42*h27n07>
                            <42*h27n08>
                            <42*h27n09>
                            <42*h27n10>
                            <42*h27n11>
                            <42*h27n12>
                            <42*h27n13>
                            <42*h27n14>
                            <42*h27n15>
                            <42*h27n17>
                            <42*h27n18>
                            <42*h28n01>
                            <42*h28n02>
                            <42*h28n03>
                            <42*h28n04>
                            <42*h28n05>
                            <42*h28n06>
                            <42*h28n07>
                            <42*h28n08>
                            <42*h28n09>
                            <42*h28n10>
                            <42*h28n11>
                            <42*h28n12>
                            <42*h28n13>
                            <42*h28n14>
                            <42*h28n15>
                            <42*h28n16>
                            <42*h28n17>
                            <42*h28n18>
                            <42*h29n01>
                            <42*h29n02>
                            <42*h29n03>
                            <42*h29n04>
                            <42*h29n05>
                            <42*h29n06>
                            <42*h29n07>
                            <42*h29n08>
                            <42*h29n09>
                            <42*h29n10>
                            <42*h29n11>
                            <42*h29n12>
                            <42*h29n13>
                            <42*h29n14>
                            <42*h29n15>
                            <42*h29n16>
                            <42*h29n17>
                            <42*h29n18>
                            <42*h30n01>
                            <42*h30n02>
                            <42*h30n03>
                            <42*h30n04>
                            <42*h30n05>
                            <42*h30n06>
                            <42*h30n07>
</ccs/home/dappelh> was used as the home directory.
</ccs/home/dappelh/codes/coral/umt2016-managed/acceptance-runs> was used as the working directory.
Started at Mon Aug 13 19:13:00 2018
Terminated at Mon Aug 13 19:14:06 2018
Results reported at Mon Aug 13 19:14:06 2018

The output (if any) is above this job summary.



PS:

Read file <143781.err> for stderr output of this job.

