OMP: Warning #123: Ignoring invalid OS proc ID 68.
OMP: Warning #123: Ignoring invalid OS proc ID 52.
OMP: Warning #123: Ignoring invalid OS proc ID 60.
OMP: Warning #123: Ignoring invalid OS proc ID 20.
OMP: Warning #123: Ignoring invalid OS proc ID 36.
OMP: Warning #123: Ignoring invalid OS proc ID 76.
OMP: Warning #123: Ignoring invalid OS proc ID 12.
OMP: Warning #123: Ignoring invalid OS proc ID 68.
OMP: Warning #123: Ignoring invalid OS proc ID 44.
OMP: Warning #123: Ignoring invalid OS proc ID 12.
OMP: Warning #123: Ignoring invalid OS proc ID 28.
OMP: Warning #123: Ignoring invalid OS proc ID 52.
OMP: Warning #123: Ignoring invalid OS proc ID 76.
OMP: Warning #123: Ignoring invalid OS proc ID 4.
OMP: Warning #123: Ignoring invalid OS proc ID 68.
OMP: Warning #123: Ignoring invalid OS proc ID 140.
OMP: Warning #123: Ignoring invalid OS proc ID 60.
OMP: Warning #123: Ignoring invalid OS proc ID 76.
OMP: Warning #123: Ignoring invalid OS proc ID 20.
OMP: Warning #123: Ignoring invalid OS proc ID 36.
OMP: Warning #123: Ignoring invalid OS proc ID 28.
OMP: Warning #123: Ignoring invalid OS proc ID 4.
OMP: Warning #123: Ignoring invalid OS proc ID 68.
OMP: Warning #123: Ignoring invalid OS proc ID 44.
OMP: Warning #123: Ignoring invalid OS proc ID 12.
OMP: Warning #123: Ignoring invalid OS proc ID 132.
OMP: Warning #123: Ignoring invalid OS proc ID 36.
OMP: Warning #123: Ignoring invalid OS proc ID 60.
OMP: Warning #123: Ignoring invalid OS proc ID 36.
OMP: Warning #123: Ignoring invalid OS proc ID 60.
OMP: Warning #123: Ignoring invalid OS proc ID 76.
OMP: Warning #123: Ignoring invalid OS proc ID 28.
OMP: Warning #123: Ignoring invalid OS proc ID 44.
OMP: Warning #123: Ignoring invalid OS proc ID 4.
OMP: Warning #123: Ignoring invalid OS proc ID 68.
OMP: Warning #123: Ignoring invalid OS proc ID 12.
OMP: Warning #123: Ignoring invalid OS proc ID 20.
OMP: Warning #123: Ignoring invalid OS proc ID 36.
OMP: Warning #123: Ignoring invalid OS proc ID 20.
OMP: Warning #123: Ignoring invalid OS proc ID 36.
OMP: Warning #123: Ignoring invalid OS proc ID 52.
OMP: Warning #123: Ignoring invalid OS proc ID 12.
OMP: Warning #123: Ignoring invalid OS proc ID 68.
OMP: Warning #123: Ignoring invalid OS proc ID 60.
OMP: Warning #123: Ignoring invalid OS proc ID 44.
OMP: Warning #123: Ignoring invalid OS proc ID 76.
OMP: Warning #123: Ignoring invalid OS proc ID 28.
OMP: Warning #123: Ignoring invalid OS proc ID 76.
OMP: Warning #123: Ignoring invalid OS proc ID 60.
OMP: Warning #123: Ignoring invalid OS proc ID 44.
OMP: Warning #123: Ignoring invalid OS proc ID 4.
OMP: Warning #123: Ignoring invalid OS proc ID 68.
OMP: Warning #123: Ignoring invalid OS proc ID 12.
OMP: Warning #123: Ignoring invalid OS proc ID 52.
OMP: Warning #123: Ignoring invalid OS proc ID 20.
OMP: Warning #123: Ignoring invalid OS proc ID 36.
OMP: Warning #123: Ignoring invalid OS proc ID 68.
OMP: Warning #123: Ignoring invalid OS proc ID 60.
OMP: Warning #123: Ignoring invalid OS proc ID 20.
OMP: Warning #123: Ignoring invalid OS proc ID 52.
OMP: Warning #123: Ignoring invalid OS proc ID 76.
OMP: Warning #123: Ignoring invalid OS proc ID 4.
OMP: Warning #123: Ignoring invalid OS proc ID 44.
OMP: Warning #123: Ignoring invalid OS proc ID 12.
OMP: Warning #123: Ignoring invalid OS proc ID 28.
OMP: Warning #123: Ignoring invalid OS proc ID 20.
OMP: Warning #123: Ignoring invalid OS proc ID 4.
OMP: Warning #123: Ignoring invalid OS proc ID 68.
OMP: Warning #123: Ignoring invalid OS proc ID 28.
OMP: Warning #123: Ignoring invalid OS proc ID 76.
OMP: Warning #123: Ignoring invalid OS proc ID 60.
OMP: Warning #123: Ignoring invalid OS proc ID 12.
OMP: Warning #123: Ignoring invalid OS proc ID 44.
OMP: Warning #123: Ignoring invalid OS proc ID 52.
OMP: Warning #123: Ignoring invalid OS proc ID 44.
OMP: Warning #123: Ignoring invalid OS proc ID 36.
OMP: Warning #123: Ignoring invalid OS proc ID 76.
OMP: Warning #123: Ignoring invalid OS proc ID 28.
OMP: Warning #123: Ignoring invalid OS proc ID 68.
OMP: Warning #123: Ignoring invalid OS proc ID 12.
OMP: Warning #123: Ignoring invalid OS proc ID 60.
OMP: Warning #123: Ignoring invalid OS proc ID 20.
OMP: Warning #123: Ignoring invalid OS proc ID 4.
OMP: Warning #123: Ignoring invalid OS proc ID 76.
OMP: Warning #123: Ignoring invalid OS proc ID 4.
OMP: Warning #123: Ignoring invalid OS proc ID 36.
OMP: Warning #123: Ignoring invalid OS proc ID 12.
OMP: Warning #123: Ignoring invalid OS proc ID 52.
OMP: Warning #123: Ignoring invalid OS proc ID 60.
OMP: Warning #123: Ignoring invalid OS proc ID 20.
OMP: Warning #123: Ignoring invalid OS proc ID 68.
OMP: Warning #123: Ignoring invalid OS proc ID 28.
OMP: Warning #123: Ignoring invalid OS proc ID 60.
OMP: Warning #123: Ignoring invalid OS proc ID 44.
OMP: Warning #123: Ignoring invalid OS proc ID 20.
OMP: Warning #123: Ignoring invalid OS proc ID 28.
OMP: Warning #123: Ignoring invalid OS proc ID 36.
OMP: Warning #123: Ignoring invalid OS proc ID 20.
OMP: Warning #123: Ignoring invalid OS proc ID 12.
OMP: Warning #123: Ignoring invalid OS proc ID 44.
OMP: Warning #123: Ignoring invalid OS proc ID 36.
OMP: Warning #123: Ignoring invalid OS proc ID 60.
OMP: Warning #123: Ignoring invalid OS proc ID 76.
OMP: Warning #123: Ignoring invalid OS proc ID 52.
OMP: Warning #123: Ignoring invalid OS proc ID 28.
OMP: Warning #123: Ignoring invalid OS proc ID 36.
OMP: Warning #123: Ignoring invalid OS proc ID 4.
OMP: Warning #123: Ignoring invalid OS proc ID 76.
OMP: Warning #123: Ignoring invalid OS proc ID 20.
OMP: Warning #123: Ignoring invalid OS proc ID 60.
OMP: Warning #123: Ignoring invalid OS proc ID 12.
OMP: Warning #123: Ignoring invalid OS proc ID 68.
OMP: Warning #123: Ignoring invalid OS proc ID 44.
OMP: Warning #123: Ignoring invalid OS proc ID 140.
OMP: Warning #123: Ignoring invalid OS proc ID 108.
OMP: Warning #123: Ignoring invalid OS proc ID 164.
OMP: Warning #123: Ignoring invalid OS proc ID 116.
OMP: Warning #123: Ignoring invalid OS proc ID 92.
OMP: Warning #123: Ignoring invalid OS proc ID 132.
OMP: Warning #123: Ignoring invalid OS proc ID 124.
OMP: Warning #123: Ignoring invalid OS proc ID 148.
OMP: Warning #123: Ignoring invalid OS proc ID 156.
OMP: Warning #123: Ignoring invalid OS proc ID 4.
OMP: Warning #123: Ignoring invalid OS proc ID 100.
OMP: Warning #123: Ignoring invalid OS proc ID 132.
OMP: Warning #123: Ignoring invalid OS proc ID 124.
OMP: Warning #123: Ignoring invalid OS proc ID 164.
OMP: Warning #123: Ignoring invalid OS proc ID 140.
OMP: Warning #123: Ignoring invalid OS proc ID 148.
OMP: Warning #123: Ignoring invalid OS proc ID 92.
OMP: Warning #123: Ignoring invalid OS proc ID 100.
OMP: Warning #123: Ignoring invalid OS proc ID 108.
OMP: Warning #123: Ignoring invalid OS proc ID 116.
OMP: Warning #123: Ignoring invalid OS proc ID 156.
OMP: Warning #123: Ignoring invalid OS proc ID 44.
OMP: Warning #123: Ignoring invalid OS proc ID 140.
OMP: Warning #123: Ignoring invalid OS proc ID 148.
OMP: Warning #123: Ignoring invalid OS proc ID 92.
OMP: Warning #123: Ignoring invalid OS proc ID 124.
OMP: Warning #123: Ignoring invalid OS proc ID 148.
OMP: Warning #123: Ignoring invalid OS proc ID 52.
OMP: Warning #123: Ignoring invalid OS proc ID 108.
OMP: Warning #123: Ignoring invalid OS proc ID 100.
OMP: Warning #123: Ignoring invalid OS proc ID 124.
OMP: Warning #123: Ignoring invalid OS proc ID 132.
OMP: Warning #123: Ignoring invalid OS proc ID 116.
OMP: Warning #123: Ignoring invalid OS proc ID 92.
OMP: Warning #123: Ignoring invalid OS proc ID 164.
OMP: Warning #123: Ignoring invalid OS proc ID 100.
OMP: Warning #123: Ignoring invalid OS proc ID 132.
OMP: Warning #123: Ignoring invalid OS proc ID 108.
OMP: Warning #123: Ignoring invalid OS proc ID 116.
OMP: Warning #123: Ignoring invalid OS proc ID 156.
OMP: Warning #123: Ignoring invalid OS proc ID 4.
OMP: Warning #123: Ignoring invalid OS proc ID 164.
OMP: Warning #123: Ignoring invalid OS proc ID 140.
OMP: Warning #123: Ignoring invalid OS proc ID 156.
OMP: Warning #123: Ignoring invalid OS proc ID 156.
OMP: Warning #123: Ignoring invalid OS proc ID 132.
OMP: Warning #123: Ignoring invalid OS proc ID 116.
OMP: Warning #123: Ignoring invalid OS proc ID 100.
OMP: Warning #123: Ignoring invalid OS proc ID 92.
OMP: Warning #123: Ignoring invalid OS proc ID 148.
OMP: Warning #123: Ignoring invalid OS proc ID 124.
OMP: Warning #123: Ignoring invalid OS proc ID 140.
OMP: Warning #123: Ignoring invalid OS proc ID 108.
OMP: Warning #123: Ignoring invalid OS proc ID 28.
OMP: Warning #123: Ignoring invalid OS proc ID 164.
OMP: Warning #123: Ignoring invalid OS proc ID 28.
OMP: Warning #123: Ignoring invalid OS proc ID 4.
OMP: Warning #123: Ignoring invalid OS proc ID 52.
OMP: Warning #123: Ignoring invalid OS proc ID 44.
OMP: Warning #123: Ignoring invalid OS proc ID 36.
OMP: Warning #123: Ignoring invalid OS proc ID 76.
OMP: Warning #123: Ignoring invalid OS proc ID 60.
OMP: Warning #123: Ignoring invalid OS proc ID 12.
OMP: Warning #123: Ignoring invalid OS proc ID 20.
OMP: Warning #123: Ignoring invalid OS proc ID 156.
OMP: Warning #123: Ignoring invalid OS proc ID 100.
OMP: Warning #123: Ignoring invalid OS proc ID 132.
OMP: Warning #123: Ignoring invalid OS proc ID 164.
OMP: Warning #123: Ignoring invalid OS proc ID 92.
OMP: Warning #123: Ignoring invalid OS proc ID 108.
OMP: Warning #123: Ignoring invalid OS proc ID 148.
OMP: Warning #123: Ignoring invalid OS proc ID 124.
OMP: Warning #123: Ignoring invalid OS proc ID 116.
OMP: Warning #123: Ignoring invalid OS proc ID 68.
OMP: Warning #123: Ignoring invalid OS proc ID 100.
OMP: Warning #123: Ignoring invalid OS proc ID 164.
OMP: Warning #123: Ignoring invalid OS proc ID 156.
OMP: Warning #123: Ignoring invalid OS proc ID 124.
OMP: Warning #123: Ignoring invalid OS proc ID 148.
OMP: Warning #123: Ignoring invalid OS proc ID 140.
OMP: Warning #123: Ignoring invalid OS proc ID 132.
OMP: Warning #123: Ignoring invalid OS proc ID 92.
OMP: Warning #123: Ignoring invalid OS proc ID 116.
OMP: Warning #123: Ignoring invalid OS proc ID 108.
OMP: Warning #123: Ignoring invalid OS proc ID 52.
OMP: Warning #123: Ignoring invalid OS proc ID 20.
OMP: Warning #123: Ignoring invalid OS proc ID 68.
OMP: Warning #123: Ignoring invalid OS proc ID 116.
OMP: Warning #123: Ignoring invalid OS proc ID 12.
OMP: Warning #123: Ignoring invalid OS proc ID 100.
OMP: Warning #123: Ignoring invalid OS proc ID 4.
OMP: Warning #123: Ignoring invalid OS proc ID 52.
OMP: Warning #123: Ignoring invalid OS proc ID 44.
OMP: Warning #123: Ignoring invalid OS proc ID 28.
OMP: Warning #123: Ignoring invalid OS proc ID 76.
OMP: Warning #123: Ignoring invalid OS proc ID 156.
OMP: Warning #123: Ignoring invalid OS proc ID 164.
OMP: Warning #123: Ignoring invalid OS proc ID 108.
OMP: Warning #123: Ignoring invalid OS proc ID 148.
OMP: Warning #123: Ignoring invalid OS proc ID 132.
OMP: Warning #123: Ignoring invalid OS proc ID 124.
OMP: Warning #123: Ignoring invalid OS proc ID 140.
OMP: Warning #123: Ignoring invalid OS proc ID 92.
OMP: Warning #123: Ignoring invalid OS proc ID 52.
OMP: Warning #123: Ignoring invalid OS proc ID 28.
OMP: Warning #123: Ignoring invalid OS proc ID 60.
OMP: Warning #123: Ignoring invalid OS proc ID 44.
OMP: Warning #123: Ignoring invalid OS proc ID 76.
OMP: Warning #123: Ignoring invalid OS proc ID 68.
OMP: Warning #123: Ignoring invalid OS proc ID 20.
OMP: Warning #123: Ignoring invalid OS proc ID 36.
OMP: Warning #123: Ignoring invalid OS proc ID 156.
OMP: Warning #123: Ignoring invalid OS proc ID 92.
OMP: Warning #123: Ignoring invalid OS proc ID 12.
OMP: Warning #123: Ignoring invalid OS proc ID 108.
OMP: Warning #123: Ignoring invalid OS proc ID 124.
OMP: Warning #123: Ignoring invalid OS proc ID 148.
OMP: Warning #123: Ignoring invalid OS proc ID 140.
OMP: Warning #123: Ignoring invalid OS proc ID 100.
OMP: Warning #123: Ignoring invalid OS proc ID 116.
OMP: Warning #123: Ignoring invalid OS proc ID 4.
OMP: Warning #123: Ignoring invalid OS proc ID 164.
OMP: Warning #123: Ignoring invalid OS proc ID 164.
OMP: Warning #123: Ignoring invalid OS proc ID 148.
OMP: Warning #123: Ignoring invalid OS proc ID 156.
OMP: Warning #123: Ignoring invalid OS proc ID 140.
OMP: Warning #123: Ignoring invalid OS proc ID 100.
OMP: Warning #123: Ignoring invalid OS proc ID 124.
OMP: Warning #123: Ignoring invalid OS proc ID 116.
OMP: Warning #123: Ignoring invalid OS proc ID 156.
OMP: Warning #123: Ignoring invalid OS proc ID 148.
OMP: Warning #123: Ignoring invalid OS proc ID 140.
OMP: Warning #123: Ignoring invalid OS proc ID 108.
OMP: Warning #123: Ignoring invalid OS proc ID 164.
OMP: Warning #123: Ignoring invalid OS proc ID 100.
OMP: Warning #123: Ignoring invalid OS proc ID 124.
OMP: Warning #123: Ignoring invalid OS proc ID 100.
OMP: Warning #123: Ignoring invalid OS proc ID 148.
OMP: Warning #123: Ignoring invalid OS proc ID 92.
OMP: Warning #123: Ignoring invalid OS proc ID 92.
OMP: Warning #123: Ignoring invalid OS proc ID 108.
OMP: Warning #123: Ignoring invalid OS proc ID 156.
OMP: Warning #123: Ignoring invalid OS proc ID 132.
OMP: Warning #123: Ignoring invalid OS proc ID 164.
OMP: Warning #123: Ignoring invalid OS proc ID 132.
OMP: Warning #123: Ignoring invalid OS proc ID 116.
OMP: Warning #123: Ignoring invalid OS proc ID 108.
OMP: Warning #123: Ignoring invalid OS proc ID 116.
OMP: Warning #123: Ignoring invalid OS proc ID 140.
OMP: Warning #123: Ignoring invalid OS proc ID 124.
OMP: Warning #123: Ignoring invalid OS proc ID 92.
OMP: Warning #123: Ignoring invalid OS proc ID 4.
OMP: Warning #123: Ignoring invalid OS proc ID 28.
OMP: Warning #123: Ignoring invalid OS proc ID 132.
OMP: Warning #123: Ignoring invalid OS proc ID 100.
OMP: Warning #123: Ignoring invalid OS proc ID 140.
OMP: Warning #123: Ignoring invalid OS proc ID 156.
OMP: Warning #123: Ignoring invalid OS proc ID 116.
OMP: Warning #123: Ignoring invalid OS proc ID 108.
OMP: Warning #123: Ignoring invalid OS proc ID 164.
OMP: Warning #123: Ignoring invalid OS proc ID 92.
OMP: Warning #123: Ignoring invalid OS proc ID 132.
OMP: Warning #123: Ignoring invalid OS proc ID 148.
OMP: Warning #123: Ignoring invalid OS proc ID 124.
OMP: Warning #123: Ignoring invalid OS proc ID 36.
OMP: Warning #123: Ignoring invalid OS proc ID 156.
OMP: Warning #123: Ignoring invalid OS proc ID 132.
OMP: Warning #123: Ignoring invalid OS proc ID 108.
OMP: Warning #123: Ignoring invalid OS proc ID 116.
OMP: Warning #123: Ignoring invalid OS proc ID 92.
OMP: Warning #123: Ignoring invalid OS proc ID 124.
OMP: Warning #123: Ignoring invalid OS proc ID 140.
OMP: Warning #123: Ignoring invalid OS proc ID 148.
OMP: Warning #123: Ignoring invalid OS proc ID 164.
OMP: Warning #123: Ignoring invalid OS proc ID 52.
OMP: Warning #123: Ignoring invalid OS proc ID 100.
OMP: Warning #123: Ignoring invalid OS proc ID 100.
OMP: Warning #123: Ignoring invalid OS proc ID 148.
OMP: Warning #123: Ignoring invalid OS proc ID 92.
OMP: Warning #123: Ignoring invalid OS proc ID 108.
OMP: Warning #123: Ignoring invalid OS proc ID 124.
OMP: Warning #123: Ignoring invalid OS proc ID 140.
OMP: Warning #123: Ignoring invalid OS proc ID 116.
OMP: Warning #123: Ignoring invalid OS proc ID 156.
OMP: Warning #123: Ignoring invalid OS proc ID 164.
OMP: Warning #123: Ignoring invalid OS proc ID 132.
OMP: Warning #123: Ignoring invalid OS proc ID 52.
OMP: Warning #123: Ignoring invalid OS proc ID 36.
OMP: Warning #123: Ignoring invalid OS proc ID 68.
OMP: Warning #123: Ignoring invalid OS proc ID 12.
OMP: Warning #123: Ignoring invalid OS proc ID 52.
OMP: Warning #123: Ignoring invalid OS proc ID 4.
OMP: Warning #123: Ignoring invalid OS proc ID 20.
OMP: Warning #123: Ignoring invalid OS proc ID 44.
OMP: Warning #123: Ignoring invalid OS proc ID 76.
OMP: Warning #123: Ignoring invalid OS proc ID 28.
OMP: Warning #123: Ignoring invalid OS proc ID 108.
OMP: Warning #123: Ignoring invalid OS proc ID 100.
OMP: Warning #123: Ignoring invalid OS proc ID 132.
OMP: Warning #123: Ignoring invalid OS proc ID 116.
OMP: Warning #123: Ignoring invalid OS proc ID 148.
OMP: Warning #123: Ignoring invalid OS proc ID 92.
OMP: Warning #123: Ignoring invalid OS proc ID 156.
OMP: Warning #123: Ignoring invalid OS proc ID 124.
OMP: Warning #123: Ignoring invalid OS proc ID 164.
OMP: Warning #123: Ignoring invalid OS proc ID 140.
OMP: Warning #123: Ignoring invalid OS proc ID 60.
terminate called after throwing an instance of 'std::bad_alloc'
  what():  std::bad_alloc
terminate called after throwing an instance of 'std::bad_alloc'
  what():  std::bad_alloc
terminate called after throwing an instance of 'std::bad_alloc'
  what():  std::bad_alloc
terminate called after throwing an instance of 'std::bad_alloc'
terminate called after throwing an instance of 'std::bad_alloc'
  what():  std::bad_alloc
terminate called after throwing an instance of 'std::bad_alloc'
  what():  std::bad_alloc
terminate called after throwing an instance of 'std::bad_alloc'
terminate called after throwing an instance of 'std::bad_alloc'
  what():  std::bad_alloc
terminate called after throwing an instance of 'std::bad_alloc'
  what():  std::bad_alloc
  what():  std::bad_alloc
terminate called after throwing an instance of 'std::bad_alloc'
  what():  std::bad_alloc
terminate called after throwing an instance of 'std::bad_alloc'
  what():  std::bad_alloc
terminate called after throwing an instance of 'std::bad_alloc'
  what():  std::bad_alloc
terminate called after throwing an instance of 'std::bad_alloc'
  what():  std::bad_alloc
terminate called after throwing an instance of 'std::bad_alloc'
  what():  std::bad_alloc
terminate called after throwing an instance of 'std::bad_alloc'
  what():  std::bad_alloc
terminate called after throwing an instance of 'std::bad_alloc'
  what():  std::bad_alloc
terminate called after throwing an instance of 'std::bad_alloc'
  what():  std::bad_alloc
terminate called after throwing an instance of 'std::bad_alloc'
  what():  std::bad_alloc
terminate called after throwing an instance of 'std::bad_alloc'
  what():  std::bad_alloc
terminate called after throwing an instance of 'std::bad_alloc'
terminate called after throwing an instance of 'std::bad_alloc'
terminate called after throwing an instance of 'std::bad_alloc'
  what():  std::bad_allocterminate called after throwing an instance of 'std::bad_alloc'
  what():  std::bad_alloc
terminate called after throwing an instance of 'std::bad_alloc'
  what():  std::bad_alloc
terminate called after throwing an instance of 'std::bad_alloc'
terminate called after throwing an instance of 'std::bad_alloc'
  what():  std::bad_alloc
terminate called after throwing an instance of 'std::bad_alloc'
  what():  std::bad_allocterminate called after throwing an instance of 'std::bad_alloc'
  what():  std::bad_allocterminate called after throwing an instance of 'std::bad_alloc'
  what():  std::bad_alloc
terminate called after throwing an instance of 'std::bad_alloc'
  what():  std::bad_alloc
terminate called after throwing an instance of 'std::bad_alloc'
  what():  std::bad_alloc
terminate called after throwing an instance of 'std::bad_alloc'
terminate called after throwing an instance of 'std::bad_alloc'
terminate called after throwing an instance of 'std::bad_alloc'
terminate called after throwing an instance of 'std::bad_alloc'
  what():  std::bad_alloc
terminate called after throwing an instance of 'std::bad_alloc'
  what():  std::bad_alloc
terminate called after throwing an instance of 'std::bad_alloc'
terminate called after throwing an instance of 'std::bad_alloc'
  what():  std::bad_alloc
  what():  std::bad_alloc
terminate called after throwing an instance of 'std::bad_alloc'
  what():  std::bad_alloc
terminate called after throwing an instance of 'std::bad_alloc'
  what():  std::bad_alloc
terminate called after throwing an instance of 'std::bad_alloc'
  what():  std::bad_alloc

  what():  std::bad_alloc
terminate called after throwing an instance of 'std::bad_alloc'
terminate called after throwing an instance of 'std::bad_alloc'
  what():  std::bad_alloc
terminate called after throwing an instance of 'std::bad_alloc'
terminate called after throwing an instance of 'std::bad_alloc'
terminate called after throwing an instance of 'std::bad_alloc'
  what():  std::bad_alloc
terminate called after throwing an instance of 'std::bad_alloc'
  what():  std::bad_alloc
terminate called after throwing an instance of 'std::bad_alloc'
  what():  std::bad_alloc
terminate called after throwing an instance of 'std::bad_alloc'
terminate called after throwing an instance of 'std::bad_alloc'
  what():  std::bad_alloc
terminate called after throwing an instance of 'std::bad_alloc'
  what():  std::bad_alloc
  what():  std::bad_alloc
terminate called after throwing an instance of 'std::bad_alloc'
  what():  std::bad_alloc
terminate called after throwing an instance of 'std::bad_alloc'
  what():  std::bad_alloc
terminate called after throwing an instance of 'std::bad_alloc'
  what():  std::bad_alloc
terminate called after throwing an instance of 'std::bad_alloc'
  what():  std::bad_alloc
terminate called after throwing an instance of 'std::bad_alloc'
terminate called after throwing an instance of 'std::bad_alloc'
  what():  std::bad_alloc
terminate called after throwing an instance of 'std::bad_alloc'
  what():  std::bad_alloc
terminate called after throwing an instance of 'std::bad_alloc'
  what():  std::bad_alloc
terminate called after throwing an instance of 'std::bad_alloc'
  what():  std::bad_alloc
terminate called after throwing an instance of 'std::bad_alloc'
  what():  std::bad_alloc
terminate called after throwing an instance of 'std::bad_alloc'
terminate called after throwing an instance of 'std::bad_alloc'
  what():  std::bad_alloc
  what():  std::bad_alloc
terminate called after throwing an instance of 'std::bad_alloc'
  what():  std::bad_alloc
terminate called after throwing an instance of 'std::bad_alloc'
  what():  std::bad_alloc
terminate called after throwing an instance of 'std::bad_alloc'
  what():  std::bad_alloc
terminate called after throwing an instance of 'std::bad_alloc'
  what():  std::bad_alloc
terminate called after throwing an instance of 'std::bad_alloc'
terminate called after throwing an instance of 'std::bad_alloc'
terminate called after throwing an instance of 'std::bad_alloc'
  what():  std::bad_alloc
terminate called after throwing an instance of 'std::bad_alloc'
  what():  std::bad_alloc
terminate called after throwing an instance of 'std::bad_alloc'
terminate called after throwing an instance of 'std::bad_alloc'
terminate called after throwing an instance of 'std::bad_alloc'
terminate called after throwing an instance of 'std::bad_alloc'
  what():  std::bad_alloc
terminate called after throwing an instance of 'std::bad_alloc'
  what():  std::bad_alloc
terminate called after throwing an instance of 'std::bad_alloc'
  what():  std::bad_alloc
terminate called after throwing an instance of 'std::bad_alloc'
  what():  std::bad_alloc
terminate called after throwing an instance of 'std::bad_alloc'
  what():  std::bad_alloc
terminate called after throwing an instance of 'std::bad_alloc'
terminate called after throwing an instance of 'std::bad_alloc'
terminate called after throwing an instance of 'std::bad_alloc'
terminate called after throwing an instance of 'std::bad_alloc'
  what():  std::bad_alloc
terminate called after throwing an instance of 'std::bad_alloc'
  what():  std::bad_alloc
terminate called after throwing an instance of 'std::bad_alloc'
terminate called after throwing an instance of 'std::bad_alloc'
  what():  std::bad_alloc
terminate called after throwing an instance of 'std::bad_alloc'
  what():  std::bad_alloc
terminate called after throwing an instance of 'std::bad_alloc'
  what():  std::bad_alloc
terminate called after throwing an instance of 'std::bad_alloc'
  what():  std::bad_alloc
terminate called after throwing an instance of 'std::bad_alloc'
  what():  std::bad_alloc
terminate called after throwing an instance of 'std::bad_alloc'
terminate called after throwing an instance of 'std::bad_alloc'
  what():  std::bad_alloc
terminate called after throwing an instance of 'std::bad_alloc'
  what():  std::bad_alloc
terminate called after throwing an instance of 'std::bad_alloc'
  what():  std::bad_alloc
terminate called after throwing an instance of 'std::bad_alloc'
terminate called after throwing an instance of 'std::bad_alloc'
  what():  std::bad_alloc
terminate called after throwing an instance of 'std::bad_alloc'
  what():  std::bad_alloc
  what():  std::bad_alloc
terminate called after throwing an instance of 'std::bad_alloc'
  what():  std::bad_alloc
terminate called after throwing an instance of 'std::bad_alloc'
  what():  std::bad_alloc
terminate called after throwing an instance of 'std::bad_alloc'
  what():  std::bad_alloc
terminate called after throwing an instance of 'std::bad_alloc'
  what():  std::bad_alloc
terminate called after throwing an instance of 'std::bad_alloc'
  what():  std::bad_alloc
terminate called after throwing an instance of 'std::bad_alloc'
  what():  std::bad_alloc
terminate called after throwing an instance of 'std::bad_alloc'
  what():  std::bad_alloc
terminate called after throwing an instance of 'std::bad_alloc'
  what():  std::bad_allocterminate called after throwing an instance of 'std::bad_alloc'
  what():  std::bad_alloc
terminate called after throwing an instance of 'std::bad_alloc'
  what():  std::bad_alloc
terminate called after throwing an instance of 'std::bad_alloc'
  what():  std::bad_alloc
terminate called after throwing an instance of 'std::bad_alloc'
  what():  std::bad_alloc
terminate called after throwing an instance of 'std::bad_alloc'
  what():  std::bad_alloc
terminate called after throwing an instance of 'std::bad_alloc'
  what():  std::bad_alloc
terminate called after throwing an instance of 'std::bad_alloc'
  what():  std::bad_alloc
terminate called after throwing an instance of 'std::bad_alloc'
  what():  std::bad_alloc
terminate called after throwing an instance of 'std::bad_alloc'
  what():  std::bad_alloc
terminate called after throwing an instance of 'std::bad_alloc'
  what():  std::bad_alloc
terminate called after throwing an instance of 'std::bad_alloc'
terminate called after throwing an instance of 'std::bad_alloc'
terminate called after throwing an instance of 'std::bad_alloc'
  what():  std::bad_alloc
terminate called after throwing an instance of 'std::bad_alloc'
  what():  std::bad_alloc
terminate called after throwing an instance of 'std::bad_alloc'
  what():  std::bad_alloc
terminate called after throwing an instance of 'std::bad_alloc'
  what():  std::bad_alloc
terminate called after throwing an instance of 'std::bad_alloc'
terminate called after throwing an instance of 'std::bad_alloc'
  what():  std::bad_alloc
terminate called after throwing an instance of 'std::bad_alloc'
  what():  std::bad_alloc
terminate called after throwing an instance of 'std::bad_alloc'
terminate called after throwing an instance of 'std::bad_alloc'
  what():  std::bad_alloc
terminate called after throwing an instance of 'std::bad_alloc'
  what():  std::bad_alloc

terminate called after throwing an instance of 'std::bad_alloc'
  what():  std::bad_alloc
terminate called after throwing an instance of 'std::bad_alloc'
  what():  std::bad_alloc
terminate called after throwing an instance of 'std::bad_alloc'
terminate called after throwing an instance of 'std::bad_alloc'
terminate called after throwing an instance of 'std::bad_alloc'
  what():  std::bad_alloc
terminate called after throwing an instance of 'std::bad_alloc'
  what():  std::bad_alloc
terminate called after throwing an instance of 'std::bad_alloc'
  what():  std::bad_alloc
terminate called after throwing an instance of 'std::bad_alloc'
  what():  std::bad_alloc
  what():  std::bad_alloc
  what():  std::bad_alloc
terminate called after throwing an instance of 'std::bad_alloc'
  what():  std::bad_alloc
terminate called after throwing an instance of 'std::bad_alloc'
  what():  std::bad_alloc
terminate called after throwing an instance of 'std::bad_alloc'
  what():  std::bad_alloc
terminate called after throwing an instance of 'std::bad_alloc'
  what():  std::bad_alloc
terminate called after throwing an instance of 'std::bad_alloc'
terminate called after throwing an instance of 'std::bad_alloc'
  what():  std::bad_alloc
terminate called after throwing an instance of 'std::bad_alloc'
  what():  std::bad_alloc
terminate called after throwing an instance of 'std::bad_alloc'
  what():  std::bad_alloc
terminate called after throwing an instance of 'std::bad_alloc'
terminate called after throwing an instance of 'std::bad_alloc'
terminate called after throwing an instance of 'std::bad_alloc'
  what():  std::bad_alloc
terminate called after throwing an instance of 'std::bad_alloc'
  what():  std::bad_alloc
terminate called after throwing an instance of 'std::bad_alloc'
  what():  std::bad_alloc
terminate called after throwing an instance of 'std::bad_alloc'
  what():  std::bad_alloc
terminate called after throwing an instance of 'std::bad_alloc'
  what():  std::bad_alloc
terminate called after throwing an instance of 'std::bad_alloc'
  what():  std::bad_alloc
  what():  std::bad_alloc
terminate called after throwing an instance of 'std::bad_alloc'
terminate called after throwing an instance of 'std::bad_alloc'
  what():  std::bad_alloc
terminate called after throwing an instance of 'std::bad_alloc'
  what():  std::bad_alloc
  what():  std::bad_alloc
  what():  std::bad_alloc
terminate called after throwing an instance of 'std::bad_alloc'
  what():  std::bad_alloc
  what():  std::bad_alloc
terminate called after throwing an instance of 'std::bad_alloc'
  what():  std::bad_alloc
terminate called after throwing an instance of 'std::bad_alloc'
  what():  std::bad_alloc
terminate called after throwing an instance of 'std::bad_alloc'
  what():  std::bad_alloc
terminate called after throwing an instance of 'std::bad_alloc'
terminate called after throwing an instance of 'std::bad_alloc'
  what():  std::bad_alloc
terminate called after throwing an instance of 'std::bad_alloc'
  what():  std::bad_alloc
terminate called after throwing an instance of 'std::bad_alloc'
  what():  std::bad_alloc
  what():  std::bad_alloc
terminate called after throwing an instance of 'std::bad_alloc'
  what():  std::bad_alloc
terminate called after throwing an instance of 'std::bad_alloc'
  what():  std::bad_allocterminate called after throwing an instance of 'std::bad_alloc'
  what():  std::bad_alloc
terminate called after throwing an instance of 'std::bad_alloc'
terminate called after throwing an instance of 'std::bad_alloc'
  what():  std::bad_alloc
terminate called after throwing an instance of 'std::bad_alloc'
  what():  std::bad_alloc
  what():  std::bad_alloc
terminate called after throwing an instance of 'std::bad_alloc'
  what():  std::bad_alloc
terminate called after throwing an instance of 'std::bad_alloc'
  what():  std::bad_alloc
terminate called after throwing an instance of 'std::bad_alloc'
  what():  std::bad_allocterminate called after throwing an instance of 'std::bad_alloc'
  what():  std::bad_alloc

terminate called after throwing an instance of 'std::bad_alloc'
  what():  std::bad_alloc
  what():  std::bad_alloc
terminate called after throwing an instance of 'std::bad_alloc'
  what():  std::bad_alloc
terminate called after throwing an instance of 'std::bad_alloc'
  what():  std::bad_alloc
terminate called after throwing an instance of 'std::bad_alloc'
  what():  std::bad_alloc
  what():  std::bad_alloc
terminate called after throwing an instance of 'std::bad_alloc'
  what():  std::bad_alloc
terminate called after throwing an instance of 'std::bad_alloc'
  what():  std::bad_alloc
terminate called after throwing an instance of 'std::bad_alloc'
  what():  std::bad_alloc
  what():  std::bad_alloc
terminate called after throwing an instance of 'std::bad_alloc'
terminate called after throwing an instance of 'std::bad_alloc'
  what():  std::bad_alloc
terminate called after throwing an instance of 'std::bad_alloc'
  what():  std::bad_alloc
terminate called after throwing an instance of 'std::bad_alloc'
  what():  std::bad_alloc
terminate called after throwing an instance of 'std::bad_alloc'
  what():  std::bad_alloc
terminate called after throwing an instance of 'std::bad_alloc'
  what():  std::bad_alloc
  what():  std::bad_alloc
  what():  std::bad_alloc
terminate called after throwing an instance of 'std::bad_alloc'
  what():  std::bad_alloc
terminate called after throwing an instance of 'std::bad_alloc'
terminate called after throwing an instance of 'std::bad_alloc'
  what():  std::bad_alloc
terminate called after throwing an instance of 'std::bad_alloc'
  what():  std::bad_alloc
terminate called after throwing an instance of 'std::bad_alloc'
  what():  std::bad_alloc
terminate called after throwing an instance of 'std::bad_alloc'
  what():  std::bad_alloc
terminate called after throwing an instance of 'std::bad_alloc'
  what():  std::bad_alloc
terminate called after throwing an instance of 'std::bad_alloc'
  what():  std::bad_alloc
terminate called after throwing an instance of 'std::bad_alloc'
terminate called after throwing an instance of 'std::bad_alloc'
  what():  std::bad_alloc
terminate called after throwing an instance of 'std::bad_alloc'
  what():  std::bad_alloc
terminate called after throwing an instance of 'std::bad_alloc'
  what():  std::bad_alloc
terminate called after throwing an instance of 'std::bad_alloc'
  what():  std::bad_alloc
terminate called after throwing an instance of 'std::bad_alloc'
  what():  std::bad_alloc
terminate called after throwing an instance of 'std::bad_alloc'
  what():  std::bad_alloc
terminate called after throwing an instance of 'std::bad_alloc'
  what():  std::bad_alloc
terminate called after throwing an instance of 'std::bad_alloc'
  what():  std::bad_alloc
terminate called after throwing an instance of 'std::bad_alloc'
  what():  std::bad_alloc
terminate called after throwing an instance of 'std::bad_alloc'
terminate called after throwing an instance of 'std::bad_alloc'
terminate called after throwing an instance of 'std::bad_alloc'
  what():  std::bad_alloc
terminate called after throwing an instance of 'std::bad_alloc'
  what():  std::bad_alloc
terminate called after throwing an instance of 'std::bad_alloc'
terminate called after throwing an instance of 'std::bad_alloc'
  what():  std::bad_alloc
  what():  std::bad_alloc
terminate called after throwing an instance of 'std::bad_alloc'
  what():  std::bad_alloc
terminate called after throwing an instance of 'std::bad_alloc'
  what():  std::bad_alloc
terminate called after throwing an instance of 'std::bad_alloc'
  what():  std::bad_alloc
  what():  std::bad_alloc
  what():  std::bad_alloc
terminate called after throwing an instance of 'std::bad_alloc'
  what():  std::bad_alloc
terminate called after throwing an instance of 'std::bad_alloc'
  what():  std::bad_alloc
terminate called after throwing an instance of 'std::bad_alloc'
terminate called after throwing an instance of 'std::bad_alloc'
  what():  std::bad_alloc
terminate called after throwing an instance of 'std::bad_alloc'
  what():  std::bad_alloc
terminate called after throwing an instance of 'std::bad_alloc'
  what():  std::bad_alloc
  what():  std::bad_alloc
terminate called after throwing an instance of 'std::bad_alloc'
  what():  std::bad_alloc
terminate called after throwing an instance of 'std::bad_alloc'
  what():  std::bad_alloc
terminate called after throwing an instance of 'std::bad_alloc'
  what():  std::bad_alloc
terminate called after throwing an instance of 'std::bad_alloc'
  what():  std::bad_alloc
terminate called after throwing an instance of 'std::bad_alloc'
  what():  std::bad_alloc
terminate called after throwing an instance of 'std::bad_alloc'
  what():  std::bad_alloc
terminate called after throwing an instance of 'std::bad_alloc'
  what():  std::bad_alloc
terminate called after throwing an instance of 'std::bad_alloc'
  what():  std::bad_alloc
terminate called after throwing an instance of 'std::bad_alloc'
  what():  std::bad_alloc
  what():  std::bad_alloc
  what():  std::bad_alloc
terminate called after throwing an instance of 'std::bad_alloc'
  what():  std::bad_allocterminate called after throwing an instance of 'std::bad_alloc'
  what():  std::bad_alloc
  what():  std::bad_alloc
terminate called after throwing an instance of 'std::bad_alloc'
  what():  std::bad_alloc
  what():  std::bad_alloc
  what():  std::bad_alloc
terminate called after throwing an instance of 'std::bad_alloc'
  what():  std::bad_alloc
terminate called after throwing an instance of 'std::bad_alloc'
  what():  std::bad_alloc
  what():  std::bad_alloc
  what():  std::bad_alloc
terminate called after throwing an instance of 'std::bad_alloc'
  what():  std::bad_alloc
  what():  std::bad_alloc
terminate called after throwing an instance of 'std::bad_alloc'
  what():  std::bad_alloc

  what():  std::bad_alloc
  what():  std::bad_alloc
  what():  std::bad_alloc
  what():  std::bad_alloc
  what():  std::bad_alloc
  what():  std::bad_alloc
terminate called after throwing an instance of 'std::bad_alloc'
  what():  std::bad_alloc
terminate called after throwing an instance of 'std::bad_alloc'
  what():  std::bad_alloc
  what():  std::bad_alloc

terminate called after throwing an instance of 'std::bad_alloc'
  what():  std::bad_alloc
terminate called after throwing an instance of 'std::bad_alloc'
  what():  std::bad_alloc
  what():  std::bad_alloc
  what():  std::bad_alloc

terminate called after throwing an instance of 'std::bad_alloc'
  what():  std::bad_alloc

terminate called after throwing an instance of 'std::bad_alloc'
  what():  std::bad_alloc
  what():  std::bad_alloc
  what():  std::bad_alloc
  what():  std::bad_alloc
  what():  std::bad_alloc
  what():  std::bad_alloc
terminate called after throwing an instance of 'std::bad_alloc'
  what():  std::bad_alloc
terminate called after throwing an instance of 'std::bad_alloc'
  what():  std::bad_alloc
terminate called after throwing an instance of 'std::bad_alloc'
  what():  std::bad_alloc
terminate called after throwing an instance of 'std::bad_alloc'
  what():  std::bad_alloc
terminate called after throwing an instance of 'std::bad_alloc'
  what():  std::bad_alloc
terminate called after throwing an instance of 'std::bad_alloc'
  what():  std::bad_alloc
terminate called after throwing an instance of 'std::bad_alloc'
  what():  std::bad_alloc
terminate called after throwing an instance of 'std::bad_alloc'
  what():  std::bad_alloc
terminate called after throwing an instance of 'std::bad_alloc'
  what():  std::bad_alloc
terminate called after throwing an instance of 'std::bad_alloc'
  what():  std::bad_alloc
terminate called after throwing an instance of 'std::bad_alloc'
  what():  std::bad_alloc
terminate called after throwing an instance of 'std::bad_alloc'
  what():  std::bad_alloc
terminate called after throwing an instance of 'std::bad_alloc'
  what():  std::bad_alloc
terminate called after throwing an instance of 'std::bad_alloc'
  what():  std::bad_alloc
terminate called after throwing an instance of 'std::bad_alloc'
  what():  std::bad_alloc
terminate called after throwing an instance of 'std::bad_alloc'
  what():  std::bad_alloc
[a14n10:52523:0]  ud_channel.c:768  Fatal: UD timeout sending to a14n03:55284 (after 600.01 seconds)
[a14n10:52520:0]  ud_channel.c:768  Fatal: UD timeout sending to a13n14:59954 (after 600.01 seconds)
[a14n11:65102:0]  ud_channel.c:768  Fatal: UD timeout sending to a14n07:53598 (after 600.02 seconds)
[a14n11:65099:0]  ud_channel.c:768  Fatal: UD timeout sending to a14n07:53595 (after 600.03 seconds)
[a14n10:52537:0]  ud_channel.c:768  Fatal: UD timeout sending to a14n05:52172 (after 600.04 seconds)
[a14n11:65109:0]  ud_channel.c:768  Fatal: UD timeout sending to a14n09:52504 (after 600.05 seconds)
[a14n11:65119:0]  ud_channel.c:768  Fatal: UD timeout sending to a13n15:52965 (after 600.07 seconds)
[a14n10:52534:0]  ud_channel.c:768  Fatal: UD timeout sending to a14n06:53070 (after 600.09 seconds)
[a14n09:52502:0]  ud_channel.c:768  Fatal: UD timeout sending to a14n02:52322 (after 600.14 seconds)
[a14n09:52505:0]  ud_channel.c:768  Fatal: UD timeout sending to a14n02:52326 (after 600.14 seconds)
[a14n09:52516:0]  ud_channel.c:768  Fatal: UD timeout sending to a14n01:65869 (after 600.15 seconds)
[a14n06:53069:0]  ud_channel.c:768  Fatal: UD timeout sending to a13n17:66124 (after 600.17 seconds)
[a14n06:53066:0]  ud_channel.c:768  Fatal: UD timeout sending to a13n17:66121 (after 600.17 seconds)
[a14n12:55095:0]  ud_channel.c:768  Fatal: UD timeout sending to a14n07:53592 (after 600.18 seconds)
[a14n12:55076:0]  ud_channel.c:768  Fatal: UD timeout sending to a14n09:52508 (after 600.18 seconds)
[a14n07:53599:0]  ud_channel.c:768  Fatal: UD timeout sending to a14n01:65890 (after 600.19 seconds)
[a14n12:55090:0]  ud_channel.c:768  Fatal: UD timeout sending to a13n16:51743 (after 600.23 seconds)
[a14n07:53603:0]  ud_channel.c:768  Fatal: UD timeout sending to a13n18:54059 (after 600.28 seconds)
==== backtrace ====
 2 0x0000000000074dc4 mxm_handle_error()  /var/tmp/OFED_topdir/BUILD/mxm-3.6.3102/src/mxm/util/debug/debug.c:641
 3 0x0000000000075ec8 __mxm_abort()  /var/tmp/OFED_topdir/BUILD/mxm-3.6.3102/src/mxm/util/debug/log.c:257
 4 0x00000000000813d8 mxm_ud_channel_timer()  /var/tmp/OFED_topdir/BUILD/mxm-3.6.3102/src/mxm/tl/ud/ud_channel.c:766
 5 0x00000000000865bc mxm_ud_ep_timer()  /var/tmp/OFED_topdir/BUILD/mxm-3.6.3102/src/mxm/tl/ud/ud_ep.c:144
 6 0x000000000007d21c mxm_invoke_callback()  /var/tmp/OFED_topdir/BUILD/mxm-3.6.3102/src/./mxm/util/datatype/callback.h:64
 7 0x000000000005680c mxm_timerq_sweep()  /var/tmp/OFED_topdir/BUILD/mxm-3.6.3102/src/./mxm/util/time/timerq.h:71
 8 0x0000000000053cb0 mxm_invoke_callback()  /var/tmp/OFED_topdir/BUILD/mxm-3.6.3102/src/./mxm/util/datatype/callback.h:64
 9 0x000000000005788c mxm_async_check_miss()  /var/tmp/OFED_topdir/BUILD/mxm-3.6.3102/src/mxm/core/async.h:222
10 0x00000000000073a0 mca_pml_yalla_recv()  ??:0
11 0x0000000000009ebc mca_coll_basic_reduce_log_intra()  ??:0
12 0x0000000000024a5c mca_coll_ibm_reduce_stub()  ??:0
13 0x0000000000002f30 mca_coll_basic_allreduce_intra()  ??:0
14 0x0000000000023818 mca_coll_ibm_allreduce_stub()  ??:0
15 0x000000000008b478 MPI_Allreduce()  ??:0
16 0x000000001001b69c _ZN5TetonIN8Geometry8MeshBaseEE13CInitMaterialER8PartListIS1_E()  /autofs/nccs-svm1_home1/dappelh/codes/coral/sm60/Teton/transport/TetonInterface/../../transport/TetonInterface/Teton.cc:1497
17 0x00000000100091c4 _Z10initializeRN8Geometry8MeshBaseER5TetonIS0_ER8PartListIS0_Eiiiii()  /ccs/home/dappelh/codes/coral/sm60/Teton/SuOlsonTest.cc:385
18 0x0000000010006fa4 main()  /ccs/home/dappelh/codes/coral/sm60/Teton/SuOlsonTest.cc:208
19 0x0000000000024980 generic_start_main.isra.0()  libc-start.c:0
20 0x0000000000024b74 __libc_start_main()  ??:0
===================
==== backtrace ====
 2 0x0000000000074dc4 mxm_handle_error()  /var/tmp/OFED_topdir/BUILD/mxm-3.6.3102/src/mxm/util/debug/debug.c:641
 3 0x0000000000075ec8 __mxm_abort()  /var/tmp/OFED_topdir/BUILD/mxm-3.6.3102/src/mxm/util/debug/log.c:257
 4 0x00000000000813d8 mxm_ud_channel_timer()  /var/tmp/OFED_topdir/BUILD/mxm-3.6.3102/src/mxm/tl/ud/ud_channel.c:766
 5 0x00000000000865bc mxm_ud_ep_timer()  /var/tmp/OFED_topdir/BUILD/mxm-3.6.3102/src/mxm/tl/ud/ud_ep.c:144
 6 0x000000000007d21c mxm_invoke_callback()  /var/tmp/OFED_topdir/BUILD/mxm-3.6.3102/src/./mxm/util/datatype/callback.h:64
 7 0x000000000005680c mxm_timerq_sweep()  /var/tmp/OFED_topdir/BUILD/mxm-3.6.3102/src/./mxm/util/time/timerq.h:71
 8 0x0000000000053cb0 mxm_invoke_callback()  /var/tmp/OFED_topdir/BUILD/mxm-3.6.3102/src/./mxm/util/datatype/callback.h:64
 9 0x000000000005788c mxm_async_check_miss()  /var/tmp/OFED_topdir/BUILD/mxm-3.6.3102/src/mxm/core/async.h:222
10 0x000000000000671c mca_pml_yalla_send()  ??:0
11 0x000000000000a290 mca_coll_basic_reduce_log_intra()  ??:0
12 0x0000000000024a5c mca_coll_ibm_reduce_stub()  ??:0
13 0x0000000000002f30 mca_coll_basic_allreduce_intra()  ??:0
14 0x0000000000023818 mca_coll_ibm_allreduce_stub()  ??:0
15 0x000000000008b478 MPI_Allreduce()  ??:0
16 0x000000001001b69c _ZN5TetonIN8Geometry8MeshBaseEE13CInitMaterialER8PartListIS1_E()  /autofs/nccs-svm1_home1/dappelh/codes/coral/sm60/Teton/transport/TetonInterface/../../transport/TetonInterface/Teton.cc:1497
17 0x00000000100091c4 _Z10initializeRN8Geometry8MeshBaseER5TetonIS0_ER8PartListIS0_Eiiiii()  /ccs/home/dappelh/codes/coral/sm60/Teton/SuOlsonTest.cc:385
18 0x0000000010006fa4 main()  /ccs/home/dappelh/codes/coral/sm60/Teton/SuOlsonTest.cc:208
19 0x0000000000024980 generic_start_main.isra.0()  libc-start.c:0
20 0x0000000000024b74 __libc_start_main()  ??:0
===================
==== backtrace ====
 2 0x0000000000074dc4 mxm_handle_error()  /var/tmp/OFED_topdir/BUILD/mxm-3.6.3102/src/mxm/util/debug/debug.c:641
 3 0x0000000000075ec8 __mxm_abort()  /var/tmp/OFED_topdir/BUILD/mxm-3.6.3102/src/mxm/util/debug/log.c:257
 4 0x00000000000813d8 mxm_ud_channel_timer()  /var/tmp/OFED_topdir/BUILD/mxm-3.6.3102/src/mxm/tl/ud/ud_channel.c:766
 5 0x00000000000865bc mxm_ud_ep_timer()  /var/tmp/OFED_topdir/BUILD/mxm-3.6.3102/src/mxm/tl/ud/ud_ep.c:144
 6 0x000000000007d21c mxm_invoke_callback()  /var/tmp/OFED_topdir/BUILD/mxm-3.6.3102/src/./mxm/util/datatype/callback.h:64
 7 0x000000000005680c mxm_timerq_sweep()  /var/tmp/OFED_topdir/BUILD/mxm-3.6.3102/src/./mxm/util/time/timerq.h:71
 8 0x0000000000053cb0 mxm_invoke_callback()  /var/tmp/OFED_topdir/BUILD/mxm-3.6.3102/src/./mxm/util/datatype/callback.h:64
 9 0x00000000000573cc mxm_async_check_miss()  /var/tmp/OFED_topdir/BUILD/mxm-3.6.3102/src/mxm/core/async.h:222
10 0x0000000000003a44 mca_pml_yalla_progress()  ??:0
11 0x000000000002fbe0 opal_progress()  ??:0
12 0x0000000000057734 mxm_wait()  /var/tmp/OFED_topdir/BUILD/mxm-3.6.3102/src/mxm/core/mxm.c:369
13 0x000000000000671c mca_pml_yalla_send()  ??:0
14 0x000000000000a290 mca_coll_basic_reduce_log_intra()  ??:0
15 0x0000000000024a5c mca_coll_ibm_reduce_stub()  ??:0
16 0x0000000000002f30 mca_coll_basic_allreduce_intra()  ??:0
17 0x0000000000023818 mca_coll_ibm_allreduce_stub()  ??:0
18 0x000000000008b478 MPI_Allreduce()  ??:0
19 0x000000001001b69c _ZN5TetonIN8Geometry8MeshBaseEE13CInitMaterialER8PartListIS1_E()  /autofs/nccs-svm1_home1/dappelh/codes/coral/sm60/Teton/transport/TetonInterface/../../transport/TetonInterface/Teton.cc:1497
20 0x00000000100091c4 _Z10initializeRN8Geometry8MeshBaseER5TetonIS0_ER8PartListIS0_Eiiiii()  /ccs/home/dappelh/codes/coral/sm60/Teton/SuOlsonTest.cc:385
21 0x0000000010006fa4 main()  /ccs/home/dappelh/codes/coral/sm60/Teton/SuOlsonTest.cc:208
22 0x0000000000024980 generic_start_main.isra.0()  libc-start.c:0
23 0x0000000000024b74 __libc_start_main()  ??:0
===================
==== backtrace ====
 2 0x0000000000074dc4 mxm_handle_error()  /var/tmp/OFED_topdir/BUILD/mxm-3.6.3102/src/mxm/util/debug/debug.c:641
 3 0x0000000000075ec8 __mxm_abort()  /var/tmp/OFED_topdir/BUILD/mxm-3.6.3102/src/mxm/util/debug/log.c:257
 4 0x00000000000813d8 mxm_ud_channel_timer()  /var/tmp/OFED_topdir/BUILD/mxm-3.6.3102/src/mxm/tl/ud/ud_channel.c:766
 5 0x00000000000865bc mxm_ud_ep_timer()  /var/tmp/OFED_topdir/BUILD/mxm-3.6.3102/src/mxm/tl/ud/ud_ep.c:144
 6 0x000000000007d21c mxm_invoke_callback()  /var/tmp/OFED_topdir/BUILD/mxm-3.6.3102/src/./mxm/util/datatype/callback.h:64
 7 0x000000000005680c mxm_timerq_sweep()  /var/tmp/OFED_topdir/BUILD/mxm-3.6.3102/src/./mxm/util/time/timerq.h:71
 8 0x0000000000053cb0 mxm_invoke_callback()  /var/tmp/OFED_topdir/BUILD/mxm-3.6.3102/src/./mxm/util/datatype/callback.h:64
 9 0x000000000005788c mxm_async_check_miss()  /var/tmp/OFED_topdir/BUILD/mxm-3.6.3102/src/mxm/core/async.h:222
10 0x000000000000671c mca_pml_yalla_send()  ??:0
11 0x000000000000a290 mca_coll_basic_reduce_log_intra()  ??:0
12 0x0000000000024a5c mca_coll_ibm_reduce_stub()  ??:0
13 0x0000000000002f30 mca_coll_basic_allreduce_intra()  ??:0
14 0x0000000000023818 mca_coll_ibm_allreduce_stub()  ??:0
15 0x000000000008b478 MPI_Allreduce()  ??:0
16 0x000000001001b69c _ZN5TetonIN8Geometry8MeshBaseEE13CInitMaterialER8PartListIS1_E()  /autofs/nccs-svm1_home1/dappelh/codes/coral/sm60/Teton/transport/TetonInterface/../../transport/TetonInterface/Teton.cc:1497
17 0x00000000100091c4 _Z10initializeRN8Geometry8MeshBaseER5TetonIS0_ER8PartListIS0_Eiiiii()  /ccs/home/dappelh/codes/coral/sm60/Teton/SuOlsonTest.cc:385
18 0x0000000010006fa4 main()  /ccs/home/dappelh/codes/coral/sm60/Teton/SuOlsonTest.cc:208
19 0x0000000000024980 generic_start_main.isra.0()  libc-start.c:0
20 0x0000000000024b74 __libc_start_main()  ??:0
===================
==== backtrace ====
 2 0x0000000000074dc4 mxm_handle_error()  /var/tmp/OFED_topdir/BUILD/mxm-3.6.3102/src/mxm/util/debug/debug.c:641
 3 0x0000000000075ec8 __mxm_abort()  /var/tmp/OFED_topdir/BUILD/mxm-3.6.3102/src/mxm/util/debug/log.c:257
 4 0x00000000000813d8 mxm_ud_channel_timer()  /var/tmp/OFED_topdir/BUILD/mxm-3.6.3102/src/mxm/tl/ud/ud_channel.c:766
 5 0x00000000000865bc mxm_ud_ep_timer()  /var/tmp/OFED_topdir/BUILD/mxm-3.6.3102/src/mxm/tl/ud/ud_ep.c:144
 6 0x000000000007d21c mxm_invoke_callback()  /var/tmp/OFED_topdir/BUILD/mxm-3.6.3102/src/./mxm/util/datatype/callback.h:64
 7 0x000000000005680c mxm_timerq_sweep()  /var/tmp/OFED_topdir/BUILD/mxm-3.6.3102/src/./mxm/util/time/timerq.h:71
 8 0x0000000000053cb0 mxm_invoke_callback()  /var/tmp/OFED_topdir/BUILD/mxm-3.6.3102/src/./mxm/util/datatype/callback.h:64
 9 0x000000000005788c mxm_async_check_miss()  /var/tmp/OFED_topdir/BUILD/mxm-3.6.3102/src/mxm/core/async.h:222
10 0x00000000000073a0 mca_pml_yalla_recv()  ??:0
11 0x0000000000009ebc mca_coll_basic_reduce_log_intra()  ??:0
12 0x0000000000024a5c mca_coll_ibm_reduce_stub()  ??:0
13 0x0000000000002f30 mca_coll_basic_allreduce_intra()  ??:0
14 0x0000000000023818 mca_coll_ibm_allreduce_stub()  ??:0
15 0x000000000008b478 MPI_Allreduce()  ??:0
16 0x000000001001b69c _ZN5TetonIN8Geometry8MeshBaseEE13CInitMaterialER8PartListIS1_E()  /autofs/nccs-svm1_home1/dappelh/codes/coral/sm60/Teton/transport/TetonInterface/../../transport/TetonInterface/Teton.cc:1497
17 0x00000000100091c4 _Z10initializeRN8Geometry8MeshBaseER5TetonIS0_ER8PartListIS0_Eiiiii()  /ccs/home/dappelh/codes/coral/sm60/Teton/SuOlsonTest.cc:385
18 0x0000000010006fa4 main()  /ccs/home/dappelh/codes/coral/sm60/Teton/SuOlsonTest.cc:208
19 0x0000000000024980 generic_start_main.isra.0()  libc-start.c:0
20 0x0000000000024b74 __libc_start_main()  ??:0
===================
==== backtrace ====
 2 0x0000000000074dc4 mxm_handle_error()  /var/tmp/OFED_topdir/BUILD/mxm-3.6.3102/src/mxm/util/debug/debug.c:641
 3 0x0000000000075ec8 __mxm_abort()  /var/tmp/OFED_topdir/BUILD/mxm-3.6.3102/src/mxm/util/debug/log.c:257
 4 0x00000000000813d8 mxm_ud_channel_timer()  /var/tmp/OFED_topdir/BUILD/mxm-3.6.3102/src/mxm/tl/ud/ud_channel.c:766
 5 0x00000000000865bc mxm_ud_ep_timer()  /var/tmp/OFED_topdir/BUILD/mxm-3.6.3102/src/mxm/tl/ud/ud_ep.c:144
 6 0x000000000007d21c mxm_invoke_callback()  /var/tmp/OFED_topdir/BUILD/mxm-3.6.3102/src/./mxm/util/datatype/callback.h:64
 7 0x000000000005680c mxm_timerq_sweep()  /var/tmp/OFED_topdir/BUILD/mxm-3.6.3102/src/./mxm/util/time/timerq.h:71
 8 0x0000000000053cb0 mxm_invoke_callback()  /var/tmp/OFED_topdir/BUILD/mxm-3.6.3102/src/./mxm/util/datatype/callback.h:64
 9 0x000000000005788c mxm_async_check_miss()  /var/tmp/OFED_topdir/BUILD/mxm-3.6.3102/src/mxm/core/async.h:222
10 0x000000000000671c mca_pml_yalla_send()  ??:0
11 0x000000000000a290 mca_coll_basic_reduce_log_intra()  ??:0
12 0x0000000000024a5c mca_coll_ibm_reduce_stub()  ??:0
13 0x0000000000002f30 mca_coll_basic_allreduce_intra()  ??:0
14 0x0000000000023818 mca_coll_ibm_allreduce_stub()  ??:0
15 0x000000000008b478 MPI_Allreduce()  ??:0
16 0x000000001001b69c _ZN5TetonIN8Geometry8MeshBaseEE13CInitMaterialER8PartListIS1_E()  /autofs/nccs-svm1_home1/dappelh/codes/coral/sm60/Teton/transport/TetonInterface/../../transport/TetonInterface/Teton.cc:1497
17 0x00000000100091c4 _Z10initializeRN8Geometry8MeshBaseER5TetonIS0_ER8PartListIS0_Eiiiii()  /ccs/home/dappelh/codes/coral/sm60/Teton/SuOlsonTest.cc:385
18 0x0000000010006fa4 main()  /ccs/home/dappelh/codes/coral/sm60/Teton/SuOlsonTest.cc:208
19 0x0000000000024980 generic_start_main.isra.0()  libc-start.c:0
20 0x0000000000024b74 __libc_start_main()  ??:0
===================
==== backtrace ====
 2 0x0000000000074dc4 mxm_handle_error()  /var/tmp/OFED_topdir/BUILD/mxm-3.6.3102/src/mxm/util/debug/debug.c:641
 3 0x0000000000075ec8 __mxm_abort()  /var/tmp/OFED_topdir/BUILD/mxm-3.6.3102/src/mxm/util/debug/log.c:257
 4 0x00000000000813d8 mxm_ud_channel_timer()  /var/tmp/OFED_topdir/BUILD/mxm-3.6.3102/src/mxm/tl/ud/ud_channel.c:766
 5 0x00000000000865bc mxm_ud_ep_timer()  /var/tmp/OFED_topdir/BUILD/mxm-3.6.3102/src/mxm/tl/ud/ud_ep.c:144
 6 0x000000000007d21c mxm_invoke_callback()  /var/tmp/OFED_topdir/BUILD/mxm-3.6.3102/src/./mxm/util/datatype/callback.h:64
 7 0x000000000005680c mxm_timerq_sweep()  /var/tmp/OFED_topdir/BUILD/mxm-3.6.3102/src/./mxm/util/time/timerq.h:71
 8 0x0000000000053cb0 mxm_invoke_callback()  /var/tmp/OFED_topdir/BUILD/mxm-3.6.3102/src/./mxm/util/datatype/callback.h:64
 9 0x000000000005788c mxm_async_check_miss()  /var/tmp/OFED_topdir/BUILD/mxm-3.6.3102/src/mxm/core/async.h:222
10 0x00000000000073a0 mca_pml_yalla_recv()  ??:0
11 0x0000000000009ebc mca_coll_basic_reduce_log_intra()  ??:0
12 0x0000000000024a5c mca_coll_ibm_reduce_stub()  ??:0
13 0x0000000000002f30 mca_coll_basic_allreduce_intra()  ??:0
14 0x0000000000023818 mca_coll_ibm_allreduce_stub()  ??:0
15 0x000000000008b478 MPI_Allreduce()  ??:0
16 0x000000001001b69c _ZN5TetonIN8Geometry8MeshBaseEE13CInitMaterialER8PartListIS1_E()  /autofs/nccs-svm1_home1/dappelh/codes/coral/sm60/Teton/transport/TetonInterface/../../transport/TetonInterface/Teton.cc:1497
17 0x00000000100091c4 _Z10initializeRN8Geometry8MeshBaseER5TetonIS0_ER8PartListIS0_Eiiiii()  /ccs/home/dappelh/codes/coral/sm60/Teton/SuOlsonTest.cc:385
18 0x0000000010006fa4 main()  /ccs/home/dappelh/codes/coral/sm60/Teton/SuOlsonTest.cc:208
19 0x0000000000024980 generic_start_main.isra.0()  libc-start.c:0
20 0x0000000000024b74 __libc_start_main()  ??:0
===================
==== backtrace ====
 2 0x0000000000074dc4 mxm_handle_error()  /var/tmp/OFED_topdir/BUILD/mxm-3.6.3102/src/mxm/util/debug/debug.c:641
 3 0x0000000000075ec8 __mxm_abort()  /var/tmp/OFED_topdir/BUILD/mxm-3.6.3102/src/mxm/util/debug/log.c:257
 4 0x00000000000813d8 mxm_ud_channel_timer()  /var/tmp/OFED_topdir/BUILD/mxm-3.6.3102/src/mxm/tl/ud/ud_channel.c:766
 5 0x00000000000865bc mxm_ud_ep_timer()  /var/tmp/OFED_topdir/BUILD/mxm-3.6.3102/src/mxm/tl/ud/ud_ep.c:144
 6 0x000000000007d21c mxm_invoke_callback()  /var/tmp/OFED_topdir/BUILD/mxm-3.6.3102/src/./mxm/util/datatype/callback.h:64
 7 0x000000000005680c mxm_timerq_sweep()  /var/tmp/OFED_topdir/BUILD/mxm-3.6.3102/src/./mxm/util/time/timerq.h:71
 8 0x0000000000053cb0 mxm_invoke_callback()  /var/tmp/OFED_topdir/BUILD/mxm-3.6.3102/src/./mxm/util/datatype/callback.h:64
 9 0x000000000005788c mxm_async_check_miss()  /var/tmp/OFED_topdir/BUILD/mxm-3.6.3102/src/mxm/core/async.h:222
10 0x00000000000073a0 mca_pml_yalla_recv()  ??:0
11 0x0000000000009ebc mca_coll_basic_reduce_log_intra()  ??:0
12 0x0000000000024a5c mca_coll_ibm_reduce_stub()  ??:0
13 0x0000000000002f30 mca_coll_basic_allreduce_intra()  ??:0
14 0x0000000000023818 mca_coll_ibm_allreduce_stub()  ??:0
15 0x000000000008b478 MPI_Allreduce()  ??:0
==== backtrace ====
 2 0x0000000000074dc4 mxm_handle_error()  /var/tmp/OFED_topdir/BUILD/mxm-3.6.3102/src/mxm/util/debug/debug.c:641
 3 0x0000000000075ec8 __mxm_abort()  /var/tmp/OFED_topdir/BUILD/mxm-3.6.3102/src/mxm/util/debug/log.c:257
 4 0x00000000000813d8 mxm_ud_channel_timer()  /var/tmp/OFED_topdir/BUILD/mxm-3.6.3102/src/mxm/tl/ud/ud_channel.c:766
 5 0x00000000000865bc mxm_ud_ep_timer()  /var/tmp/OFED_topdir/BUILD/mxm-3.6.3102/src/mxm/tl/ud/ud_ep.c:144
 6 0x000000000007d21c mxm_invoke_callback()  /var/tmp/OFED_topdir/BUILD/mxm-3.6.3102/src/./mxm/util/datatype/callback.h:64
 7 0x000000000005680c mxm_timerq_sweep()  /var/tmp/OFED_topdir/BUILD/mxm-3.6.3102/src/./mxm/util/time/timerq.h:71
 8 0x0000000000053cb0 mxm_invoke_callback()  /var/tmp/OFED_topdir/BUILD/mxm-3.6.3102/src/./mxm/util/datatype/callback.h:64
 9 0x000000000005788c mxm_async_check_miss()  /var/tmp/OFED_topdir/BUILD/mxm-3.6.3102/src/mxm/core/async.h:222
10 0x00000000000073a0 mca_pml_yalla_recv()  ??:0
11 0x0000000000009ebc mca_coll_basic_reduce_log_intra()  ??:0
12 0x0000000000024a5c mca_coll_ibm_reduce_stub()  ??:0
13 0x0000000000002f30 mca_coll_basic_allreduce_intra()  ??:0
14 0x0000000000023818 mca_coll_ibm_allreduce_stub()  ??:0
15 0x000000000008b478 MPI_Allreduce()  ??:0
16 0x000000001001b69c _ZN5TetonIN8Geometry8MeshBaseEE13CInitMaterialER8PartListIS1_E()  /autofs/nccs-svm1_home1/dappelh/codes/coral/sm60/Teton/transport/TetonInterface/../../transport/TetonInterface/Teton.cc:1497
17 0x00000000100091c4 _Z10initializeRN8Geometry8MeshBaseER5TetonIS0_ER8PartListIS0_Eiiiii()  /ccs/home/dappelh/codes/coral/sm60/Teton/SuOlsonTest.cc:385
18 0x0000000010006fa4 main()  /ccs/home/dappelh/codes/coral/sm60/Teton/SuOlsonTest.cc:208
19 0x0000000000024980 generic_start_main.isra.0()  libc-start.c:0
20 0x0000000000024b74 __libc_start_main()  ??:0
===================
16 0x000000001001b69c _ZN5TetonIN8Geometry8MeshBaseEE13CInitMaterialER8PartListIS1_E()  /autofs/nccs-svm1_home1/dappelh/codes/coral/sm60/Teton/transport/TetonInterface/../../transport/TetonInterface/Teton.cc:1497
17 0x00000000100091c4 _Z10initializeRN8Geometry8MeshBaseER5TetonIS0_ER8PartListIS0_Eiiiii()  /ccs/home/dappelh/codes/coral/sm60/Teton/SuOlsonTest.cc:385
18 0x0000000010006fa4 main()  /ccs/home/dappelh/codes/coral/sm60/Teton/SuOlsonTest.cc:208
19 0x0000000000024980 generic_start_main.isra.0()  libc-start.c:0
20 0x0000000000024b74 __libc_start_main()  ??:0
===================
==== backtrace ====
 2 0x0000000000074dc4 mxm_handle_error()  /var/tmp/OFED_topdir/BUILD/mxm-3.6.3102/src/mxm/util/debug/debug.c:641
 3 0x0000000000075ec8 __mxm_abort()  /var/tmp/OFED_topdir/BUILD/mxm-3.6.3102/src/mxm/util/debug/log.c:257
 4 0x00000000000813d8 mxm_ud_channel_timer()  /var/tmp/OFED_topdir/BUILD/mxm-3.6.3102/src/mxm/tl/ud/ud_channel.c:766
 5 0x00000000000865bc mxm_ud_ep_timer()  /var/tmp/OFED_topdir/BUILD/mxm-3.6.3102/src/mxm/tl/ud/ud_ep.c:144
 6 0x000000000007d21c mxm_invoke_callback()  /var/tmp/OFED_topdir/BUILD/mxm-3.6.3102/src/./mxm/util/datatype/callback.h:64
 7 0x000000000005680c mxm_timerq_sweep()  /var/tmp/OFED_topdir/BUILD/mxm-3.6.3102/src/./mxm/util/time/timerq.h:71
 8 0x0000000000053cb0 mxm_invoke_callback()  /var/tmp/OFED_topdir/BUILD/mxm-3.6.3102/src/./mxm/util/datatype/callback.h:64
 9 0x000000000005788c mxm_async_check_miss()  /var/tmp/OFED_topdir/BUILD/mxm-3.6.3102/src/mxm/core/async.h:222
10 0x000000000000671c mca_pml_yalla_send()  ??:0
11 0x000000000000a290 mca_coll_basic_reduce_log_intra()  ??:0
12 0x0000000000024a5c mca_coll_ibm_reduce_stub()  ??:0
13 0x0000000000002f30 mca_coll_basic_allreduce_intra()  ??:0
14 0x0000000000023818 mca_coll_ibm_allreduce_stub()  ??:0
15 0x000000000008b478 MPI_Allreduce()  ??:0
16 0x000000001001b69c _ZN5TetonIN8Geometry8MeshBaseEE13CInitMaterialER8PartListIS1_E()  /autofs/nccs-svm1_home1/dappelh/codes/coral/sm60/Teton/transport/TetonInterface/../../transport/TetonInterface/Teton.cc:1497
17 0x00000000100091c4 _Z10initializeRN8Geometry8MeshBaseER5TetonIS0_ER8PartListIS0_Eiiiii()  /ccs/home/dappelh/codes/coral/sm60/Teton/SuOlsonTest.cc:385
18 0x0000000010006fa4 main()  /ccs/home/dappelh/codes/coral/sm60/Teton/SuOlsonTest.cc:208
19 0x0000000000024980 generic_start_main.isra.0()  libc-start.c:0
20 0x0000000000024b74 __libc_start_main()  ??:0
===================
==== backtrace ====
 2 0x0000000000074dc4 mxm_handle_error()  /var/tmp/OFED_topdir/BUILD/mxm-3.6.3102/src/mxm/util/debug/debug.c:641
 3 0x0000000000075ec8 __mxm_abort()  /var/tmp/OFED_topdir/BUILD/mxm-3.6.3102/src/mxm/util/debug/log.c:257
 4 0x00000000000813d8 mxm_ud_channel_timer()  /var/tmp/OFED_topdir/BUILD/mxm-3.6.3102/src/mxm/tl/ud/ud_channel.c:766
 5 0x00000000000865bc mxm_ud_ep_timer()  /var/tmp/OFED_topdir/BUILD/mxm-3.6.3102/src/mxm/tl/ud/ud_ep.c:144
 6 0x000000000007d21c mxm_invoke_callback()  /var/tmp/OFED_topdir/BUILD/mxm-3.6.3102/src/./mxm/util/datatype/callback.h:64
 7 0x000000000005680c mxm_timerq_sweep()  /var/tmp/OFED_topdir/BUILD/mxm-3.6.3102/src/./mxm/util/time/timerq.h:71
 8 0x0000000000053cb0 mxm_invoke_callback()  /var/tmp/OFED_topdir/BUILD/mxm-3.6.3102/src/./mxm/util/datatype/callback.h:64
 9 0x000000000005788c mxm_async_check_miss()  /var/tmp/OFED_topdir/BUILD/mxm-3.6.3102/src/mxm/core/async.h:222
10 0x000000000000671c mca_pml_yalla_send()  ??:0
11 0x000000000000a290 mca_coll_basic_reduce_log_intra()  ??:0
12 0x0000000000024a5c mca_coll_ibm_reduce_stub()  ??:0
13 0x0000000000002f30 mca_coll_basic_allreduce_intra()  ??:0
14 0x0000000000023818 mca_coll_ibm_allreduce_stub()  ??:0
15 0x000000000008b478 MPI_Allreduce()  ??:0
16 0x000000001001b69c _ZN5TetonIN8Geometry8MeshBaseEE13CInitMaterialER8PartListIS1_E()  /autofs/nccs-svm1_home1/dappelh/codes/coral/sm60/Teton/transport/TetonInterface/../../transport/TetonInterface/Teton.cc:1497
17 0x00000000100091c4 _Z10initializeRN8Geometry8MeshBaseER5TetonIS0_ER8PartListIS0_Eiiiii()  /ccs/home/dappelh/codes/coral/sm60/Teton/SuOlsonTest.cc:385
18 0x0000000010006fa4 main()  /ccs/home/dappelh/codes/coral/sm60/Teton/SuOlsonTest.cc:208
19 0x0000000000024980 generic_start_main.isra.0()  libc-start.c:0
20 0x0000000000024b74 __libc_start_main()  ??:0
===================
==== backtrace ====
 2 0x0000000000074dc4 mxm_handle_error()  /var/tmp/OFED_topdir/BUILD/mxm-3.6.3102/src/mxm/util/debug/debug.c:641
 3 0x0000000000075ec8 __mxm_abort()  /var/tmp/OFED_topdir/BUILD/mxm-3.6.3102/src/mxm/util/debug/log.c:257
 4 0x00000000000813d8 mxm_ud_channel_timer()  /var/tmp/OFED_topdir/BUILD/mxm-3.6.3102/src/mxm/tl/ud/ud_channel.c:766
 5 0x00000000000865bc mxm_ud_ep_timer()  /var/tmp/OFED_topdir/BUILD/mxm-3.6.3102/src/mxm/tl/ud/ud_ep.c:144
 6 0x000000000007d21c mxm_invoke_callback()  /var/tmp/OFED_topdir/BUILD/mxm-3.6.3102/src/./mxm/util/datatype/callback.h:64
 7 0x000000000005680c mxm_timerq_sweep()  /var/tmp/OFED_topdir/BUILD/mxm-3.6.3102/src/./mxm/util/time/timerq.h:71
 8 0x0000000000053cb0 mxm_invoke_callback()  /var/tmp/OFED_topdir/BUILD/mxm-3.6.3102/src/./mxm/util/datatype/callback.h:64
 9 0x000000000005788c mxm_async_check_miss()  /var/tmp/OFED_topdir/BUILD/mxm-3.6.3102/src/mxm/core/async.h:222
10 0x00000000000073a0 mca_pml_yalla_recv()  ??:0
11 0x0000000000009ebc mca_coll_basic_reduce_log_intra()  ??:0
12 0x0000000000024a5c mca_coll_ibm_reduce_stub()  ??:0
13 0x0000000000002f30 mca_coll_basic_allreduce_intra()  ??:0
14 0x0000000000023818 mca_coll_ibm_allreduce_stub()  ??:0
15 0x000000000008b478 MPI_Allreduce()  ??:0
16 0x000000001001b69c _ZN5TetonIN8Geometry8MeshBaseEE13CInitMaterialER8PartListIS1_E()  /autofs/nccs-svm1_home1/dappelh/codes/coral/sm60/Teton/transport/TetonInterface/../../transport/TetonInterface/Teton.cc:1497
17 0x00000000100091c4 _Z10initializeRN8Geometry8MeshBaseER5TetonIS0_ER8PartListIS0_Eiiiii()  /ccs/home/dappelh/codes/coral/sm60/Teton/SuOlsonTest.cc:385
18 0x0000000010006fa4 main()  /ccs/home/dappelh/codes/coral/sm60/Teton/SuOlsonTest.cc:208
19 0x0000000000024980 generic_start_main.isra.0()  libc-start.c:0
20 0x0000000000024b74 __libc_start_main()  ??:0
===================
==== backtrace ====
 2 0x0000000000074dc4 mxm_handle_error()  /var/tmp/OFED_topdir/BUILD/mxm-3.6.3102/src/mxm/util/debug/debug.c:641
 3 0x0000000000075ec8 __mxm_abort()  /var/tmp/OFED_topdir/BUILD/mxm-3.6.3102/src/mxm/util/debug/log.c:257
 4 0x00000000000813d8 mxm_ud_channel_timer()  /var/tmp/OFED_topdir/BUILD/mxm-3.6.3102/src/mxm/tl/ud/ud_channel.c:766
 5 0x00000000000865bc mxm_ud_ep_timer()  /var/tmp/OFED_topdir/BUILD/mxm-3.6.3102/src/mxm/tl/ud/ud_ep.c:144
 6 0x000000000007d21c mxm_invoke_callback()  /var/tmp/OFED_topdir/BUILD/mxm-3.6.3102/src/./mxm/util/datatype/callback.h:64
 7 0x000000000005680c mxm_timerq_sweep()  /var/tmp/OFED_topdir/BUILD/mxm-3.6.3102/src/./mxm/util/time/timerq.h:71
 8 0x0000000000053cb0 mxm_invoke_callback()  /var/tmp/OFED_topdir/BUILD/mxm-3.6.3102/src/./mxm/util/datatype/callback.h:64
 9 0x000000000005788c mxm_async_check_miss()  /var/tmp/OFED_topdir/BUILD/mxm-3.6.3102/src/mxm/core/async.h:222
10 0x000000000000671c mca_pml_yalla_send()  ??:0
11 0x000000000000a290 mca_coll_basic_reduce_log_intra()  ??:0
12 0x0000000000024a5c mca_coll_ibm_reduce_stub()  ??:0
13 0x0000000000002f30 mca_coll_basic_allreduce_intra()  ??:0
14 0x0000000000023818 mca_coll_ibm_allreduce_stub()  ??:0
15 0x000000000008b478 MPI_Allreduce()  ??:0
16 0x000000001001b69c _ZN5TetonIN8Geometry8MeshBaseEE13CInitMaterialER8PartListIS1_E()  /autofs/nccs-svm1_home1/dappelh/codes/coral/sm60/Teton/transport/TetonInterface/../../transport/TetonInterface/Teton.cc:1497
17 0x00000000100091c4 _Z10initializeRN8Geometry8MeshBaseER5TetonIS0_ER8PartListIS0_Eiiiii()  /ccs/home/dappelh/codes/coral/sm60/Teton/SuOlsonTest.cc:385
18 0x0000000010006fa4 main()  /ccs/home/dappelh/codes/coral/sm60/Teton/SuOlsonTest.cc:208
19 0x0000000000024980 generic_start_main.isra.0()  libc-start.c:0
20 0x0000000000024b74 __libc_start_main()  ??:0
===================
==== backtrace ====
 2 0x0000000000074dc4 mxm_handle_error()  /var/tmp/OFED_topdir/BUILD/mxm-3.6.3102/src/mxm/util/debug/debug.c:641
 3 0x0000000000075ec8 __mxm_abort()  /var/tmp/OFED_topdir/BUILD/mxm-3.6.3102/src/mxm/util/debug/log.c:257
 4 0x00000000000813d8 mxm_ud_channel_timer()  /var/tmp/OFED_topdir/BUILD/mxm-3.6.3102/src/mxm/tl/ud/ud_channel.c:766
 5 0x00000000000865bc mxm_ud_ep_timer()  /var/tmp/OFED_topdir/BUILD/mxm-3.6.3102/src/mxm/tl/ud/ud_ep.c:144
 6 0x000000000007d21c mxm_invoke_callback()  /var/tmp/OFED_topdir/BUILD/mxm-3.6.3102/src/./mxm/util/datatype/callback.h:64
 7 0x000000000005680c mxm_timerq_sweep()  /var/tmp/OFED_topdir/BUILD/mxm-3.6.3102/src/./mxm/util/time/timerq.h:71
 8 0x0000000000053cb0 mxm_invoke_callback()  /var/tmp/OFED_topdir/BUILD/mxm-3.6.3102/src/./mxm/util/datatype/callback.h:64
 9 0x000000000005788c mxm_async_check_miss()  /var/tmp/OFED_topdir/BUILD/mxm-3.6.3102/src/mxm/core/async.h:222
10 0x000000000000671c mca_pml_yalla_send()  ??:0
11 0x000000000000a290 mca_coll_basic_reduce_log_intra()  ??:0
12 0x0000000000024a5c mca_coll_ibm_reduce_stub()  ??:0
13 0x0000000000002f30 mca_coll_basic_allreduce_intra()  ??:0
14 0x0000000000023818 mca_coll_ibm_allreduce_stub()  ??:0
15 0x000000000008b478 MPI_Allreduce()  ??:0
16 0x000000001001b69c _ZN5TetonIN8Geometry8MeshBaseEE13CInitMaterialER8PartListIS1_E()  /autofs/nccs-svm1_home1/dappelh/codes/coral/sm60/Teton/transport/TetonInterface/../../transport/TetonInterface/Teton.cc:1497
17 0x00000000100091c4 _Z10initializeRN8Geometry8MeshBaseER5TetonIS0_ER8PartListIS0_Eiiiii()  /ccs/home/dappelh/codes/coral/sm60/Teton/SuOlsonTest.cc:385
18 0x0000000010006fa4 main()  /ccs/home/dappelh/codes/coral/sm60/Teton/SuOlsonTest.cc:208
19 0x0000000000024980 generic_start_main.isra.0()  libc-start.c:0
20 0x0000000000024b74 __libc_start_main()  ??:0
===================
==== backtrace ====
 2 0x0000000000074dc4 mxm_handle_error()  /var/tmp/OFED_topdir/BUILD/mxm-3.6.3102/src/mxm/util/debug/debug.c:641
 3 0x0000000000075ec8 __mxm_abort()  /var/tmp/OFED_topdir/BUILD/mxm-3.6.3102/src/mxm/util/debug/log.c:257
 4 0x00000000000813d8 mxm_ud_channel_timer()  /var/tmp/OFED_topdir/BUILD/mxm-3.6.3102/src/mxm/tl/ud/ud_channel.c:766
 5 0x00000000000865bc mxm_ud_ep_timer()  /var/tmp/OFED_topdir/BUILD/mxm-3.6.3102/src/mxm/tl/ud/ud_ep.c:144
 6 0x000000000007d21c mxm_invoke_callback()  /var/tmp/OFED_topdir/BUILD/mxm-3.6.3102/src/./mxm/util/datatype/callback.h:64
 7 0x000000000005680c mxm_timerq_sweep()  /var/tmp/OFED_topdir/BUILD/mxm-3.6.3102/src/./mxm/util/time/timerq.h:71
 8 0x0000000000053cb0 mxm_invoke_callback()  /var/tmp/OFED_topdir/BUILD/mxm-3.6.3102/src/./mxm/util/datatype/callback.h:64
 9 0x000000000005788c mxm_async_check_miss()  /var/tmp/OFED_topdir/BUILD/mxm-3.6.3102/src/mxm/core/async.h:222
10 0x00000000000073a0 mca_pml_yalla_recv()  ??:0
11 0x0000000000009ebc mca_coll_basic_reduce_log_intra()  ??:0
12 0x0000000000024a5c mca_coll_ibm_reduce_stub()  ??:0
13 0x0000000000002f30 mca_coll_basic_allreduce_intra()  ??:0
14 0x0000000000023818 mca_coll_ibm_allreduce_stub()  ??:0
15 0x000000000008b478 MPI_Allreduce()  ??:0
16 0x000000001001b69c _ZN5TetonIN8Geometry8MeshBaseEE13CInitMaterialER8PartListIS1_E()  /autofs/nccs-svm1_home1/dappelh/codes/coral/sm60/Teton/transport/TetonInterface/../../transport/TetonInterface/Teton.cc:1497
17 0x00000000100091c4 _Z10initializeRN8Geometry8MeshBaseER5TetonIS0_ER8PartListIS0_Eiiiii()  /ccs/home/dappelh/codes/coral/sm60/Teton/SuOlsonTest.cc:385
18 0x0000000010006fa4 main()  /ccs/home/dappelh/codes/coral/sm60/Teton/SuOlsonTest.cc:208
19 0x0000000000024980 generic_start_main.isra.0()  libc-start.c:0
20 0x0000000000024b74 __libc_start_main()  ??:0
===================
==== backtrace ====
 2 0x0000000000074dc4 mxm_handle_error()  /var/tmp/OFED_topdir/BUILD/mxm-3.6.3102/src/mxm/util/debug/debug.c:641
 3 0x0000000000075ec8 __mxm_abort()  /var/tmp/OFED_topdir/BUILD/mxm-3.6.3102/src/mxm/util/debug/log.c:257
 4 0x00000000000813d8 mxm_ud_channel_timer()  /var/tmp/OFED_topdir/BUILD/mxm-3.6.3102/src/mxm/tl/ud/ud_channel.c:766
 5 0x00000000000865bc mxm_ud_ep_timer()  /var/tmp/OFED_topdir/BUILD/mxm-3.6.3102/src/mxm/tl/ud/ud_ep.c:144
 6 0x000000000007d21c mxm_invoke_callback()  /var/tmp/OFED_topdir/BUILD/mxm-3.6.3102/src/./mxm/util/datatype/callback.h:64
 7 0x000000000005680c mxm_timerq_sweep()  /var/tmp/OFED_topdir/BUILD/mxm-3.6.3102/src/./mxm/util/time/timerq.h:71
 8 0x0000000000053cb0 mxm_invoke_callback()  /var/tmp/OFED_topdir/BUILD/mxm-3.6.3102/src/./mxm/util/datatype/callback.h:64
 9 0x000000000005788c mxm_async_check_miss()  /var/tmp/OFED_topdir/BUILD/mxm-3.6.3102/src/mxm/core/async.h:222
10 0x000000000000671c mca_pml_yalla_send()  ??:0
11 0x000000000000a290 mca_coll_basic_reduce_log_intra()  ??:0
12 0x0000000000024a5c mca_coll_ibm_reduce_stub()  ??:0
13 0x0000000000002f30 mca_coll_basic_allreduce_intra()  ??:0
14 0x0000000000023818 mca_coll_ibm_allreduce_stub()  ??:0
15 0x000000000008b478 MPI_Allreduce()  ??:0
16 0x000000001001b69c _ZN5TetonIN8Geometry8MeshBaseEE13CInitMaterialER8PartListIS1_E()  /autofs/nccs-svm1_home1/dappelh/codes/coral/sm60/Teton/transport/TetonInterface/../../transport/TetonInterface/Teton.cc:1497
17 0x00000000100091c4 _Z10initializeRN8Geometry8MeshBaseER5TetonIS0_ER8PartListIS0_Eiiiii()  /ccs/home/dappelh/codes/coral/sm60/Teton/SuOlsonTest.cc:385
18 0x0000000010006fa4 main()  /ccs/home/dappelh/codes/coral/sm60/Teton/SuOlsonTest.cc:208
19 0x0000000000024980 generic_start_main.isra.0()  libc-start.c:0
20 0x0000000000024b74 __libc_start_main()  ??:0
===================
==== backtrace ====
 2 0x0000000000074dc4 mxm_handle_error()  /var/tmp/OFED_topdir/BUILD/mxm-3.6.3102/src/mxm/util/debug/debug.c:641
 3 0x0000000000075ec8 __mxm_abort()  /var/tmp/OFED_topdir/BUILD/mxm-3.6.3102/src/mxm/util/debug/log.c:257
 4 0x00000000000813d8 mxm_ud_channel_timer()  /var/tmp/OFED_topdir/BUILD/mxm-3.6.3102/src/mxm/tl/ud/ud_channel.c:766
 5 0x00000000000865bc mxm_ud_ep_timer()  /var/tmp/OFED_topdir/BUILD/mxm-3.6.3102/src/mxm/tl/ud/ud_ep.c:144
 6 0x000000000007d21c mxm_invoke_callback()  /var/tmp/OFED_topdir/BUILD/mxm-3.6.3102/src/./mxm/util/datatype/callback.h:64
 7 0x000000000005680c mxm_timerq_sweep()  /var/tmp/OFED_topdir/BUILD/mxm-3.6.3102/src/./mxm/util/time/timerq.h:71
 8 0x0000000000053cb0 mxm_invoke_callback()  /var/tmp/OFED_topdir/BUILD/mxm-3.6.3102/src/./mxm/util/datatype/callback.h:64
 9 0x000000000005788c mxm_async_check_miss()  /var/tmp/OFED_topdir/BUILD/mxm-3.6.3102/src/mxm/core/async.h:222
10 0x00000000000073a0 mca_pml_yalla_recv()  ??:0
11 0x0000000000009ebc mca_coll_basic_reduce_log_intra()  ??:0
12 0x0000000000024a5c mca_coll_ibm_reduce_stub()  ??:0
13 0x0000000000002f30 mca_coll_basic_allreduce_intra()  ??:0
14 0x0000000000023818 mca_coll_ibm_allreduce_stub()  ??:0
15 0x000000000008b478 MPI_Allreduce()  ??:0
16 0x000000001001b69c _ZN5TetonIN8Geometry8MeshBaseEE13CInitMaterialER8PartListIS1_E()  /autofs/nccs-svm1_home1/dappelh/codes/coral/sm60/Teton/transport/TetonInterface/../../transport/TetonInterface/Teton.cc:1497
17 0x00000000100091c4 _Z10initializeRN8Geometry8MeshBaseER5TetonIS0_ER8PartListIS0_Eiiiii()  /ccs/home/dappelh/codes/coral/sm60/Teton/SuOlsonTest.cc:385
18 0x0000000010006fa4 main()  /ccs/home/dappelh/codes/coral/sm60/Teton/SuOlsonTest.cc:208
19 0x0000000000024980 generic_start_main.isra.0()  libc-start.c:0
20 0x0000000000024b74 __libc_start_main()  ??:0
===================
==== backtrace ====
 2 0x0000000000074dc4 mxm_handle_error()  /var/tmp/OFED_topdir/BUILD/mxm-3.6.3102/src/mxm/util/debug/debug.c:641
 3 0x0000000000075ec8 __mxm_abort()  /var/tmp/OFED_topdir/BUILD/mxm-3.6.3102/src/mxm/util/debug/log.c:257
 4 0x00000000000813d8 mxm_ud_channel_timer()  /var/tmp/OFED_topdir/BUILD/mxm-3.6.3102/src/mxm/tl/ud/ud_channel.c:766
 5 0x00000000000865bc mxm_ud_ep_timer()  /var/tmp/OFED_topdir/BUILD/mxm-3.6.3102/src/mxm/tl/ud/ud_ep.c:144
 6 0x000000000007d21c mxm_invoke_callback()  /var/tmp/OFED_topdir/BUILD/mxm-3.6.3102/src/./mxm/util/datatype/callback.h:64
 7 0x000000000005680c mxm_timerq_sweep()  /var/tmp/OFED_topdir/BUILD/mxm-3.6.3102/src/./mxm/util/time/timerq.h:71
 8 0x0000000000053cb0 mxm_invoke_callback()  /var/tmp/OFED_topdir/BUILD/mxm-3.6.3102/src/./mxm/util/datatype/callback.h:64
 9 0x000000000005788c mxm_async_check_miss()  /var/tmp/OFED_topdir/BUILD/mxm-3.6.3102/src/mxm/core/async.h:222
10 0x00000000000073a0 mca_pml_yalla_recv()  ??:0
11 0x0000000000009ebc mca_coll_basic_reduce_log_intra()  ??:0
12 0x0000000000024a5c mca_coll_ibm_reduce_stub()  ??:0
13 0x0000000000002f30 mca_coll_basic_allreduce_intra()  ??:0
14 0x0000000000023818 mca_coll_ibm_allreduce_stub()  ??:0
15 0x000000000008b478 MPI_Allreduce()  ??:0
16 0x000000001001b69c _ZN5TetonIN8Geometry8MeshBaseEE13CInitMaterialER8PartListIS1_E()  /autofs/nccs-svm1_home1/dappelh/codes/coral/sm60/Teton/transport/TetonInterface/../../transport/TetonInterface/Teton.cc:1497
17 0x00000000100091c4 _Z10initializeRN8Geometry8MeshBaseER5TetonIS0_ER8PartListIS0_Eiiiii()  /ccs/home/dappelh/codes/coral/sm60/Teton/SuOlsonTest.cc:385
18 0x0000000010006fa4 main()  /ccs/home/dappelh/codes/coral/sm60/Teton/SuOlsonTest.cc:208
19 0x0000000000024980 generic_start_main.isra.0()  libc-start.c:0
20 0x0000000000024b74 __libc_start_main()  ??:0
===================
ERROR: The connection to the JSM daemon has failed.
  This is a strong indication that the JSM daemon has exited unexpectedly.
  When this occurs, error logs are left on the affected nodes in
/tmp/JSMDIAG-LOG-<hostname>-<pid> or in
/tmp/jsm.batch3.12954/49801/JSMD-LOG-<hostname>-<pid>
User defined signal 2
Could not send jskill request to pmix server
[batch3:105752] PMIX ERROR: UNPACK-PAST-END in file tool/pmix_tool.c at line 105
