OMP: Warning #123: Ignoring invalid OS proc ID 148.
OMP: Warning #123: Ignoring invalid OS proc ID 152.
OMP: Warning #123: Ignoring invalid OS proc ID 156.
OMP: Warning #123: Ignoring invalid OS proc ID 160.
OMP: Warning #123: Ignoring invalid OS proc ID 164.
OMP: Warning #123: Ignoring invalid OS proc ID 168.
OMP: Warning #123: Ignoring invalid OS proc ID 32.
OMP: Warning #123: Ignoring invalid OS proc ID 36.
OMP: Warning #123: Ignoring invalid OS proc ID 40.
OMP: Warning #123: Ignoring invalid OS proc ID 44.
OMP: Warning #123: Ignoring invalid OS proc ID 48.
OMP: Warning #123: Ignoring invalid OS proc ID 52.
OMP: Warning #123: Ignoring invalid OS proc ID 60.
OMP: Warning #123: Ignoring invalid OS proc ID 64.
OMP: Warning #123: Ignoring invalid OS proc ID 68.
OMP: Warning #123: Ignoring invalid OS proc ID 72.
OMP: Warning #123: Ignoring invalid OS proc ID 76.
OMP: Warning #123: Ignoring invalid OS proc ID 80.
OMP: Warning #123: Ignoring invalid OS proc ID 120.
OMP: Warning #123: Ignoring invalid OS proc ID 124.
OMP: Warning #123: Ignoring invalid OS proc ID 128.
OMP: Warning #123: Ignoring invalid OS proc ID 132.
OMP: Warning #123: Ignoring invalid OS proc ID 136.
OMP: Warning #123: Ignoring invalid OS proc ID 140.
OMP: Warning #123: Ignoring invalid OS proc ID 92.
OMP: Warning #123: Ignoring invalid OS proc ID 96.
OMP: Warning #123: Ignoring invalid OS proc ID 100.
OMP: Warning #123: Ignoring invalid OS proc ID 104.
OMP: Warning #123: Ignoring invalid OS proc ID 108.
OMP: Warning #123: Ignoring invalid OS proc ID 112.
OMP: Warning #123: Ignoring invalid OS proc ID 4.
OMP: Warning #123: Ignoring invalid OS proc ID 8.
OMP: Warning #123: Ignoring invalid OS proc ID 12.
OMP: Warning #123: Ignoring invalid OS proc ID 16.
OMP: Warning #123: Ignoring invalid OS proc ID 20.
OMP: Warning #123: Ignoring invalid OS proc ID 24.
from Timer_Print: could not open timing_summary.40349
timing summary printed to stderr

------------------------------------------------------------------------------------------------
Timing  summary:                 #calls       avg(sec)     min(sec) minRank     max(sec) maxRank
------------------------------------------------------------------------------------------------
work                                  1       174.977      174.977       5      174.978       0
getgeometry                           7         1.515        1.464       3        1.595       1
reflect                               7         0.154        0.113       2        0.177       4
rtorder                               7        95.055       94.237       0       95.873       5
scheduler                             7         0.001        0.001       0        0.001       5
advanceRT                             7         5.326        5.265       1        5.356       2
_ZoneLoop0                            7         0.056        0.054       0        0.057       2
_snmoments1                           7         5.013        5.000       3        5.033       2
__snmoments                         352         0.007        0.007       3        0.007       0
_ZoneLoop2                            7         0.118        0.113       5        0.126       3
rtstrtsn                              7         0.179        0.175       0        0.182       1
_initialize                           7         0.019        0.017       5        0.021       2
_zoneaverage                          7         0.078        0.076       4        0.082       1
compton                               7         0.014        0.012       4        0.016       3
absorbrate                           38         0.467        0.450       1        0.474       4
material                             38        18.311       18.190       4       18.490       5
exch                                 31         4.068        3.865       0        4.371       3
rswpmd                               31        45.016       44.708       2       45.210       4
_setflux                             68         2.503        2.075       4        3.109       2
_initexch                            37         0.493        0.002       2        0.990       5
_anglebins                           37        38.618       38.100       0       38.994       3
rtconi                               31         0.480        0.468       5        0.503       1
rtconv                               31         0.729        0.547       5        0.840       4
bdyedt                                7         0.319        0.319       2        0.320       4
