OMP: Warning #123: Ignoring invalid OS proc ID 132.
OMP: Warning #123: Ignoring invalid OS proc ID 156.
OMP: Warning #123: Ignoring invalid OS proc ID 36.
OMP: Warning #123: Ignoring invalid OS proc ID 60.
OMP: Warning #123: Ignoring invalid OS proc ID 44.
OMP: Warning #123: Ignoring invalid OS proc ID 132.
OMP: Warning #123: Ignoring invalid OS proc ID 164.
OMP: Warning #123: Ignoring invalid OS proc ID 52.
OMP: Warning #123: Ignoring invalid OS proc ID 12.
OMP: Warning #123: Ignoring invalid OS proc ID 20.
OMP: Warning #123: Ignoring invalid OS proc ID 68.
OMP: Warning #123: Ignoring invalid OS proc ID 28.
OMP: Warning #123: Ignoring invalid OS proc ID 76.
OMP: Warning #123: Ignoring invalid OS proc ID 4.
OMP: Warning #123: Ignoring invalid OS proc ID 28.
OMP: Warning #123: Ignoring invalid OS proc ID 76.
OMP: Warning #123: Ignoring invalid OS proc ID 20.
OMP: Warning #123: Ignoring invalid OS proc ID 44.
OMP: Warning #123: Ignoring invalid OS proc ID 12.
OMP: Warning #123: Ignoring invalid OS proc ID 68.
OMP: Warning #123: Ignoring invalid OS proc ID 52.
OMP: Warning #123: Ignoring invalid OS proc ID 60.
OMP: Warning #123: Ignoring invalid OS proc ID 52.
OMP: Warning #123: Ignoring invalid OS proc ID 76.
OMP: Warning #123: Ignoring invalid OS proc ID 36.
OMP: Warning #123: Ignoring invalid OS proc ID 12.
OMP: Warning #123: Ignoring invalid OS proc ID 4.
OMP: Warning #123: Ignoring invalid OS proc ID 44.
OMP: Warning #123: Ignoring invalid OS proc ID 68.
OMP: Warning #123: Ignoring invalid OS proc ID 28.
OMP: Warning #123: Ignoring invalid OS proc ID 20.
OMP: Warning #123: Ignoring invalid OS proc ID 28.
OMP: Warning #123: Ignoring invalid OS proc ID 44.
OMP: Warning #123: Ignoring invalid OS proc ID 20.
OMP: Warning #123: Ignoring invalid OS proc ID 60.
OMP: Warning #123: Ignoring invalid OS proc ID 52.
OMP: Warning #123: Ignoring invalid OS proc ID 36.
OMP: Warning #123: Ignoring invalid OS proc ID 68.
OMP: Warning #123: Ignoring invalid OS proc ID 12.
OMP: Warning #123: Ignoring invalid OS proc ID 4.
OMP: Warning #123: Ignoring invalid OS proc ID 44.
OMP: Warning #123: Ignoring invalid OS proc ID 4.
OMP: Warning #123: Ignoring invalid OS proc ID 20.
OMP: Warning #123: Ignoring invalid OS proc ID 76.
OMP: Warning #123: Ignoring invalid OS proc ID 12.
OMP: Warning #123: Ignoring invalid OS proc ID 60.
OMP: Warning #123: Ignoring invalid OS proc ID 76.
OMP: Warning #123: Ignoring invalid OS proc ID 68.
OMP: Warning #123: Ignoring invalid OS proc ID 36.
OMP: Warning #123: Ignoring invalid OS proc ID 52.
OMP: Warning #123: Ignoring invalid OS proc ID 4.
OMP: Warning #123: Ignoring invalid OS proc ID 44.
OMP: Warning #123: Ignoring invalid OS proc ID 20.
OMP: Warning #123: Ignoring invalid OS proc ID 12.
OMP: Warning #123: Ignoring invalid OS proc ID 28.
OMP: Warning #123: Ignoring invalid OS proc ID 60.
OMP: Warning #123: Ignoring invalid OS proc ID 68.
OMP: Warning #123: Ignoring invalid OS proc ID 12.
OMP: Warning #123: Ignoring invalid OS proc ID 4.
OMP: Warning #123: Ignoring invalid OS proc ID 36.
OMP: Warning #123: Ignoring invalid OS proc ID 44.
OMP: Warning #123: Ignoring invalid OS proc ID 20.
OMP: Warning #123: Ignoring invalid OS proc ID 52.
OMP: Warning #123: Ignoring invalid OS proc ID 28.
OMP: Warning #123: Ignoring invalid OS proc ID 28.
OMP: Warning #123: Ignoring invalid OS proc ID 12.
OMP: Warning #123: Ignoring invalid OS proc ID 52.
OMP: Warning #123: Ignoring invalid OS proc ID 20.
OMP: Warning #123: Ignoring invalid OS proc ID 4.
OMP: Warning #123: Ignoring invalid OS proc ID 36.
OMP: Warning #123: Ignoring invalid OS proc ID 76.
OMP: Warning #123: Ignoring invalid OS proc ID 60.
OMP: Warning #123: Ignoring invalid OS proc ID 44.
OMP: Warning #123: Ignoring invalid OS proc ID 28.
OMP: Warning #123: Ignoring invalid OS proc ID 60.
OMP: Warning #123: Ignoring invalid OS proc ID 68.
OMP: Warning #123: Ignoring invalid OS proc ID 20.
OMP: Warning #123: Ignoring invalid OS proc ID 52.
OMP: Warning #123: Ignoring invalid OS proc ID 36.
OMP: Warning #123: Ignoring invalid OS proc ID 12.
OMP: Warning #123: Ignoring invalid OS proc ID 44.
OMP: Warning #123: Ignoring invalid OS proc ID 76.
OMP: Warning #123: Ignoring invalid OS proc ID 116.
OMP: Warning #123: Ignoring invalid OS proc ID 44.
OMP: Warning #123: Ignoring invalid OS proc ID 60.
OMP: Warning #123: Ignoring invalid OS proc ID 20.
OMP: Warning #123: Ignoring invalid OS proc ID 68.
OMP: Warning #123: Ignoring invalid OS proc ID 28.
OMP: Warning #123: Ignoring invalid OS proc ID 12.
OMP: Warning #123: Ignoring invalid OS proc ID 36.
OMP: Warning #123: Ignoring invalid OS proc ID 52.
OMP: Warning #123: Ignoring invalid OS proc ID 4.
OMP: Warning #123: Ignoring invalid OS proc ID 12.
OMP: Warning #123: Ignoring invalid OS proc ID 20.
OMP: Warning #123: Ignoring invalid OS proc ID 52.
OMP: Warning #123: Ignoring invalid OS proc ID 36.
OMP: Warning #123: Ignoring invalid OS proc ID 76.
OMP: Warning #123: Ignoring invalid OS proc ID 44.
OMP: Warning #123: Ignoring invalid OS proc ID 68.
OMP: Warning #123: Ignoring invalid OS proc ID 4.
OMP: Warning #123: Ignoring invalid OS proc ID 28.
OMP: Warning #123: Ignoring invalid OS proc ID 148.
OMP: Warning #123: Ignoring invalid OS proc ID 92.
OMP: Warning #123: Ignoring invalid OS proc ID 124.
OMP: Warning #123: Ignoring invalid OS proc ID 140.
OMP: Warning #123: Ignoring invalid OS proc ID 116.
OMP: Warning #123: Ignoring invalid OS proc ID 100.
OMP: Warning #123: Ignoring invalid OS proc ID 164.
OMP: Warning #123: Ignoring invalid OS proc ID 156.
OMP: Warning #123: Ignoring invalid OS proc ID 108.
OMP: Warning #123: Ignoring invalid OS proc ID 60.
OMP: Warning #123: Ignoring invalid OS proc ID 36.
OMP: Warning #123: Ignoring invalid OS proc ID 68.
OMP: Warning #123: Ignoring invalid OS proc ID 44.
OMP: Warning #123: Ignoring invalid OS proc ID 60.
OMP: Warning #123: Ignoring invalid OS proc ID 28.
OMP: Warning #123: Ignoring invalid OS proc ID 4.
OMP: Warning #123: Ignoring invalid OS proc ID 28.
OMP: Warning #123: Ignoring invalid OS proc ID 76.
OMP: Warning #123: Ignoring invalid OS proc ID 52.
OMP: Warning #123: Ignoring invalid OS proc ID 20.
OMP: Warning #123: Ignoring invalid OS proc ID 36.
OMP: Warning #123: Ignoring invalid OS proc ID 44.
OMP: Warning #123: Ignoring invalid OS proc ID 68.
OMP: Warning #123: Ignoring invalid OS proc ID 116.
OMP: Warning #123: Ignoring invalid OS proc ID 148.
OMP: Warning #123: Ignoring invalid OS proc ID 156.
OMP: Warning #123: Ignoring invalid OS proc ID 100.
OMP: Warning #123: Ignoring invalid OS proc ID 132.
OMP: Warning #123: Ignoring invalid OS proc ID 140.
OMP: Warning #123: Ignoring invalid OS proc ID 124.
OMP: Warning #123: Ignoring invalid OS proc ID 92.
OMP: Warning #123: Ignoring invalid OS proc ID 164.
OMP: Warning #123: Ignoring invalid OS proc ID 108.
OMP: Warning #123: Ignoring invalid OS proc ID 4.
OMP: Warning #123: Ignoring invalid OS proc ID 140.
OMP: Warning #123: Ignoring invalid OS proc ID 124.
OMP: Warning #123: Ignoring invalid OS proc ID 156.
OMP: Warning #123: Ignoring invalid OS proc ID 100.
OMP: Warning #123: Ignoring invalid OS proc ID 164.
OMP: Warning #123: Ignoring invalid OS proc ID 92.
OMP: Warning #123: Ignoring invalid OS proc ID 108.
OMP: Warning #123: Ignoring invalid OS proc ID 116.
OMP: Warning #123: Ignoring invalid OS proc ID 60.
OMP: Warning #123: Ignoring invalid OS proc ID 36.
OMP: Warning #123: Ignoring invalid OS proc ID 68.
OMP: Warning #123: Ignoring invalid OS proc ID 132.
OMP: Warning #123: Ignoring invalid OS proc ID 28.
OMP: Warning #123: Ignoring invalid OS proc ID 4.
OMP: Warning #123: Ignoring invalid OS proc ID 148.
OMP: Warning #123: Ignoring invalid OS proc ID 36.
OMP: Warning #123: Ignoring invalid OS proc ID 52.
OMP: Warning #123: Ignoring invalid OS proc ID 44.
OMP: Warning #123: Ignoring invalid OS proc ID 20.
OMP: Warning #123: Ignoring invalid OS proc ID 92.
OMP: Warning #123: Ignoring invalid OS proc ID 12.
OMP: Warning #123: Ignoring invalid OS proc ID 164.
OMP: Warning #123: Ignoring invalid OS proc ID 140.
OMP: Warning #123: Ignoring invalid OS proc ID 116.
OMP: Warning #123: Ignoring invalid OS proc ID 132.
OMP: Warning #123: Ignoring invalid OS proc ID 124.
OMP: Warning #123: Ignoring invalid OS proc ID 148.
OMP: Warning #123: Ignoring invalid OS proc ID 100.
OMP: Warning #123: Ignoring invalid OS proc ID 108.
OMP: Warning #123: Ignoring invalid OS proc ID 76.
OMP: Warning #123: Ignoring invalid OS proc ID 132.
OMP: Warning #123: Ignoring invalid OS proc ID 164.
OMP: Warning #123: Ignoring invalid OS proc ID 108.
OMP: Warning #123: Ignoring invalid OS proc ID 92.
OMP: Warning #123: Ignoring invalid OS proc ID 148.
OMP: Warning #123: Ignoring invalid OS proc ID 124.
OMP: Warning #123: Ignoring invalid OS proc ID 116.
OMP: Warning #123: Ignoring invalid OS proc ID 156.
OMP: Warning #123: Ignoring invalid OS proc ID 100.
OMP: Warning #123: Ignoring invalid OS proc ID 60.
OMP: Warning #123: Ignoring invalid OS proc ID 140.
OMP: Warning #123: Ignoring invalid OS proc ID 92.
OMP: Warning #123: Ignoring invalid OS proc ID 140.
OMP: Warning #123: Ignoring invalid OS proc ID 124.
OMP: Warning #123: Ignoring invalid OS proc ID 132.
OMP: Warning #123: Ignoring invalid OS proc ID 148.
OMP: Warning #123: Ignoring invalid OS proc ID 156.
OMP: Warning #123: Ignoring invalid OS proc ID 100.
OMP: Warning #123: Ignoring invalid OS proc ID 108.
OMP: Warning #123: Ignoring invalid OS proc ID 116.
OMP: Warning #123: Ignoring invalid OS proc ID 164.
OMP: Warning #123: Ignoring invalid OS proc ID 76.
OMP: Warning #123: Ignoring invalid OS proc ID 4.
OMP: Warning #123: Ignoring invalid OS proc ID 36.
OMP: Warning #123: Ignoring invalid OS proc ID 44.
OMP: Warning #123: Ignoring invalid OS proc ID 20.
OMP: Warning #123: Ignoring invalid OS proc ID 12.
OMP: Warning #123: Ignoring invalid OS proc ID 52.
OMP: Warning #123: Ignoring invalid OS proc ID 100.
OMP: Warning #123: Ignoring invalid OS proc ID 28.
OMP: Warning #123: Ignoring invalid OS proc ID 164.
OMP: Warning #123: Ignoring invalid OS proc ID 60.
OMP: Warning #123: Ignoring invalid OS proc ID 92.
OMP: Warning #123: Ignoring invalid OS proc ID 148.
OMP: Warning #123: Ignoring invalid OS proc ID 156.
OMP: Warning #123: Ignoring invalid OS proc ID 76.
OMP: Warning #123: Ignoring invalid OS proc ID 116.
OMP: Warning #123: Ignoring invalid OS proc ID 108.
OMP: Warning #123: Ignoring invalid OS proc ID 132.
OMP: Warning #123: Ignoring invalid OS proc ID 156.
OMP: Warning #123: Ignoring invalid OS proc ID 148.
OMP: Warning #123: Ignoring invalid OS proc ID 140.
OMP: Warning #123: Ignoring invalid OS proc ID 116.
OMP: Warning #123: Ignoring invalid OS proc ID 124.
OMP: Warning #123: Ignoring invalid OS proc ID 124.
OMP: Warning #123: Ignoring invalid OS proc ID 108.
OMP: Warning #123: Ignoring invalid OS proc ID 76.
OMP: Warning #123: Ignoring invalid OS proc ID 140.
OMP: Warning #123: Ignoring invalid OS proc ID 92.
OMP: Warning #123: Ignoring invalid OS proc ID 68.
OMP: Warning #123: Ignoring invalid OS proc ID 100.
OMP: Warning #123: Ignoring invalid OS proc ID 20.
OMP: Warning #123: Ignoring invalid OS proc ID 28.
OMP: Warning #123: Ignoring invalid OS proc ID 44.
OMP: Warning #123: Ignoring invalid OS proc ID 52.
OMP: Warning #123: Ignoring invalid OS proc ID 60.
OMP: Warning #123: Ignoring invalid OS proc ID 68.
OMP: Warning #123: Ignoring invalid OS proc ID 76.
OMP: Warning #123: Ignoring invalid OS proc ID 36.
OMP: Warning #123: Ignoring invalid OS proc ID 12.
OMP: Warning #123: Ignoring invalid OS proc ID 108.
OMP: Warning #123: Ignoring invalid OS proc ID 124.
OMP: Warning #123: Ignoring invalid OS proc ID 164.
OMP: Warning #123: Ignoring invalid OS proc ID 132.
OMP: Warning #123: Ignoring invalid OS proc ID 148.
OMP: Warning #123: Ignoring invalid OS proc ID 92.
OMP: Warning #123: Ignoring invalid OS proc ID 140.
OMP: Warning #123: Ignoring invalid OS proc ID 100.
OMP: Warning #123: Ignoring invalid OS proc ID 4.
OMP: Warning #123: Ignoring invalid OS proc ID 156.
OMP: Warning #123: Ignoring invalid OS proc ID 100.
OMP: Warning #123: Ignoring invalid OS proc ID 156.
OMP: Warning #123: Ignoring invalid OS proc ID 132.
OMP: Warning #123: Ignoring invalid OS proc ID 116.
OMP: Warning #123: Ignoring invalid OS proc ID 164.
OMP: Warning #123: Ignoring invalid OS proc ID 156.
OMP: Warning #123: Ignoring invalid OS proc ID 140.
OMP: Warning #123: Ignoring invalid OS proc ID 148.
OMP: Warning #123: Ignoring invalid OS proc ID 92.
OMP: Warning #123: Ignoring invalid OS proc ID 108.
OMP: Warning #123: Ignoring invalid OS proc ID 92.
OMP: Warning #123: Ignoring invalid OS proc ID 140.
OMP: Warning #123: Ignoring invalid OS proc ID 124.
OMP: Warning #123: Ignoring invalid OS proc ID 100.
OMP: Warning #123: Ignoring invalid OS proc ID 164.
OMP: Warning #123: Ignoring invalid OS proc ID 124.
OMP: Warning #123: Ignoring invalid OS proc ID 116.
OMP: Warning #123: Ignoring invalid OS proc ID 132.
OMP: Warning #123: Ignoring invalid OS proc ID 60.
OMP: Warning #123: Ignoring invalid OS proc ID 148.
OMP: Warning #123: Ignoring invalid OS proc ID 108.
OMP: Warning #123: Ignoring invalid OS proc ID 116.
OMP: Warning #123: Ignoring invalid OS proc ID 132.
OMP: Warning #123: Ignoring invalid OS proc ID 92.
OMP: Warning #123: Ignoring invalid OS proc ID 36.
OMP: Warning #123: Ignoring invalid OS proc ID 148.
OMP: Warning #123: Ignoring invalid OS proc ID 156.
OMP: Warning #123: Ignoring invalid OS proc ID 52.
OMP: Warning #123: Ignoring invalid OS proc ID 108.
OMP: Warning #123: Ignoring invalid OS proc ID 92.
OMP: Warning #123: Ignoring invalid OS proc ID 148.
OMP: Warning #123: Ignoring invalid OS proc ID 156.
OMP: Warning #123: Ignoring invalid OS proc ID 28.
OMP: Warning #123: Ignoring invalid OS proc ID 116.
OMP: Warning #123: Ignoring invalid OS proc ID 100.
OMP: Warning #123: Ignoring invalid OS proc ID 68.
OMP: Warning #123: Ignoring invalid OS proc ID 164.
OMP: Warning #123: Ignoring invalid OS proc ID 108.
OMP: Warning #123: Ignoring invalid OS proc ID 76.
OMP: Warning #123: Ignoring invalid OS proc ID 132.
OMP: Warning #123: Ignoring invalid OS proc ID 124.
OMP: Warning #123: Ignoring invalid OS proc ID 140.
OMP: Warning #123: Ignoring invalid OS proc ID 100.
OMP: Warning #123: Ignoring invalid OS proc ID 60.
OMP: Warning #123: Ignoring invalid OS proc ID 140.
OMP: Warning #123: Ignoring invalid OS proc ID 4.
OMP: Warning #123: Ignoring invalid OS proc ID 124.
OMP: Warning #123: Ignoring invalid OS proc ID 20.
OMP: Warning #123: Ignoring invalid OS proc ID 52.
OMP: Warning #123: Ignoring invalid OS proc ID 140.
OMP: Warning #123: Ignoring invalid OS proc ID 12.
OMP: Warning #123: Ignoring invalid OS proc ID 156.
OMP: Warning #123: Ignoring invalid OS proc ID 100.
OMP: Warning #123: Ignoring invalid OS proc ID 164.
OMP: Warning #123: Ignoring invalid OS proc ID 132.
OMP: Warning #123: Ignoring invalid OS proc ID 76.
OMP: Warning #123: Ignoring invalid OS proc ID 148.
OMP: Warning #123: Ignoring invalid OS proc ID 92.
OMP: Warning #123: Ignoring invalid OS proc ID 108.
OMP: Warning #123: Ignoring invalid OS proc ID 124.
OMP: Warning #123: Ignoring invalid OS proc ID 116.
OMP: Warning #123: Ignoring invalid OS proc ID 12.
OMP: Warning #123: Ignoring invalid OS proc ID 164.
OMP: Warning #123: Ignoring invalid OS proc ID 124.
OMP: Warning #123: Ignoring invalid OS proc ID 100.
OMP: Warning #123: Ignoring invalid OS proc ID 108.
OMP: Warning #123: Ignoring invalid OS proc ID 92.
OMP: Warning #123: Ignoring invalid OS proc ID 156.
OMP: Warning #123: Ignoring invalid OS proc ID 116.
OMP: Warning #123: Ignoring invalid OS proc ID 164.
OMP: Warning #123: Ignoring invalid OS proc ID 132.
OMP: Warning #123: Ignoring invalid OS proc ID 132.
OMP: Warning #123: Ignoring invalid OS proc ID 140.
OMP: Warning #123: Ignoring invalid OS proc ID 116.
OMP: Warning #123: Ignoring invalid OS proc ID 140.
OMP: Warning #123: Ignoring invalid OS proc ID 100.
OMP: Warning #123: Ignoring invalid OS proc ID 164.
OMP: Warning #123: Ignoring invalid OS proc ID 148.
OMP: Warning #123: Ignoring invalid OS proc ID 156.
OMP: Warning #123: Ignoring invalid OS proc ID 68.
OMP: Warning #123: Ignoring invalid OS proc ID 108.
OMP: Warning #123: Ignoring invalid OS proc ID 148.
OMP: Warning #123: Ignoring invalid OS proc ID 124.
OMP: Warning #123: Ignoring invalid OS proc ID 92.
OMP: Warning #123: Ignoring invalid OS proc ID 4.
terminate called after throwing an instance of 'std::bad_alloc'
  what():  std::bad_alloc
terminate called after throwing an instance of 'std::bad_alloc'
  what():  std::bad_alloc
terminate called after throwing an instance of 'std::bad_alloc'
  what():  std::bad_alloc
terminate called after throwing an instance of 'std::bad_alloc'
  what():  std::bad_alloc
terminate called after throwing an instance of 'std::bad_alloc'
  what():  std::bad_alloc
terminate called after throwing an instance of 'std::bad_alloc'
  what():  std::bad_alloc
terminate called after throwing an instance of 'std::bad_alloc'
  what():  std::bad_alloc
terminate called after throwing an instance of 'std::bad_alloc'
  what():  std::bad_alloc
terminate called after throwing an instance of 'std::bad_alloc'
  what():  std::bad_alloc
terminate called after throwing an instance of 'std::bad_alloc'
  what():  std::bad_alloc
terminate called after throwing an instance of 'std::bad_alloc'
terminate called after throwing an instance of 'std::bad_alloc'
terminate called after throwing an instance of 'std::bad_alloc'
  what():  std::bad_alloc
terminate called after throwing an instance of 'std::bad_alloc'
  what():  std::bad_allocterminate called after throwing an instance of 'std::bad_alloc'
  what():  std::bad_alloc
terminate called after throwing an instance of 'std::bad_alloc'
terminate called after throwing an instance of 'std::bad_alloc'
terminate called after throwing an instance of 'std::bad_alloc'
  what():  std::bad_allocterminate called after throwing an instance of 'std::bad_alloc'
  what():  std::bad_alloc
terminate called after throwing an instance of 'std::bad_alloc'
  what():  std::bad_alloc
terminate called after throwing an instance of 'std::bad_alloc'
  what():  std::bad_alloc
terminate called after throwing an instance of 'std::bad_alloc'
terminate called after throwing an instance of 'std::bad_alloc'
  what():  std::bad_alloc
terminate called after throwing an instance of 'std::bad_alloc'
  what():  std::bad_alloc
terminate called after throwing an instance of 'std::bad_alloc'
  what():  std::bad_alloc
terminate called after throwing an instance of 'std::bad_alloc'
  what():  std::bad_alloc
terminate called after throwing an instance of 'std::bad_alloc'
  what():  std::bad_alloc  what():  std::bad_alloc
terminate called after throwing an instance of 'std::bad_alloc'
  what():  std::bad_alloc
terminate called after throwing an instance of 'std::bad_alloc'
  what():  std::bad_alloc
terminate called after throwing an instance of 'std::bad_alloc'
  what():  std::bad_alloc
terminate called after throwing an instance of 'std::bad_alloc'
  what():  std::bad_alloc
terminate called after throwing an instance of 'std::bad_alloc'
  what():  std::bad_alloc
terminate called after throwing an instance of 'std::bad_alloc'
  what():  std::bad_alloc

terminate called after throwing an instance of 'std::bad_alloc'
terminate called after throwing an instance of 'std::bad_alloc'
  what():  std::bad_alloc
terminate called after throwing an instance of 'std::bad_alloc'
  what():  std::bad_alloc
  what():  std::bad_alloc
  what():  std::bad_alloc
terminate called after throwing an instance of 'std::bad_alloc'
  what():  std::bad_alloc
terminate called after throwing an instance of 'std::bad_alloc'
  what():  std::bad_alloc
terminate called after throwing an instance of 'std::bad_alloc'
  what():  std::bad_alloc
terminate called after throwing an instance of 'std::bad_alloc'
  what():  std::bad_alloc
terminate called after throwing an instance of 'std::bad_alloc'
  what():  std::bad_alloc
terminate called after throwing an instance of 'std::bad_alloc'
terminate called after throwing an instance of 'std::bad_alloc'
  what():  std::bad_alloc
terminate called after throwing an instance of 'std::bad_alloc'
terminate called after throwing an instance of 'std::bad_alloc'
  what():  std::bad_alloc
terminate called after throwing an instance of 'std::bad_alloc'
  what():  std::bad_alloc
terminate called after throwing an instance of 'std::bad_alloc'
terminate called after throwing an instance of 'std::bad_alloc'
  what():  std::bad_alloc
  what():  std::bad_alloc
terminate called after throwing an instance of 'std::bad_alloc'
  what():  std::bad_alloc
terminate called after throwing an instance of 'std::bad_alloc'
  what():  std::bad_alloc
terminate called after throwing an instance of 'std::bad_alloc'
  what():  std::bad_alloc
terminate called after throwing an instance of 'std::bad_alloc'
terminate called after throwing an instance of 'std::bad_alloc'
  what():  std::bad_alloc
terminate called after throwing an instance of 'std::bad_alloc'
  what():  std::bad_alloc
  what():  std::bad_alloc
terminate called after throwing an instance of 'std::bad_alloc'
terminate called after throwing an instance of 'std::bad_alloc'
  what():  std::bad_alloc
terminate called after throwing an instance of 'std::bad_alloc'
terminate called after throwing an instance of 'std::bad_alloc'
  what():  std::bad_alloc
terminate called after throwing an instance of 'std::bad_alloc'
  what():  std::bad_alloc
terminate called after throwing an instance of 'std::bad_alloc'
terminate called after throwing an instance of 'std::bad_alloc'
  what():  std::bad_alloc
terminate called after throwing an instance of 'std::bad_alloc'
  what():  std::bad_alloc
  what():  std::bad_alloc
  what():  std::bad_alloc
  what():  std::bad_alloc
  what():  std::bad_alloc
terminate called after throwing an instance of 'std::bad_alloc'
  what():  std::bad_alloc
terminate called after throwing an instance of 'std::bad_alloc'
  what():  std::bad_alloc
  what():  std::bad_alloc

terminate called after throwing an instance of 'std::bad_alloc'
  what():  std::bad_alloc
terminate called after throwing an instance of 'std::bad_alloc'
  what():  std::bad_alloc
terminate called after throwing an instance of 'std::bad_alloc'
terminate called after throwing an instance of 'std::bad_alloc'
  what():  std::bad_alloc
terminate called after throwing an instance of 'std::bad_alloc'
  what():  std::bad_alloc
terminate called after throwing an instance of 'std::bad_alloc'
  what():  std::bad_alloc
terminate called after throwing an instance of 'std::bad_alloc'
  what():  std::bad_alloc
terminate called after throwing an instance of 'std::bad_alloc'
  what():  std::bad_alloc
terminate called after throwing an instance of 'std::bad_alloc'
  what():  std::bad_alloc
terminate called after throwing an instance of 'std::bad_alloc'
  what():  std::bad_alloc
terminate called after throwing an instance of 'std::bad_alloc'
terminate called after throwing an instance of 'std::bad_alloc'
  what():  std::bad_alloc
terminate called after throwing an instance of 'std::bad_alloc'
  what():  std::bad_alloc
terminate called after throwing an instance of 'std::bad_alloc'
  what():  std::bad_alloc
terminate called after throwing an instance of 'std::bad_alloc'
terminate called after throwing an instance of 'std::bad_alloc'
  what():  std::bad_alloc
terminate called after throwing an instance of 'std::bad_alloc'
  what():  std::bad_alloc
terminate called after throwing an instance of 'std::bad_alloc'
  what():  std::bad_alloc
terminate called after throwing an instance of 'std::bad_alloc'
terminate called after throwing an instance of 'std::bad_alloc'
  what():  std::bad_alloc
terminate called after throwing an instance of 'std::bad_alloc'
  what():  std::bad_alloc
terminate called after throwing an instance of 'std::bad_alloc'
  what():  std::bad_alloc
terminate called after throwing an instance of 'std::bad_alloc'
  what():  std::bad_alloc
terminate called after throwing an instance of 'std::bad_alloc'
  what():  std::bad_alloc
terminate called after throwing an instance of 'std::bad_alloc'
  what():  std::bad_alloc
terminate called after throwing an instance of 'std::bad_alloc'
  what():  std::bad_alloc
terminate called after throwing an instance of 'std::bad_alloc'
  what():  std::bad_allocterminate called after throwing an instance of 'std::bad_alloc'
  what():  std::bad_alloc
terminate called after throwing an instance of 'std::bad_alloc'
  what():  std::bad_alloc
  what():  std::bad_alloc
terminate called after throwing an instance of 'std::bad_alloc'
  what():  std::bad_alloc
terminate called after throwing an instance of 'std::bad_alloc'
  what():  std::bad_alloc
terminate called after throwing an instance of 'std::bad_alloc'
  what():  std::bad_alloc
terminate called after throwing an instance of 'std::bad_alloc'
  what():  std::bad_alloc
terminate called after throwing an instance of 'std::bad_alloc'
  what():  std::bad_alloc
terminate called after throwing an instance of 'std::bad_alloc'
  what():  std::bad_alloc
terminate called after throwing an instance of 'std::bad_alloc'
  what():  std::bad_alloc
terminate called after throwing an instance of 'std::bad_alloc'
  what():  std::bad_alloc
terminate called after throwing an instance of 'std::bad_alloc'
  what():  std::bad_alloc
terminate called after throwing an instance of 'std::bad_alloc'
  what():  std::bad_alloc
terminate called after throwing an instance of 'std::bad_alloc'
  what():  std::bad_alloc
terminate called after throwing an instance of 'std::bad_alloc'
  what():  std::bad_alloc
terminate called after throwing an instance of 'std::bad_alloc'
  what():  std::bad_alloc  what():  std::bad_alloc
terminate called after throwing an instance of 'std::bad_alloc'
  what():  std::bad_alloc
terminate called after throwing an instance of 'std::bad_alloc'
  what():  std::bad_alloc
terminate called after throwing an instance of 'std::bad_alloc'
  what():  std::bad_alloc
terminate called after throwing an instance of 'std::bad_alloc'
  what():  std::bad_alloc
terminate called after throwing an instance of 'std::bad_alloc'
  what():  std::bad_alloc
terminate called after throwing an instance of 'std::bad_alloc'
  what():  std::bad_alloc
terminate called after throwing an instance of 'std::bad_alloc'
  what():  std::bad_alloc
terminate called after throwing an instance of 'std::bad_alloc'
terminate called after throwing an instance of 'std::bad_alloc'
  what():  std::bad_alloc
terminate called after throwing an instance of 'std::bad_alloc'
  what():  std::bad_alloc
  what():  std::bad_alloc
terminate called after throwing an instance of 'std::bad_alloc'
  what():  std::bad_alloc
terminate called after throwing an instance of 'std::bad_alloc'
  what():  std::bad_alloc
terminate called after throwing an instance of 'std::bad_alloc'
  what():  std::bad_alloc
terminate called after throwing an instance of 'std::bad_alloc'
  what():  std::bad_alloc
terminate called after throwing an instance of 'std::bad_alloc'
  what():  std::bad_alloc
terminate called after throwing an instance of 'std::bad_alloc'
  what():  std::bad_alloc
terminate called after throwing an instance of 'std::bad_alloc'
  what():  std::bad_alloc
terminate called after throwing an instance of 'std::bad_alloc'
  what():  std::bad_alloc
terminate called after throwing an instance of 'std::bad_alloc'
  what():  std::bad_alloc
terminate called after throwing an instance of 'std::bad_alloc'
  what():  std::bad_alloc
terminate called after throwing an instance of 'std::bad_alloc'
terminate called after throwing an instance of 'std::bad_alloc'
  what():  std::bad_alloc
  what():  std::bad_alloc
terminate called after throwing an instance of 'std::bad_alloc'
  what():  std::bad_alloc
terminate called after throwing an instance of 'std::bad_alloc'
  what():  std::bad_alloc
terminate called after throwing an instance of 'std::bad_alloc'
  what():  std::bad_alloc
terminate called after throwing an instance of 'std::bad_alloc'
  what():  std::bad_alloc
terminate called after throwing an instance of 'std::bad_alloc'
terminate called after throwing an instance of 'std::bad_alloc'
  what():  std::bad_alloc

terminate called after throwing an instance of 'std::bad_alloc'
  what():  std::bad_alloc
terminate called after throwing an instance of 'std::bad_alloc'
  what():  std::bad_alloc
terminate called after throwing an instance of 'std::bad_alloc'
  what():  std::bad_alloc
terminate called after throwing an instance of 'std::bad_alloc'
  what():  std::bad_alloc
terminate called after throwing an instance of 'std::bad_alloc'
  what():  std::bad_alloc
terminate called after throwing an instance of 'std::bad_alloc'
  what():  std::bad_alloc
terminate called after throwing an instance of 'std::bad_alloc'
  what():  std::bad_alloc
terminate called after throwing an instance of 'std::bad_alloc'
  what():  std::bad_alloc
terminate called after throwing an instance of 'std::bad_alloc'
  what():  std::bad_alloc
terminate called after throwing an instance of 'std::bad_alloc'
  what():  std::bad_alloc
terminate called after throwing an instance of 'std::bad_alloc'
  what():  std::bad_alloc
terminate called after throwing an instance of 'std::bad_alloc'
  what():  std::bad_alloc
  what():  std::bad_alloc
terminate called after throwing an instance of 'std::bad_alloc'
  what():  std::bad_alloc
terminate called after throwing an instance of 'std::bad_alloc'
  what():  std::bad_alloc
terminate called after throwing an instance of 'std::bad_alloc'
  what():  std::bad_alloc
terminate called after throwing an instance of 'std::bad_alloc'
  what():  std::bad_alloc
terminate called after throwing an instance of 'std::bad_alloc'
  what():  std::bad_alloc

terminate called after throwing an instance of 'std::bad_alloc'
terminate called after throwing an instance of 'std::bad_alloc'
  what():  std::bad_alloc
terminate called after throwing an instance of 'std::bad_alloc'
  what():  std::bad_alloc
terminate called after throwing an instance of 'std::bad_alloc'
  what():  std::bad_alloc
terminate called after throwing an instance of 'std::bad_alloc'
  what():  std::bad_alloc
terminate called after throwing an instance of 'std::bad_alloc'
  what():  std::bad_alloc
terminate called after throwing an instance of 'std::bad_alloc'
  what():  std::bad_alloc
terminate called after throwing an instance of 'std::bad_alloc'
terminate called after throwing an instance of 'std::bad_alloc'
  what():  std::bad_alloc
terminate called after throwing an instance of 'std::bad_alloc'
  what():  std::bad_alloc
terminate called after throwing an instance of 'std::bad_alloc'
  what():  std::bad_alloc
terminate called after throwing an instance of 'std::bad_alloc'
  what():  std::bad_alloc
terminate called after throwing an instance of 'std::bad_alloc'
  what():  std::bad_alloc
terminate called after throwing an instance of 'std::bad_alloc'
  what():  std::bad_allocterminate called after throwing an instance of 'std::bad_alloc'
  what():  std::bad_alloc
terminate called after throwing an instance of 'std::bad_alloc'
  what():  std::bad_alloc
terminate called after throwing an instance of 'std::bad_alloc'
  what():  std::bad_alloc
  what():  std::bad_alloc
terminate called after throwing an instance of 'std::bad_alloc'
  what():  std::bad_alloc
terminate called after throwing an instance of 'std::bad_alloc'
  what():  std::bad_alloc
terminate called after throwing an instance of 'std::bad_alloc'
  what():  std::bad_allocterminate called after throwing an instance of 'std::bad_alloc'
  what():  std::bad_alloc
terminate called after throwing an instance of 'std::bad_alloc'
  what():  std::bad_alloc
terminate called after throwing an instance of 'std::bad_alloc'
terminate called after throwing an instance of 'std::bad_alloc'
  what():  std::bad_alloc
terminate called after throwing an instance of 'std::bad_alloc'
  what():  std::bad_alloc
terminate called after throwing an instance of 'std::bad_alloc'
  what():  std::bad_alloc
terminate called after throwing an instance of 'std::bad_alloc'
terminate called after throwing an instance of 'std::bad_alloc'
  what():  std::bad_alloc

terminate called after throwing an instance of 'std::bad_alloc'
terminate called after throwing an instance of 'std::bad_alloc'
  what():  std::bad_alloc
terminate called after throwing an instance of 'std::bad_alloc'
terminate called after throwing an instance of 'std::bad_alloc'
  what():  std::bad_alloc
terminate called after throwing an instance of 'std::bad_alloc'
  what():  std::bad_alloc
terminate called after throwing an instance of 'std::bad_alloc'
terminate called after throwing an instance of 'std::bad_alloc'
  what():  std::bad_alloc
terminate called after throwing an instance of 'std::bad_alloc'
  what():  std::bad_alloc
terminate called after throwing an instance of 'std::bad_alloc'
  what():  std::bad_alloc
terminate called after throwing an instance of 'std::bad_alloc'
  what():  std::bad_alloc
terminate called after throwing an instance of 'std::bad_alloc'
  what():  std::bad_alloc
terminate called after throwing an instance of 'std::bad_alloc'
  what():  std::bad_alloc
terminate called after throwing an instance of 'std::bad_alloc'
  what():  std::bad_alloc
  what():  std::bad_alloc
terminate called after throwing an instance of 'std::bad_alloc'
  what():  std::bad_alloc
terminate called after throwing an instance of 'std::bad_alloc'
  what():  std::bad_alloc
terminate called after throwing an instance of 'std::bad_alloc'
  what():  std::bad_alloc
terminate called after throwing an instance of 'std::bad_alloc'
  what():  std::bad_alloc
terminate called after throwing an instance of 'std::bad_alloc'
  what():  std::bad_alloc
terminate called after throwing an instance of 'std::bad_alloc'
  what():  std::bad_alloc
terminate called after throwing an instance of 'std::bad_alloc'
terminate called after throwing an instance of 'std::bad_alloc'
  what():  std::bad_alloc
terminate called after throwing an instance of 'std::bad_alloc'
  what():  std::bad_alloc
terminate called after throwing an instance of 'std::bad_alloc'
terminate called after throwing an instance of 'std::bad_alloc'
terminate called after throwing an instance of 'std::bad_alloc'
terminate called after throwing an instance of 'std::bad_alloc'
  what():  std::bad_alloc
terminate called after throwing an instance of 'std::bad_alloc'
  what():  std::bad_alloc
terminate called after throwing an instance of 'std::bad_alloc'
  what():  std::bad_alloc
terminate called after throwing an instance of 'std::bad_alloc'
  what():  std::bad_alloc
terminate called after throwing an instance of 'std::bad_alloc'
  what():  std::bad_alloc
terminate called after throwing an instance of 'std::bad_alloc'
  what():  std::bad_alloc
  what():  std::bad_alloc
terminate called after throwing an instance of 'std::bad_alloc'
  what():  std::bad_alloc
terminate called after throwing an instance of 'std::bad_alloc'
  what():  std::bad_alloc
terminate called after throwing an instance of 'std::bad_alloc'
  what():  std::bad_allocterminate called after throwing an instance of 'std::bad_alloc'
terminate called after throwing an instance of 'std::bad_alloc'
  what():  std::bad_alloc
terminate called after throwing an instance of 'std::bad_alloc'
  what():  std::bad_alloc
terminate called after throwing an instance of 'std::bad_alloc'
terminate called after throwing an instance of 'std::bad_alloc'
  what():  std::bad_alloc
terminate called after throwing an instance of 'std::bad_alloc'
  what():  std::bad_alloc
  what():  std::bad_alloc
terminate called after throwing an instance of 'std::bad_alloc'
  what():  std::bad_alloc
terminate called after throwing an instance of 'std::bad_alloc'
  what():  std::bad_alloc
terminate called after throwing an instance of 'std::bad_alloc'
  what():  std::bad_alloc
terminate called after throwing an instance of 'std::bad_alloc'
terminate called after throwing an instance of 'std::bad_alloc'
  what():  std::bad_alloc
terminate called after throwing an instance of 'std::bad_alloc'
  what():  std::bad_alloc
terminate called after throwing an instance of 'std::bad_alloc'
  what():  std::bad_alloc
terminate called after throwing an instance of 'std::bad_alloc'
  what():  std::bad_alloc
terminate called after throwing an instance of 'std::bad_alloc'
  what():  std::bad_alloc
terminate called after throwing an instance of 'std::bad_alloc'
  what():  std::bad_alloc
terminate called after throwing an instance of 'std::bad_alloc'
  what():  std::bad_alloc
terminate called after throwing an instance of 'std::bad_alloc'
  what():  std::bad_alloc
terminate called after throwing an instance of 'std::bad_alloc'
  what():  std::bad_alloc
  what():  std::bad_alloc
terminate called after throwing an instance of 'std::bad_alloc'
  what():  std::bad_alloc
  what():  std::bad_alloc
terminate called after throwing an instance of 'std::bad_alloc'
  what():  std::bad_alloc
terminate called after throwing an instance of 'std::bad_alloc'
  what():  std::bad_alloc
terminate called after throwing an instance of 'std::bad_alloc'
terminate called after throwing an instance of 'std::bad_alloc'
  what():  std::bad_alloc
terminate called after throwing an instance of 'std::bad_alloc'
  what():  std::bad_alloc

terminate called after throwing an instance of 'std::bad_alloc'
  what():  std::bad_alloc
terminate called after throwing an instance of 'std::bad_alloc'
  what():  std::bad_alloc
terminate called after throwing an instance of 'std::bad_alloc'
  what():  std::bad_alloc
terminate called after throwing an instance of 'std::bad_alloc'
  what():  std::bad_alloc
  what():  std::bad_alloc
terminate called after throwing an instance of 'std::bad_alloc'
  what():  std::bad_alloc
terminate called after throwing an instance of 'std::bad_alloc'
  what():  std::bad_alloc
terminate called after throwing an instance of 'std::bad_alloc'
  what():  std::bad_alloc  what():  std::bad_alloc
terminate called after throwing an instance of 'std::bad_alloc'
  what():  std::bad_alloc
  what():  std::bad_alloc
  what():  std::bad_alloc
terminate called after throwing an instance of 'std::bad_alloc'
  what():  std::bad_alloc
terminate called after throwing an instance of 'std::bad_alloc'
  what():  std::bad_alloc
  what():  std::bad_alloc
terminate called after throwing an instance of 'std::bad_alloc'
  what():  std::bad_alloc
terminate called after throwing an instance of 'std::bad_alloc'
terminate called after throwing an instance of 'std::bad_alloc'
  what():  std::bad_alloc
terminate called after throwing an instance of 'std::bad_alloc'
  what():  std::bad_alloc

  what():  std::bad_alloc
  what():  std::bad_alloc
terminate called after throwing an instance of 'std::bad_alloc'
  what():  std::bad_alloc
  what():  std::bad_alloc

  what():  std::bad_alloc
  what():  std::bad_alloc

  what():  std::bad_alloc
terminate called after throwing an instance of 'std::bad_alloc'
  what():  std::bad_alloc
terminate called after throwing an instance of 'std::bad_alloc'
  what():  std::bad_alloc
  what():  std::bad_alloc
terminate called after throwing an instance of 'std::bad_alloc'
  what():  std::bad_alloc
  what():  std::bad_alloc
  what():  std::bad_alloc
  what():  std::bad_alloc
[b24n14:64009:0]  ud_channel.c:768  Fatal: UD timeout sending to b24n07:67138 (after 600.02 seconds)
[b24n14:64015:0]  ud_channel.c:768  Fatal: UD timeout sending to b24n10:64678 (after 600.04 seconds)
[b24n09:69906:0]  ud_channel.c:768  Fatal: UD timeout sending to b24n02:63662 (after 600.06 seconds)
[b24n12:64110:0]  ud_channel.c:768  Fatal: UD timeout sending to b24n06:65548 (after 600.08 seconds)
[b24n11:72439:0]  ud_channel.c:768  Fatal: UD timeout sending to b24n04:68761 (after 600.10 seconds)
==== backtrace ====
 2 0x0000000000074dc4 mxm_handle_error()  /var/tmp/OFED_topdir/BUILD/mxm-3.6.3102/src/mxm/util/debug/debug.c:641
 3 0x0000000000075ec8 __mxm_abort()  /var/tmp/OFED_topdir/BUILD/mxm-3.6.3102/src/mxm/util/debug/log.c:257
 4 0x00000000000813d8 mxm_ud_channel_timer()  /var/tmp/OFED_topdir/BUILD/mxm-3.6.3102/src/mxm/tl/ud/ud_channel.c:766
 5 0x00000000000865bc mxm_ud_ep_timer()  /var/tmp/OFED_topdir/BUILD/mxm-3.6.3102/src/mxm/tl/ud/ud_ep.c:144
 6 0x000000000007d21c mxm_invoke_callback()  /var/tmp/OFED_topdir/BUILD/mxm-3.6.3102/src/./mxm/util/datatype/callback.h:64
 7 0x000000000005680c mxm_timerq_sweep()  /var/tmp/OFED_topdir/BUILD/mxm-3.6.3102/src/./mxm/util/time/timerq.h:71
 8 0x0000000000053cb0 mxm_invoke_callback()  /var/tmp/OFED_topdir/BUILD/mxm-3.6.3102/src/./mxm/util/datatype/callback.h:64
 9 0x000000000005788c mxm_async_check_miss()  /var/tmp/OFED_topdir/BUILD/mxm-3.6.3102/src/mxm/core/async.h:222
10 0x00000000000073a0 mca_pml_yalla_recv()  ??:0
11 0x0000000000005004 mca_coll_basic_bcast_log_intra()  ??:0
12 0x0000000000023fcc mca_coll_ibm_bcast_stub()  ??:0
13 0x0000000000002f70 mca_coll_basic_allreduce_intra()  ??:0
14 0x0000000000023818 mca_coll_ibm_allreduce_stub()  ??:0
15 0x000000000008b478 MPI_Allreduce()  ??:0
16 0x000000001001b69c _ZN5TetonIN8Geometry8MeshBaseEE13CInitMaterialER8PartListIS1_E()  /autofs/nccs-svm1_home1/dappelh/codes/coral/sm60/Teton/transport/TetonInterface/../../transport/TetonInterface/Teton.cc:1497
17 0x00000000100091c4 _Z10initializeRN8Geometry8MeshBaseER5TetonIS0_ER8PartListIS0_Eiiiii()  /ccs/home/dappelh/codes/coral/sm60/Teton/SuOlsonTest.cc:385
18 0x0000000010006fa4 main()  /ccs/home/dappelh/codes/coral/sm60/Teton/SuOlsonTest.cc:208
19 0x0000000000024980 generic_start_main.isra.0()  libc-start.c:0
20 0x0000000000024b74 __libc_start_main()  ??:0
===================
==== backtrace ====
 2 0x0000000000074dc4 mxm_handle_error()  /var/tmp/OFED_topdir/BUILD/mxm-3.6.3102/src/mxm/util/debug/debug.c:641
 3 0x0000000000075ec8 __mxm_abort()  /var/tmp/OFED_topdir/BUILD/mxm-3.6.3102/src/mxm/util/debug/log.c:257
 4 0x00000000000813d8 mxm_ud_channel_timer()  /var/tmp/OFED_topdir/BUILD/mxm-3.6.3102/src/mxm/tl/ud/ud_channel.c:766
 5 0x00000000000865bc mxm_ud_ep_timer()  /var/tmp/OFED_topdir/BUILD/mxm-3.6.3102/src/mxm/tl/ud/ud_ep.c:144
 6 0x000000000007d21c mxm_invoke_callback()  /var/tmp/OFED_topdir/BUILD/mxm-3.6.3102/src/./mxm/util/datatype/callback.h:64
 7 0x000000000005680c mxm_timerq_sweep()  /var/tmp/OFED_topdir/BUILD/mxm-3.6.3102/src/./mxm/util/time/timerq.h:71
 8 0x0000000000053cb0 mxm_invoke_callback()  /var/tmp/OFED_topdir/BUILD/mxm-3.6.3102/src/./mxm/util/datatype/callback.h:64
 9 0x000000000005788c mxm_async_check_miss()  /var/tmp/OFED_topdir/BUILD/mxm-3.6.3102/src/mxm/core/async.h:222
10 0x00000000000073a0 mca_pml_yalla_recv()  ??:0
11 0x0000000000005004 mca_coll_basic_bcast_log_intra()  ??:0
12 0x0000000000023fcc mca_coll_ibm_bcast_stub()  ??:0
13 0x0000000000002f70 mca_coll_basic_allreduce_intra()  ??:0
14 0x0000000000023818 mca_coll_ibm_allreduce_stub()  ??:0
15 0x000000000008b478 MPI_Allreduce()  ??:0
16 0x000000001001b69c _ZN5TetonIN8Geometry8MeshBaseEE13CInitMaterialER8PartListIS1_E()  /autofs/nccs-svm1_home1/dappelh/codes/coral/sm60/Teton/transport/TetonInterface/../../transport/TetonInterface/Teton.cc:1497
17 0x00000000100091c4 _Z10initializeRN8Geometry8MeshBaseER5TetonIS0_ER8PartListIS0_Eiiiii()  /ccs/home/dappelh/codes/coral/sm60/Teton/SuOlsonTest.cc:385
18 0x0000000010006fa4 main()  /ccs/home/dappelh/codes/coral/sm60/Teton/SuOlsonTest.cc:208
19 0x0000000000024980 generic_start_main.isra.0()  libc-start.c:0
20 0x0000000000024b74 __libc_start_main()  ??:0
===================
[b24n11:72429:0]  ud_channel.c:768  Fatal: UD timeout sending to b24n08:68349 (after 600.12 seconds)
[b24n15:64023:0]  ud_channel.c:768  Fatal: UD timeout sending to b24n14:64010 (after 600.13 seconds)
[b24n15:64022:0]  ud_channel.c:768  Fatal: UD timeout sending to b24n08:68362 (after 600.13 seconds)
[b24n15:64017:0]  ud_channel.c:768  Fatal: UD timeout sending to b24n14:64004 (after 600.14 seconds)
[b24n11:72428:0]  ud_channel.c:768  Fatal: UD timeout sending to b24n08:68348 (after 600.15 seconds)
==== backtrace ====
 2 0x0000000000074dc4 mxm_handle_error()  /var/tmp/OFED_topdir/BUILD/mxm-3.6.3102/src/mxm/util/debug/debug.c:641
 3 0x0000000000075ec8 __mxm_abort()  /var/tmp/OFED_topdir/BUILD/mxm-3.6.3102/src/mxm/util/debug/log.c:257
 4 0x00000000000813d8 mxm_ud_channel_timer()  /var/tmp/OFED_topdir/BUILD/mxm-3.6.3102/src/mxm/tl/ud/ud_channel.c:766
 5 0x00000000000865bc mxm_ud_ep_timer()  /var/tmp/OFED_topdir/BUILD/mxm-3.6.3102/src/mxm/tl/ud/ud_ep.c:144
 6 0x000000000007d21c mxm_invoke_callback()  /var/tmp/OFED_topdir/BUILD/mxm-3.6.3102/src/./mxm/util/datatype/callback.h:64
 7 0x000000000005680c mxm_timerq_sweep()  /var/tmp/OFED_topdir/BUILD/mxm-3.6.3102/src/./mxm/util/time/timerq.h:71
 8 0x0000000000053cb0 mxm_invoke_callback()  /var/tmp/OFED_topdir/BUILD/mxm-3.6.3102/src/./mxm/util/datatype/callback.h:64
 9 0x000000000005788c mxm_async_check_miss()  /var/tmp/OFED_topdir/BUILD/mxm-3.6.3102/src/mxm/core/async.h:222
10 0x000000000000671c mca_pml_yalla_send()  ??:0
11 0x000000000000a290 mca_coll_basic_reduce_log_intra()  ??:0
12 0x0000000000024a5c mca_coll_ibm_reduce_stub()  ??:0
13 0x0000000000002f30 mca_coll_basic_allreduce_intra()  ??:0
14 0x0000000000023818 mca_coll_ibm_allreduce_stub()  ??:0
15 0x000000000008b478 MPI_Allreduce()  ??:0
16 0x000000001001b69c _ZN5TetonIN8Geometry8MeshBaseEE13CInitMaterialER8PartListIS1_E()  /autofs/nccs-svm1_home1/dappelh/codes/coral/sm60/Teton/transport/TetonInterface/../../transport/TetonInterface/Teton.cc:1497
17 0x00000000100091c4 _Z10initializeRN8Geometry8MeshBaseER5TetonIS0_ER8PartListIS0_Eiiiii()  /ccs/home/dappelh/codes/coral/sm60/Teton/SuOlsonTest.cc:385
18 0x0000000010006fa4 main()  /ccs/home/dappelh/codes/coral/sm60/Teton/SuOlsonTest.cc:208
19 0x0000000000024980 generic_start_main.isra.0()  libc-start.c:0
20 0x0000000000024b74 __libc_start_main()  ??:0
===================
[b24n15:64020:0]  ud_channel.c:768  Fatal: UD timeout sending to b24n14:64007 (after 600.16 seconds)
[b24n11:72442:0]  ud_channel.c:768  Fatal: UD timeout sending to b24n04:68764 (after 600.16 seconds)
[b24n12:64105:0]  ud_channel.c:768  Fatal: UD timeout sending to b24n09:69896 (after 600.17 seconds)
[b24n14:64008:0]  ud_channel.c:768  Fatal: UD timeout sending to b24n12:64120 (after 600.20 seconds)
==== backtrace ====
 2 0x0000000000074dc4 mxm_handle_error()  /var/tmp/OFED_topdir/BUILD/mxm-3.6.3102/src/mxm/util/debug/debug.c:641
 3 0x0000000000075ec8 __mxm_abort()  /var/tmp/OFED_topdir/BUILD/mxm-3.6.3102/src/mxm/util/debug/log.c:257
 4 0x00000000000813d8 mxm_ud_channel_timer()  /var/tmp/OFED_topdir/BUILD/mxm-3.6.3102/src/mxm/tl/ud/ud_channel.c:766
 5 0x00000000000865bc mxm_ud_ep_timer()  /var/tmp/OFED_topdir/BUILD/mxm-3.6.3102/src/mxm/tl/ud/ud_ep.c:144
 6 0x000000000007d21c mxm_invoke_callback()  /var/tmp/OFED_topdir/BUILD/mxm-3.6.3102/src/./mxm/util/datatype/callback.h:64
 7 0x000000000005680c mxm_timerq_sweep()  /var/tmp/OFED_topdir/BUILD/mxm-3.6.3102/src/./mxm/util/time/timerq.h:71
 8 0x0000000000053cb0 mxm_invoke_callback()  /var/tmp/OFED_topdir/BUILD/mxm-3.6.3102/src/./mxm/util/datatype/callback.h:64
 9 0x000000000005788c mxm_async_check_miss()  /var/tmp/OFED_topdir/BUILD/mxm-3.6.3102/src/mxm/core/async.h:222
10 0x00000000000073a0 mca_pml_yalla_recv()  ??:0
11 0x0000000000009ebc mca_coll_basic_reduce_log_intra()  ??:0
12 0x0000000000024a5c mca_coll_ibm_reduce_stub()  ??:0
13 0x0000000000002f30 mca_coll_basic_allreduce_intra()  ??:0
14 0x0000000000023818 mca_coll_ibm_allreduce_stub()  ??:0
15 0x000000000008b478 MPI_Allreduce()  ??:0
16 0x000000001001b69c _ZN5TetonIN8Geometry8MeshBaseEE13CInitMaterialER8PartListIS1_E()  /autofs/nccs-svm1_home1/dappelh/codes/coral/sm60/Teton/transport/TetonInterface/../../transport/TetonInterface/Teton.cc:1497
17 0x00000000100091c4 _Z10initializeRN8Geometry8MeshBaseER5TetonIS0_ER8PartListIS0_Eiiiii()  /ccs/home/dappelh/codes/coral/sm60/Teton/SuOlsonTest.cc:385
18 0x0000000010006fa4 main()  /ccs/home/dappelh/codes/coral/sm60/Teton/SuOlsonTest.cc:208
19 0x0000000000024980 generic_start_main.isra.0()  libc-start.c:0
20 0x0000000000024b74 __libc_start_main()  ??:0
===================
[b24n09:69894:0]  ud_channel.c:768  Fatal: UD timeout sending to b24n03:66543 (after 600.21 seconds)
[b24n10:64670:0]  ud_channel.c:768  Fatal: UD timeout sending to b24n04:68778 (after 600.23 seconds)
==== backtrace ====
 2 0x0000000000074dc4 mxm_handle_error()  /var/tmp/OFED_topdir/BUILD/mxm-3.6.3102/src/mxm/util/debug/debug.c:641
 3 0x0000000000075ec8 __mxm_abort()  /var/tmp/OFED_topdir/BUILD/mxm-3.6.3102/src/mxm/util/debug/log.c:257
 4 0x00000000000813d8 mxm_ud_channel_timer()  /var/tmp/OFED_topdir/BUILD/mxm-3.6.3102/src/mxm/tl/ud/ud_channel.c:766
 5 0x00000000000865bc mxm_ud_ep_timer()  /var/tmp/OFED_topdir/BUILD/mxm-3.6.3102/src/mxm/tl/ud/ud_ep.c:144
 6 0x000000000007d21c mxm_invoke_callback()  /var/tmp/OFED_topdir/BUILD/mxm-3.6.3102/src/./mxm/util/datatype/callback.h:64
 7 0x000000000005680c mxm_timerq_sweep()  /var/tmp/OFED_topdir/BUILD/mxm-3.6.3102/src/./mxm/util/time/timerq.h:71
 8 0x0000000000053cb0 mxm_invoke_callback()  /var/tmp/OFED_topdir/BUILD/mxm-3.6.3102/src/./mxm/util/datatype/callback.h:64
 9 0x000000000005788c mxm_async_check_miss()  /var/tmp/OFED_topdir/BUILD/mxm-3.6.3102/src/mxm/core/async.h:222
10 0x000000000000671c mca_pml_yalla_send()  ??:0
11 0x000000000000a290 mca_coll_basic_reduce_log_intra()  ??:0
12 0x0000000000024a5c mca_coll_ibm_reduce_stub()  ??:0
13 0x0000000000002f30 mca_coll_basic_allreduce_intra()  ??:0
14 0x0000000000023818 mca_coll_ibm_allreduce_stub()  ??:0
15 0x000000000008b478 MPI_Allreduce()  ??:0
16 0x000000001001b69c _ZN5TetonIN8Geometry8MeshBaseEE13CInitMaterialER8PartListIS1_E()  /autofs/nccs-svm1_home1/dappelh/codes/coral/sm60/Teton/transport/TetonInterface/../../transport/TetonInterface/Teton.cc:1497
17 0x00000000100091c4 _Z10initializeRN8Geometry8MeshBaseER5TetonIS0_ER8PartListIS0_Eiiiii()  /ccs/home/dappelh/codes/coral/sm60/Teton/SuOlsonTest.cc:385
18 0x0000000010006fa4 main()  /ccs/home/dappelh/codes/coral/sm60/Teton/SuOlsonTest.cc:208
19 0x0000000000024980 generic_start_main.isra.0()  libc-start.c:0
20 0x0000000000024b74 __libc_start_main()  ??:0
===================
==== backtrace ====
 2 0x0000000000074dc4 mxm_handle_error()  /var/tmp/OFED_topdir/BUILD/mxm-3.6.3102/src/mxm/util/debug/debug.c:641
 3 0x0000000000075ec8 __mxm_abort()  /var/tmp/OFED_topdir/BUILD/mxm-3.6.3102/src/mxm/util/debug/log.c:257
 4 0x00000000000813d8 mxm_ud_channel_timer()  /var/tmp/OFED_topdir/BUILD/mxm-3.6.3102/src/mxm/tl/ud/ud_channel.c:766
 5 0x00000000000865bc mxm_ud_ep_timer()  /var/tmp/OFED_topdir/BUILD/mxm-3.6.3102/src/mxm/tl/ud/ud_ep.c:144
 6 0x000000000007d21c mxm_invoke_callback()  /var/tmp/OFED_topdir/BUILD/mxm-3.6.3102/src/./mxm/util/datatype/callback.h:64
 7 0x000000000005680c mxm_timerq_sweep()  /var/tmp/OFED_topdir/BUILD/mxm-3.6.3102/src/./mxm/util/time/timerq.h:71
 8 0x0000000000053cb0 mxm_invoke_callback()  /var/tmp/OFED_topdir/BUILD/mxm-3.6.3102/src/./mxm/util/datatype/callback.h:64
 9 0x000000000005788c mxm_async_check_miss()  /var/tmp/OFED_topdir/BUILD/mxm-3.6.3102/src/mxm/core/async.h:222
10 0x00000000000073a0 mca_pml_yalla_recv()  ??:0
11 0x0000000000009ebc mca_coll_basic_reduce_log_intra()  ??:0
12 0x0000000000024a5c mca_coll_ibm_reduce_stub()  ??:0
13 0x0000000000002f30 mca_coll_basic_allreduce_intra()  ??:0
14 0x0000000000023818 mca_coll_ibm_allreduce_stub()  ??:0
15 0x000000000008b478 MPI_Allreduce()  ??:0
16 0x000000001001b69c _ZN5TetonIN8Geometry8MeshBaseEE13CInitMaterialER8PartListIS1_E()  /autofs/nccs-svm1_home1/dappelh/codes/coral/sm60/Teton/transport/TetonInterface/../../transport/TetonInterface/Teton.cc:1497
17 0x00000000100091c4 _Z10initializeRN8Geometry8MeshBaseER5TetonIS0_ER8PartListIS0_Eiiiii()  /ccs/home/dappelh/codes/coral/sm60/Teton/SuOlsonTest.cc:385
18 0x0000000010006fa4 main()  /ccs/home/dappelh/codes/coral/sm60/Teton/SuOlsonTest.cc:208
19 0x0000000000024980 generic_start_main.isra.0()  libc-start.c:0
20 0x0000000000024b74 __libc_start_main()  ??:0
===================
==== backtrace ====
 2 0x0000000000074dc4 mxm_handle_error()  /var/tmp/OFED_topdir/BUILD/mxm-3.6.3102/src/mxm/util/debug/debug.c:641
 3 0x0000000000075ec8 __mxm_abort()  /var/tmp/OFED_topdir/BUILD/mxm-3.6.3102/src/mxm/util/debug/log.c:257
 4 0x00000000000813d8 mxm_ud_channel_timer()  /var/tmp/OFED_topdir/BUILD/mxm-3.6.3102/src/mxm/tl/ud/ud_channel.c:766
 5 0x00000000000865bc mxm_ud_ep_timer()  /var/tmp/OFED_topdir/BUILD/mxm-3.6.3102/src/mxm/tl/ud/ud_ep.c:144
 6 0x000000000007d21c mxm_invoke_callback()  /var/tmp/OFED_topdir/BUILD/mxm-3.6.3102/src/./mxm/util/datatype/callback.h:64
 7 0x000000000005680c mxm_timerq_sweep()  /var/tmp/OFED_topdir/BUILD/mxm-3.6.3102/src/./mxm/util/time/timerq.h:71
 8 0x0000000000053cb0 mxm_invoke_callback()  /var/tmp/OFED_topdir/BUILD/mxm-3.6.3102/src/./mxm/util/datatype/callback.h:64
 9 0x000000000005788c mxm_async_check_miss()  /var/tmp/OFED_topdir/BUILD/mxm-3.6.3102/src/mxm/core/async.h:222
10 0x000000000000671c mca_pml_yalla_send()  ??:0
11 0x000000000000a290 mca_coll_basic_reduce_log_intra()  ??:0
12 0x0000000000024a5c mca_coll_ibm_reduce_stub()  ??:0
13 0x0000000000002f30 mca_coll_basic_allreduce_intra()  ??:0
14 0x0000000000023818 mca_coll_ibm_allreduce_stub()  ??:0
15 0x000000000008b478 MPI_Allreduce()  ??:0
16 0x000000001001b69c _ZN5TetonIN8Geometry8MeshBaseEE13CInitMaterialER8PartListIS1_E()  /autofs/nccs-svm1_home1/dappelh/codes/coral/sm60/Teton/transport/TetonInterface/../../transport/TetonInterface/Teton.cc:1497
17 0x00000000100091c4 _Z10initializeRN8Geometry8MeshBaseER5TetonIS0_ER8PartListIS0_Eiiiii()  /ccs/home/dappelh/codes/coral/sm60/Teton/SuOlsonTest.cc:385
18 0x0000000010006fa4 main()  /ccs/home/dappelh/codes/coral/sm60/Teton/SuOlsonTest.cc:208
19 0x0000000000024980 generic_start_main.isra.0()  libc-start.c:0
20 0x0000000000024b74 __libc_start_main()  ??:0
===================
==== backtrace ====
 2 0x0000000000074dc4 mxm_handle_error()  /var/tmp/OFED_topdir/BUILD/mxm-3.6.3102/src/mxm/util/debug/debug.c:641
 3 0x0000000000075ec8 __mxm_abort()  /var/tmp/OFED_topdir/BUILD/mxm-3.6.3102/src/mxm/util/debug/log.c:257
 4 0x00000000000813d8 mxm_ud_channel_timer()  /var/tmp/OFED_topdir/BUILD/mxm-3.6.3102/src/mxm/tl/ud/ud_channel.c:766
 5 0x00000000000865bc mxm_ud_ep_timer()  /var/tmp/OFED_topdir/BUILD/mxm-3.6.3102/src/mxm/tl/ud/ud_ep.c:144
 6 0x000000000007d21c mxm_invoke_callback()  /var/tmp/OFED_topdir/BUILD/mxm-3.6.3102/src/./mxm/util/datatype/callback.h:64
 7 0x000000000005680c mxm_timerq_sweep()  /var/tmp/OFED_topdir/BUILD/mxm-3.6.3102/src/./mxm/util/time/timerq.h:71
 8 0x0000000000053cb0 mxm_invoke_callback()  /var/tmp/OFED_topdir/BUILD/mxm-3.6.3102/src/./mxm/util/datatype/callback.h:64
 9 0x000000000005788c mxm_async_check_miss()  /var/tmp/OFED_topdir/BUILD/mxm-3.6.3102/src/mxm/core/async.h:222
10 0x000000000000671c mca_pml_yalla_send()  ??:0
11 0x000000000000a290 mca_coll_basic_reduce_log_intra()  ??:0
12 0x0000000000024a5c mca_coll_ibm_reduce_stub()  ??:0
13 0x0000000000002f30 mca_coll_basic_allreduce_intra()  ??:0
14 0x0000000000023818 mca_coll_ibm_allreduce_stub()  ??:0
15 0x000000000008b478 MPI_Allreduce()  ??:0
16 0x000000001001b69c _ZN5TetonIN8Geometry8MeshBaseEE13CInitMaterialER8PartListIS1_E()  /autofs/nccs-svm1_home1/dappelh/codes/coral/sm60/Teton/transport/TetonInterface/../../transport/TetonInterface/Teton.cc:1497
17 0x00000000100091c4 _Z10initializeRN8Geometry8MeshBaseER5TetonIS0_ER8PartListIS0_Eiiiii()  /ccs/home/dappelh/codes/coral/sm60/Teton/SuOlsonTest.cc:385
18 0x0000000010006fa4 main()  /ccs/home/dappelh/codes/coral/sm60/Teton/SuOlsonTest.cc:208
19 0x0000000000024980 generic_start_main.isra.0()  libc-start.c:0
20 0x0000000000024b74 __libc_start_main()  ??:0
===================
==== backtrace ====
 2 0x0000000000074dc4 mxm_handle_error()  /var/tmp/OFED_topdir/BUILD/mxm-3.6.3102/src/mxm/util/debug/debug.c:641
 3 0x0000000000075ec8 __mxm_abort()  /var/tmp/OFED_topdir/BUILD/mxm-3.6.3102/src/mxm/util/debug/log.c:257
 4 0x00000000000813d8 mxm_ud_channel_timer()  /var/tmp/OFED_topdir/BUILD/mxm-3.6.3102/src/mxm/tl/ud/ud_channel.c:766
 5 0x00000000000865bc mxm_ud_ep_timer()  /var/tmp/OFED_topdir/BUILD/mxm-3.6.3102/src/mxm/tl/ud/ud_ep.c:144
 6 0x000000000007d21c mxm_invoke_callback()  /var/tmp/OFED_topdir/BUILD/mxm-3.6.3102/src/./mxm/util/datatype/callback.h:64
 7 0x000000000005680c mxm_timerq_sweep()  /var/tmp/OFED_topdir/BUILD/mxm-3.6.3102/src/./mxm/util/time/timerq.h:71
 8 0x0000000000053cb0 mxm_invoke_callback()  /var/tmp/OFED_topdir/BUILD/mxm-3.6.3102/src/./mxm/util/datatype/callback.h:64
 9 0x000000000005788c mxm_async_check_miss()  /var/tmp/OFED_topdir/BUILD/mxm-3.6.3102/src/mxm/core/async.h:222
10 0x00000000000073a0 mca_pml_yalla_recv()  ??:0
11 0x0000000000009ebc mca_coll_basic_reduce_log_intra()  ??:0
12 0x0000000000024a5c mca_coll_ibm_reduce_stub()  ??:0
13 0x0000000000002f30 mca_coll_basic_allreduce_intra()  ??:0
14 0x0000000000023818 mca_coll_ibm_allreduce_stub()  ??:0
15 0x000000000008b478 MPI_Allreduce()  ??:0
16 0x000000001001b69c _ZN5TetonIN8Geometry8MeshBaseEE13CInitMaterialER8PartListIS1_E()  /autofs/nccs-svm1_home1/dappelh/codes/coral/sm60/Teton/transport/TetonInterface/../../transport/TetonInterface/Teton.cc:1497
17 0x00000000100091c4 _Z10initializeRN8Geometry8MeshBaseER5TetonIS0_ER8PartListIS0_Eiiiii()  /ccs/home/dappelh/codes/coral/sm60/Teton/SuOlsonTest.cc:385
18 0x0000000010006fa4 main()  /ccs/home/dappelh/codes/coral/sm60/Teton/SuOlsonTest.cc:208
19 0x0000000000024980 generic_start_main.isra.0()  libc-start.c:0
20 0x0000000000024b74 __libc_start_main()  ??:0
===================
[b24n12:64114:0]  ud_channel.c:768  Fatal: UD timeout sending to b24n05:67290 (after 600.24 seconds)
[b24n08:68344:0]  ud_channel.c:768  Fatal: UD timeout sending to b24n02:63666 (after 600.25 seconds)
[b24n14:64014:0]  ud_channel.c:768  Fatal: UD timeout sending to b24n06:65532 (after 600.26 seconds)
==== backtrace ====
 2 0x0000000000074dc4 mxm_handle_error()  /var/tmp/OFED_topdir/BUILD/mxm-3.6.3102/src/mxm/util/debug/debug.c:641
 3 0x0000000000075ec8 __mxm_abort()  /var/tmp/OFED_topdir/BUILD/mxm-3.6.3102/src/mxm/util/debug/log.c:257
 4 0x00000000000813d8 mxm_ud_channel_timer()  /var/tmp/OFED_topdir/BUILD/mxm-3.6.3102/src/mxm/tl/ud/ud_channel.c:766
 5 0x00000000000865bc mxm_ud_ep_timer()  /var/tmp/OFED_topdir/BUILD/mxm-3.6.3102/src/mxm/tl/ud/ud_ep.c:144
 6 0x000000000007d21c mxm_invoke_callback()  /var/tmp/OFED_topdir/BUILD/mxm-3.6.3102/src/./mxm/util/datatype/callback.h:64
 7 0x000000000005680c mxm_timerq_sweep()  /var/tmp/OFED_topdir/BUILD/mxm-3.6.3102/src/./mxm/util/time/timerq.h:71
 8 0x0000000000053cb0 mxm_invoke_callback()  /var/tmp/OFED_topdir/BUILD/mxm-3.6.3102/src/./mxm/util/datatype/callback.h:64
 9 0x000000000005788c mxm_async_check_miss()  /var/tmp/OFED_topdir/BUILD/mxm-3.6.3102/src/mxm/core/async.h:222
10 0x000000000000671c mca_pml_yalla_send()  ??:0
11 0x000000000000a290 mca_coll_basic_reduce_log_intra()  ??:0
12 0x0000000000024a5c mca_coll_ibm_reduce_stub()  ??:0
13 0x0000000000002f30 mca_coll_basic_allreduce_intra()  ??:0
14 0x0000000000023818 mca_coll_ibm_allreduce_stub()  ??:0
15 0x000000000008b478 MPI_Allreduce()  ??:0
16 0x000000001001b69c _ZN5TetonIN8Geometry8MeshBaseEE13CInitMaterialER8PartListIS1_E()  /autofs/nccs-svm1_home1/dappelh/codes/coral/sm60/Teton/transport/TetonInterface/../../transport/TetonInterface/Teton.cc:1497
17 0x00000000100091c4 _Z10initializeRN8Geometry8MeshBaseER5TetonIS0_ER8PartListIS0_Eiiiii()  /ccs/home/dappelh/codes/coral/sm60/Teton/SuOlsonTest.cc:385
18 0x0000000010006fa4 main()  /ccs/home/dappelh/codes/coral/sm60/Teton/SuOlsonTest.cc:208
19 0x0000000000024980 generic_start_main.isra.0()  libc-start.c:0
20 0x0000000000024b74 __libc_start_main()  ??:0
===================
==== backtrace ====
 2 0x0000000000074dc4 mxm_handle_error()  /var/tmp/OFED_topdir/BUILD/mxm-3.6.3102/src/mxm/util/debug/debug.c:641
 3 0x0000000000075ec8 __mxm_abort()  /var/tmp/OFED_topdir/BUILD/mxm-3.6.3102/src/mxm/util/debug/log.c:257
 4 0x00000000000813d8 mxm_ud_channel_timer()  /var/tmp/OFED_topdir/BUILD/mxm-3.6.3102/src/mxm/tl/ud/ud_channel.c:766
 5 0x00000000000865bc mxm_ud_ep_timer()  /var/tmp/OFED_topdir/BUILD/mxm-3.6.3102/src/mxm/tl/ud/ud_ep.c:144
 6 0x000000000007d21c mxm_invoke_callback()  /var/tmp/OFED_topdir/BUILD/mxm-3.6.3102/src/./mxm/util/datatype/callback.h:64
 7 0x000000000005680c mxm_timerq_sweep()  /var/tmp/OFED_topdir/BUILD/mxm-3.6.3102/src/./mxm/util/time/timerq.h:71
 8 0x0000000000053cb0 mxm_invoke_callback()  /var/tmp/OFED_topdir/BUILD/mxm-3.6.3102/src/./mxm/util/datatype/callback.h:64
 9 0x000000000005788c mxm_async_check_miss()  /var/tmp/OFED_topdir/BUILD/mxm-3.6.3102/src/mxm/core/async.h:222
10 0x00000000000073a0 mca_pml_yalla_recv()  ??:0
11 0x0000000000009ebc mca_coll_basic_reduce_log_intra()  ??:0
12 0x0000000000024a5c mca_coll_ibm_reduce_stub()  ??:0
13 0x0000000000002f30 mca_coll_basic_allreduce_intra()  ??:0
14 0x0000000000023818 mca_coll_ibm_allreduce_stub()  ??:0
15 0x000000000008b478 MPI_Allreduce()  ??:0
16 0x000000001001b69c _ZN5TetonIN8Geometry8MeshBaseEE13CInitMaterialER8PartListIS1_E()  /autofs/nccs-svm1_home1/dappelh/codes/coral/sm60/Teton/transport/TetonInterface/../../transport/TetonInterface/Teton.cc:1497
17 0x00000000100091c4 _Z10initializeRN8Geometry8MeshBaseER5TetonIS0_ER8PartListIS0_Eiiiii()  /ccs/home/dappelh/codes/coral/sm60/Teton/SuOlsonTest.cc:385
18 0x0000000010006fa4 main()  /ccs/home/dappelh/codes/coral/sm60/Teton/SuOlsonTest.cc:208
19 0x0000000000024980 generic_start_main.isra.0()  libc-start.c:0
20 0x0000000000024b74 __libc_start_main()  ??:0
===================
==== backtrace ====
 2 0x0000000000074dc4 mxm_handle_error()  /var/tmp/OFED_topdir/BUILD/mxm-3.6.3102/src/mxm/util/debug/debug.c:641
 3 0x0000000000075ec8 __mxm_abort()  /var/tmp/OFED_topdir/BUILD/mxm-3.6.3102/src/mxm/util/debug/log.c:257
 4 0x00000000000813d8 mxm_ud_channel_timer()  /var/tmp/OFED_topdir/BUILD/mxm-3.6.3102/src/mxm/tl/ud/ud_channel.c:766
 5 0x00000000000865bc mxm_ud_ep_timer()  /var/tmp/OFED_topdir/BUILD/mxm-3.6.3102/src/mxm/tl/ud/ud_ep.c:144
 6 0x000000000007d21c mxm_invoke_callback()  /var/tmp/OFED_topdir/BUILD/mxm-3.6.3102/src/./mxm/util/datatype/callback.h:64
 7 0x000000000005680c mxm_timerq_sweep()  /var/tmp/OFED_topdir/BUILD/mxm-3.6.3102/src/./mxm/util/time/timerq.h:71
 8 0x0000000000053cb0 mxm_invoke_callback()  /var/tmp/OFED_topdir/BUILD/mxm-3.6.3102/src/./mxm/util/datatype/callback.h:64
 9 0x00000000000573cc mxm_async_check_miss()  /var/tmp/OFED_topdir/BUILD/mxm-3.6.3102/src/mxm/core/async.h:222
10 0x0000000000003a44 mca_pml_yalla_progress()  ??:0
11 0x000000000002fbe0 opal_progress()  ??:0
12 0x0000000000057734 mxm_wait()  /var/tmp/OFED_topdir/BUILD/mxm-3.6.3102/src/mxm/core/mxm.c:369
13 0x00000000000073a0 mca_pml_yalla_recv()  ??:0
14 0x0000000000009ebc mca_coll_basic_reduce_log_intra()  ??:0
15 0x0000000000024a5c mca_coll_ibm_reduce_stub()  ??:0
16 0x0000000000002f30 mca_coll_basic_allreduce_intra()  ??:0
17 0x0000000000023818 mca_coll_ibm_allreduce_stub()  ??:0
18 0x000000000008b478 MPI_Allreduce()  ??:0
19 0x000000001001b69c _ZN5TetonIN8Geometry8MeshBaseEE13CInitMaterialER8PartListIS1_E()  /autofs/nccs-svm1_home1/dappelh/codes/coral/sm60/Teton/transport/TetonInterface/../../transport/TetonInterface/Teton.cc:1497
20 0x00000000100091c4 _Z10initializeRN8Geometry8MeshBaseER5TetonIS0_ER8PartListIS0_Eiiiii()  /ccs/home/dappelh/codes/coral/sm60/Teton/SuOlsonTest.cc:385
21 0x0000000010006fa4 main()  /ccs/home/dappelh/codes/coral/sm60/Teton/SuOlsonTest.cc:208
22 0x0000000000024980 generic_start_main.isra.0()  libc-start.c:0
23 0x0000000000024b74 __libc_start_main()  ??:0
===================
[b24n08:68343:0]  ud_channel.c:768  Fatal: UD timeout sending to b24n02:63665 (after 600.26 seconds)
==== backtrace ====
 2 0x0000000000074dc4 mxm_handle_error()  /var/tmp/OFED_topdir/BUILD/mxm-3.6.3102/src/mxm/util/debug/debug.c:641
 3 0x0000000000075ec8 __mxm_abort()  /var/tmp/OFED_topdir/BUILD/mxm-3.6.3102/src/mxm/util/debug/log.c:257
 4 0x00000000000813d8 mxm_ud_channel_timer()  /var/tmp/OFED_topdir/BUILD/mxm-3.6.3102/src/mxm/tl/ud/ud_channel.c:766
 5 0x00000000000865bc mxm_ud_ep_timer()  /var/tmp/OFED_topdir/BUILD/mxm-3.6.3102/src/mxm/tl/ud/ud_ep.c:144
 6 0x000000000007d21c mxm_invoke_callback()  /var/tmp/OFED_topdir/BUILD/mxm-3.6.3102/src/./mxm/util/datatype/callback.h:64
 7 0x000000000005680c mxm_timerq_sweep()  /var/tmp/OFED_topdir/BUILD/mxm-3.6.3102/src/./mxm/util/time/timerq.h:71
 8 0x0000000000053cb0 mxm_invoke_callback()  /var/tmp/OFED_topdir/BUILD/mxm-3.6.3102/src/./mxm/util/datatype/callback.h:64
 9 0x00000000000573cc mxm_async_check_miss()  /var/tmp/OFED_topdir/BUILD/mxm-3.6.3102/src/mxm/core/async.h:222
10 0x0000000000003a44 mca_pml_yalla_progress()  ??:0
11 0x000000000002fbe0 opal_progress()  ??:0
12 0x0000000000057734 mxm_wait()  /var/tmp/OFED_topdir/BUILD/mxm-3.6.3102/src/mxm/core/mxm.c:369
13 0x000000000000671c mca_pml_yalla_send()  ??:0
14 0x000000000000a290 mca_coll_basic_reduce_log_intra()  ??:0
15 0x0000000000024a5c mca_coll_ibm_reduce_stub()  ??:0
16 0x0000000000002f30 mca_coll_basic_allreduce_intra()  ??:0
17 0x0000000000023818 mca_coll_ibm_allreduce_stub()  ??:0
18 0x000000000008b478 MPI_Allreduce()  ??:0
19 0x000000001001b69c _ZN5TetonIN8Geometry8MeshBaseEE13CInitMaterialER8PartListIS1_E()  /autofs/nccs-svm1_home1/dappelh/codes/coral/sm60/Teton/transport/TetonInterface/../../transport/TetonInterface/Teton.cc:1497
20 0x00000000100091c4 _Z10initializeRN8Geometry8MeshBaseER5TetonIS0_ER8PartListIS0_Eiiiii()  /ccs/home/dappelh/codes/coral/sm60/Teton/SuOlsonTest.cc:385
21 0x0000000010006fa4 main()  /ccs/home/dappelh/codes/coral/sm60/Teton/SuOlsonTest.cc:208
22 0x0000000000024980 generic_start_main.isra.0()  libc-start.c:0
23 0x0000000000024b74 __libc_start_main()  ??:0
===================
==== backtrace ====
 2 0x0000000000074dc4 mxm_handle_error()  /var/tmp/OFED_topdir/BUILD/mxm-3.6.3102/src/mxm/util/debug/debug.c:641
 3 0x0000000000075ec8 __mxm_abort()  /var/tmp/OFED_topdir/BUILD/mxm-3.6.3102/src/mxm/util/debug/log.c:257
 4 0x00000000000813d8 mxm_ud_channel_timer()  /var/tmp/OFED_topdir/BUILD/mxm-3.6.3102/src/mxm/tl/ud/ud_channel.c:766
 5 0x00000000000865bc mxm_ud_ep_timer()  /var/tmp/OFED_topdir/BUILD/mxm-3.6.3102/src/mxm/tl/ud/ud_ep.c:144
 6 0x000000000007d21c mxm_invoke_callback()  /var/tmp/OFED_topdir/BUILD/mxm-3.6.3102/src/./mxm/util/datatype/callback.h:64
 7 0x000000000005680c mxm_timerq_sweep()  /var/tmp/OFED_topdir/BUILD/mxm-3.6.3102/src/./mxm/util/time/timerq.h:71
 8 0x0000000000053cb0 mxm_invoke_callback()  /var/tmp/OFED_topdir/BUILD/mxm-3.6.3102/src/./mxm/util/datatype/callback.h:64
 9 0x00000000000573cc mxm_async_check_miss()  /var/tmp/OFED_topdir/BUILD/mxm-3.6.3102/src/mxm/core/async.h:222
10 0x0000000000003a44 mca_pml_yalla_progress()  ??:0
11 0x000000000002fbe0 opal_progress()  ??:0
12 0x0000000000057734 mxm_wait()  /var/tmp/OFED_topdir/BUILD/mxm-3.6.3102/src/mxm/core/mxm.c:369
13 0x00000000000073a0 mca_pml_yalla_recv()  ??:0
14 0x0000000000005004 mca_coll_basic_bcast_log_intra()  ??:0
15 0x0000000000023fcc mca_coll_ibm_bcast_stub()  ??:0
16 0x0000000000002f70 mca_coll_basic_allreduce_intra()  ??:0
17 0x0000000000023818 mca_coll_ibm_allreduce_stub()  ??:0
18 0x000000000008b478 MPI_Allreduce()  ??:0
19 0x000000001001b69c _ZN5TetonIN8Geometry8MeshBaseEE13CInitMaterialER8PartListIS1_E()  /autofs/nccs-svm1_home1/dappelh/codes/coral/sm60/Teton/transport/TetonInterface/../../transport/TetonInterface/Teton.cc:1497
20 0x00000000100091c4 _Z10initializeRN8Geometry8MeshBaseER5TetonIS0_ER8PartListIS0_Eiiiii()  /ccs/home/dappelh/codes/coral/sm60/Teton/SuOlsonTest.cc:385
21 0x0000000010006fa4 main()  /ccs/home/dappelh/codes/coral/sm60/Teton/SuOlsonTest.cc:208
22 0x0000000000024980 generic_start_main.isra.0()  libc-start.c:0
23 0x0000000000024b74 __libc_start_main()  ??:0
===================
==== backtrace ====
 2 0x0000000000074dc4 mxm_handle_error()  /var/tmp/OFED_topdir/BUILD/mxm-3.6.3102/src/mxm/util/debug/debug.c:641
 3 0x0000000000075ec8 __mxm_abort()  /var/tmp/OFED_topdir/BUILD/mxm-3.6.3102/src/mxm/util/debug/log.c:257
 4 0x00000000000813d8 mxm_ud_channel_timer()  /var/tmp/OFED_topdir/BUILD/mxm-3.6.3102/src/mxm/tl/ud/ud_channel.c:766
 5 0x00000000000865bc mxm_ud_ep_timer()  /var/tmp/OFED_topdir/BUILD/mxm-3.6.3102/src/mxm/tl/ud/ud_ep.c:144
 6 0x000000000007d21c mxm_invoke_callback()  /var/tmp/OFED_topdir/BUILD/mxm-3.6.3102/src/./mxm/util/datatype/callback.h:64
 7 0x000000000005680c mxm_timerq_sweep()  /var/tmp/OFED_topdir/BUILD/mxm-3.6.3102/src/./mxm/util/time/timerq.h:71
 8 0x0000000000053cb0 mxm_invoke_callback()  /var/tmp/OFED_topdir/BUILD/mxm-3.6.3102/src/./mxm/util/datatype/callback.h:64
 9 0x00000000000573cc mxm_async_check_miss()  /var/tmp/OFED_topdir/BUILD/mxm-3.6.3102/src/mxm/core/async.h:222
10 0x0000000000003a44 mca_pml_yalla_progress()  ??:0
11 0x000000000002fbe0 opal_progress()  ??:0
12 0x0000000000057734 mxm_wait()  /var/tmp/OFED_topdir/BUILD/mxm-3.6.3102/src/mxm/core/mxm.c:369
13 0x000000000000671c mca_pml_yalla_send()  ??:0
14 0x000000000000a290 mca_coll_basic_reduce_log_intra()  ??:0
15 0x0000000000024a5c mca_coll_ibm_reduce_stub()  ??:0
16 0x0000000000002f30 mca_coll_basic_allreduce_intra()  ??:0
17 0x0000000000023818 mca_coll_ibm_allreduce_stub()  ??:0
18 0x000000000008b478 MPI_Allreduce()  ??:0
19 0x000000001001b69c _ZN5TetonIN8Geometry8MeshBaseEE13CInitMaterialER8PartListIS1_E()  /autofs/nccs-svm1_home1/dappelh/codes/coral/sm60/Teton/transport/TetonInterface/../../transport/TetonInterface/Teton.cc:1497
20 0x00000000100091c4 _Z10initializeRN8Geometry8MeshBaseER5TetonIS0_ER8PartListIS0_Eiiiii()  /ccs/home/dappelh/codes/coral/sm60/Teton/SuOlsonTest.cc:385
21 0x0000000010006fa4 main()  /ccs/home/dappelh/codes/coral/sm60/Teton/SuOlsonTest.cc:208
22 0x0000000000024980 generic_start_main.isra.0()  libc-start.c:0
23 0x0000000000024b74 __libc_start_main()  ??:0
===================
[b24n12:64119:0]  ud_channel.c:768  Fatal: UD timeout sending to b24n05:67295 (after 600.29 seconds)
[b24n10:64671:0]  ud_channel.c:768  Fatal: UD timeout sending to b24n04:68779 (after 600.30 seconds)
[b24n10:64672:0]  ud_channel.c:768  Fatal: UD timeout sending to b24n04:68780 (after 600.30 seconds)
==== backtrace ====
 2 0x0000000000074dc4 mxm_handle_error()  /var/tmp/OFED_topdir/BUILD/mxm-3.6.3102/src/mxm/util/debug/debug.c:641
 3 0x0000000000075ec8 __mxm_abort()  /var/tmp/OFED_topdir/BUILD/mxm-3.6.3102/src/mxm/util/debug/log.c:257
 4 0x00000000000813d8 mxm_ud_channel_timer()  /var/tmp/OFED_topdir/BUILD/mxm-3.6.3102/src/mxm/tl/ud/ud_channel.c:766
 5 0x00000000000865bc mxm_ud_ep_timer()  /var/tmp/OFED_topdir/BUILD/mxm-3.6.3102/src/mxm/tl/ud/ud_ep.c:144
 6 0x000000000007d21c mxm_invoke_callback()  /var/tmp/OFED_topdir/BUILD/mxm-3.6.3102/src/./mxm/util/datatype/callback.h:64
 7 0x000000000005680c mxm_timerq_sweep()  /var/tmp/OFED_topdir/BUILD/mxm-3.6.3102/src/./mxm/util/time/timerq.h:71
 8 0x0000000000053cb0 mxm_invoke_callback()  /var/tmp/OFED_topdir/BUILD/mxm-3.6.3102/src/./mxm/util/datatype/callback.h:64
 9 0x000000000005788c mxm_async_check_miss()  /var/tmp/OFED_topdir/BUILD/mxm-3.6.3102/src/mxm/core/async.h:222
10 0x00000000000073a0 mca_pml_yalla_recv()  ??:0
11 0x0000000000009ebc mca_coll_basic_reduce_log_intra()  ??:0
12 0x0000000000024a5c mca_coll_ibm_reduce_stub()  ??:0
13 0x0000000000002f30 mca_coll_basic_allreduce_intra()  ??:0
14 0x0000000000023818 mca_coll_ibm_allreduce_stub()  ??:0
15 0x000000000008b478 MPI_Allreduce()  ??:0
16 0x000000001001b69c _ZN5TetonIN8Geometry8MeshBaseEE13CInitMaterialER8PartListIS1_E()  /autofs/nccs-svm1_home1/dappelh/codes/coral/sm60/Teton/transport/TetonInterface/../../transport/TetonInterface/Teton.cc:1497
17 0x00000000100091c4 _Z10initializeRN8Geometry8MeshBaseER5TetonIS0_ER8PartListIS0_Eiiiii()  /ccs/home/dappelh/codes/coral/sm60/Teton/SuOlsonTest.cc:385
18 0x0000000010006fa4 main()  /ccs/home/dappelh/codes/coral/sm60/Teton/SuOlsonTest.cc:208
19 0x0000000000024980 generic_start_main.isra.0()  libc-start.c:0
20 0x0000000000024b74 __libc_start_main()  ??:0
===================
==== backtrace ====
 2 0x0000000000074dc4 mxm_handle_error()  /var/tmp/OFED_topdir/BUILD/mxm-3.6.3102/src/mxm/util/debug/debug.c:641
 3 0x0000000000075ec8 __mxm_abort()  /var/tmp/OFED_topdir/BUILD/mxm-3.6.3102/src/mxm/util/debug/log.c:257
 4 0x00000000000813d8 mxm_ud_channel_timer()  /var/tmp/OFED_topdir/BUILD/mxm-3.6.3102/src/mxm/tl/ud/ud_channel.c:766
 5 0x00000000000865bc mxm_ud_ep_timer()  /var/tmp/OFED_topdir/BUILD/mxm-3.6.3102/src/mxm/tl/ud/ud_ep.c:144
 6 0x000000000007d21c mxm_invoke_callback()  /var/tmp/OFED_topdir/BUILD/mxm-3.6.3102/src/./mxm/util/datatype/callback.h:64
 7 0x000000000005680c mxm_timerq_sweep()  /var/tmp/OFED_topdir/BUILD/mxm-3.6.3102/src/./mxm/util/time/timerq.h:71
 8 0x0000000000053cb0 mxm_invoke_callback()  /var/tmp/OFED_topdir/BUILD/mxm-3.6.3102/src/./mxm/util/datatype/callback.h:64
 9 0x000000000005788c mxm_async_check_miss()  /var/tmp/OFED_topdir/BUILD/mxm-3.6.3102/src/mxm/core/async.h:222
10 0x00000000000073a0 mca_pml_yalla_recv()  ??:0
11 0x0000000000009ebc mca_coll_basic_reduce_log_intra()  ??:0
12 0x0000000000024a5c mca_coll_ibm_reduce_stub()  ??:0
13 0x0000000000002f30 mca_coll_basic_allreduce_intra()  ??:0
14 0x0000000000023818 mca_coll_ibm_allreduce_stub()  ??:0
15 0x000000000008b478 MPI_Allreduce()  ??:0
16 0x000000001001b69c _ZN5TetonIN8Geometry8MeshBaseEE13CInitMaterialER8PartListIS1_E()  /autofs/nccs-svm1_home1/dappelh/codes/coral/sm60/Teton/transport/TetonInterface/../../transport/TetonInterface/Teton.cc:1497
17 0x00000000100091c4 _Z10initializeRN8Geometry8MeshBaseER5TetonIS0_ER8PartListIS0_Eiiiii()  /ccs/home/dappelh/codes/coral/sm60/Teton/SuOlsonTest.cc:385
18 0x0000000010006fa4 main()  /ccs/home/dappelh/codes/coral/sm60/Teton/SuOlsonTest.cc:208
19 0x0000000000024980 generic_start_main.isra.0()  libc-start.c:0
20 0x0000000000024b74 __libc_start_main()  ??:0
===================
==== backtrace ====
 2 0x0000000000074dc4 mxm_handle_error()  /var/tmp/OFED_topdir/BUILD/mxm-3.6.3102/src/mxm/util/debug/debug.c:641
 3 0x0000000000075ec8 __mxm_abort()  /var/tmp/OFED_topdir/BUILD/mxm-3.6.3102/src/mxm/util/debug/log.c:257
 4 0x00000000000813d8 mxm_ud_channel_timer()  /var/tmp/OFED_topdir/BUILD/mxm-3.6.3102/src/mxm/tl/ud/ud_channel.c:766
 5 0x00000000000865bc mxm_ud_ep_timer()  /var/tmp/OFED_topdir/BUILD/mxm-3.6.3102/src/mxm/tl/ud/ud_ep.c:144
 6 0x000000000007d21c mxm_invoke_callback()  /var/tmp/OFED_topdir/BUILD/mxm-3.6.3102/src/./mxm/util/datatype/callback.h:64
 7 0x000000000005680c mxm_timerq_sweep()  /var/tmp/OFED_topdir/BUILD/mxm-3.6.3102/src/./mxm/util/time/timerq.h:71
 8 0x0000000000053cb0 mxm_invoke_callback()  /var/tmp/OFED_topdir/BUILD/mxm-3.6.3102/src/./mxm/util/datatype/callback.h:64
 9 0x000000000005788c mxm_async_check_miss()  /var/tmp/OFED_topdir/BUILD/mxm-3.6.3102/src/mxm/core/async.h:222
10 0x00000000000073a0 mca_pml_yalla_recv()  ??:0
11 0x0000000000005004 mca_coll_basic_bcast_log_intra()  ??:0
12 0x0000000000023fcc mca_coll_ibm_bcast_stub()  ??:0
13 0x0000000000002f70 mca_coll_basic_allreduce_intra()  ??:0
14 0x0000000000023818 mca_coll_ibm_allreduce_stub()  ??:0
15 0x000000000008b478 MPI_Allreduce()  ??:0
16 0x000000001001b69c _ZN5TetonIN8Geometry8MeshBaseEE13CInitMaterialER8PartListIS1_E()  /autofs/nccs-svm1_home1/dappelh/codes/coral/sm60/Teton/transport/TetonInterface/../../transport/TetonInterface/Teton.cc:1497
17 0x00000000100091c4 _Z10initializeRN8Geometry8MeshBaseER5TetonIS0_ER8PartListIS0_Eiiiii()  /ccs/home/dappelh/codes/coral/sm60/Teton/SuOlsonTest.cc:385
18 0x0000000010006fa4 main()  /ccs/home/dappelh/codes/coral/sm60/Teton/SuOlsonTest.cc:208
19 0x0000000000024980 generic_start_main.isra.0()  libc-start.c:0
20 0x0000000000024b74 __libc_start_main()  ??:0
===================
==== backtrace ====
 2 0x0000000000074dc4 mxm_handle_error()  /var/tmp/OFED_topdir/BUILD/mxm-3.6.3102/src/mxm/util/debug/debug.c:641
 3 0x0000000000075ec8 __mxm_abort()  /var/tmp/OFED_topdir/BUILD/mxm-3.6.3102/src/mxm/util/debug/log.c:257
 4 0x00000000000813d8 mxm_ud_channel_timer()  /var/tmp/OFED_topdir/BUILD/mxm-3.6.3102/src/mxm/tl/ud/ud_channel.c:766
 5 0x00000000000865bc mxm_ud_ep_timer()  /var/tmp/OFED_topdir/BUILD/mxm-3.6.3102/src/mxm/tl/ud/ud_ep.c:144
 6 0x000000000007d21c mxm_invoke_callback()  /var/tmp/OFED_topdir/BUILD/mxm-3.6.3102/src/./mxm/util/datatype/callback.h:64
 7 0x000000000005680c mxm_timerq_sweep()  /var/tmp/OFED_topdir/BUILD/mxm-3.6.3102/src/./mxm/util/time/timerq.h:71
 8 0x0000000000053cb0 mxm_invoke_callback()  /var/tmp/OFED_topdir/BUILD/mxm-3.6.3102/src/./mxm/util/datatype/callback.h:64
 9 0x000000000005788c mxm_async_check_miss()  /var/tmp/OFED_topdir/BUILD/mxm-3.6.3102/src/mxm/core/async.h:222
==== backtrace ====
 2 0x0000000000074dc4 mxm_handle_error()  /var/tmp/OFED_topdir/BUILD/mxm-3.6.3102/src/mxm/util/debug/debug.c:641
 3 0x0000000000075ec8 __mxm_abort()  /var/tmp/OFED_topdir/BUILD/mxm-3.6.3102/src/mxm/util/debug/log.c:257
 4 0x00000000000813d8 mxm_ud_channel_timer()  /var/tmp/OFED_topdir/BUILD/mxm-3.6.3102/src/mxm/tl/ud/ud_channel.c:766
 5 0x00000000000865bc mxm_ud_ep_timer()  /var/tmp/OFED_topdir/BUILD/mxm-3.6.3102/src/mxm/tl/ud/ud_ep.c:144
 6 0x000000000007d21c mxm_invoke_callback()  /var/tmp/OFED_topdir/BUILD/mxm-3.6.3102/src/./mxm/util/datatype/callback.h:64
 7 0x000000000005680c mxm_timerq_sweep()  /var/tmp/OFED_topdir/BUILD/mxm-3.6.3102/src/./mxm/util/time/timerq.h:71
 8 0x0000000000053cb0 mxm_invoke_callback()  /var/tmp/OFED_topdir/BUILD/mxm-3.6.3102/src/./mxm/util/datatype/callback.h:64
 9 0x000000000005788c mxm_async_check_miss()  /var/tmp/OFED_topdir/BUILD/mxm-3.6.3102/src/mxm/core/async.h:222
10 0x00000000000073a0 mca_pml_yalla_recv()  ??:0
11 0x0000000000005004 mca_coll_basic_bcast_log_intra()  ??:0
12 0x0000000000023fcc mca_coll_ibm_bcast_stub()  ??:0
13 0x0000000000002f70 mca_coll_basic_allreduce_intra()  ??:0
14 0x0000000000023818 mca_coll_ibm_allreduce_stub()  ??:0
15 0x000000000008b478 MPI_Allreduce()  ??:0
16 0x000000001001b69c _ZN5TetonIN8Geometry8MeshBaseEE13CInitMaterialER8PartListIS1_E()  /autofs/nccs-svm1_home1/dappelh/codes/coral/sm60/Teton/transport/TetonInterface/../../transport/TetonInterface/Teton.cc:1497
17 0x00000000100091c4 _Z10initializeRN8Geometry8MeshBaseER5TetonIS0_ER8PartListIS0_Eiiiii()  /ccs/home/dappelh/codes/coral/sm60/Teton/SuOlsonTest.cc:385
18 0x0000000010006fa4 main()  /ccs/home/dappelh/codes/coral/sm60/Teton/SuOlsonTest.cc:208
19 0x0000000000024980 generic_start_main.isra.0()  libc-start.c:0
20 0x0000000000024b74 __libc_start_main()  ??:0
===================
10 0x000000000000671c mca_pml_yalla_send()  ??:0
11 0x000000000000a290 mca_coll_basic_reduce_log_intra()  ??:0
12 0x0000000000024a5c mca_coll_ibm_reduce_stub()  ??:0
13 0x0000000000002f30 mca_coll_basic_allreduce_intra()  ??:0
14 0x0000000000023818 mca_coll_ibm_allreduce_stub()  ??:0
15 0x000000000008b478 MPI_Allreduce()  ??:0
16 0x000000001001b69c _ZN5TetonIN8Geometry8MeshBaseEE13CInitMaterialER8PartListIS1_E()  /autofs/nccs-svm1_home1/dappelh/codes/coral/sm60/Teton/transport/TetonInterface/../../transport/TetonInterface/Teton.cc:1497
17 0x00000000100091c4 _Z10initializeRN8Geometry8MeshBaseER5TetonIS0_ER8PartListIS0_Eiiiii()  /ccs/home/dappelh/codes/coral/sm60/Teton/SuOlsonTest.cc:385
18 0x0000000010006fa4 main()  /ccs/home/dappelh/codes/coral/sm60/Teton/SuOlsonTest.cc:208
19 0x0000000000024980 generic_start_main.isra.0()  libc-start.c:0
20 0x0000000000024b74 __libc_start_main()  ??:0
===================
==== backtrace ====
 2 0x0000000000074dc4 mxm_handle_error()  /var/tmp/OFED_topdir/BUILD/mxm-3.6.3102/src/mxm/util/debug/debug.c:641
 3 0x0000000000075ec8 __mxm_abort()  /var/tmp/OFED_topdir/BUILD/mxm-3.6.3102/src/mxm/util/debug/log.c:257
 4 0x00000000000813d8 mxm_ud_channel_timer()  /var/tmp/OFED_topdir/BUILD/mxm-3.6.3102/src/mxm/tl/ud/ud_channel.c:766
 5 0x00000000000865bc mxm_ud_ep_timer()  /var/tmp/OFED_topdir/BUILD/mxm-3.6.3102/src/mxm/tl/ud/ud_ep.c:144
 6 0x000000000007d21c mxm_invoke_callback()  /var/tmp/OFED_topdir/BUILD/mxm-3.6.3102/src/./mxm/util/datatype/callback.h:64
 7 0x000000000005680c mxm_timerq_sweep()  /var/tmp/OFED_topdir/BUILD/mxm-3.6.3102/src/./mxm/util/time/timerq.h:71
 8 0x0000000000053cb0 mxm_invoke_callback()  /var/tmp/OFED_topdir/BUILD/mxm-3.6.3102/src/./mxm/util/datatype/callback.h:64
 9 0x000000000005788c mxm_async_check_miss()  /var/tmp/OFED_topdir/BUILD/mxm-3.6.3102/src/mxm/core/async.h:222
10 0x00000000000073a0 mca_pml_yalla_recv()  ??:0
11 0x0000000000005004 mca_coll_basic_bcast_log_intra()  ??:0
12 0x0000000000023fcc mca_coll_ibm_bcast_stub()  ??:0
13 0x0000000000002f70 mca_coll_basic_allreduce_intra()  ??:0
14 0x0000000000023818 mca_coll_ibm_allreduce_stub()  ??:0
15 0x000000000008b478 MPI_Allreduce()  ??:0
16 0x000000001001b69c _ZN5TetonIN8Geometry8MeshBaseEE13CInitMaterialER8PartListIS1_E()  /autofs/nccs-svm1_home1/dappelh/codes/coral/sm60/Teton/transport/TetonInterface/../../transport/TetonInterface/Teton.cc:1497
17 0x00000000100091c4 _Z10initializeRN8Geometry8MeshBaseER5TetonIS0_ER8PartListIS0_Eiiiii()  /ccs/home/dappelh/codes/coral/sm60/Teton/SuOlsonTest.cc:385
18 0x0000000010006fa4 main()  /ccs/home/dappelh/codes/coral/sm60/Teton/SuOlsonTest.cc:208
19 0x0000000000024980 generic_start_main.isra.0()  libc-start.c:0
20 0x0000000000024b74 __libc_start_main()  ??:0
===================
==== backtrace ====
 2 0x0000000000074dc4 mxm_handle_error()  /var/tmp/OFED_topdir/BUILD/mxm-3.6.3102/src/mxm/util/debug/debug.c:641
 3 0x0000000000075ec8 __mxm_abort()  /var/tmp/OFED_topdir/BUILD/mxm-3.6.3102/src/mxm/util/debug/log.c:257
 4 0x00000000000813d8 mxm_ud_channel_timer()  /var/tmp/OFED_topdir/BUILD/mxm-3.6.3102/src/mxm/tl/ud/ud_channel.c:766
 5 0x00000000000865bc mxm_ud_ep_timer()  /var/tmp/OFED_topdir/BUILD/mxm-3.6.3102/src/mxm/tl/ud/ud_ep.c:144
 6 0x000000000007d21c mxm_invoke_callback()  /var/tmp/OFED_topdir/BUILD/mxm-3.6.3102/src/./mxm/util/datatype/callback.h:64
 7 0x000000000005680c mxm_timerq_sweep()  /var/tmp/OFED_topdir/BUILD/mxm-3.6.3102/src/./mxm/util/time/timerq.h:71
 8 0x0000000000053cb0 mxm_invoke_callback()  /var/tmp/OFED_topdir/BUILD/mxm-3.6.3102/src/./mxm/util/datatype/callback.h:64
 9 0x000000000005788c mxm_async_check_miss()  /var/tmp/OFED_topdir/BUILD/mxm-3.6.3102/src/mxm/core/async.h:222
10 0x00000000000073a0 mca_pml_yalla_recv()  ??:0
11 0x0000000000005004 mca_coll_basic_bcast_log_intra()  ??:0
12 0x0000000000023fcc mca_coll_ibm_bcast_stub()  ??:0
13 0x0000000000002f70 mca_coll_basic_allreduce_intra()  ??:0
14 0x0000000000023818 mca_coll_ibm_allreduce_stub()  ??:0
15 0x000000000008b478 MPI_Allreduce()  ??:0
16 0x000000001001b69c _ZN5TetonIN8Geometry8MeshBaseEE13CInitMaterialER8PartListIS1_E()  /autofs/nccs-svm1_home1/dappelh/codes/coral/sm60/Teton/transport/TetonInterface/../../transport/TetonInterface/Teton.cc:1497
17 0x00000000100091c4 _Z10initializeRN8Geometry8MeshBaseER5TetonIS0_ER8PartListIS0_Eiiiii()  /ccs/home/dappelh/codes/coral/sm60/Teton/SuOlsonTest.cc:385
18 0x0000000010006fa4 main()  /ccs/home/dappelh/codes/coral/sm60/Teton/SuOlsonTest.cc:208
19 0x0000000000024980 generic_start_main.isra.0()  libc-start.c:0
20 0x0000000000024b74 __libc_start_main()  ??:0
===================
==== backtrace ====
 2 0x0000000000074dc4 mxm_handle_error()  /var/tmp/OFED_topdir/BUILD/mxm-3.6.3102/src/mxm/util/debug/debug.c:641
 3 0x0000000000075ec8 __mxm_abort()  /var/tmp/OFED_topdir/BUILD/mxm-3.6.3102/src/mxm/util/debug/log.c:257
 4 0x00000000000813d8 mxm_ud_channel_timer()  /var/tmp/OFED_topdir/BUILD/mxm-3.6.3102/src/mxm/tl/ud/ud_channel.c:766
 5 0x00000000000865bc mxm_ud_ep_timer()  /var/tmp/OFED_topdir/BUILD/mxm-3.6.3102/src/mxm/tl/ud/ud_ep.c:144
 6 0x000000000007d21c mxm_invoke_callback()  /var/tmp/OFED_topdir/BUILD/mxm-3.6.3102/src/./mxm/util/datatype/callback.h:64
 7 0x000000000005680c mxm_timerq_sweep()  /var/tmp/OFED_topdir/BUILD/mxm-3.6.3102/src/./mxm/util/time/timerq.h:71
 8 0x0000000000053cb0 mxm_invoke_callback()  /var/tmp/OFED_topdir/BUILD/mxm-3.6.3102/src/./mxm/util/datatype/callback.h:64
 9 0x000000000005788c mxm_async_check_miss()  /var/tmp/OFED_topdir/BUILD/mxm-3.6.3102/src/mxm/core/async.h:222
10 0x00000000000073a0 mca_pml_yalla_recv()  ??:0
11 0x0000000000009ebc mca_coll_basic_reduce_log_intra()  ??:0
12 0x0000000000024a5c mca_coll_ibm_reduce_stub()  ??:0
13 0x0000000000002f30 mca_coll_basic_allreduce_intra()  ??:0
14 0x0000000000023818 mca_coll_ibm_allreduce_stub()  ??:0
15 0x000000000008b478 MPI_Allreduce()  ??:0
16 0x000000001001b69c _ZN5TetonIN8Geometry8MeshBaseEE13CInitMaterialER8PartListIS1_E()  /autofs/nccs-svm1_home1/dappelh/codes/coral/sm60/Teton/transport/TetonInterface/../../transport/TetonInterface/Teton.cc:1497
17 0x00000000100091c4 _Z10initializeRN8Geometry8MeshBaseER5TetonIS0_ER8PartListIS0_Eiiiii()  /ccs/home/dappelh/codes/coral/sm60/Teton/SuOlsonTest.cc:385
18 0x0000000010006fa4 main()  /ccs/home/dappelh/codes/coral/sm60/Teton/SuOlsonTest.cc:208
19 0x0000000000024980 generic_start_main.isra.0()  libc-start.c:0
20 0x0000000000024b74 __libc_start_main()  ??:0
===================
ERROR: The connection to the JSM daemon has failed.
  This is a strong indication that the JSM daemon has exited unexpectedly.
  When this occurs, error logs are left on the affected nodes in
/tmp/JSMDIAG-LOG-<hostname>-<pid> or in
/tmp/jsm.batch3.12954/50017/JSMD-LOG-<hostname>-<pid>
[batch3:116838] PMIX ERROR: UNPACK-PAST-END in file tool/pmix_tool.c at line 105
