OMP: Warning #123: Ignoring invalid OS proc ID 120.
OMP: Warning #123: Ignoring invalid OS proc ID 124.
OMP: Warning #123: Ignoring invalid OS proc ID 128.
OMP: Warning #123: Ignoring invalid OS proc ID 132.
OMP: Warning #123: Ignoring invalid OS proc ID 136.
OMP: Warning #123: Ignoring invalid OS proc ID 140.
OMP: Warning #123: Ignoring invalid OS proc ID 92.
OMP: Warning #123: Ignoring invalid OS proc ID 96.
OMP: Warning #123: Ignoring invalid OS proc ID 100.
OMP: Warning #123: Ignoring invalid OS proc ID 104.
OMP: Warning #123: Ignoring invalid OS proc ID 108.
OMP: Warning #123: Ignoring invalid OS proc ID 112.
OMP: Warning #123: Ignoring invalid OS proc ID 60.
OMP: Warning #123: Ignoring invalid OS proc ID 64.
OMP: Warning #123: Ignoring invalid OS proc ID 68.
OMP: Warning #123: Ignoring invalid OS proc ID 72.
OMP: Warning #123: Ignoring invalid OS proc ID 76.
OMP: Warning #123: Ignoring invalid OS proc ID 80.
OMP: Warning #123: Ignoring invalid OS proc ID 4.
OMP: Warning #123: Ignoring invalid OS proc ID 8.
OMP: Warning #123: Ignoring invalid OS proc ID 12.
OMP: Warning #123: Ignoring invalid OS proc ID 16.
OMP: Warning #123: Ignoring invalid OS proc ID 20.
OMP: Warning #123: Ignoring invalid OS proc ID 24.
OMP: Warning #123: Ignoring invalid OS proc ID 32.
OMP: Warning #123: Ignoring invalid OS proc ID 36.
OMP: Warning #123: Ignoring invalid OS proc ID 40.
OMP: Warning #123: Ignoring invalid OS proc ID 44.
OMP: Warning #123: Ignoring invalid OS proc ID 48.
OMP: Warning #123: Ignoring invalid OS proc ID 52.
OMP: Warning #123: Ignoring invalid OS proc ID 148.
OMP: Warning #123: Ignoring invalid OS proc ID 152.
OMP: Warning #123: Ignoring invalid OS proc ID 156.
OMP: Warning #123: Ignoring invalid OS proc ID 160.
OMP: Warning #123: Ignoring invalid OS proc ID 164.
OMP: Warning #123: Ignoring invalid OS proc ID 168.
from Timer_Print: could not open timing_summary.40786
timing summary printed to stderr

------------------------------------------------------------------------------------------------
Timing  summary:                 #calls       avg(sec)     min(sec) minRank     max(sec) maxRank
------------------------------------------------------------------------------------------------
work                                  1       214.865      214.848       0      214.874       3
getgeometry                           7         1.463        1.427       0        1.506       4
reflect                               7         0.164        0.122       3        0.197       0
rtorder                               7       100.433       99.707       1      100.968       5
scheduler                             7         0.001        0.001       2        0.001       5
advanceRT                             7         6.781        6.666       5        6.879       3
_ZoneLoop0                            7         0.656        0.595       4        0.758       1
_snmoments1                           7         5.205        5.153       1        5.278       2
__snmoments                         352         0.008        0.007       3        0.008       0
_ZoneLoop2                            7         0.633        0.590       5        0.660       3
rtstrtsn                              7         0.996        0.856       4        1.100       2
_initialize                           7         0.070        0.040       3        0.107       5
_zoneaverage                          7         0.324        0.252       4        0.364       0
compton                               7         0.122        0.069       4        0.182       2
absorbrate                           38         3.267        3.171       3        3.452       4
material                             38        20.506       20.264       4       20.680       5
exch                                 31         5.754        5.381       1        6.297       3
rswpmd                               31        59.396       58.871       2       59.770       5
_setflux                             68         6.994        6.449       4        7.851       2
_initexch                            37         1.014        0.071       2        1.508       1
_anglebins                           37        46.119       45.630       0       46.414       3
rtconi                               31         4.688        4.550       4        4.784       2
rtconv                               31         5.041        4.794       5        5.328       4
bdyedt                                7         0.529        0.529       1        0.529       5
