OMP: Warning #123: Ignoring invalid OS proc ID 92.
OMP: Warning #123: Ignoring invalid OS proc ID 96.
OMP: Warning #123: Ignoring invalid OS proc ID 120.
OMP: Warning #123: Ignoring invalid OS proc ID 124.
OMP: Warning #123: Ignoring invalid OS proc ID 128.
OMP: Warning #123: Ignoring invalid OS proc ID 132.
OMP: Warning #123: Ignoring invalid OS proc ID 136.
OMP: Warning #123: Ignoring invalid OS proc ID 140.
OMP: Warning #123: Ignoring invalid OS proc ID 32.
OMP: Warning #123: Ignoring invalid OS proc ID 36.
OMP: Warning #123: Ignoring invalid OS proc ID 40.
OMP: Warning #123: Ignoring invalid OS proc ID 44.
OMP: Warning #123: Ignoring invalid OS proc ID 48.
OMP: Warning #123: Ignoring invalid OS proc ID 52.
OMP: Warning #123: Ignoring invalid OS proc ID 100.
OMP: Warning #123: Ignoring invalid OS proc ID 104.
OMP: Warning #123: Ignoring invalid OS proc ID 108.
OMP: Warning #123: Ignoring invalid OS proc ID 112.
OMP: Warning #123: Ignoring invalid OS proc ID 4.
OMP: Warning #123: Ignoring invalid OS proc ID 8.
OMP: Warning #123: Ignoring invalid OS proc ID 12.
OMP: Warning #123: Ignoring invalid OS proc ID 16.
OMP: Warning #123: Ignoring invalid OS proc ID 20.
OMP: Warning #123: Ignoring invalid OS proc ID 24.
OMP: Warning #123: Ignoring invalid OS proc ID 148.
OMP: Warning #123: Ignoring invalid OS proc ID 152.
OMP: Warning #123: Ignoring invalid OS proc ID 156.
OMP: Warning #123: Ignoring invalid OS proc ID 160.
OMP: Warning #123: Ignoring invalid OS proc ID 164.
OMP: Warning #123: Ignoring invalid OS proc ID 168.
OMP: Warning #123: Ignoring invalid OS proc ID 60.
OMP: Warning #123: Ignoring invalid OS proc ID 64.
OMP: Warning #123: Ignoring invalid OS proc ID 68.
OMP: Warning #123: Ignoring invalid OS proc ID 72.
OMP: Warning #123: Ignoring invalid OS proc ID 76.
OMP: Warning #123: Ignoring invalid OS proc ID 80.
from Timer_Print: could not open timing_summary.40792
timing summary printed to stderr

------------------------------------------------------------------------------------------------
Timing  summary:                 #calls       avg(sec)     min(sec) minRank     max(sec) maxRank
------------------------------------------------------------------------------------------------
work                                  1       300.244      300.200       0      300.253       5
getgeometry                           7         1.475        1.428       0        1.619       5
reflect                               7         0.167        0.122       3        0.199       4
rtorder                               7       156.280      154.904       4      158.592       0
scheduler                             7         0.001        0.001       2        0.001       5
advanceRT                             7        10.417       10.250       2       10.679       5
_ZoneLoop0                            7         2.282        2.279       2        2.285       0
_snmoments1                           7         5.377        5.231       2        5.657       5
__snmoments                         352         0.007        0.007       4        0.008       0
_ZoneLoop2                            7         2.457        2.434       2        2.490       4
rtstrtsn                              7         1.629        1.534       3        1.735       0
_initialize                           7         0.051        0.016       3        0.128       4
_zoneaverage                          7         1.010        0.935       3        1.053       2
compton                               7         0.184        0.014       0        0.282       5
absorbrate                           38        12.508       12.316       1       12.757       2
material                             38        25.204       25.057       3       25.386       1
exch                                 31         5.256        4.778       5        5.801       3
rswpmd                               31        65.259       64.848       3       65.582       1
_setflux                             68         5.732        5.244       1        6.501       2
_initexch                            37         0.858        0.072       2        1.434       1
_anglebins                           37        46.063       45.666       0       46.403       3
rtconi                               31         7.218        7.029       3        7.363       1
rtconv                               31         5.654        5.508       5        5.823       4
bdyedt                                7         0.407        0.406       3        0.407       4
