OMP: Warning #123: Ignoring invalid OS proc ID 32.
OMP: Warning #123: Ignoring invalid OS proc ID 36.
OMP: Warning #123: Ignoring invalid OS proc ID 40.
OMP: Warning #123: Ignoring invalid OS proc ID 44.
OMP: Warning #123: Ignoring invalid OS proc ID 48.
OMP: Warning #123: Ignoring invalid OS proc ID 52.
OMP: Warning #123: Ignoring invalid OS proc ID 4.
OMP: Warning #123: Ignoring invalid OS proc ID 8.
OMP: Warning #123: Ignoring invalid OS proc ID 12.
OMP: Warning #123: Ignoring invalid OS proc ID 16.
OMP: Warning #123: Ignoring invalid OS proc ID 20.
OMP: Warning #123: Ignoring invalid OS proc ID 24.
OMP: Warning #123: Ignoring invalid OS proc ID 60.
OMP: Warning #123: Ignoring invalid OS proc ID 64.
OMP: Warning #123: Ignoring invalid OS proc ID 68.
OMP: Warning #123: Ignoring invalid OS proc ID 72.
OMP: Warning #123: Ignoring invalid OS proc ID 76.
OMP: Warning #123: Ignoring invalid OS proc ID 80.
OMP: Warning #123: Ignoring invalid OS proc ID 120.
OMP: Warning #123: Ignoring invalid OS proc ID 124.
OMP: Warning #123: Ignoring invalid OS proc ID 128.
OMP: Warning #123: Ignoring invalid OS proc ID 132.
OMP: Warning #123: Ignoring invalid OS proc ID 136.
OMP: Warning #123: Ignoring invalid OS proc ID 140.
OMP: Warning #123: Ignoring invalid OS proc ID 148.
OMP: Warning #123: Ignoring invalid OS proc ID 152.
OMP: Warning #123: Ignoring invalid OS proc ID 156.
OMP: Warning #123: Ignoring invalid OS proc ID 160.
OMP: Warning #123: Ignoring invalid OS proc ID 164.
OMP: Warning #123: Ignoring invalid OS proc ID 168.
OMP: Warning #123: Ignoring invalid OS proc ID 92.
OMP: Warning #123: Ignoring invalid OS proc ID 96.
OMP: Warning #123: Ignoring invalid OS proc ID 100.
OMP: Warning #123: Ignoring invalid OS proc ID 104.
OMP: Warning #123: Ignoring invalid OS proc ID 108.
OMP: Warning #123: Ignoring invalid OS proc ID 112.
from Timer_Print: could not open timing_summary.40798
timing summary printed to stderr

------------------------------------------------------------------------------------------------
Timing  summary:                 #calls       avg(sec)     min(sec) minRank     max(sec) maxRank
------------------------------------------------------------------------------------------------
work                                  1       214.376      214.353       0      214.382       1
getgeometry                           7         1.464        1.428       3        1.504       2
reflect                               7         0.175        0.130       3        0.213       5
rtorder                               7        99.910       98.102       4      101.019       5
scheduler                             7         0.001        0.001       0        0.001       5
advanceRT                             7         6.950        6.876       1        7.046       0
_ZoneLoop0                            7         0.662        0.580       1        0.757       0
_snmoments1                           7         5.227        5.187       2        5.306       4
__snmoments                         352         0.007        0.007       4        0.008       0
_ZoneLoop2                            7         0.790        0.723       4        0.814       0
rtstrtsn                              7         0.936        0.870       4        1.038       0
_initialize                           7         0.067        0.039       5        0.116       1
_zoneaverage                          7         0.289        0.245       3        0.346       2
compton                               7         0.092        0.021       4        0.196       2
absorbrate                           38         3.130        2.946       2        3.297       4
material                             38        20.464       20.188       2       20.633       5
exch                                 31         5.833        5.294       0        6.357       3
rswpmd                               31        59.424       58.945       3       59.785       4
_setflux                             68         7.054        6.604       4        7.801       2
_initexch                            37         1.134        0.208       2        1.701       4
_anglebins                           37        45.990       45.529       0       46.286       3
rtconi                               31         4.498        4.275       4        4.674       2
rtconv                               31         4.803        4.625       5        5.105       2
bdyedt                                7         0.598        0.598       5        0.599       3
