OMP: Warning #123: Ignoring invalid OS proc ID 4.
OMP: Warning #123: Ignoring invalid OS proc ID 8.
OMP: Warning #123: Ignoring invalid OS proc ID 12.
OMP: Warning #123: Ignoring invalid OS proc ID 16.
OMP: Warning #123: Ignoring invalid OS proc ID 20.
OMP: Warning #123: Ignoring invalid OS proc ID 24.
OMP: Warning #123: Ignoring invalid OS proc ID 120.
OMP: Warning #123: Ignoring invalid OS proc ID 124.
OMP: Warning #123: Ignoring invalid OS proc ID 128.
OMP: Warning #123: Ignoring invalid OS proc ID 132.
OMP: Warning #123: Ignoring invalid OS proc ID 136.
OMP: Warning #123: Ignoring invalid OS proc ID 140.
OMP: Warning #123: Ignoring invalid OS proc ID 92.
OMP: Warning #123: Ignoring invalid OS proc ID 96.
OMP: Warning #123: Ignoring invalid OS proc ID 100.
OMP: Warning #123: Ignoring invalid OS proc ID 104.
OMP: Warning #123: Ignoring invalid OS proc ID 108.
OMP: Warning #123: Ignoring invalid OS proc ID 112.
OMP: Warning #123: Ignoring invalid OS proc ID 148.
OMP: Warning #123: Ignoring invalid OS proc ID 152.
OMP: Warning #123: Ignoring invalid OS proc ID 156.
OMP: Warning #123: Ignoring invalid OS proc ID 160.
OMP: Warning #123: Ignoring invalid OS proc ID 164.
OMP: Warning #123: Ignoring invalid OS proc ID 168.
OMP: Warning #123: Ignoring invalid OS proc ID 32.
OMP: Warning #123: Ignoring invalid OS proc ID 36.
OMP: Warning #123: Ignoring invalid OS proc ID 40.
OMP: Warning #123: Ignoring invalid OS proc ID 44.
OMP: Warning #123: Ignoring invalid OS proc ID 48.
OMP: Warning #123: Ignoring invalid OS proc ID 52.
OMP: Warning #123: Ignoring invalid OS proc ID 60.
OMP: Warning #123: Ignoring invalid OS proc ID 64.
OMP: Warning #123: Ignoring invalid OS proc ID 68.
OMP: Warning #123: Ignoring invalid OS proc ID 72.
OMP: Warning #123: Ignoring invalid OS proc ID 76.
OMP: Warning #123: Ignoring invalid OS proc ID 80.
from Timer_Print: could not open timing_summary.40800
timing summary printed to stderr

------------------------------------------------------------------------------------------------
Timing  summary:                 #calls       avg(sec)     min(sec) minRank     max(sec) maxRank
------------------------------------------------------------------------------------------------
work                                  1       214.108      214.087       0      214.115       3
getgeometry                           7         1.460        1.432       2        1.472       1
reflect                               7         0.170        0.114       2        0.201       0
rtorder                               7       100.140       99.498       1      101.011       4
scheduler                             7         0.001        0.001       2        0.001       4
advanceRT                             7         6.780        6.705       4        6.897       0
_ZoneLoop0                            7         0.607        0.522       4        0.691       0
_snmoments1                           7         5.236        5.179       2        5.287       0
__snmoments                         352         0.008        0.007       3        0.008       0
_ZoneLoop2                            7         0.657        0.612       3        0.701       2
rtstrtsn                              7         0.922        0.825       5        1.003       0
_initialize                           7         0.096        0.066       0        0.127       1
_zoneaverage                          7         0.259        0.179       2        0.316       3
compton                               7         0.137        0.037       3        0.186       5
absorbrate                           38         3.003        2.894       3        3.118       0
material                             38        20.766       20.397       4       21.108       5
exch                                 31         5.720        5.295       0        6.152       3
rswpmd                               31        59.517       59.141       2       59.873       4
_setflux                             68         7.100        6.664       4        7.739       2
_initexch                            37         1.075        0.107       2        1.786       4
_anglebins                           37        46.048       45.553       0       46.370       3
rtconi                               31         4.286        4.180       2        4.414       3
rtconv                               31         4.844        4.517       1        5.229       4
bdyedt                                7         0.620        0.619       4        0.621       3
