OMP: Warning #123: Ignoring invalid OS proc ID 120.
OMP: Warning #123: Ignoring invalid OS proc ID 124.
OMP: Warning #123: Ignoring invalid OS proc ID 128.
OMP: Warning #123: Ignoring invalid OS proc ID 132.
OMP: Warning #123: Ignoring invalid OS proc ID 136.
OMP: Warning #123: Ignoring invalid OS proc ID 140.
OMP: Warning #123: Ignoring invalid OS proc ID 4.
OMP: Warning #123: Ignoring invalid OS proc ID 8.
OMP: Warning #123: Ignoring invalid OS proc ID 12.
OMP: Warning #123: Ignoring invalid OS proc ID 16.
OMP: Warning #123: Ignoring invalid OS proc ID 20.
OMP: Warning #123: Ignoring invalid OS proc ID 24.
OMP: Warning #123: Ignoring invalid OS proc ID 32.
OMP: Warning #123: Ignoring invalid OS proc ID 36.
OMP: Warning #123: Ignoring invalid OS proc ID 40.
OMP: Warning #123: Ignoring invalid OS proc ID 44.
OMP: Warning #123: Ignoring invalid OS proc ID 48.
OMP: Warning #123: Ignoring invalid OS proc ID 52.
OMP: Warning #123: Ignoring invalid OS proc ID 148.
OMP: Warning #123: Ignoring invalid OS proc ID 152.
OMP: Warning #123: Ignoring invalid OS proc ID 156.
OMP: Warning #123: Ignoring invalid OS proc ID 160.
OMP: Warning #123: Ignoring invalid OS proc ID 164.
OMP: Warning #123: Ignoring invalid OS proc ID 168.
OMP: Warning #123: Ignoring invalid OS proc ID 92.
OMP: Warning #123: Ignoring invalid OS proc ID 96.
OMP: Warning #123: Ignoring invalid OS proc ID 100.
OMP: Warning #123: Ignoring invalid OS proc ID 104.
OMP: Warning #123: Ignoring invalid OS proc ID 108.
OMP: Warning #123: Ignoring invalid OS proc ID 112.
OMP: Warning #123: Ignoring invalid OS proc ID 60.
OMP: Warning #123: Ignoring invalid OS proc ID 64.
OMP: Warning #123: Ignoring invalid OS proc ID 68.
OMP: Warning #123: Ignoring invalid OS proc ID 72.
OMP: Warning #123: Ignoring invalid OS proc ID 76.
OMP: Warning #123: Ignoring invalid OS proc ID 80.
from Timer_Print: could not open timing_summary.40801
timing summary printed to stderr

------------------------------------------------------------------------------------------------
Timing  summary:                 #calls       avg(sec)     min(sec) minRank     max(sec) maxRank
------------------------------------------------------------------------------------------------
work                                  1       214.282      214.266       0      214.303       1
getgeometry                           7         1.464        1.420       5        1.557       4
reflect                               7         0.162        0.120       2        0.192       4
rtorder                               7       100.056       99.319       0      100.946       5
scheduler                             7         0.001        0.001       2        0.001       5
advanceRT                             7         6.915        6.804       2        7.047       5
_ZoneLoop0                            7         0.728        0.646       4        0.791       0
_snmoments1                           7         5.190        5.156       3        5.311       5
__snmoments                         352         0.007        0.007       4        0.008       0
_ZoneLoop2                            7         0.709        0.650       2        0.751       0
rtstrtsn                              7         0.920        0.838       2        1.011       0
_initialize                           7         0.074        0.041       2        0.120       1
_zoneaverage                          7         0.277        0.222       3        0.360       0
compton                               7         0.067        0.020       5        0.120       2
absorbrate                           38         3.193        3.096       0        3.278       5
material                             38        20.420       20.148       0       20.798       1
exch                                 31         5.777        5.317       0        6.391       3
rswpmd                               31        59.377       58.882       3       59.745       0
_setflux                             68         7.111        6.634       1        7.844       2
_initexch                            37         1.098        0.173       3        1.625       0
_anglebins                           37        46.002       45.675       0       46.256       3
rtconi                               31         4.400        4.313       3        4.501       1
rtconv                               31         5.029        4.711       1        5.259       0
bdyedt                                7         0.597        0.597       3        0.598       1
