OMP: Warning #123: Ignoring invalid OS proc ID 92.
OMP: Warning #123: Ignoring invalid OS proc ID 96.
OMP: Warning #123: Ignoring invalid OS proc ID 100.
OMP: Warning #123: Ignoring invalid OS proc ID 104.
OMP: Warning #123: Ignoring invalid OS proc ID 108.
OMP: Warning #123: Ignoring invalid OS proc ID 112.
OMP: Warning #123: Ignoring invalid OS proc ID 120.
OMP: Warning #123: Ignoring invalid OS proc ID 124.
OMP: Warning #123: Ignoring invalid OS proc ID 128.
OMP: Warning #123: Ignoring invalid OS proc ID 132.
OMP: Warning #123: Ignoring invalid OS proc ID 136.
OMP: Warning #123: Ignoring invalid OS proc ID 140.
OMP: Warning #123: Ignoring invalid OS proc ID 148.
OMP: Warning #123: Ignoring invalid OS proc ID 152.
OMP: Warning #123: Ignoring invalid OS proc ID 156.
OMP: Warning #123: Ignoring invalid OS proc ID 160.
OMP: Warning #123: Ignoring invalid OS proc ID 164.
OMP: Warning #123: Ignoring invalid OS proc ID 168.
OMP: Warning #123: Ignoring invalid OS proc ID 60.
OMP: Warning #123: Ignoring invalid OS proc ID 64.
OMP: Warning #123: Ignoring invalid OS proc ID 68.
OMP: Warning #123: Ignoring invalid OS proc ID 72.
OMP: Warning #123: Ignoring invalid OS proc ID 76.
OMP: Warning #123: Ignoring invalid OS proc ID 80.
OMP: Warning #123: Ignoring invalid OS proc ID 32.
OMP: Warning #123: Ignoring invalid OS proc ID 36.
OMP: Warning #123: Ignoring invalid OS proc ID 40.
OMP: Warning #123: Ignoring invalid OS proc ID 44.
OMP: Warning #123: Ignoring invalid OS proc ID 48.
OMP: Warning #123: Ignoring invalid OS proc ID 52.
OMP: Warning #123: Ignoring invalid OS proc ID 4.
OMP: Warning #123: Ignoring invalid OS proc ID 8.
OMP: Warning #123: Ignoring invalid OS proc ID 12.
OMP: Warning #123: Ignoring invalid OS proc ID 16.
OMP: Warning #123: Ignoring invalid OS proc ID 20.
OMP: Warning #123: Ignoring invalid OS proc ID 24.
from Timer_Print: could not open timing_summary.40807
timing summary printed to stderr

------------------------------------------------------------------------------------------------
Timing  summary:                 #calls       avg(sec)     min(sec) minRank     max(sec) maxRank
------------------------------------------------------------------------------------------------
work                                  1       214.111      214.093       4      214.120       3
getgeometry                           7         1.474        1.429       4        1.512       5
reflect                               7         0.173        0.131       2        0.211       5
rtorder                               7        99.925       99.144       0      100.918       4
scheduler                             7         0.001        0.001       2        0.002       4
advanceRT                             7         6.801        6.725       0        6.837       3
_ZoneLoop0                            7         0.716        0.635       5        0.814       1
_snmoments1                           7         5.193        5.162       3        5.235       4
__snmoments                         352         0.008        0.007       2        0.008       0
_ZoneLoop2                            7         0.633        0.598       0        0.652       5
rtstrtsn                              7         0.861        0.790       3        0.914       4
_initialize                           7         0.080        0.040       4        0.110       5
_zoneaverage                          7         0.243        0.182       3        0.344       4
compton                               7         0.168        0.104       3        0.215       0
absorbrate                           38         2.964        2.834       3        3.142       2
material                             38        20.525       20.261       2       20.834       1
exch                                 31         5.749        5.280       4        6.408       3
rswpmd                               31        59.527       59.081       2       59.837       0
_setflux                             68         7.023        6.537       4        7.839       2
_initexch                            37         1.154        0.128       2        1.728       0
_anglebins                           37        46.085       45.689       0       46.389       3
rtconi                               31         4.524        4.421       2        4.618       3
rtconv                               31         4.937        4.691       0        5.169       2
bdyedt                                7         0.550        0.550       5        0.551       2
