OMP: Warning #123: Ignoring invalid OS proc ID 120.
OMP: Warning #123: Ignoring invalid OS proc ID 124.
OMP: Warning #123: Ignoring invalid OS proc ID 128.
OMP: Warning #123: Ignoring invalid OS proc ID 132.
OMP: Warning #123: Ignoring invalid OS proc ID 136.
OMP: Warning #123: Ignoring invalid OS proc ID 140.
OMP: Warning #123: Ignoring invalid OS proc ID 92.
OMP: Warning #123: Ignoring invalid OS proc ID 96.
OMP: Warning #123: Ignoring invalid OS proc ID 100.
OMP: Warning #123: Ignoring invalid OS proc ID 104.
OMP: Warning #123: Ignoring invalid OS proc ID 108.
OMP: Warning #123: Ignoring invalid OS proc ID 112.
OMP: Warning #123: Ignoring invalid OS proc ID 148.
OMP: Warning #123: Ignoring invalid OS proc ID 152.
OMP: Warning #123: Ignoring invalid OS proc ID 156.
OMP: Warning #123: Ignoring invalid OS proc ID 160.
OMP: Warning #123: Ignoring invalid OS proc ID 164.
OMP: Warning #123: Ignoring invalid OS proc ID 168.
OMP: Warning #123: Ignoring invalid OS proc ID 4.
OMP: Warning #123: Ignoring invalid OS proc ID 8.
OMP: Warning #123: Ignoring invalid OS proc ID 12.
OMP: Warning #123: Ignoring invalid OS proc ID 16.
OMP: Warning #123: Ignoring invalid OS proc ID 20.
OMP: Warning #123: Ignoring invalid OS proc ID 24.
OMP: Warning #123: Ignoring invalid OS proc ID 32.
OMP: Warning #123: Ignoring invalid OS proc ID 36.
OMP: Warning #123: Ignoring invalid OS proc ID 40.
OMP: Warning #123: Ignoring invalid OS proc ID 44.
OMP: Warning #123: Ignoring invalid OS proc ID 48.
OMP: Warning #123: Ignoring invalid OS proc ID 52.
OMP: Warning #123: Ignoring invalid OS proc ID 60.
OMP: Warning #123: Ignoring invalid OS proc ID 64.
OMP: Warning #123: Ignoring invalid OS proc ID 68.
OMP: Warning #123: Ignoring invalid OS proc ID 72.
OMP: Warning #123: Ignoring invalid OS proc ID 76.
OMP: Warning #123: Ignoring invalid OS proc ID 80.
from Timer_Print: could not open timing_summary.40808
timing summary printed to stderr

------------------------------------------------------------------------------------------------
Timing  summary:                 #calls       avg(sec)     min(sec) minRank     max(sec) maxRank
------------------------------------------------------------------------------------------------
work                                  1       215.411      215.395       2      215.425       1
getgeometry                           7         1.479        1.453       4        1.516       5
reflect                               7         0.173        0.124       3        0.220       1
rtorder                               7        99.932       98.561       4      101.442       5
scheduler                             7         0.002        0.002       4        0.002       5
advanceRT                             7         6.900        6.781       0        7.019       2
_ZoneLoop0                            7         0.705        0.569       0        0.786       5
_snmoments1                           7         5.247        5.193       1        5.311       0
__snmoments                         352         0.008        0.007       3        0.008       0
_ZoneLoop2                            7         0.671        0.629       1        0.741       2
rtstrtsn                              7         1.011        0.884       3        1.141       2
_initialize                           7         0.115        0.041       3        0.180       5
_zoneaverage                          7         0.256        0.165       5        0.295       3
compton                               7         0.134        0.064       1        0.228       2
absorbrate                           38         3.317        3.222       0        3.395       3
material                             38        20.684       20.439       2       20.898       4
exch                                 31         5.818        5.398       5        6.409       3
rswpmd                               31        59.477       58.980       3       59.839       5
_setflux                             68         7.080        6.649       1        7.882       2
_initexch                            37         1.073        0.213       2        1.837       5
_anglebins                           37        46.066       45.622       0       46.376       3
rtconi                               31         4.561        4.480       3        4.641       0
rtconv                               31         4.888        4.802       4        5.002       2
bdyedt                                7         0.608        0.608       3        0.609       4
