OMP: Warning #123: Ignoring invalid OS proc ID 120.
OMP: Warning #123: Ignoring invalid OS proc ID 124.
OMP: Warning #123: Ignoring invalid OS proc ID 128.
OMP: Warning #123: Ignoring invalid OS proc ID 132.
OMP: Warning #123: Ignoring invalid OS proc ID 136.
OMP: Warning #123: Ignoring invalid OS proc ID 140.
OMP: Warning #123: Ignoring invalid OS proc ID 60.
OMP: Warning #123: Ignoring invalid OS proc ID 64.
OMP: Warning #123: Ignoring invalid OS proc ID 68.
OMP: Warning #123: Ignoring invalid OS proc ID 72.
OMP: Warning #123: Ignoring invalid OS proc ID 76.
OMP: Warning #123: Ignoring invalid OS proc ID 80.
OMP: Warning #123: Ignoring invalid OS proc ID 32.
OMP: Warning #123: Ignoring invalid OS proc ID 36.
OMP: Warning #123: Ignoring invalid OS proc ID 40.
OMP: Warning #123: Ignoring invalid OS proc ID 44.
OMP: Warning #123: Ignoring invalid OS proc ID 48.
OMP: Warning #123: Ignoring invalid OS proc ID 52.
OMP: Warning #123: Ignoring invalid OS proc ID 92.
OMP: Warning #123: Ignoring invalid OS proc ID 96.
OMP: Warning #123: Ignoring invalid OS proc ID 100.
OMP: Warning #123: Ignoring invalid OS proc ID 104.
OMP: Warning #123: Ignoring invalid OS proc ID 108.
OMP: Warning #123: Ignoring invalid OS proc ID 112.
OMP: Warning #123: Ignoring invalid OS proc ID 148.
OMP: Warning #123: Ignoring invalid OS proc ID 152.
OMP: Warning #123: Ignoring invalid OS proc ID 156.
OMP: Warning #123: Ignoring invalid OS proc ID 160.
OMP: Warning #123: Ignoring invalid OS proc ID 164.
OMP: Warning #123: Ignoring invalid OS proc ID 168.
OMP: Warning #123: Ignoring invalid OS proc ID 4.
OMP: Warning #123: Ignoring invalid OS proc ID 8.
OMP: Warning #123: Ignoring invalid OS proc ID 12.
OMP: Warning #123: Ignoring invalid OS proc ID 16.
OMP: Warning #123: Ignoring invalid OS proc ID 20.
OMP: Warning #123: Ignoring invalid OS proc ID 24.
from Timer_Print: could not open timing_summary.40802
timing summary printed to stderr

------------------------------------------------------------------------------------------------
Timing  summary:                 #calls       avg(sec)     min(sec) minRank     max(sec) maxRank
------------------------------------------------------------------------------------------------
work                                  1       214.545      214.529       0      214.566       1
getgeometry                           7         1.452        1.427       4        1.477       2
reflect                               7         0.172        0.136       2        0.203       4
rtorder                               7       100.298       99.705       1      101.623       0
scheduler                             7         0.001        0.001       3        0.001       0
advanceRT                             7         6.887        6.683       0        7.059       3
_ZoneLoop0                            7         0.712        0.564       4        0.790       1
_snmoments1                           7         5.226        5.148       0        5.287       3
__snmoments                         352         0.007        0.007       4        0.008       0
_ZoneLoop2                            7         0.684        0.594       0        0.742       5
rtstrtsn                              7         0.930        0.862       3        1.047       0
_initialize                           7         0.065        0.049       3        0.084       2
_zoneaverage                          7         0.308        0.237       2        0.389       1
compton                               7         0.133        0.055       5        0.202       4
absorbrate                           38         3.066        2.960       1        3.425       0
material                             38        20.539       20.386       2       20.904       5
exch                                 31         5.710        5.391       4        6.198       2
rswpmd                               31        59.188       58.696       3       59.598       4
_setflux                             68         7.022        6.583       4        7.732       2
_initexch                            37         0.934        0.157       3        1.566       4
_anglebins                           37        46.022       45.616       0       46.332       3
rtconi                               31         4.419        4.165       0        4.504       3
rtconv                               31         4.902        4.564       5        5.096       3
bdyedt                                7         0.661        0.660       3        0.661       4
