OMP: Warning #123: Ignoring invalid OS proc ID 120.
OMP: Warning #123: Ignoring invalid OS proc ID 124.
OMP: Warning #123: Ignoring invalid OS proc ID 128.
OMP: Warning #123: Ignoring invalid OS proc ID 132.
OMP: Warning #123: Ignoring invalid OS proc ID 136.
OMP: Warning #123: Ignoring invalid OS proc ID 140.
OMP: Warning #123: Ignoring invalid OS proc ID 32.
OMP: Warning #123: Ignoring invalid OS proc ID 36.
OMP: Warning #123: Ignoring invalid OS proc ID 40.
OMP: Warning #123: Ignoring invalid OS proc ID 44.
OMP: Warning #123: Ignoring invalid OS proc ID 48.
OMP: Warning #123: Ignoring invalid OS proc ID 52.
OMP: Warning #123: Ignoring invalid OS proc ID 4.
OMP: Warning #123: Ignoring invalid OS proc ID 8.
OMP: Warning #123: Ignoring invalid OS proc ID 12.
OMP: Warning #123: Ignoring invalid OS proc ID 16.
OMP: Warning #123: Ignoring invalid OS proc ID 20.
OMP: Warning #123: Ignoring invalid OS proc ID 24.
OMP: Warning #123: Ignoring invalid OS proc ID 92.
OMP: Warning #123: Ignoring invalid OS proc ID 96.
OMP: Warning #123: Ignoring invalid OS proc ID 100.
OMP: Warning #123: Ignoring invalid OS proc ID 104.
OMP: Warning #123: Ignoring invalid OS proc ID 108.
OMP: Warning #123: Ignoring invalid OS proc ID 112.
OMP: Warning #123: Ignoring invalid OS proc ID 148.
OMP: Warning #123: Ignoring invalid OS proc ID 152.
OMP: Warning #123: Ignoring invalid OS proc ID 156.
OMP: Warning #123: Ignoring invalid OS proc ID 160.
OMP: Warning #123: Ignoring invalid OS proc ID 164.
OMP: Warning #123: Ignoring invalid OS proc ID 168.
OMP: Warning #123: Ignoring invalid OS proc ID 60.
OMP: Warning #123: Ignoring invalid OS proc ID 64.
OMP: Warning #123: Ignoring invalid OS proc ID 68.
OMP: Warning #123: Ignoring invalid OS proc ID 72.
OMP: Warning #123: Ignoring invalid OS proc ID 76.
OMP: Warning #123: Ignoring invalid OS proc ID 80.
from Timer_Print: could not open timing_summary.41080
timing summary printed to stderr

------------------------------------------------------------------------------------------------
Timing  summary:                 #calls       avg(sec)     min(sec) minRank     max(sec) maxRank
------------------------------------------------------------------------------------------------
work                                  1       214.040      214.026       2      214.054       3
getgeometry                           7         1.472        1.434       4        1.509       1
reflect                               7         0.168        0.118       3        0.196       1
rtorder                               7        99.805       98.916       3      100.374       5
scheduler                             7         0.001        0.001       2        0.001       5
advanceRT                             7         6.893        6.832       0        6.947       4
_ZoneLoop0                            7         0.612        0.582       3        0.656       2
_snmoments1                           7         5.226        5.190       3        5.253       4
__snmoments                         352         0.008        0.007       4        0.008       1
_ZoneLoop2                            7         0.766        0.723       2        0.827       3
rtstrtsn                              7         0.916        0.869       3        1.021       2
_initialize                           7         0.086        0.039       1        0.116       2
_zoneaverage                          7         0.285        0.233       3        0.323       1
compton                               7         0.145        0.023       1        0.238       5
absorbrate                           38         3.176        2.988       4        3.386       1
material                             38        20.382       20.248       4       20.651       5
exch                                 31         5.698        5.297       5        6.222       3
rswpmd                               31        59.411       58.961       2       59.720       5
_setflux                             68         7.031        6.484       1        7.794       2
_initexch                            37         0.966        0.211       3        1.552       1
_anglebins                           37        46.140       45.696       0       46.471       3
rtconi                               31         4.662        4.489       1        4.786       2
rtconv                               31         5.017        4.712       5        5.217       4
bdyedt                                7         0.575        0.575       3        0.575       0
