OMP: Warning #123: Ignoring invalid OS proc ID 120.
OMP: Warning #123: Ignoring invalid OS proc ID 124.
OMP: Warning #123: Ignoring invalid OS proc ID 128.
OMP: Warning #123: Ignoring invalid OS proc ID 132.
OMP: Warning #123: Ignoring invalid OS proc ID 136.
OMP: Warning #123: Ignoring invalid OS proc ID 140.
OMP: Warning #123: Ignoring invalid OS proc ID 4.
OMP: Warning #123: Ignoring invalid OS proc ID 8.
OMP: Warning #123: Ignoring invalid OS proc ID 12.
OMP: Warning #123: Ignoring invalid OS proc ID 16.
OMP: Warning #123: Ignoring invalid OS proc ID 20.
OMP: Warning #123: Ignoring invalid OS proc ID 24.
OMP: Warning #123: Ignoring invalid OS proc ID 92.
OMP: Warning #123: Ignoring invalid OS proc ID 96.
OMP: Warning #123: Ignoring invalid OS proc ID 100.
OMP: Warning #123: Ignoring invalid OS proc ID 104.
OMP: Warning #123: Ignoring invalid OS proc ID 108.
OMP: Warning #123: Ignoring invalid OS proc ID 112.
OMP: Warning #123: Ignoring invalid OS proc ID 60.
OMP: Warning #123: Ignoring invalid OS proc ID 64.
OMP: Warning #123: Ignoring invalid OS proc ID 68.
OMP: Warning #123: Ignoring invalid OS proc ID 72.
OMP: Warning #123: Ignoring invalid OS proc ID 76.
OMP: Warning #123: Ignoring invalid OS proc ID 80.
OMP: Warning #123: Ignoring invalid OS proc ID 148.
OMP: Warning #123: Ignoring invalid OS proc ID 152.
OMP: Warning #123: Ignoring invalid OS proc ID 156.
OMP: Warning #123: Ignoring invalid OS proc ID 160.
OMP: Warning #123: Ignoring invalid OS proc ID 164.
OMP: Warning #123: Ignoring invalid OS proc ID 168.
OMP: Warning #123: Ignoring invalid OS proc ID 32.
OMP: Warning #123: Ignoring invalid OS proc ID 36.
OMP: Warning #123: Ignoring invalid OS proc ID 40.
OMP: Warning #123: Ignoring invalid OS proc ID 44.
OMP: Warning #123: Ignoring invalid OS proc ID 48.
OMP: Warning #123: Ignoring invalid OS proc ID 52.
from Timer_Print: could not open timing_summary.41094
timing summary printed to stderr

------------------------------------------------------------------------------------------------
Timing  summary:                 #calls       avg(sec)     min(sec) minRank     max(sec) maxRank
------------------------------------------------------------------------------------------------
work                                  1       182.778      182.777       5      182.779       1
getgeometry                           7         1.486        1.450       5        1.550       3
reflect                               7         0.156        0.118       2        0.179       0
rtorder                               7        94.984       94.640       2       95.824       5
scheduler                             7         0.001        0.001       0        0.001       2
advanceRT                             7         5.310        5.293       4        5.336       2
_ZoneLoop0                            7         0.056        0.054       5        0.057       3
_snmoments1                           7         5.028        5.014       3        5.049       2
__snmoments                         352         0.007        0.007       4        0.007       5
_ZoneLoop2                            7         0.116        0.112       4        0.121       2
rtstrtsn                              7         0.174        0.170       5        0.179       1
_initialize                           7         0.020        0.017       5        0.023       1
_zoneaverage                          7         0.076        0.075       4        0.078       3
compton                               7         0.012        0.008       2        0.017       3
absorbrate                           38         0.449        0.441       2        0.457       0
material                             38        18.300       18.120       2       18.462       5
exch                                 31         3.994        3.800       4        4.296       3
rswpmd                               31        52.998       52.691       3       53.223       4
_setflux                             68         2.446        2.061       4        3.182       2
_initexch                            37         1.098        0.001       3        1.616       4
_anglebins                           37        46.011       45.620       0       46.351       3
rtconi                               31         0.477        0.462       3        0.490       2
rtconv                               31         0.737        0.575       5        0.914       2
bdyedt                                7         0.322        0.321       1        0.322       4
