OMP: Warning #123: Ignoring invalid OS proc ID 32.
OMP: Warning #123: Ignoring invalid OS proc ID 36.
OMP: Warning #123: Ignoring invalid OS proc ID 40.
OMP: Warning #123: Ignoring invalid OS proc ID 44.
OMP: Warning #123: Ignoring invalid OS proc ID 48.
OMP: Warning #123: Ignoring invalid OS proc ID 52.
OMP: Warning #123: Ignoring invalid OS proc ID 92.
OMP: Warning #123: Ignoring invalid OS proc ID 96.
OMP: Warning #123: Ignoring invalid OS proc ID 100.
OMP: Warning #123: Ignoring invalid OS proc ID 104.
OMP: Warning #123: Ignoring invalid OS proc ID 108.
OMP: Warning #123: Ignoring invalid OS proc ID 112.
OMP: Warning #123: Ignoring invalid OS proc ID 60.
OMP: Warning #123: Ignoring invalid OS proc ID 64.
OMP: Warning #123: Ignoring invalid OS proc ID 68.
OMP: Warning #123: Ignoring invalid OS proc ID 72.
OMP: Warning #123: Ignoring invalid OS proc ID 76.
OMP: Warning #123: Ignoring invalid OS proc ID 80.
OMP: Warning #123: Ignoring invalid OS proc ID 120.
OMP: Warning #123: Ignoring invalid OS proc ID 124.
OMP: Warning #123: Ignoring invalid OS proc ID 128.
OMP: Warning #123: Ignoring invalid OS proc ID 132.
OMP: Warning #123: Ignoring invalid OS proc ID 136.
OMP: Warning #123: Ignoring invalid OS proc ID 140.
OMP: Warning #123: Ignoring invalid OS proc ID 148.
OMP: Warning #123: Ignoring invalid OS proc ID 152.
OMP: Warning #123: Ignoring invalid OS proc ID 156.
OMP: Warning #123: Ignoring invalid OS proc ID 160.
OMP: Warning #123: Ignoring invalid OS proc ID 164.
OMP: Warning #123: Ignoring invalid OS proc ID 168.
OMP: Warning #123: Ignoring invalid OS proc ID 4.
OMP: Warning #123: Ignoring invalid OS proc ID 8.
OMP: Warning #123: Ignoring invalid OS proc ID 12.
OMP: Warning #123: Ignoring invalid OS proc ID 16.
OMP: Warning #123: Ignoring invalid OS proc ID 20.
OMP: Warning #123: Ignoring invalid OS proc ID 24.
from Timer_Print: could not open timing_summary.41098
timing summary printed to stderr

------------------------------------------------------------------------------------------------
Timing  summary:                 #calls       avg(sec)     min(sec) minRank     max(sec) maxRank
------------------------------------------------------------------------------------------------
work                                  1       182.673      182.672       2      182.674       3
getgeometry                           7         1.476        1.407       0        1.541       2
reflect                               7         0.155        0.116       2        0.178       5
rtorder                               7        95.211       94.743       3       96.218       0
scheduler                             7         0.001        0.001       0        0.001       3
advanceRT                             7         5.296        5.290       1        5.303       5
_ZoneLoop0                            7         0.055        0.053       5        0.056       4
_snmoments1                           7         5.023        5.017       3        5.034       5
__snmoments                         352         0.007        0.007       4        0.008       1
_ZoneLoop2                            7         0.114        0.111       5        0.118       0
rtstrtsn                              7         0.176        0.173       5        0.180       0
_initialize                           7         0.019        0.019       4        0.021       0
_zoneaverage                          7         0.078        0.076       4        0.080       0
compton                               7         0.014        0.012       4        0.015       3
absorbrate                           38         0.454        0.441       2        0.460       4
material                             38        18.319       18.123       2       18.521       5
exch                                 31         3.999        3.731       4        4.330       2
rswpmd                               31        52.440       52.116       2       52.690       4
_setflux                             68         2.442        1.998       4        3.086       2
_initexch                            37         0.639        0.001       3        1.261       0
_anglebins                           37        46.073       45.617       0       46.382       3
rtconi                               31         0.483        0.476       1        0.493       2
rtconv                               31         0.726        0.519       5        0.911       2
bdyedt                                7         0.323        0.322       1        0.323       4
