OMP: Warning #123: Ignoring invalid OS proc ID 4.
OMP: Warning #123: Ignoring invalid OS proc ID 8.
OMP: Warning #123: Ignoring invalid OS proc ID 12.
OMP: Warning #123: Ignoring invalid OS proc ID 16.
OMP: Warning #123: Ignoring invalid OS proc ID 20.
OMP: Warning #123: Ignoring invalid OS proc ID 24.
OMP: Warning #123: Ignoring invalid OS proc ID 92.
OMP: Warning #123: Ignoring invalid OS proc ID 96.
OMP: Warning #123: Ignoring invalid OS proc ID 100.
OMP: Warning #123: Ignoring invalid OS proc ID 104.
OMP: Warning #123: Ignoring invalid OS proc ID 108.
OMP: Warning #123: Ignoring invalid OS proc ID 112.
OMP: Warning #123: Ignoring invalid OS proc ID 120.
OMP: Warning #123: Ignoring invalid OS proc ID 124.
OMP: Warning #123: Ignoring invalid OS proc ID 128.
OMP: Warning #123: Ignoring invalid OS proc ID 132.
OMP: Warning #123: Ignoring invalid OS proc ID 136.
OMP: Warning #123: Ignoring invalid OS proc ID 140.
OMP: Warning #123: Ignoring invalid OS proc ID 148.
OMP: Warning #123: Ignoring invalid OS proc ID 152.
OMP: Warning #123: Ignoring invalid OS proc ID 156.
OMP: Warning #123: Ignoring invalid OS proc ID 160.
OMP: Warning #123: Ignoring invalid OS proc ID 164.
OMP: Warning #123: Ignoring invalid OS proc ID 168.
OMP: Warning #123: Ignoring invalid OS proc ID 32.
OMP: Warning #123: Ignoring invalid OS proc ID 36.
OMP: Warning #123: Ignoring invalid OS proc ID 40.
OMP: Warning #123: Ignoring invalid OS proc ID 44.
OMP: Warning #123: Ignoring invalid OS proc ID 48.
OMP: Warning #123: Ignoring invalid OS proc ID 52.
OMP: Warning #123: Ignoring invalid OS proc ID 60.
OMP: Warning #123: Ignoring invalid OS proc ID 64.
OMP: Warning #123: Ignoring invalid OS proc ID 68.
OMP: Warning #123: Ignoring invalid OS proc ID 72.
OMP: Warning #123: Ignoring invalid OS proc ID 76.
OMP: Warning #123: Ignoring invalid OS proc ID 80.
from Timer_Print: could not open timing_summary.41099
timing summary printed to stderr

------------------------------------------------------------------------------------------------
Timing  summary:                 #calls       avg(sec)     min(sec) minRank     max(sec) maxRank
------------------------------------------------------------------------------------------------
work                                  1       182.192      182.192       4      182.193       3
getgeometry                           7         1.476        1.411       3        1.580       5
reflect                               7         0.156        0.113       3        0.183       5
rtorder                               7        95.214       94.197       4       95.707       2
scheduler                             7         0.001        0.001       0        0.001       5
advanceRT                             7         5.290        5.284       4        5.302       2
_ZoneLoop0                            7         0.056        0.054       4        0.058       2
_snmoments1                           7         5.019        5.012       3        5.028       2
__snmoments                         352         0.007        0.007       4        0.007       0
_ZoneLoop2                            7         0.113        0.110       5        0.115       0
rtstrtsn                              7         0.174        0.172       5        0.177       0
_initialize                           7         0.020        0.019       3        0.020       2
_zoneaverage                          7         0.077        0.075       2        0.079       1
compton                               7         0.014        0.013       0        0.015       3
absorbrate                           38         0.447        0.442       1        0.454       4
material                             38        18.322       18.188       4       18.521       5
exch                                 31         3.859        3.611       5        4.182       3
rswpmd                               31        52.585       52.266       2       52.833       5
_setflux                             68         2.426        1.970       4        3.038       2
_initexch                            37         0.661        0.006       2        1.209       1
_anglebins                           37        46.178       45.662       0       46.478       3
rtconi                               31         0.467        0.458       2        0.479       3
rtconv                               31         0.723        0.523       5        0.854       4
bdyedt                                7         0.337        0.336       3        0.337       5
