OMP: Warning #123: Ignoring invalid OS proc ID 92.
OMP: Warning #123: Ignoring invalid OS proc ID 96.
OMP: Warning #123: Ignoring invalid OS proc ID 100.
OMP: Warning #123: Ignoring invalid OS proc ID 104.
OMP: Warning #123: Ignoring invalid OS proc ID 108.
OMP: Warning #123: Ignoring invalid OS proc ID 112.
OMP: Warning #123: Ignoring invalid OS proc ID 32.
OMP: Warning #123: Ignoring invalid OS proc ID 36.
OMP: Warning #123: Ignoring invalid OS proc ID 40.
OMP: Warning #123: Ignoring invalid OS proc ID 44.
OMP: Warning #123: Ignoring invalid OS proc ID 48.
OMP: Warning #123: Ignoring invalid OS proc ID 52.
OMP: Warning #123: Ignoring invalid OS proc ID 60.
OMP: Warning #123: Ignoring invalid OS proc ID 64.
OMP: Warning #123: Ignoring invalid OS proc ID 68.
OMP: Warning #123: Ignoring invalid OS proc ID 72.
OMP: Warning #123: Ignoring invalid OS proc ID 76.
OMP: Warning #123: Ignoring invalid OS proc ID 80.
OMP: Warning #123: Ignoring invalid OS proc ID 120.
OMP: Warning #123: Ignoring invalid OS proc ID 124.
OMP: Warning #123: Ignoring invalid OS proc ID 128.
OMP: Warning #123: Ignoring invalid OS proc ID 132.
OMP: Warning #123: Ignoring invalid OS proc ID 136.
OMP: Warning #123: Ignoring invalid OS proc ID 140.
OMP: Warning #123: Ignoring invalid OS proc ID 4.
OMP: Warning #123: Ignoring invalid OS proc ID 8.
OMP: Warning #123: Ignoring invalid OS proc ID 12.
OMP: Warning #123: Ignoring invalid OS proc ID 16.
OMP: Warning #123: Ignoring invalid OS proc ID 20.
OMP: Warning #123: Ignoring invalid OS proc ID 24.
OMP: Warning #123: Ignoring invalid OS proc ID 148.
OMP: Warning #123: Ignoring invalid OS proc ID 152.
OMP: Warning #123: Ignoring invalid OS proc ID 156.
OMP: Warning #123: Ignoring invalid OS proc ID 160.
OMP: Warning #123: Ignoring invalid OS proc ID 164.
OMP: Warning #123: Ignoring invalid OS proc ID 168.
from Timer_Print: could not open timing_summary.41103
timing summary printed to stderr

------------------------------------------------------------------------------------------------
Timing  summary:                 #calls       avg(sec)     min(sec) minRank     max(sec) maxRank
------------------------------------------------------------------------------------------------
work                                  1       182.601      182.600       5      182.601       2
getgeometry                           7         1.521        1.391       5        1.917       2
reflect                               7         0.154        0.115       2        0.181       4
rtorder                               7        95.089       94.555       3       95.759       0
scheduler                             7         0.001        0.001       4        0.001       3
advanceRT                             7         5.295        5.287       1        5.312       2
_ZoneLoop0                            7         0.056        0.055       5        0.057       4
_snmoments1                           7         5.019        5.013       1        5.031       5
__snmoments                         352         0.007        0.007       4        0.008       0
_ZoneLoop2                            7         0.118        0.111       4        0.130       2
rtstrtsn                              7         0.176        0.173       4        0.178       0
_initialize                           7         0.020        0.018       2        0.022       3
_zoneaverage                          7         0.078        0.076       5        0.081       0
compton                               7         0.014        0.011       2        0.016       3
absorbrate                           38         0.452        0.437       5        0.465       3
material                             38        18.314       18.136       4       18.527       5
exch                                 31         3.988        3.757       0        4.303       2
rswpmd                               31        52.452       52.130       2       52.703       4
_setflux                             68         2.443        2.037       4        3.144       2
_initexch                            37         0.773        0.001       3        1.334       0
_anglebins                           37        46.038       45.713       0       46.284       3
rtconi                               31         0.485        0.467       0        0.514       4
rtconv                               31         0.720        0.513       5        0.888       4
bdyedt                                7         0.340        0.340       0        0.340       1
