OMP: Warning #123: Ignoring invalid OS proc ID 60.
OMP: Warning #123: Ignoring invalid OS proc ID 64.
OMP: Warning #123: Ignoring invalid OS proc ID 68.
OMP: Warning #123: Ignoring invalid OS proc ID 72.
OMP: Warning #123: Ignoring invalid OS proc ID 76.
OMP: Warning #123: Ignoring invalid OS proc ID 80.
OMP: Warning #123: Ignoring invalid OS proc ID 120.
OMP: Warning #123: Ignoring invalid OS proc ID 124.
OMP: Warning #123: Ignoring invalid OS proc ID 128.
OMP: Warning #123: Ignoring invalid OS proc ID 132.
OMP: Warning #123: Ignoring invalid OS proc ID 136.
OMP: Warning #123: Ignoring invalid OS proc ID 140.
OMP: Warning #123: Ignoring invalid OS proc ID 92.
OMP: Warning #123: Ignoring invalid OS proc ID 96.
OMP: Warning #123: Ignoring invalid OS proc ID 100.
OMP: Warning #123: Ignoring invalid OS proc ID 104.
OMP: Warning #123: Ignoring invalid OS proc ID 108.
OMP: Warning #123: Ignoring invalid OS proc ID 112.
OMP: Warning #123: Ignoring invalid OS proc ID 148.
OMP: Warning #123: Ignoring invalid OS proc ID 152.
OMP: Warning #123: Ignoring invalid OS proc ID 156.
OMP: Warning #123: Ignoring invalid OS proc ID 160.
OMP: Warning #123: Ignoring invalid OS proc ID 164.
OMP: Warning #123: Ignoring invalid OS proc ID 168.
OMP: Warning #123: Ignoring invalid OS proc ID 32.
OMP: Warning #123: Ignoring invalid OS proc ID 36.
OMP: Warning #123: Ignoring invalid OS proc ID 40.
OMP: Warning #123: Ignoring invalid OS proc ID 44.
OMP: Warning #123: Ignoring invalid OS proc ID 48.
OMP: Warning #123: Ignoring invalid OS proc ID 52.
OMP: Warning #123: Ignoring invalid OS proc ID 4.
OMP: Warning #123: Ignoring invalid OS proc ID 8.
OMP: Warning #123: Ignoring invalid OS proc ID 12.
OMP: Warning #123: Ignoring invalid OS proc ID 16.
OMP: Warning #123: Ignoring invalid OS proc ID 20.
OMP: Warning #123: Ignoring invalid OS proc ID 24.
from Timer_Print: could not open timing_summary.41105
timing summary printed to stderr

------------------------------------------------------------------------------------------------
Timing  summary:                 #calls       avg(sec)     min(sec) minRank     max(sec) maxRank
------------------------------------------------------------------------------------------------
work                                  1       182.500      182.499       4      182.501       0
getgeometry                           7         1.499        1.417       4        1.549       5
reflect                               7         0.156        0.119       2        0.176       5
rtorder                               7        95.202       94.465       4       95.930       0
scheduler                             7         0.001        0.001       0        0.001       5
advanceRT                             7         5.294        5.286       3        5.311       2
_ZoneLoop0                            7         0.056        0.055       4        0.057       1
_snmoments1                           7         5.022        5.014       3        5.033       2
__snmoments                         352         0.007        0.007       4        0.007       0
_ZoneLoop2                            7         0.115        0.109       5        0.121       2
rtstrtsn                              7         0.177        0.169       5        0.182       1
_initialize                           7         0.020        0.018       5        0.022       1
_zoneaverage                          7         0.077        0.074       5        0.078       3
compton                               7         0.013        0.011       1        0.014       0
absorbrate                           38         0.449        0.438       5        0.473       2
material                             38        18.317       18.188       4       18.499       5
exch                                 31         3.939        3.717       5        4.252       3
rswpmd                               31        52.587       52.278       3       52.822       5
_setflux                             68         2.434        2.026       4        3.145       2
_initexch                            37         0.831        0.001       3        1.317       5
_anglebins                           37        46.006       45.638       0       46.303       3
rtconi                               31         0.488        0.460       2        0.507       1
rtconv                               31         0.727        0.539       5        0.852       4
bdyedt                                7         0.339        0.338       0        0.339       5
