from Timer_Print: could not open timing_summary.42853
timing summary printed to stderr

------------------------------------------------------------------------------------------------
Timing  summary:                 #calls       avg(sec)     min(sec) minRank     max(sec) maxRank
------------------------------------------------------------------------------------------------
work                                  1       105.595      105.587       2      105.602       5
getgeometry                           7         1.540        1.521       0        1.574       5
reflect                               7         0.404        0.306       3        0.469       5
rtorder                               7        21.979       21.512       1       22.233       0
scheduler                             7         0.002        0.002       1        0.002       5
advanceRT                             7         5.340        5.331       3        5.357       2
_ZoneLoop0                            7         0.013        0.012       5        0.017       2
_snmoments1                           7         5.018        5.010       3        5.033       2
__snmoments                         352         0.009        0.008       1        0.009       4
_ZoneLoop2                            7         0.029        0.027       2        0.031       0
rtstrtsn                              7         0.237        0.225       4        0.246       3
_initialize                           7         0.052        0.047       1        0.059       3
_zoneaverage                          7         0.049        0.047       5        0.049       4
compton                               7         0.025        0.021       1        0.029       3
absorbrate                           38         0.112        0.108       4        0.117       0
material                             38         3.160        3.110       2        3.199       5
exch                                 31        10.623       10.389       5       10.901       3
rswpmd                               31        54.433       54.144       2       54.667       5
_setflux                             68         6.788        5.582       4        8.855       2
_initexch                            37         2.075        0.058       2        3.217       4
_anglebins                           37        44.347       43.856       3       44.635       4
rtconi                               31         0.483        0.478       0        0.488       2
rtconv                               31         1.143        1.099       5        1.191       2
bdyedt                                7         1.645        1.644       1        1.646       5
