from Timer_Print: could not open timing_summary.42857
timing summary printed to stderr

------------------------------------------------------------------------------------------------
Timing  summary:                 #calls       avg(sec)     min(sec) minRank     max(sec) maxRank
------------------------------------------------------------------------------------------------
work                                  1       105.526      105.517       3      105.534       1
getgeometry                           7         1.493        1.470       3        1.515       2
reflect                               7         0.403        0.307       3        0.460       0
rtorder                               7        21.891       21.512       1       22.172       5
scheduler                             7         0.002        0.002       1        0.002       5
advanceRT                             7         5.353        5.347       4        5.361       2
_ZoneLoop0                            7         0.014        0.012       0        0.017       3
_snmoments1                           7         5.023        5.016       3        5.034       2
__snmoments                         352         0.009        0.008       2        0.009       0
_ZoneLoop2                            7         0.029        0.027       5        0.033       1
rtstrtsn                              7         0.262        0.228       1        0.381       4
_initialize                           7         0.052        0.045       1        0.056       4
_zoneaverage                          7         0.072        0.048       5        0.188       4
compton                               7         0.026        0.020       1        0.029       2
absorbrate                           38         0.112        0.109       1        0.120       5
material                             38         3.169        3.113       2        3.206       4
exch                                 31        10.717       10.387       5       11.136       2
rswpmd                               31        54.419       54.038       2       54.764       5
_setflux                             68         6.804        5.714       4        8.950       2
_initexch                            37         2.142        0.002       2        3.381       5
_anglebins                           37        44.202       43.691       0       44.519       3
rtconi                               31         0.504        0.482       5        0.521       3
rtconv                               31         1.154        1.122       1        1.188       2
bdyedt                                7         1.649        1.647       5        1.650       4
