from Timer_Print: could not open timing_summary.42859
timing summary printed to stderr

------------------------------------------------------------------------------------------------
Timing  summary:                 #calls       avg(sec)     min(sec) minRank     max(sec) maxRank
------------------------------------------------------------------------------------------------
work                                  1       105.348      105.328       0      105.362       1
getgeometry                           7         1.554        1.430       2        1.627       4
reflect                               7         0.404        0.303       2        0.465       0
rtorder                               7        22.064       21.581       1       22.613       5
scheduler                             7         0.002        0.002       2        0.003       5
advanceRT                             7         5.351        5.343       3        5.364       2
_ZoneLoop0                            7         0.015        0.012       0        0.018       2
_snmoments1                           7         5.019        5.011       3        5.031       2
__snmoments                         352         0.009        0.008       5        0.009       0
_ZoneLoop2                            7         0.030        0.026       5        0.033       0
rtstrtsn                              7         0.243        0.234       1        0.253       5
_initialize                           7         0.055        0.049       2        0.058       4
_zoneaverage                          7         0.049        0.047       5        0.049       0
compton                               7         0.026        0.022       5        0.030       0
absorbrate                           38         0.116        0.110       3        0.133       0
material                             38         3.151        3.101       2        3.184       1
exch                                 31        10.089        9.806       5       10.467       2
rswpmd                               31        54.230       53.842       2       54.509       5
_setflux                             68         6.720        5.613       1        8.764       2
_initexch                            37         2.074        0.002       2        3.163       5
_anglebins                           37        44.161       43.914       2       44.511       3
rtconi                               31         0.530        0.515       0        0.543       3
rtconv                               31         1.181        1.147       1        1.230       2
bdyedt                                7         1.717        1.716       2        1.717       4
