from Timer_Print: could not open timing_summary.42858
timing summary printed to stderr

------------------------------------------------------------------------------------------------
Timing  summary:                 #calls       avg(sec)     min(sec) minRank     max(sec) maxRank
------------------------------------------------------------------------------------------------
work                                  1       105.035      105.020       1      105.050       2
getgeometry                           7         1.519        1.495       1        1.547       3
reflect                               7         0.403        0.304       3        0.460       5
rtorder                               7        21.944       21.395       1       22.188       0
scheduler                             7         0.002        0.002       1        0.002       5
advanceRT                             7         5.332        5.326       3        5.339       2
_ZoneLoop0                            7         0.013        0.012       0        0.013       2
_snmoments1                           7         5.017        5.010       3        5.025       2
__snmoments                         352         0.009        0.008       4        0.009       0
_ZoneLoop2                            7         0.028        0.025       5        0.031       0
rtstrtsn                              7         0.241        0.228       1        0.257       3
_initialize                           7         0.054        0.048       4        0.061       2
_zoneaverage                          7         0.048        0.047       2        0.050       1
compton                               7         0.026        0.023       4        0.032       2
absorbrate                           38         0.117        0.110       5        0.134       0
material                             38         3.166        3.129       2        3.214       0
exch                                 31        10.342       10.057       5       10.669       2
rswpmd                               31        54.168       53.828       2       54.447       5
_setflux                             68         6.754        5.584       4        8.800       3
_initexch                            37         2.114        0.010       3        3.183       5
_anglebins                           37        44.121       43.708       0       44.373       3
rtconi                               31         0.558        0.544       0        0.566       2
rtconv                               31         1.181        1.132       0        1.213       2
bdyedt                                7         1.635        1.634       5        1.636       2
