from Timer_Print: could not open timing_summary.42863
timing summary printed to stderr

------------------------------------------------------------------------------------------------
Timing  summary:                 #calls       avg(sec)     min(sec) minRank     max(sec) maxRank
------------------------------------------------------------------------------------------------
work                                  1       108.487      108.486       3      108.488       1
getgeometry                           7         1.608        1.584       2        1.647       1
reflect                               7         0.411        0.309       3        0.467       0
rtorder                               7        23.545       23.124       3       23.877       0
scheduler                             7         0.002        0.002       3        0.002       0
advanceRT                             7         5.458        5.388       3        5.558       2
_ZoneLoop0                            7         0.014        0.013       5        0.014       4
_snmoments1                           7         5.132        5.063       3        5.236       2
__snmoments                         352         0.008        0.008       1        0.009       0
_ZoneLoop2                            7         0.032        0.029       2        0.034       0
rtstrtsn                              7         0.242        0.234       3        0.255       1
_initialize                           7         0.055        0.051       2        0.060       1
_zoneaverage                          7         0.043        0.042       4        0.045       2
compton                               7         0.026        0.023       4        0.028       5
absorbrate                           38         0.123        0.119       2        0.127       5
material                             38         3.647        3.607       4        3.705       5
exch                                 31        10.996       10.730       5       11.438       3
rswpmd                               31        54.402       54.038       3       54.655       5
_setflux                             68         6.869        5.745       5        9.010       2
_initexch                            37         1.959        0.066       2        3.004       5
_anglebins                           37        44.233       43.710       2       44.579       3
rtconi                               31         0.523        0.520       0        0.529       5
rtconv                               31         1.214        1.154       5        1.257       4
bdyedt                                7         1.699        1.698       2        1.700       5
