from Timer_Print: could not open timing_summary.42860
timing summary printed to stderr

------------------------------------------------------------------------------------------------
Timing  summary:                 #calls       avg(sec)     min(sec) minRank     max(sec) maxRank
------------------------------------------------------------------------------------------------
work                                  1       105.613      105.609       1      105.626       4
getgeometry                           7         1.505        1.486       5        1.527       1
reflect                               7         0.405        0.303       3        0.468       5
rtorder                               7        22.008       21.586       1       22.458       5
scheduler                             7         0.002        0.002       1        0.002       5
advanceRT                             7         5.333        5.328       3        5.341       2
_ZoneLoop0                            7         0.013        0.012       1        0.013       3
_snmoments1                           7         5.017        5.011       3        5.029       2
__snmoments                         352         0.009        0.008       4        0.009       1
_ZoneLoop2                            7         0.029        0.025       2        0.030       1
rtstrtsn                              7         0.238        0.232       1        0.250       2
_initialize                           7         0.053        0.051       5        0.054       4
_zoneaverage                          7         0.048        0.047       2        0.049       5
compton                               7         0.025        0.023       2        0.026       0
absorbrate                           38         0.113        0.110       5        0.116       0
material                             38         3.158        3.092       2        3.231       5
exch                                 31        10.642       10.407       4       10.993       3
rswpmd                               31        54.433       54.091       3       54.668       4
_setflux                             68         6.797        5.660       1        8.869       2
_initexch                            37         2.084        0.082       2        3.315       1
_anglebins                           37        44.322       43.765       0       44.604       3
rtconi                               31         0.507        0.493       4        0.520       2
rtconv                               31         1.161        1.098       5        1.221       2
bdyedt                                7         1.633        1.632       3        1.634       1
