from Timer_Print: could not open timing_summary.55130
timing summary printed to stderr

------------------------------------------------------------------------------------------------
Timing  summary:                 #calls       avg(sec)     min(sec) minRank     max(sec) maxRank
------------------------------------------------------------------------------------------------
work                                  1       105.482      105.476       2      105.496       1
getgeometry                           7         1.534        1.413       2        1.585       5
reflect                               7         0.403        0.296       2        0.467       5
rtorder                               7        21.984       21.199       1       22.604       5
scheduler                             7         0.002        0.002       1        0.002       3
advanceRT                             7         5.348        5.337       1        5.360       5
_ZoneLoop0                            7         0.013        0.012       2        0.013       3
_snmoments1                           7         5.031        5.019       0        5.043       5
__snmoments                         352         0.008        0.008       3        0.008       2
_ZoneLoop2                            7         0.029        0.025       2        0.032       3
rtstrtsn                              7         0.240        0.228       4        0.251       0
_initialize                           7         0.055        0.048       3        0.061       2
_zoneaverage                          7         0.050        0.047       5        0.055       2
compton                               7         0.027        0.023       4        0.032       0
absorbrate                           38         0.120        0.107       4        0.166       0
material                             38         3.151        3.105       4        3.192       5
exch                                 31        10.118        9.629       4       10.556       2
rswpmd                               31        54.432       53.995       2       54.931       4
_setflux                             68         6.770        5.630       4        8.698       2
_initexch                            37         2.115        0.074       3        3.660       4
_anglebins                           37        44.224       43.616       2       44.625       3
rtconi                               31         0.540        0.492       0        0.564       1
rtconv                               31         1.153        1.108       5        1.204       4
bdyedt                                7         1.666        1.665       3        1.667       0
