from Timer_Print: could not open timing_summary.55148
timing summary printed to stderr

------------------------------------------------------------------------------------------------
Timing  summary:                 #calls       avg(sec)     min(sec) minRank     max(sec) maxRank
------------------------------------------------------------------------------------------------
work                                  1       103.947      103.946       0      103.947       1
getgeometry                           7         1.394        1.369       3        1.427       5
reflect                               7         0.194        0.171       2        0.237       3
rtorder                               7        29.353       28.089       2       34.089       1
scheduler                             7         0.001        0.001       4        0.001       3
advanceRT                             7         5.193        5.186       3        5.204       2
_ZoneLoop0                            7         0.022        0.021       3        0.024       0
_snmoments1                           7         5.031        5.025       3        5.046       2
__snmoments                         368         0.008        0.007       4        0.008       3
_ZoneLoop2                            7         0.037        0.034       2        0.038       0
rtstrtsn                              7         0.121        0.118       2        0.123       4
_initialize                           7         0.019        0.014       2        0.022       4
_zoneaverage                          7         0.028        0.027       5        0.029       1
compton                               7         0.013        0.010       3        0.016       1
absorbrate                           40         0.102        0.099       0        0.105       5
material                             40         3.562        3.478       4        3.678       5
exch                                 33         4.165        3.787       3        4.551       4
rswpmd                               33        51.237       50.850       1       51.554       3
_setflux                             72         2.576        2.118       2        3.182       4
_initexch                            39         0.721        0.001       1        1.168       3
_anglebins                           39        46.949       46.161       0       47.346       5
rtconi                               33         0.293        0.280       3        0.302       4
rtconv                               33         0.977        0.799       5        1.083       0
bdyedt                                7         0.318        0.317       0        0.319       1
