from Timer_Print: could not open timing_summary.55141
timing summary printed to stderr

------------------------------------------------------------------------------------------------
Timing  summary:                 #calls       avg(sec)     min(sec) minRank     max(sec) maxRank
------------------------------------------------------------------------------------------------
work                                  1        95.024       95.023       4       95.025       0
getgeometry                           7         1.401        1.367       5        1.420       0
reflect                               7         0.156        0.116       3        0.177       0
rtorder                               7        28.497       28.306       3       29.005       5
scheduler                             7         0.001        0.001       3        0.001       4
advanceRT                             7         5.178        5.164       3        5.201       2
_ZoneLoop0                            7         0.017        0.016       4        0.017       0
_snmoments1                           7         5.026        5.010       3        5.051       2
__snmoments                         352         0.007        0.007       4        0.008       0
_ZoneLoop2                            7         0.037        0.034       2        0.039       0
rtstrtsn                              7         0.120        0.116       5        0.123       1
_initialize                           7         0.019        0.018       5        0.020       4
_zoneaverage                          7         0.027        0.026       2        0.028       3
compton                               7         0.014        0.012       0        0.019       4
absorbrate                           38         0.098        0.096       5        0.101       1
material                             38         3.389        3.344       2        3.444       1
exch                                 31         3.934        3.655       0        4.299       3
rswpmd                               31        48.284       47.940       3       48.557       0
_setflux                             68         2.438        2.011       4        3.029       2
_initexch                            37         0.656        0.001       2        1.077       4
_anglebins                           37        44.211       43.489       0       44.576       3
rtconi                               31         0.260        0.248       1        0.284       5
rtconv                               31         0.556        0.516       1        0.599       2
bdyedt                                7         0.321        0.321       2        0.321       1
