from Timer_Print: could not open timing_summary.55154
timing summary printed to stderr

------------------------------------------------------------------------------------------------
Timing  summary:                 #calls       avg(sec)     min(sec) minRank     max(sec) maxRank
------------------------------------------------------------------------------------------------
work                                  1        98.741       98.740       3       98.741       4
getgeometry                           7         1.393        1.369       0        1.430       5
reflect                               7         0.195        0.171       1        0.237       0
rtorder                               7        28.465       28.058       2       29.235       5
scheduler                             7         0.001        0.001       2        0.001       0
advanceRT                             7         5.183        5.179       0        5.191       2
_ZoneLoop0                            7         0.017        0.016       3        0.019       4
_snmoments1                           7         5.030        5.025       0        5.041       2
__snmoments                         368         0.008        0.007       5        0.008       2
_ZoneLoop2                            7         0.037        0.034       2        0.038       0
rtstrtsn                              7         0.120        0.117       3        0.122       2
_initialize                           7         0.019        0.017       3        0.023       2
_zoneaverage                          7         0.027        0.025       2        0.028       4
compton                               7         0.013        0.010       4        0.017       1
absorbrate                           40         0.102        0.101       0        0.104       1
material                             40         3.559        3.481       4        3.687       5
exch                                 33         4.098        3.805       0        4.441       4
rswpmd                               33        51.098       50.746       1       51.349       3
_setflux                             72         2.559        2.149       5        3.251       1
_initexch                            39         0.686        0.001       1        1.102       3
_anglebins                           39        46.903       46.576       0       47.202       4
rtconi                               33         0.289        0.275       3        0.300       2
rtconv                               33         0.959        0.771       5        1.048       4
bdyedt                                7         0.317        0.317       2        0.318       5
