from Timer_Print: could not open timing_summary.55157
timing summary printed to stderr

------------------------------------------------------------------------------------------------
Timing  summary:                 #calls       avg(sec)     min(sec) minRank     max(sec) maxRank
------------------------------------------------------------------------------------------------
work                                  1       102.768      102.767       0      102.769       1
getgeometry                           7         1.393        1.374       5        1.416       2
reflect                               7         0.194        0.171       4        0.231       3
rtorder                               7        31.426       30.869       4       32.278       5
scheduler                             7         0.001        0.001       2        0.001       1
advanceRT                             7         5.191        5.186       0        5.200       2
_ZoneLoop0                            7         0.018        0.018       4        0.019       2
_snmoments1                           7         5.032        5.025       0        5.045       2
__snmoments                         368         0.008        0.007       4        0.008       2
_ZoneLoop2                            7         0.040        0.037       2        0.042       0
rtstrtsn                              7         0.123        0.121       4        0.125       3
_initialize                           7         0.019        0.017       4        0.022       2
_zoneaverage                          7         0.030        0.028       2        0.031       3
compton                               7         0.015        0.013       4        0.016       2
absorbrate                           40         0.114        0.111       4        0.116       5
material                             40         4.134        4.031       1        4.272       2
exch                                 33         4.139        3.783       0        4.490       1
rswpmd                               33        51.320       50.966       1       51.627       0
_setflux                             72         2.552        2.100       5        3.155       1
_initexch                            39         0.683        0.001       1        1.150       0
_anglebins                           39        47.042       46.606       0       47.394       4
rtconi                               33         0.304        0.297       1        0.308       5
rtconv                               33         1.023        0.820       2        1.132       1
bdyedt                                7         0.320        0.319       3        0.320       0
