from Timer_Print: could not open timing_summary.55219
timing summary printed to stderr

------------------------------------------------------------------------------------------------
Timing  summary:                 #calls       avg(sec)     min(sec) minRank     max(sec) maxRank
------------------------------------------------------------------------------------------------
work                                  1        96.868       96.867       0       96.869       5
getgeometry                           7         1.391        1.369       0        1.421       5
reflect                               7         0.194        0.174       4        0.235       3
rtorder                               7        31.537       31.072       2       32.411       5
scheduler                             7         0.001        0.001       0        0.001       1
advanceRT                             7         5.180        5.174       3        5.187       2
_ZoneLoop0                            7         0.019        0.018       5        0.020       4
_snmoments1                           7         5.019        5.012       3        5.028       2
__snmoments                         368         0.008        0.007       4        0.008       0
_ZoneLoop2                            7         0.040        0.039       2        0.042       3
rtstrtsn                              7         0.124        0.121       0        0.128       3
_initialize                           7         0.019        0.017       0        0.021       3
_zoneaverage                          7         0.031        0.029       2        0.032       3
compton                               7         0.014        0.011       4        0.017       3
absorbrate                           40         0.115        0.113       4        0.120       3
material                             40         4.156        4.066       4        4.273       5
exch                                 33         4.168        3.827       0        4.508       1
rswpmd                               33        45.214       44.850       1       45.506       0
_setflux                             72         2.666        2.219       5        3.335       1
_initexch                            39         0.715        0.002       1        1.171       0
_anglebins                           39        40.762       40.203       3       41.133       4
rtconi                               33         0.306        0.297       5        0.319       4
rtconv                               33         1.096        0.909       5        1.205       1
bdyedt                                7         0.318        0.317       2        0.318       3
