from Timer_Print: could not open timing_summary.55216
timing summary printed to stderr

------------------------------------------------------------------------------------------------
Timing  summary:                 #calls       avg(sec)     min(sec) minRank     max(sec) maxRank
------------------------------------------------------------------------------------------------
work                                  1       103.089      103.088       4      103.089       2
getgeometry                           7         1.403        1.377       4        1.423       3
reflect                               7         0.194        0.171       2        0.233       3
rtorder                               7        31.561       31.030       4       32.646       5
scheduler                             7         0.001        0.001       2        0.001       1
advanceRT                             7         5.198        5.188       3        5.214       2
_ZoneLoop0                            7         0.019        0.018       4        0.021       5
_snmoments1                           7         5.037        5.026       3        5.056       2
__snmoments                         368         0.008        0.007       3        0.008       2
_ZoneLoop2                            7         0.040        0.038       2        0.042       0
rtstrtsn                              7         0.123        0.121       4        0.126       3
_initialize                           7         0.018        0.016       4        0.020       3
_zoneaverage                          7         0.031        0.030       2        0.031       3
compton                               7         0.014        0.012       4        0.017       3
absorbrate                           40         0.116        0.113       4        0.119       0
material                             40         4.144        4.039       4        4.276       2
exch                                 33         4.130        3.757       0        4.500       4
rswpmd                               33        51.250       50.893       4       51.559       0
_setflux                             72         2.523        2.147       5        3.136       1
_initexch                            39         0.677        0.001       1        1.122       0
_anglebins                           39        46.977       46.491       3       47.304       4
rtconi                               33         0.303        0.293       2        0.316       3
rtconv                               33         1.028        0.833       5        1.134       4
bdyedt                                7         0.319        0.317       2        0.319       1
