from Timer_Print: could not open timing_summary.56527
timing summary printed to stderr

------------------------------------------------------------------------------------------------
Timing  summary:                 #calls       avg(sec)     min(sec) minRank     max(sec) maxRank
------------------------------------------------------------------------------------------------
work                                  1        96.647       96.646       3       96.647       4
getgeometry                           7         1.399        1.372       3        1.414       4
reflect                               7         0.197        0.174       1        0.240       0
rtorder                               7        31.456       30.979       3       32.233       5
scheduler                             7         0.001        0.001       0        0.001       3
advanceRT                             7         5.185        5.176       3        5.201       2
_ZoneLoop0                            7         0.018        0.018       2        0.019       0
_snmoments1                           7         5.026        5.016       3        5.045       2
__snmoments                         368         0.007        0.007       1        0.008       5
_ZoneLoop2                            7         0.041        0.038       2        0.043       0
rtstrtsn                              7         0.124        0.120       0        0.127       1
_initialize                           7         0.019        0.014       0        0.023       2
_zoneaverage                          7         0.030        0.027       2        0.032       4
compton                               7         0.014        0.010       2        0.018       1
absorbrate                           40         0.116        0.113       2        0.119       5
material                             40         4.111        3.993       1        4.326       5
exch                                 33         4.201        3.892       0        4.553       4
rswpmd                               33        45.199       44.847       1       45.463       0
_setflux                             72         2.632        2.241       5        3.251       1
_initexch                            39         0.675        0.004       4        1.123       0
_anglebins                           39        40.830       40.319       3       41.233       4
rtconi                               33         0.294        0.285       5        0.309       2
rtconv                               33         1.065        0.792       5        1.205       0
bdyedt                                7         0.317        0.316       0        0.317       2
