from Timer_Print: could not open timing_summary.56530
timing summary printed to stderr

------------------------------------------------------------------------------------------------
Timing  summary:                 #calls       avg(sec)     min(sec) minRank     max(sec) maxRank
------------------------------------------------------------------------------------------------
work                                  1        93.677       93.676       5       93.678       2
getgeometry                           7         1.517        1.477       0        1.565       2
reflect                               7         0.256        0.230       5        0.308       3
rtorder                               7        25.052       24.466       1       25.651       5
scheduler                             7         0.002        0.002       2        0.002       4
advanceRT                             7         5.250        5.228       1        5.279       5
_ZoneLoop0                            7         0.015        0.014       0        0.015       2
_snmoments1                           7         5.077        5.052       1        5.110       5
__snmoments                         368         0.008        0.008       4        0.008       5
_ZoneLoop2                            7         0.030        0.026       5        0.034       4
rtstrtsn                              7         0.135        0.133       5        0.138       4
_initialize                           7         0.024        0.021       2        0.026       3
_zoneaverage                          7         0.023        0.022       5        0.026       2
compton                               7         0.016        0.013       3        0.017       0
absorbrate                           40         0.130        0.123       2        0.140       1
material                             40         3.978        3.850       4        4.179       5
exch                                 33         5.559        5.216       0        5.990       1
rswpmd                               33        46.257       45.856       1       46.549       0
_setflux                             72         3.092        2.629       5        3.800       4
_initexch                            39         0.932        0.001       4        1.502       0
_anglebins                           39        40.998       40.455       3       41.430       4
rtconi                               33         0.334        0.316       1        0.353       3
rtconv                               33         1.180        0.919       5        1.305       4
bdyedt                                7         0.507        0.507       0        0.508       5
