from Timer_Print: could not open timing_summary.56549
timing summary printed to stderr

------------------------------------------------------------------------------------------------
Timing  summary:                 #calls       avg(sec)     min(sec) minRank     max(sec) maxRank
------------------------------------------------------------------------------------------------
work                                  1       105.341      105.340       1      105.342       5
getgeometry                           7         1.506        1.465       2        1.629       3
reflect                               7         0.431        0.360       3        0.465       4
rtorder                               7        23.427       22.673       4       23.741       2
scheduler                             7         0.003        0.003       4        0.003       1
advanceRT                             7         5.346        5.336       3        5.370       2
_ZoneLoop0                            7         0.014        0.014       2        0.014       0
_snmoments1                           7         5.018        5.013       3        5.029       2
__snmoments                         368         0.009        0.008       4        0.009       3
_ZoneLoop2                            7         0.035        0.030       5        0.048       2
rtstrtsn                              7         0.247        0.238       5        0.255       4
_initialize                           7         0.055        0.048       5        0.061       1
_zoneaverage                          7         0.045        0.042       1        0.050       5
compton                               7         0.026        0.022       5        0.030       1
absorbrate                           40         0.132        0.130       3        0.136       2
material                             40         3.905        3.748       4        4.053       2
exch                                 33        10.107        9.701       3       10.503       1
rswpmd                               33        52.021       51.631       1       52.376       3
_setflux                             72         7.430        6.294       5        9.488       4
_initexch                            39         2.255        0.076       4        3.524       5
_anglebins                           39        40.876       40.363       3       41.304       4
rtconi                               33         0.611        0.598       3        0.625       4
rtconv                               33         1.620        1.419       2        1.769       4
bdyedt                                7         1.624        1.624       0        1.624       4
