from Timer_Print: could not open timing_summary.56548
timing summary printed to stderr

------------------------------------------------------------------------------------------------
Timing  summary:                 #calls       avg(sec)     min(sec) minRank     max(sec) maxRank
------------------------------------------------------------------------------------------------
work                                  1        93.887       93.874       0       93.890       5
getgeometry                           7         1.551        1.467       0        1.678       4
reflect                               7         0.262        0.235       5        0.318       0
rtorder                               7        25.318       24.701       2       26.135       4
scheduler                             7         0.002        0.002       2        0.002       0
advanceRT                             7         5.252        5.227       1        5.285       5
_ZoneLoop0                            7         0.015        0.014       4        0.015       3
_snmoments1                           7         5.078        5.051       1        5.115       5
__snmoments                         368         0.008        0.008       1        0.008       5
_ZoneLoop2                            7         0.030        0.027       2        0.033       4
rtstrtsn                              7         0.134        0.131       0        0.136       3
_initialize                           7         0.023        0.020       0        0.025       5
_zoneaverage                          7         0.022        0.022       2        0.023       4
compton                               7         0.016        0.012       5        0.019       1
absorbrate                           40         0.126        0.123       0        0.133       4
material                             40         3.984        3.870       1        4.151       5
exch                                 33         5.413        5.081       0        5.826       1
rswpmd                               33        46.135       45.733       1       46.432       0
_setflux                             72         3.110        2.617       5        3.910       1
_initexch                            39         0.877        0.007       1        1.389       0
_anglebins                           39        40.959       40.472       3       41.331       4
rtconi                               33         0.327        0.317       4        0.342       3
rtconv                               33         1.196        0.976       5        1.319       1
bdyedt                                7         0.513        0.512       5        0.513       1
