from Timer_Print: could not open timing_summary.56547
timing summary printed to stderr

------------------------------------------------------------------------------------------------
Timing  summary:                 #calls       avg(sec)     min(sec) minRank     max(sec) maxRank
------------------------------------------------------------------------------------------------
work                                  1        96.294       96.293       4       96.294       5
getgeometry                           7         1.409        1.366       1        1.425       5
reflect                               7         0.195        0.173       5        0.235       0
rtorder                               7        31.447       30.794       4       31.964       5
scheduler                             7         0.001        0.001       0        0.001       5
advanceRT                             7         5.196        5.187       3        5.211       2
_ZoneLoop0                            7         0.019        0.018       1        0.019       2
_snmoments1                           7         5.036        5.025       3        5.054       2
__snmoments                         368         0.007        0.007       4        0.008       1
_ZoneLoop2                            7         0.040        0.037       2        0.042       0
rtstrtsn                              7         0.125        0.122       1        0.127       0
_initialize                           7         0.020        0.018       1        0.022       2
_zoneaverage                          7         0.030        0.028       2        0.031       3
compton                               7         0.015        0.012       1        0.017       4
absorbrate                           40         0.117        0.115       1        0.120       3
material                             40         4.116        3.986       1        4.286       5
exch                                 33         4.121        3.816       3        4.483       4
rswpmd                               33        45.212       44.856       4       45.476       3
_setflux                             72         2.636        2.213       5        3.239       1
_initexch                            39         0.671        0.001       4        1.082       3
_anglebins                           39        40.825       40.240       3       41.228       4
rtconi                               33         0.301        0.288       4        0.310       1
rtconv                               33         1.017        0.793       5        1.155       1
bdyedt                                7         0.319        0.318       1        0.319       3
