from Timer_Print: could not open timing_summary.56562
timing summary printed to stderr

------------------------------------------------------------------------------------------------
Timing  summary:                 #calls       avg(sec)     min(sec) minRank     max(sec) maxRank
------------------------------------------------------------------------------------------------
work                                  1        93.946       93.945       2       93.947       5
getgeometry                           7         1.521        1.484       4        1.539       2
reflect                               7         0.260        0.233       2        0.312       0
rtorder                               7        25.283       24.898       2       25.957       5
scheduler                             7         0.002        0.002       2        0.002       4
advanceRT                             7         5.246        5.209       1        5.294       5
_ZoneLoop0                            7         0.015        0.014       0        0.015       5
_snmoments1                           7         5.071        5.032       1        5.123       5
__snmoments                         368         0.008        0.008       4        0.008       2
_ZoneLoop2                            7         0.031        0.026       2        0.033       4
rtstrtsn                              7         0.134        0.129       2        0.137       3
_initialize                           7         0.022        0.020       4        0.024       1
_zoneaverage                          7         0.024        0.022       2        0.025       3
compton                               7         0.017        0.013       4        0.020       2
absorbrate                           40         0.129        0.126       2        0.135       5
material                             40         4.009        3.872       1        4.174       2
exch                                 33         5.682        5.325       0        6.145       1
rswpmd                               33        46.199       45.769       4       46.524       0
_setflux                             72         3.122        2.657       5        3.829       1
_initexch                            39         0.845        0.011       1        1.337       0
_anglebins                           39        41.003       40.423       3       41.403       4
rtconi                               33         0.334        0.319       5        0.349       2
rtconv                               33         1.176        0.958       2        1.302       1
bdyedt                                7         0.512        0.512       3        0.513       1
