from Timer_Print: could not open timing_summary.56703
timing summary printed to stderr

------------------------------------------------------------------------------------------------
Timing  summary:                 #calls       avg(sec)     min(sec) minRank     max(sec) maxRank
------------------------------------------------------------------------------------------------
work                                  1        92.776       92.772       3       92.781       5
getgeometry                           7         1.502        1.483       5        1.514       4
reflect                               7         0.275        0.243       4        0.335       0
rtorder                               7        25.052       24.583       2       25.489       5
scheduler                             7         0.002        0.002       2        0.002       5
advanceRT                             7         5.229        5.221       1        5.241       2
_ZoneLoop0                            7         0.015        0.015       4        0.015       2
_snmoments1                           7         5.044        5.033       1        5.059       2
__snmoments                         368         0.008        0.008       4        0.008       0
_ZoneLoop2                            7         0.031        0.027       2        0.033       1
rtstrtsn                              7         0.133        0.130       5        0.137       1
_initialize                           7         0.022        0.020       5        0.023       1
_zoneaverage                          7         0.022        0.022       2        0.023       4
compton                               7         0.017        0.014       5        0.021       4
absorbrate                           40         0.130        0.125       0        0.140       3
material                             40         4.008        3.847       1        4.166       2
exch                                 33         5.284        4.960       3        5.670       4
rswpmd                               33        46.072       45.690       4       46.358       3
_setflux                             72         3.057        2.620       5        3.769       1
_initexch                            39         0.851        0.024       1        1.336       3
_anglebins                           39        40.943       40.341       3       41.395       4
rtconi                               33         0.338        0.328       3        0.347       0
rtconv                               33         1.222        1.006       2        1.393       1
bdyedt                                7         0.529        0.529       1        0.530       3
