from Timer_Print: could not open timing_summary.56726
timing summary printed to stderr

------------------------------------------------------------------------------------------------
Timing  summary:                 #calls       avg(sec)     min(sec) minRank     max(sec) maxRank
------------------------------------------------------------------------------------------------
work                                  1        89.748       89.744       3       89.753       2
getgeometry                           7         1.502        1.472       2        1.528       1
reflect                               7         0.273        0.244       5        0.332       0
rtorder                               7        24.835       24.482       4       25.187       0
scheduler                             7         0.002        0.002       2        0.002       3
advanceRT                             7         5.229        5.209       1        5.258       5
_ZoneLoop0                            7         0.015        0.015       4        0.015       1
_snmoments1                           7         5.043        5.021       1        5.075       5
__snmoments                         368         0.011        0.010       1        0.014       0
_ZoneLoop2                            7         0.031        0.027       2        0.035       4
rtstrtsn                              7         0.136        0.133       5        0.138       4
_initialize                           7         0.023        0.023       0        0.024       2
_zoneaverage                          7         0.023        0.022       5        0.023       4
compton                               7         0.017        0.012       3        0.019       5
absorbrate                           40         0.127        0.121       2        0.132       1
material                             40         3.999        3.811       1        4.178       5
exch                                 33         2.292        1.967       0        2.558       1
rswpmd                               33        46.226       45.981       1       46.526       0
_setflux                             72         3.603        2.986       5        4.528       4
_initexch                            39         0.677        0.001       4        1.190       0
_anglebins                           39        40.607       40.050       3       40.909       5
rtconi                               33         0.337        0.329       5        0.345       2
rtconv                               33         1.208        0.976       5        1.390       1
bdyedt                                7         0.523        0.523       0        0.524       2
