from Timer_Print: could not open timing_summary.56771
timing summary printed to stderr

------------------------------------------------------------------------------------------------
Timing  summary:                 #calls       avg(sec)     min(sec) minRank     max(sec) maxRank
------------------------------------------------------------------------------------------------
work                                  1        87.019       87.016       0       87.024       5
getgeometry                           7         1.507        1.486       0        1.536       3
reflect                               7         0.270        0.240       5        0.327       0
rtorder                               7        25.027       24.632       2       25.741       5
scheduler                             7         0.002        0.002       2        0.002       3
advanceRT                             7         5.219        5.206       1        5.233       5
_ZoneLoop0                            7         0.015        0.015       4        0.015       3
_snmoments1                           7         5.031        5.016       1        5.046       5
__snmoments                         368         0.011        0.011       0        0.012       3
_ZoneLoop2                            7         0.031        0.027       2        0.033       1
rtstrtsn                              7         0.135        0.132       2        0.137       3
_initialize                           7         0.022        0.021       1        0.023       0
_zoneaverage                          7         0.024        0.022       2        0.026       3
compton                               7         0.017        0.015       0        0.021       2
absorbrate                           40         0.136        0.127       3        0.147       1
material                             40         4.011        3.863       1        4.152       2
exch                                 33         2.285        2.022       3        2.580       1
rswpmd                               33        43.330       43.062       1       43.542       0
_setflux                             72         1.348        1.011       5        1.625       3
_initexch                            39         0.312        0.002       4        0.592       0
_anglebins                           39        40.709       40.074       3       41.002       5
rtconi                               33         0.346        0.329       1        0.356       0
rtconv                               33         1.205        1.011       5        1.339       1
bdyedt                                7         0.523        0.522       1        0.523       3
