from Timer_Print: could not open timing_summary.56829
timing summary printed to stderr

------------------------------------------------------------------------------------------------
Timing  summary:                 #calls       avg(sec)     min(sec) minRank     max(sec) maxRank
------------------------------------------------------------------------------------------------
work                                  1        86.934       86.930       3       86.939       2
getgeometry                           7         1.494        1.474       3        1.520       1
reflect                               7         0.271        0.241       4        0.333       0
rtorder                               7        25.026       24.620       2       25.644       5
scheduler                             7         0.002        0.002       2        0.002       3
advanceRT                             7         5.226        5.214       1        5.242       5
_ZoneLoop0                            7         0.015        0.015       0        0.015       4
_snmoments1                           7         5.035        5.022       1        5.055       5
__snmoments                         368         0.011        0.010       5        0.011       0
_ZoneLoop2                            7         0.031        0.028       5        0.033       0
rtstrtsn                              7         0.134        0.131       2        0.137       1
_initialize                           7         0.022        0.021       2        0.023       1
_zoneaverage                          7         0.023        0.022       2        0.023       1
compton                               7         0.015        0.014       5        0.017       0
absorbrate                           40         0.132        0.122       5        0.141       0
material                             40         3.975        3.761       1        4.133       5
exch                                 33         2.306        2.037       0        2.600       1
rswpmd                               33        43.289       43.018       4       43.491       0
_setflux                             72         1.280        0.938       5        1.583       1
_initexch                            39         0.318        0.007       1        0.512       3
_anglebins                           39        40.618       39.939       3       40.933       5
rtconi                               33         0.343        0.333       3        0.352       5
rtconv                               33         1.197        0.970       5        1.386       1
bdyedt                                7         0.523        0.522       4        0.523       0
