from Timer_Print: could not open timing_summary.56827
timing summary printed to stderr

------------------------------------------------------------------------------------------------
Timing  summary:                 #calls       avg(sec)     min(sec) minRank     max(sec) maxRank
------------------------------------------------------------------------------------------------
work                                  1        86.796       86.793       4       86.801       5
getgeometry                           7         1.504        1.487       5        1.515       3
reflect                               7         0.270        0.241       5        0.328       0
rtorder                               7        25.059       24.657       4       25.675       5
scheduler                             7         0.002        0.002       4        0.002       5
advanceRT                             7         5.220        5.209       1        5.235       5
_ZoneLoop0                            7         0.015        0.015       1        0.015       2
_snmoments1                           7         5.034        5.021       0        5.052       5
__snmoments                         368         0.011        0.010       4        0.011       3
_ZoneLoop2                            7         0.031        0.028       2        0.033       0
rtstrtsn                              7         0.134        0.133       1        0.136       2
_initialize                           7         0.022        0.020       0        0.024       2
_zoneaverage                          7         0.022        0.022       2        0.023       5
compton                               7         0.017        0.015       3        0.019       2
absorbrate                           40         0.135        0.123       3        0.143       1
material                             40         3.971        3.838       1        4.110       5
exch                                 33         2.279        2.037       3        2.562       4
rswpmd                               33        43.186       42.916       4       43.377       0
_setflux                             72         1.387        0.951       5        1.645       3
_initexch                            39         0.307        0.005       1        0.498       5
_anglebins                           39        40.598       40.004       3       40.936       5
rtconi                               33         0.349        0.335       0        0.375       3
rtconv                               33         1.199        1.012       5        1.322       1
bdyedt                                7         0.527        0.527       1        0.527       3
