starting jsrun with
nodes = 1
gpus used per socket = 3
ranks_per_socket = 3
cores_per_rank = 6
used cores per socket = 18
threads per rank = 12
[1522969575.422128] [a05n02:118292:0]         mxm.c:196  MXM  WARN  The 'ulimit -s' on the system is set to 'unlimited'. This may have negative performance implications. Please set the stack size to the default value (10240) 
[1522969575.422123] [a05n02:118293:0]         mxm.c:196  MXM  WARN  The 'ulimit -s' on the system is set to 'unlimited'. This may have negative performance implications. Please set the stack size to the default value (10240) 
[1522969575.422132] [a05n02:118295:0]         mxm.c:196  MXM  WARN  The 'ulimit -s' on the system is set to 'unlimited'. This may have negative performance implications. Please set the stack size to the default value (10240) 
[1522969575.457912] [a05n02:118290:0]         mxm.c:196  MXM  WARN  The 'ulimit -s' on the system is set to 'unlimited'. This may have negative performance implications. Please set the stack size to the default value (10240) 
[1522969575.458363] [a05n02:118294:0]         mxm.c:196  MXM  WARN  The 'ulimit -s' on the system is set to 'unlimited'. This may have negative performance implications. Please set the stack size to the default value (10240) 
[1522969575.458475] [a05n02:118291:0]         mxm.c:196  MXM  WARN  The 'ulimit -s' on the system is set to 'unlimited'. This may have negative performance implications. Please set the stack size to the default value (10240) 
 Executing UMT2015 Number of ranks =6
 and number of OMP threads  =12
 gridFileName: 1x2x3_40.cmg
 setting the number of groups=16
 Running with Product Quadrature 
 setting number of polar angles     = 8
 setting number of azimuthal angles = 4
 Building mesh...

------------------------------------------------------------
Sender: LSF System <lsfadmin@batch1>
Subject: Job 56820: <Not_Specified> in cluster <summit> Exited

Job <Not_Specified> was submitted from host <login3> by user <dappelh> in cluster <summit> at Thu Apr  5 19:05:55 2018
Job was executed on host(s) <1*batch1>, in queue <batch>, as user <dappelh> in cluster <summit> at Thu Apr  5 19:06:00 2018
                            <42*a05n02>
</ccs/home/dappelh> was used as the home directory.
</ccs/home/dappelh/codes/coral/umt2016-managed/runs> was used as the working directory.
Started at Thu Apr  5 19:06:00 2018
Terminated at Thu Apr  5 19:10:19 2018
Results reported at Thu Apr  5 19:10:19 2018

The output (if any) is above this job summary.



PS:

Read file <56820.err> for stderr output of this job.

