from Timer_Print: could not open timing_summary.56830
timing summary printed to stderr

------------------------------------------------------------------------------------------------
Timing  summary:                 #calls       avg(sec)     min(sec) minRank     max(sec) maxRank
------------------------------------------------------------------------------------------------
work                                  1       145.037      145.036       3      145.038       0
getgeometry                           7         2.480        2.439       3        2.515       4
reflect                               7         0.271        0.228       1        0.331       0
rtorder                               7        43.133       41.388       1       44.436       3
scheduler                             7         0.002        0.002       2        0.002       3
advanceRT                             7         8.672        8.665       4        8.688       5
_ZoneLoop0                            7         0.026        0.024       1        0.029       4
_snmoments1                           7         8.384        8.370       4        8.404       5
__snmoments                         368         0.011        0.010       1        0.011       0
_ZoneLoop2                            7         0.053        0.048       5        0.056       4
rtstrtsn                              7         0.226        0.223       2        0.231       0
_initialize                           7         0.037        0.035       3        0.040       0
_zoneaverage                          7         0.039        0.037       5        0.043       1
compton                               7         0.028        0.021       2        0.032       0
absorbrate                           40         0.225        0.199       3        0.249       1
material                             40         6.673        6.358       1        6.970       5
exch                                 33         3.162        2.571       0        3.559       1
rswpmd                               33        71.454       71.075       4       71.920       0
_setflux                             72         2.118        1.329       5        2.647       1
_initexch                            39         0.436        0.003       1        0.855       0
_anglebins                           39        67.172       65.992       3       67.824       5
rtconi                               33         0.608        0.589       0        0.628       5
rtconv                               33         2.052        1.680       5        2.323       4
bdyedt                                7         0.737        0.736       4        0.738       3
