starting jsrun with
nodes = 1
gpus used per socket = 3
ranks_per_socket = 3
cores_per_rank = 7
used cores per socket = 21
threads per rank = 14
[1522974132.769610] [a17n12:147302:0]         mxm.c:196  MXM  WARN  The 'ulimit -s' on the system is set to 'unlimited'. This may have negative performance implications. Please set the stack size to the default value (10240) 
[1522974132.769611] [a17n12:147305:0]         mxm.c:196  MXM  WARN  The 'ulimit -s' on the system is set to 'unlimited'. This may have negative performance implications. Please set the stack size to the default value (10240) 
[1522974132.769614] [a17n12:147303:0]         mxm.c:196  MXM  WARN  The 'ulimit -s' on the system is set to 'unlimited'. This may have negative performance implications. Please set the stack size to the default value (10240) 
[1522974132.776476] [a17n12:147307:0]         mxm.c:196  MXM  WARN  The 'ulimit -s' on the system is set to 'unlimited'. This may have negative performance implications. Please set the stack size to the default value (10240) 
[1522974132.777013] [a17n12:147304:0]         mxm.c:196  MXM  WARN  The 'ulimit -s' on the system is set to 'unlimited'. This may have negative performance implications. Please set the stack size to the default value (10240) 
[1522974132.777135] [a17n12:147306:0]         mxm.c:196  MXM  WARN  The 'ulimit -s' on the system is set to 'unlimited'. This may have negative performance implications. Please set the stack size to the default value (10240) 
 Executing UMT2015 Number of ranks =6
 and number of OMP threads  =14
 gridFileName: 1x2x3_38.cmg
 setting the number of groups=16
 Running with Product Quadrature 
 setting number of polar angles     = 8
 setting number of azimuthal angles = 4
 Building mesh...
 Mesh complete.
 Initializing Teton object...
    done.
 Starting time advance...
 sweep_mem =              22248612864
 True flux iterations =             1
 True flux iterations =             1
 True flux iterations =             1
 True flux iterations =             1
CYCLE 1 timerad = 3e-06
 
TempIters = 4 FluxIters = 4 GTAIters = 0
TrMax =     0.0031622776601684 in Zone 50 on Node 5
TeMax =     0.0031622776601684 in Zone 59772 on Node 5
Recommended time step for next rad cycle = 6e-05
 
 
********** Run Time Statistics **********
                  Cycle Advance             Accumulated 
                     Time (sec)         Angle Loop Time (sec)
RADTR              = 17.08574             6.8501415087376
 
 True flux iterations =             2
 True flux iterations =             1
 True flux iterations =             1
 True flux iterations =             1
 True flux iterations =             1
CYCLE 2 timerad = 6.3e-05
 
TempIters = 5 FluxIters = 5 GTAIters = 0
TrMax =     0.364592199725 in Zone 64820 on Node 3
TeMax =     0.0075234782306745 in Zone 61928 on Node 3
Recommended time step for next rad cycle = 6e-05
 
 
********** Run Time Statistics **********
                  Cycle Advance             Accumulated 
                     Time (sec)         Angle Loop Time (sec)
RADTR              = 20.806988             17.105605651857
 
 True flux iterations =             2
 True flux iterations =             1
 True flux iterations =             1
 True flux iterations =             1
 True flux iterations =             1
CYCLE 3 timerad = 0.000123
 
TempIters = 5 FluxIters = 5 GTAIters = 0
TrMax =     0.43263702948757 in Zone 81633 on Node 3
TeMax =     0.14207129578952 in Zone 66933 on Node 3
Recommended time step for next rad cycle = 6e-05
 
 
********** Run Time Statistics **********
                  Cycle Advance             Accumulated 
                     Time (sec)         Angle Loop Time (sec)
RADTR              = 20.605147             27.350744907744
 
 True flux iterations =             2
 True flux iterations =             1
 True flux iterations =             1
 True flux iterations =             1
 True flux iterations =             1
CYCLE 4 timerad = 0.000183
 
TempIters = 5 FluxIters = 5 GTAIters = 0
TrMax =     0.47777565112928 in Zone 66933 on Node 3
TeMax =     0.18768964085181 in Zone 66933 on Node 3
Recommended time step for next rad cycle = 6e-05
 
 
********** Run Time Statistics **********
                  Cycle Advance             Accumulated 
                     Time (sec)         Angle Loop Time (sec)
RADTR              = 20.704746             37.606229427969
 
 True flux iterations =             2
 True flux iterations =             1
 True flux iterations =             1
 True flux iterations =             1
 True flux iterations =             1
CYCLE 5 timerad = 0.000243
 
TempIters = 5 FluxIters = 5 GTAIters = 0
TrMax =     0.5123367265458 in Zone 66933 on Node 3
TeMax =     0.22394100235717 in Zone 66933 on Node 3
Recommended time step for next rad cycle = 6e-05
 
 
********** Run Time Statistics **********
                  Cycle Advance             Accumulated 
                     Time (sec)         Angle Loop Time (sec)
RADTR              = 20.862013             47.858574091922
 
 True flux iterations =             2
 True flux iterations =             1
 True flux iterations =             1
 True flux iterations =             1
 True flux iterations =             1
CYCLE 6 timerad = 0.000303
 
TempIters = 5 FluxIters = 5 GTAIters = 0
TrMax =     0.5406290463671 in Zone 66933 on Node 3
TeMax =     0.25504594781832 in Zone 66933 on Node 3
Recommended time step for next rad cycle = 6e-05
 
 
********** Run Time Statistics **********
                  Cycle Advance             Accumulated 
                     Time (sec)         Angle Loop Time (sec)
RADTR              = 20.731025             58.12787278695
 
 SuOlson setting last step's dt=3.1e-05
 True flux iterations =             2
 True flux iterations =             1
 True flux iterations =             1
 True flux iterations =             1
CYCLE 7 timerad = 0.000334
 
TempIters = 4 FluxIters = 4 GTAIters = 0
TrMax =     0.55355936068196 in Zone 71142 on Node 0
TeMax =     0.27044841658385 in Zone 64419 on Node 0
Recommended time step for next rad cycle = 6e-05
 
 
********** Run Time Statistics **********
                  Cycle Advance             Accumulated 
                     Time (sec)         Angle Loop Time (sec)
RADTR              = 18.523691             66.662983482704
 
 SuOlson Test version 1.0 completed at time= 0.000334  goalTime= 0.000334
 Computing error check along x=0.0131579, y=0.00657895
 z=    0.01 tInterpolated=  0.00533376 tExact=    0.00468 error=0.000653763
 z=     0.1 tInterpolated=  0.00533376 tExact=    0.00468 error=0.000653763
 z= 0.17783 tInterpolated=  0.00533376 tExact=    0.00468 error=0.000653761
 z= 0.31623 tInterpolated=  0.00533261 tExact=    0.00468 error=0.000652608
 z=    0.45 tInterpolated=  0.00501883 tExact=    0.00455 error=0.000468834
 z=     0.5 tInterpolated=  0.00267146 tExact=    0.00234 error=0.000331459
 z= 0.56234 tInterpolated= 0.000194576 tExact=      5e-05 error=0.000144576
 z=    0.75 tInterpolated= 5.35027e-08 tExact=          0 error=5.35027e-08
ngroups = 16
nangsn = 256
tot zones = 526800
numUnknowns = 1.72622e+10
cumulativeIterationCount= 33 cumulativeWorkTime=139.319 s.
figure of merit = 4.08882e+09

------------------------------------------------------------
Sender: LSF System <lsfadmin@batch4>
Subject: Job 56859: <Not_Specified> in cluster <summit> Done

Job <Not_Specified> was submitted from host <login3> by user <dappelh> in cluster <summit> at Thu Apr  5 20:21:49 2018
Job was executed on host(s) <1*batch4>, in queue <batch>, as user <dappelh> in cluster <summit> at Thu Apr  5 20:21:56 2018
                            <42*a17n12>
</ccs/home/dappelh> was used as the home directory.
</ccs/home/dappelh/codes/coral/umt2016-managed/runs> was used as the working directory.
Started at Thu Apr  5 20:21:56 2018
Terminated at Thu Apr  5 20:30:02 2018
Results reported at Thu Apr  5 20:30:02 2018

The output (if any) is above this job summary.



PS:

Read file <56859.err> for stderr output of this job.

