from Timer_Print: could not open timing_summary.56859
timing summary printed to stderr

------------------------------------------------------------------------------------------------
Timing  summary:                 #calls       avg(sec)     min(sec) minRank     max(sec) maxRank
------------------------------------------------------------------------------------------------
work                                  1       139.319      139.318       1      139.320       0
getgeometry                           7         2.489        2.447       4        2.523       5
reflect                               7         0.276        0.246       4        0.333       0
rtorder                               7        39.102       38.108       1       40.139       3
scheduler                             7         0.002        0.002       1        0.002       3
advanceRT                             7         8.675        8.658       0        8.694       5
_ZoneLoop0                            7         0.022        0.022       0        0.022       3
_snmoments1                           7         8.393        8.372       0        8.417       5
__snmoments                         368         0.011        0.010       1        0.012       2
_ZoneLoop2                            7         0.048        0.042       5        0.052       0
rtstrtsn                              7         0.228        0.224       3        0.231       0
_initialize                           7         0.038        0.035       3        0.041       4
_zoneaverage                          7         0.039        0.038       5        0.044       1
compton                               7         0.029        0.024       2        0.032       4
absorbrate                           40         0.212        0.206       4        0.222       1
material                             40         5.758        5.550       4        5.957       2
exch                                 33         3.141        2.711       0        3.538       4
rswpmd                               33        71.107       70.737       4       71.449       0
_setflux                             72         2.088        1.374       5        2.463       0
_initexch                            39         0.437        0.001       4        0.756       0
_anglebins                           39        67.161       65.978       3       67.883       5
rtconi                               33         0.620        0.602       1        0.647       2
rtconv                               33         1.908        1.628       5        2.109       1
bdyedt                                7         0.742        0.742       5        0.744       3
