from Timer_Print: could not open timing_summary.56867
timing summary printed to stderr

------------------------------------------------------------------------------------------------
Timing  summary:                 #calls       avg(sec)     min(sec) minRank     max(sec) maxRank
------------------------------------------------------------------------------------------------
work                                  1       163.107      163.106       4      163.109       1
getgeometry                           7         2.879        2.837       4        2.926       0
reflect                               7         0.272        0.244       2        0.326       3
rtorder                               7        46.474       45.414       2       48.375       1
scheduler                             7         0.001        0.001       2        0.001       1
advanceRT                             7        10.087       10.069       0       10.118       5
_ZoneLoop0                            7         0.025        0.025       2        0.025       1
_snmoments1                           7         9.771        9.748       1        9.811       5
__snmoments                         368         0.011        0.010       4        0.011       0
_ZoneLoop2                            7         0.056        0.047       5        0.061       3
rtstrtsn                              7         0.267        0.264       0        0.269       5
_initialize                           7         0.044        0.041       0        0.048       5
_zoneaverage                          7         0.046        0.044       2        0.051       4
compton                               7         0.030        0.028       4        0.033       2
absorbrate                           40         0.250        0.239       5        0.268       1
material                             40         6.745        6.535       1        6.998       5
exch                                 33         3.468        2.943       3        3.962       1
rswpmd                               33        82.469       82.005       1       82.901       3
_setflux                             72         2.332        1.663       5        2.623       4
_initexch                            39         0.510        0.002       1        0.849       3
_anglebins                           39        77.939       76.776       3       78.702       5
rtconi                               33         0.726        0.709       1        0.746       3
rtconv                               33         2.226        1.873       5        2.425       1
bdyedt                                7         0.846        0.845       2        0.848       0
