from Timer_Print: could not open timing_summary.56860
timing summary printed to stderr

------------------------------------------------------------------------------------------------
Timing  summary:                 #calls       avg(sec)     min(sec) minRank     max(sec) maxRank
------------------------------------------------------------------------------------------------
work                                  1       163.367      163.366       3      163.368       0
getgeometry                           7         2.868        2.826       0        2.923       4
reflect                               7         0.277        0.249       5        0.340       0
rtorder                               7        46.488       44.780       4       48.273       1
scheduler                             7         0.001        0.001       0        0.001       1
advanceRT                             7        10.076       10.058       0       10.104       5
_ZoneLoop0                            7         0.025        0.025       5        0.026       2
_snmoments1                           7         9.765        9.743       0        9.801       5
__snmoments                         368         0.011        0.010       4        0.011       2
_ZoneLoop2                            7         0.056        0.048       5        0.061       4
rtstrtsn                              7         0.268        0.265       3        0.270       0
_initialize                           7         0.044        0.044       5        0.045       3
_zoneaverage                          7         0.044        0.043       5        0.045       0
compton                               7         0.035        0.030       3        0.040       0
absorbrate                           40         0.254        0.239       5        0.274       3
material                             40         6.803        6.505       1        7.053       5
exch                                 33         3.498        3.036       0        3.919       1
rswpmd                               33        82.497       82.081       1       82.853       0
_setflux                             72         2.382        1.888       2        2.996       4
_initexch                            39         0.521        0.002       1        0.974       3
_anglebins                           39        77.819       76.831       3       78.483       5
rtconi                               33         0.722        0.697       3        0.733       5
rtconv                               33         2.168        1.820       5        2.470       1
bdyedt                                7         1.152        1.151       4        1.153       3
