from Timer_Print: could not open timing_summary.56876
timing summary printed to stderr

------------------------------------------------------------------------------------------------
Timing  summary:                 #calls       avg(sec)     min(sec) minRank     max(sec) maxRank
------------------------------------------------------------------------------------------------
work                                  1       249.033      249.031       4      249.035       2
getgeometry                           7         2.886        2.843       4        2.931       2
reflect                               7         0.269        0.245       1        0.327       3
rtorder                               7        53.428       49.900       4       65.693       0
scheduler                             7         0.001        0.001       2        0.001       1
advanceRT                             7        10.090       10.075       1       10.113       5
_ZoneLoop0                            7         0.034        0.028       1        0.036       4
_snmoments1                           7         9.766        9.751       0        9.794       5
__snmoments                         368         0.011        0.010       0        0.011       2
_ZoneLoop2                            7         0.062        0.055       2        0.065       3
rtstrtsn                              7         0.270        0.265       4        0.272       0
_initialize                           7         0.045        0.041       4        0.047       0
_zoneaverage                          7         0.049        0.047       5        0.050       3
compton                               7         0.034        0.029       1        0.039       5
absorbrate                           40         0.281        0.268       4        0.300       0
material                             40         7.827        7.494       1        8.136       5
exch                                 33        26.262        3.539       2       49.388       1
rswpmd                               33       105.309       82.192       1      128.144       2
_setflux                             72         2.361        1.921       5        3.065       4
_initexch                            39        23.203        0.037       1       46.140       2
_anglebins                           39        77.909       76.874       3       78.624       5
rtconi                               33         0.731        0.720       3        0.748       1
rtconv                               33        21.467       21.045       5       21.815       1
bdyedt                                7         0.817        0.816       1        0.818       5
