from Timer_Print: could not open timing_summary.56883
timing summary printed to stderr

------------------------------------------------------------------------------------------------
Timing  summary:                 #calls       avg(sec)     min(sec) minRank     max(sec) maxRank
------------------------------------------------------------------------------------------------
work                                  1       171.240      171.239       1      171.241       4
getgeometry                           7         2.841        2.789       1        2.884       5
reflect                               7         0.199        0.175       4        0.241       3
rtorder                               7        57.923       56.229       2       59.768       1
scheduler                             7         0.001        0.001       0        0.001       1
advanceRT                             7        10.031       10.014       3       10.049       2
_ZoneLoop0                            7         0.032        0.031       2        0.034       1
_snmoments1                           7         9.755        9.734       3        9.780       2
__snmoments                         368         0.008        0.008       2        0.008       0
_ZoneLoop2                            7         0.073        0.067       5        0.078       3
rtstrtsn                              7         0.239        0.235       2        0.242       3
_initialize                           7         0.037        0.035       4        0.041       2
_zoneaverage                          7         0.053        0.050       2        0.054       4
compton                               7         0.029        0.026       5        0.031       4
absorbrate                           40         0.379        0.362       5        0.398       0
material                             40         6.848        6.695       1        7.109       5
exch                                 33         2.859        2.428       0        3.270       4
rswpmd                               33        80.357       79.956       4       80.709       0
_setflux                             72         0.948        0.783       5        1.204       1
_initexch                            39         0.509        0.006       4        0.876       3
_anglebins                           39        77.424       76.379       3       78.094       5
rtconi                               33         1.082        1.061       0        1.103       3
rtconv                               33         1.884        1.522       5        2.082       1
bdyedt                                7         0.494        0.493       2        0.495       0
