from Timer_Print: could not open timing_summary.56888
timing summary printed to stderr

------------------------------------------------------------------------------------------------
Timing  summary:                 #calls       avg(sec)     min(sec) minRank     max(sec) maxRank
------------------------------------------------------------------------------------------------
work                                  1       178.923      178.922       3      178.925       2
getgeometry                           7         2.831        2.787       1        2.888       0
reflect                               7         0.198        0.175       2        0.243       0
rtorder                               7        63.391       61.682       2       65.587       3
scheduler                             7         0.001        0.001       0        0.001       3
advanceRT                             7        10.029       10.019       3       10.044       2
_ZoneLoop0                            7         0.035        0.034       1        0.036       2
_snmoments1                           7         9.739        9.726       3        9.759       2
__snmoments                         368         0.008        0.008       4        0.008       3
_ZoneLoop2                            7         0.080        0.075       2        0.083       0
rtstrtsn                              7         0.243        0.238       5        0.248       0
_initialize                           7         0.038        0.036       5        0.041       0
_zoneaverage                          7         0.059        0.057       2        0.061       4
compton                               7         0.027        0.026       0        0.029       5
absorbrate                           40         0.423        0.402       3        0.444       0
material                             40         7.957        7.799       1        8.243       5
exch                                 33         2.995        2.567       0        3.362       4
rswpmd                               33        80.478       80.101       4       80.805       0
_setflux                             72         1.094        0.871       5        1.390       1
_initexch                            39         0.505        0.008       4        0.910       0
_anglebins                           39        77.335       76.279       3       78.008       5
rtconi                               33         1.090        1.047       0        1.114       5
rtconv                               33         2.038        1.636       5        2.298       0
bdyedt                                7         0.494        0.493       0        0.495       4
