from Timer_Print: could not open timing_summary.56893
timing summary printed to stderr

------------------------------------------------------------------------------------------------
Timing  summary:                 #calls       avg(sec)     min(sec) minRank     max(sec) maxRank
------------------------------------------------------------------------------------------------
work                                  1       179.017      179.016       1      179.019       2
getgeometry                           7         2.814        2.778       5        2.864       1
reflect                               7         0.199        0.176       5        0.238       0
rtorder                               7        63.425       61.818       2       65.490       3
scheduler                             7         0.001        0.001       4        0.001       0
advanceRT                             7        10.048       10.034       3       10.068       2
_ZoneLoop0                            7         0.035        0.034       5        0.036       4
_snmoments1                           7         9.758        9.740       3        9.784       2
__snmoments                         368         0.008        0.008       2        0.008       3
_ZoneLoop2                            7         0.080        0.074       2        0.085       0
rtstrtsn                              7         0.243        0.238       5        0.247       2
_initialize                           7         0.037        0.034       1        0.040       2
_zoneaverage                          7         0.058        0.056       2        0.060       4
compton                               7         0.029        0.027       4        0.033       5
absorbrate                           40         0.435        0.423       3        0.444       0
material                             40         8.011        7.750       1        8.354       5
exch                                 33         3.151        2.663       0        3.556       4
rswpmd                               33        80.460       80.058       1       80.807       0
_setflux                             72         1.097        0.899       5        1.417       4
_initexch                            39         0.496        0.001       4        0.922       3
_anglebins                           39        77.302       76.346       3       77.791       1
rtconi                               33         1.035        1.009       0        1.075       5
rtconv                               33         2.111        1.660       5        2.376       1
bdyedt                                7         0.493        0.493       5        0.494       2
Data for MPI rank 5 of 6:
Times and statistics from MPI_Init() to MPI_Finalize().
-----------------------------------------------------------------------
MPI Routine                        #calls     avg. bytes      time(sec)
-----------------------------------------------------------------------
MPI_Comm_rank                      624095            0.0          0.013
MPI_Comm_size                           4            0.0          0.000
MPI_Isend                              56       844816.0          0.093
MPI_Send_init                         112     13132800.0          0.000
MPI_Recv_init                         112     13132800.0          0.000
MPI_Irecv                              56       844816.0          0.000
MPI_Wait                             1208            0.0          7.969
MPI_Waitall                            28            0.0          0.246
MPI_Start                            1152            0.0          0.041
MPI_Bcast                              24           33.3          0.000
MPI_Barrier                           230            0.0         12.887
MPI_Reduce                              1            4.0          0.000
MPI_Allreduce                         419           20.5          2.163
MPI_Gather                              1            4.0          0.000
MPI_Gatherv                             2            0.0          0.000
MPI_Alltoall                            1           80.0          0.000
-----------------------------------------------------------------
MPI task 5 of 6 had the maximum communication time.
total communication time = 23.412 seconds.
total elapsed time       = 641.326 seconds.
user cpu time            = 1331.182 seconds.
system time              = 50.819 seconds.
max resident set size    = 70411.938 MBytes.

-----------------------------------------------------------------
Message size distributions:

MPI_Isend                 #calls    avg. bytes      time(sec)
                              28          32.0          0.000
                              14      102400.0          0.003
                              14     3276800.0          0.090

MPI_Send_init             #calls    avg. bytes      time(sec)
                              56       51200.0          0.000
                              56    26214400.0          0.000

MPI_Recv_init             #calls    avg. bytes      time(sec)
                              56       51200.0          0.000
                              56    26214400.0          0.000

MPI_Irecv                 #calls    avg. bytes      time(sec)
                              28          32.0          0.000
                              14      102400.0          0.000
                              14     3276800.0          0.000

MPI_Bcast                 #calls    avg. bytes      time(sec)
                               5           4.0          0.000
                               2           8.0          0.000
                               3          13.3          0.000
                               8          30.5          0.000
                               6          80.0          0.000

MPI_Reduce                #calls    avg. bytes      time(sec)
                               1           4.0          0.000

MPI_Allreduce             #calls    avg. bytes      time(sec)
                             101           4.0          0.001
                             265           8.0          1.819
                              39          64.0          0.344
                              14         256.0          0.000

MPI_Gather                #calls    avg. bytes      time(sec)
                               1           4.0          0.000

MPI_Alltoall              #calls    avg. bytes      time(sec)
                               1          80.0          0.000

Data for MPI rank 4 of 6:
Times and statistics from MPI_Init() to MPI_Finalize().
-----------------------------------------------------------------------
MPI Routine                        #calls     avg. bytes      time(sec)
-----------------------------------------------------------------------
MPI_Comm_rank                      624097            0.0          0.013
MPI_Comm_size                           4            0.0          0.000
MPI_Isend                              84       844816.0          0.125
MPI_Send_init                         168     13132800.0          0.000
MPI_Recv_init                         168     13132800.0          0.000
MPI_Irecv                              84       844816.0          0.006
MPI_Wait                             1812            0.0          9.113
MPI_Waitall                            42            0.0          0.148
MPI_Start                            1728            0.0          0.094
MPI_Bcast                              24           33.3          0.000
MPI_Barrier                           230            0.0          3.709
MPI_Reduce                              1            4.0          0.000
MPI_Allreduce                         419           20.5          3.363
MPI_Gather                              1            4.0          0.000
MPI_Gatherv                             2            0.0          0.000
MPI_Alltoall                            1           80.0          0.000
-----------------------------------------------------------------
MPI task 4 of 6 had the minimum communication time.
total communication time = 16.571 seconds.
total elapsed time       = 641.326 seconds.
user cpu time            = 1349.192 seconds.
system time              = 53.651 seconds.
max resident set size    = 70614.188 MBytes.

-----------------------------------------------------------------
Message size distributions:

MPI_Isend                 #calls    avg. bytes      time(sec)
                              42          32.0          0.000
                              21      102400.0          0.005
                              21     3276800.0          0.120

MPI_Send_init             #calls    avg. bytes      time(sec)
                              84       51200.0          0.000
                              84    26214400.0          0.000

MPI_Recv_init             #calls    avg. bytes      time(sec)
                              84       51200.0          0.000
                              84    26214400.0          0.000

MPI_Irecv                 #calls    avg. bytes      time(sec)
                              42          32.0          0.000
                              21      102400.0          0.001
                              21     3276800.0          0.006

MPI_Bcast                 #calls    avg. bytes      time(sec)
                               5           4.0          0.000
                               2           8.0          0.000
                               3          13.3          0.000
                               8          30.5          0.000
                               6          80.0          0.000

MPI_Reduce                #calls    avg. bytes      time(sec)
                               1           4.0          0.000

MPI_Allreduce             #calls    avg. bytes      time(sec)
                             101           4.0          0.000
                             265           8.0          2.471
                              39          64.0          0.398
                              14         256.0          0.493

MPI_Gather                #calls    avg. bytes      time(sec)
                               1           4.0          0.000

MPI_Alltoall              #calls    avg. bytes      time(sec)
                               1          80.0          0.000

