starting jsrun with
nodes = 324
gpus used per socket = 2
ranks_per_socket = 2
cores_per_rank = 10
used cores per socket = 20
threads per rank = 20
 Executing UMT2015 Number of ranks =1296
 and number of OMP threads  =20
 gridFileName: 9x12x12_36.cmg
 setting the number of groups=16
 Running with Product Quadrature 
 setting number of polar angles     = 8
 setting number of azimuthal angles = 4
 Building mesh...
 Mesh complete.
 Initializing Teton object...
    done.
 Starting time advance...
 sweep_mem =              13825209344
 True flux iterations =             1
 True flux iterations =             2
 True flux iterations =             1
 True flux iterations =             1
CYCLE 1 timerad = 3e-06
 
TempIters = 4 FluxIters = 4 GTAIters = 0
TrMax =     0.003162277660168 in Zone 46780 on Node 752
TeMax =     0.0031622776601684 in Zone 71794 on Node 1289
Recommended time step for next rad cycle = 6e-05
 
 
********** Run Time Statistics **********
                  Cycle Advance             Accumulated 
                     Time (sec)         Angle Loop Time (sec)
RADTR              = 15.562662             6.500154283829
 
 True flux iterations =             2
 True flux iterations =             3
 True flux iterations =             3
 True flux iterations =             3
 True flux iterations =             1
 True flux iterations =             1
CYCLE 2 timerad = 6.3e-05
 
TempIters = 6 FluxIters = 6 GTAIters = 0
TrMax =     0.36459219972126 in Zone 52652 on Node 1008
TeMax =     0.0075234782304954 in Zone 52652 on Node 1008
Recommended time step for next rad cycle = 6e-05
 
 
********** Run Time Statistics **********
                  Cycle Advance             Accumulated 
                     Time (sec)         Angle Loop Time (sec)
RADTR              = 25.334987             20.985073489603
 
 True flux iterations =             2
 True flux iterations =             3
 True flux iterations =             3
 True flux iterations =             2
 True flux iterations =             1
 True flux iterations =             1
 True flux iterations =             1
 True flux iterations =             1
 True flux iterations =             1
 True flux iterations =             1
 True flux iterations =             1
CYCLE 3 timerad = 0.000123
 
TempIters = 11 FluxIters = 11 GTAIters = 0
TrMax =     0.43263702948638 in Zone 63807 on Node 1152
TeMax =     0.14207129578731 in Zone 52652 on Node 1008
Recommended time step for next rad cycle = 6e-05
 
 
********** Run Time Statistics **********
                  Cycle Advance             Accumulated 
                     Time (sec)         Angle Loop Time (sec)
RADTR              = 34.409563             42.446208936395
 
 True flux iterations =             2
 True flux iterations =             3
 True flux iterations =             3
 True flux iterations =             2
 True flux iterations =             1
 True flux iterations =             1
 True flux iterations =             1
 True flux iterations =             1
 True flux iterations =             1
 True flux iterations =             1
CYCLE 4 timerad = 0.000183
 
TempIters = 10 FluxIters = 10 GTAIters = 0
TrMax =     0.47777565112784 in Zone 45362 on Node 1152
TeMax =     0.18768964084771 in Zone 49373 on Node 1152
Recommended time step for next rad cycle = 6e-05
 
 
********** Run Time Statistics **********
                  Cycle Advance             Accumulated 
                     Time (sec)         Angle Loop Time (sec)
RADTR              = 31.663062             61.811807611026
 
 True flux iterations =             2
 True flux iterations =             3
 True flux iterations =             2
 True flux iterations =             3
 True flux iterations =             1
 True flux iterations =             1
 True flux iterations =             2
 True flux iterations =             1
 True flux iterations =             1
CYCLE 5 timerad = 0.000243
 
TempIters = 9 FluxIters = 9 GTAIters = 0
TrMax =     0.51233672654196 in Zone 45364 on Node 1152
TeMax =     0.22394100235343 in Zone 57075 on Node 1152
Recommended time step for next rad cycle = 6e-05
 
 
********** Run Time Statistics **********
                  Cycle Advance             Accumulated 
                     Time (sec)         Angle Loop Time (sec)
RADTR              = 31.84267             81.798538761912
 
 True flux iterations =             2
 True flux iterations =             3
 True flux iterations =             2
 True flux iterations =             2
 True flux iterations =             1
 True flux iterations =             2
 True flux iterations =             1
 True flux iterations =             1
CYCLE 6 timerad = 0.000303
 
TempIters = 8 FluxIters = 8 GTAIters = 0
TrMax =     0.54062904635862 in Zone 59607 on Node 1152
TeMax =     0.255045947814 in Zone 57075 on Node 1152
Recommended time step for next rad cycle = 6e-05
 
 
********** Run Time Statistics **********
                  Cycle Advance             Accumulated 
                     Time (sec)         Angle Loop Time (sec)
RADTR              = 29.205131             99.581210525241
 
 SuOlson setting last step's dt=3.1e-05
 True flux iterations =             2
 True flux iterations =             1
 True flux iterations =             1
 True flux iterations =             1
 True flux iterations =             1
CYCLE 7 timerad = 0.000334
 
TempIters = 5 FluxIters = 5 GTAIters = 0
TrMax =     0.55355936067424 in Zone 45361 on Node 1152
TeMax =     0.27044841657969 in Zone 57279 on Node 1152
Recommended time step for next rad cycle = 6e-05
 
 
********** Run Time Statistics **********
                  Cycle Advance             Accumulated 
                     Time (sec)         Angle Loop Time (sec)
RADTR              = 17.504448             107.93921053107
 
 SuOlson Test version 1.0 completed at time= 0.000334  goalTime= 0.000334
 Computing error check along x=0.00154321, y=0.00347222
 z=    0.01 tInterpolated=  0.00533376 tExact=    0.00468 error=0.000653763
 z=     0.1 tInterpolated=  0.00533376 tExact=    0.00468 error=0.000653763
 z= 0.17783 tInterpolated=  0.00533376 tExact=    0.00468 error=0.000653761
 z= 0.31623 tInterpolated=  0.00533264 tExact=    0.00468 error=0.000652645
 z=    0.45 tInterpolated=  0.00502305 tExact=    0.00455 error=0.000473046
 z=     0.5 tInterpolated=  0.00267518 tExact=    0.00234 error=0.000335179
 z= 0.56234 tInterpolated= 0.000197392 tExact=      5e-05 error=0.000147392
 z=    0.75 tInterpolated= 5.25355e-08 tExact=          0 error=5.25355e-08
ngroups = 16
nangsn = 256
tot zones = 96748992
numUnknowns = 3.17027e+12
cumulativeIterationCount= 53 cumulativeWorkTime=185.523 s.
figure of merit = 9.05682e+11
task 132 failed to open the trace file mpi_profile.56927.132 ... using stderr
task 0 failed to open the trace file mpi_profile.56927.0 ... using stderr
task 161 failed to open the trace file mpi_profile.56927.161 ... using stderr
task 791 failed to open the trace file mpi_profile.56927.791 ... using stderr

------------------------------------------------------------
Sender: LSF System <lsfadmin@batch4>
Subject: Job 56927: <Not_Specified> in cluster <summit> Done

Job <Not_Specified> was submitted from host <login3> by user <dappelh> in cluster <summit> at Fri Apr  6 00:31:23 2018
Job was executed on host(s) <1*batch4>, in queue <new>, as user <dappelh> in cluster <summit> at Fri Apr  6 02:44:17 2018
                            <42*c27n06>
                            <42*c28n10>
                            <42*f05n08>
                            <42*f25n09>
                            <42*f25n10>
                            <42*f25n11>
                            <42*f25n12>
                            <42*f25n13>
                            <42*f25n14>
                            <42*f25n15>
                            <42*f25n17>
                            <42*f25n18>
                            <42*f26n01>
                            <42*f26n02>
                            <42*f26n03>
                            <42*f26n04>
                            <42*f26n05>
                            <42*f26n07>
                            <42*f26n08>
                            <42*f26n09>
                            <42*f26n10>
                            <42*f26n12>
                            <42*f26n13>
                            <42*f26n14>
                            <42*f26n15>
                            <42*f26n16>
                            <42*f26n17>
                            <42*f26n18>
                            <42*f27n02>
                            <42*f27n03>
                            <42*f27n04>
                            <42*f27n05>
                            <42*f27n06>
                            <42*f27n09>
                            <42*f27n10>
                            <42*f27n12>
                            <42*f27n15>
                            <42*f27n16>
                            <42*f27n17>
                            <42*f27n18>
                            <42*f28n01>
                            <42*f28n02>
                            <42*f28n03>
                            <42*f28n04>
                            <42*f28n05>
                            <42*f28n06>
                            <42*f28n07>
                            <42*f28n10>
                            <42*f28n11>
                            <42*f28n12>
                            <42*f28n13>
                            <42*f28n14>
                            <42*f28n15>
                            <42*f28n16>
                            <42*f28n17>
                            <42*f28n18>
                            <42*f29n01>
                            <42*f29n02>
                            <42*f29n03>
                            <42*f29n04>
                            <42*f29n05>
                            <42*f29n06>
                            <42*f29n07>
                            <42*f29n08>
                            <42*f29n09>
                            <42*f29n11>
                            <42*f29n12>
                            <42*f29n13>
                            <42*f29n15>
                            <42*f29n16>
                            <42*f29n17>
                            <42*f29n18>
                            <42*f30n01>
                            <42*f30n02>
                            <42*f30n03>
                            <42*f30n04>
                            <42*f30n05>
                            <42*f30n06>
                            <42*f30n07>
                            <42*f30n08>
                            <42*f30n09>
                            <42*f30n10>
                            <42*f30n11>
                            <42*f30n12>
                            <42*f30n13>
                            <42*f30n14>
                            <42*f30n15>
                            <42*f30n16>
                            <42*f30n17>
                            <42*f30n18>
                            <42*f31n01>
                            <42*f31n02>
                            <42*f31n03>
                            <42*f31n04>
                            <42*f31n05>
                            <42*f31n06>
                            <42*f31n07>
                            <42*f31n08>
                            <42*f31n09>
                            <42*f31n12>
                            <42*f31n14>
                            <42*f31n15>
                            <42*f31n16>
                            <42*f31n17>
                            <42*f31n18>
                            <42*f32n01>
                            <42*f32n02>
                            <42*f32n03>
                            <42*f32n05>
                            <42*f32n06>
                            <42*f32n07>
                            <42*f32n08>
                            <42*f32n10>
                            <42*f32n11>
                            <42*f32n12>
                            <42*f32n13>
                            <42*f32n14>
                            <42*f32n16>
                            <42*f32n18>
                            <42*f33n01>
                            <42*f33n02>
                            <42*f33n03>
                            <42*f33n04>
                            <42*f33n06>
                            <42*f33n08>
                            <42*f33n09>
                            <42*f33n10>
                            <42*f33n12>
                            <42*f33n13>
                            <42*f33n14>
                            <42*f33n15>
                            <42*f33n16>
                            <42*f33n18>
                            <42*f34n01>
                            <42*f34n02>
                            <42*f34n03>
                            <42*f34n04>
                            <42*f34n05>
                            <42*f34n07>
                            <42*f34n08>
                            <42*f34n10>
                            <42*f34n11>
                            <42*f34n12>
                            <42*f34n13>
                            <42*f34n14>
                            <42*f34n15>
                            <42*f34n16>
                            <42*f34n17>
                            <42*f34n18>
                            <42*f35n02>
                            <42*f35n04>
                            <42*f35n06>
                            <42*f35n07>
                            <42*f35n10>
                            <42*f36n01>
                            <42*f36n02>
                            <42*f36n03>
                            <42*f36n04>
                            <42*f36n07>
                            <42*f36n08>
                            <42*f36n09>
                            <42*f36n10>
                            <42*f36n11>
                            <42*f36n12>
                            <42*f36n13>
                            <42*f36n14>
                            <42*f36n15>
                            <42*f36n16>
                            <42*f36n17>
                            <42*f36n18>
                            <42*h09n01>
                            <42*h09n02>
                            <42*h09n03>
                            <42*h09n04>
                            <42*h09n05>
                            <42*h09n06>
                            <42*h09n07>
                            <42*h09n08>
                            <42*h09n09>
                            <42*h09n10>
                            <42*h09n11>
                            <42*h09n12>
                            <42*h09n13>
                            <42*h09n14>
                            <42*h09n15>
                            <42*h09n16>
                            <42*h09n17>
                            <42*h09n18>
                            <42*h10n01>
                            <42*h10n02>
                            <42*h10n03>
                            <42*h10n04>
                            <42*h10n05>
                            <42*h10n06>
                            <42*h10n07>
                            <42*h10n08>
                            <42*h10n09>
                            <42*h10n10>
                            <42*h10n11>
                            <42*h10n12>
                            <42*h10n13>
                            <42*h10n14>
                            <42*h10n15>
                            <42*h10n16>
                            <42*h10n17>
                            <42*h10n18>
                            <42*h11n01>
                            <42*h11n03>
                            <42*h11n04>
                            <42*h11n05>
                            <42*h11n06>
                            <42*h11n07>
                            <42*h11n08>
                            <42*h11n09>
                            <42*h11n10>
                            <42*h11n11>
                            <42*h11n12>
                            <42*h11n13>
                            <42*h11n14>
                            <42*h11n15>
                            <42*h11n16>
                            <42*h11n17>
                            <42*h11n18>
                            <42*h12n01>
                            <42*h12n02>
                            <42*h12n03>
                            <42*h12n04>
                            <42*h12n06>
                            <42*h12n07>
                            <42*h12n08>
                            <42*h12n09>
                            <42*h12n10>
                            <42*h12n11>
                            <42*h12n12>
                            <42*h12n13>
                            <42*h12n14>
                            <42*h12n15>
                            <42*h12n16>
                            <42*h12n17>
                            <42*h12n18>
                            <42*h14n01>
                            <42*h14n02>
                            <42*h14n03>
                            <42*h14n04>
                            <42*h14n05>
                            <42*h14n06>
                            <42*h14n07>
                            <42*h14n08>
                            <42*h14n09>
                            <42*h14n10>
                            <42*h14n11>
                            <42*h14n12>
                            <42*h14n13>
                            <42*h14n14>
                            <42*h14n16>
                            <42*h14n17>
                            <42*h14n18>
                            <42*h15n01>
                            <42*h15n02>
                            <42*h15n03>
                            <42*h15n04>
                            <42*h15n05>
                            <42*h15n06>
                            <42*h15n07>
                            <42*h15n08>
                            <42*h15n09>
                            <42*h15n10>
                            <42*h15n11>
                            <42*h15n12>
                            <42*h15n13>
                            <42*h15n14>
                            <42*h15n15>
                            <42*h15n16>
                            <42*h15n17>
                            <42*h15n18>
                            <42*h16n01>
                            <42*h16n02>
                            <42*h16n03>
                            <42*h16n04>
                            <42*h16n05>
                            <42*h16n06>
                            <42*h16n07>
                            <42*h16n08>
                            <42*h16n09>
                            <42*h16n10>
                            <42*h16n11>
                            <42*h16n13>
                            <42*h16n14>
                            <42*h16n15>
                            <42*h16n17>
                            <42*h16n18>
                            <42*h17n01>
                            <42*h17n03>
                            <42*h17n04>
                            <42*h17n05>
                            <42*h17n06>
                            <42*h17n07>
                            <42*h17n08>
                            <42*h17n09>
                            <42*h17n10>
                            <42*h17n11>
                            <42*h17n12>
                            <42*h17n13>
                            <42*h17n14>
                            <42*h17n15>
                            <42*h17n16>
                            <42*h17n17>
                            <42*h17n18>
                            <42*h18n01>
                            <42*h18n02>
                            <42*h18n03>
                            <42*h18n04>
                            <42*h18n05>
                            <42*h18n06>
                            <42*h18n07>
                            <42*h18n08>
                            <42*h18n09>
                            <42*h18n10>
                            <42*h18n11>
                            <42*h18n12>
                            <42*h18n13>
                            <42*h18n14>
                            <42*h18n15>
                            <42*h18n16>
</ccs/home/dappelh> was used as the home directory.
</ccs/home/dappelh/codes/coral/umt2016-managed/runs> was used as the working directory.
Started at Fri Apr  6 02:44:17 2018
Terminated at Fri Apr  6 02:52:10 2018
Results reported at Fri Apr  6 02:52:10 2018

The output (if any) is above this job summary.



PS:

Read file <56927.err> for stderr output of this job.

