==42067== NVPROF is profiling process 42067, command: ../Teton/SuOlsonTest 1x2x3_38.cmg 16 2 16 8 4
from Timer_Print: could not open timing_summary.58192
timing summary printed to stderr

------------------------------------------------------------------------------------------------
Timing  summary:                 #calls       avg(sec)     min(sec) minRank     max(sec) maxRank
------------------------------------------------------------------------------------------------
work                                  1       347.097      347.095       0      347.097       4
getgeometry                           7         2.511        2.429       0        2.721       3
reflect                               7         0.290        0.247       1        0.408       3
mismatch in starts/stops for code block 'rtorder'
  starts = 7
  stops  = 14
mismatch in starts/stops for code block 'findexit'
  starts = 7
  stops  = 0
scheduler                             7         0.001        0.001       0        0.001       5
advanceRT                             7         8.891        8.682       4        9.875       3
_ZoneLoop0                            7         0.022        0.022       0        0.022       1
_snmoments1                           7         8.436        8.399       4        8.537       3
__snmoments                         368         0.012        0.010       4        0.019       3
_ZoneLoop2                            7         0.047        0.040       3        0.054       0
rtstrtsn                              7         0.233        0.220       3        0.244       5
_initialize                           7         0.037        0.037       1        0.038       2
_zoneaverage                          7         0.038        0.038       1        0.040       3
compton                               7         0.030        0.025       2        0.033       3
absorbrate                           40         0.222        0.213       2        0.227       3
material                             40         5.753        5.539       1        5.926       5
exch                                 33         4.260        2.733       3        4.923       1
rswpmd                               33        87.326       86.863       1       87.764       3
_setflux                             72         1.630        1.216       5        2.074       4
_initexch                            39         0.548        0.005       4        1.005       3
_anglebins                           39        83.654       82.810       0       84.231       5
__exch                              312         9.363        7.173       5       14.114       4
rtconi                               33         0.622        0.608       4        0.642       1
rtconv                               33         1.898        1.606       5        2.125       1
bdyedt                                7         0.920        0.919       3        0.921       5
Data for MPI rank 3 of 6:
Times and statistics from MPI_Init() to MPI_Finalize().
-----------------------------------------------------------------------
MPI Routine                        #calls     avg. bytes      time(sec)
-----------------------------------------------------------------------
MPI_Comm_rank                      535557            0.0          0.011
MPI_Comm_size                           4            0.0          0.000
MPI_Isend                              56       762448.0          0.018
MPI_Send_init                         112     11852352.0          0.000
MPI_Recv_init                         112     11852352.0          0.000
MPI_Irecv                              56       762448.0          0.000
MPI_Wait                             1208            0.0          4.809
MPI_Waitall                            28            0.0          0.150
MPI_Start                            1152            0.0          0.058
MPI_Bcast                              24           33.3          0.001
MPI_Barrier                           230            0.0          5.909
MPI_Reduce                              1            4.0          0.000
MPI_Allreduce                         419           20.5          3.289
MPI_Gather                              1            4.0          0.000
MPI_Gatherv                             2            0.0          0.000
MPI_Alltoall                            1           80.0          0.000
-----------------------------------------------------------------
MPI task 3 of 6 had the minimum communication time.
total communication time = 14.245 seconds.
total elapsed time       = 673.313 seconds.
user cpu time            = 2185.433 seconds.
system time              = 131.538 seconds.
max resident set size    = 60904.562 MBytes.

-----------------------------------------------------------------
Message size distributions:

MPI_Isend                 #calls    avg. bytes      time(sec)
                              28          32.0          0.000
                              14       92416.0          0.001
                              14     2957312.0          0.016

MPI_Send_init             #calls    avg. bytes      time(sec)
                              56       46208.0          0.000
                              56    23658496.0          0.000

MPI_Recv_init             #calls    avg. bytes      time(sec)
                              56       46208.0          0.000
                              56    23658496.0          0.000

MPI_Irecv                 #calls    avg. bytes      time(sec)
                              28          32.0          0.000
                              14       92416.0          0.000
                              14     2957312.0          0.000

MPI_Bcast                 #calls    avg. bytes      time(sec)
                               5           4.0          0.000
                               2           8.0          0.000
                               3          13.3          0.001
                               8          30.5          0.000
                               6          80.0          0.000

MPI_Reduce                #calls    avg. bytes      time(sec)
                               1           4.0          0.000

MPI_Allreduce             #calls    avg. bytes      time(sec)
                             101           4.0          0.000
                             265           8.0          1.047
                              39          64.0          1.322
                              14         256.0          0.919

MPI_Gather                #calls    avg. bytes      time(sec)
                               1           4.0          0.000

MPI_Alltoall              #calls    avg. bytes      time(sec)
                               1          80.0          0.000

Data for MPI rank 5 of 6:
Times and statistics from MPI_Init() to MPI_Finalize().
-----------------------------------------------------------------------
MPI Routine                        #calls     avg. bytes      time(sec)
-----------------------------------------------------------------------
MPI_Comm_rank                      535559            0.0          0.011
MPI_Comm_size                           4            0.0          0.000
MPI_Isend                              56       762448.0          0.076
MPI_Send_init                         112     11852352.0          0.000
MPI_Recv_init                         112     11852352.0          0.000
MPI_Irecv                              56       762448.0          0.000
MPI_Wait                             1208            0.0          5.369
MPI_Waitall                            28            0.0          0.228
MPI_Start                            1152            0.0          0.040
MPI_Bcast                              24           33.3          0.003
MPI_Barrier                           230            0.0         10.510
MPI_Reduce                              1            4.0          0.000
MPI_Allreduce                         419           20.5        192.614
MPI_Gather                              1            4.0          0.000
MPI_Gatherv                             2            0.0          0.000
MPI_Alltoall                            1           80.0          0.000
-----------------------------------------------------------------
MPI task 5 of 6 had the median communication time.
total communication time = 208.851 seconds.
total elapsed time       = 673.313 seconds.
user cpu time            = 2139.601 seconds.
system time              = 126.718 seconds.
max resident set size    = 60594.688 MBytes.

-----------------------------------------------------------------
Message size distributions:

MPI_Isend                 #calls    avg. bytes      time(sec)
                              28          32.0          0.000
                              14       92416.0          0.002
                              14     2957312.0          0.074

MPI_Send_init             #calls    avg. bytes      time(sec)
                              56       46208.0          0.000
                              56    23658496.0          0.000

MPI_Recv_init             #calls    avg. bytes      time(sec)
                              56       46208.0          0.000
                              56    23658496.0          0.000

MPI_Irecv                 #calls    avg. bytes      time(sec)
                              28          32.0          0.000
                              14       92416.0          0.000
                              14     2957312.0          0.000

MPI_Bcast                 #calls    avg. bytes      time(sec)
                               5           4.0          0.000
                               2           8.0          0.000
                               3          13.3          0.003
                               8          30.5          0.000
                               6          80.0          0.000

MPI_Reduce                #calls    avg. bytes      time(sec)
                               1           4.0          0.000

MPI_Allreduce             #calls    avg. bytes      time(sec)
                             101           4.0          0.000
                             265           8.0        192.072
                              39          64.0          0.361
                              14         256.0          0.180

MPI_Gather                #calls    avg. bytes      time(sec)
                               1           4.0          0.000

MPI_Alltoall              #calls    avg. bytes      time(sec)
                               1          80.0          0.000

==42067== Generated result file: /gpfs/alpinetds/scratch/dappelh/ven201/nvp216_3.prof
