starting jsrun with
nodes = 1
gpus used per socket = 3
ranks_per_socket = 3
cores_per_rank = 7
used cores per socket = 21
threads per rank = 14
nvprof output at 
 Executing UMT2015 Number of ranks =6
 and number of OMP threads  =14
 gridFileName: 1x2x3_38.cmg
 setting the number of groups=16
 Running with Product Quadrature 
 setting number of polar angles     = 8
 setting number of azimuthal angles = 4
 Building mesh...
 Mesh complete.
 Initializing Teton object...
    done.
 Starting time advance...
 sweep_mem =              22248612864
 True flux iterations =             1
 True flux iterations =             1
 True flux iterations =             1
 True flux iterations =             1
CYCLE 1 timerad = 3e-06
 
TempIters = 4 FluxIters = 4 GTAIters = 0
TrMax =     0.0031622776601684 in Zone 50 on Node 5
TeMax =     0.0031622776601684 in Zone 59772 on Node 5
Recommended time step for next rad cycle = 6e-05
 
 
********** Run Time Statistics **********
                  Cycle Advance             Accumulated 
                     Time (sec)         Angle Loop Time (sec)
RADTR              = 40.739178             6.8322278403211
 
 True flux iterations =             2
 True flux iterations =             1
 True flux iterations =             1
 True flux iterations =             1
 True flux iterations =             1
CYCLE 2 timerad = 6.3e-05
 
TempIters = 5 FluxIters = 5 GTAIters = 0
TrMax =     0.364592199725 in Zone 64820 on Node 3
TeMax =     0.0075234782306745 in Zone 61928 on Node 3
Recommended time step for next rad cycle = 6e-05
 
 
********** Run Time Statistics **********
                  Cycle Advance             Accumulated 
                     Time (sec)         Angle Loop Time (sec)
RADTR              = 39.729202             17.079441233305
 
 True flux iterations =             2
 True flux iterations =             1
 True flux iterations =             1
 True flux iterations =             1
 True flux iterations =             1
CYCLE 3 timerad = 0.000123
 
TempIters = 5 FluxIters = 5 GTAIters = 0
TrMax =     0.43263702948757 in Zone 81633 on Node 3
TeMax =     0.14207129578952 in Zone 66933 on Node 3
Recommended time step for next rad cycle = 6e-05
 
 
********** Run Time Statistics **********
                  Cycle Advance             Accumulated 
                     Time (sec)         Angle Loop Time (sec)
RADTR              = 39.694582             27.31564430031
 
 True flux iterations =             2
 True flux iterations =             1
 True flux iterations =             1
 True flux iterations =             1
 True flux iterations =             1
CYCLE 4 timerad = 0.000183
 
TempIters = 5 FluxIters = 5 GTAIters = 0
TrMax =     0.47777565112928 in Zone 66933 on Node 3
TeMax =     0.18768964085181 in Zone 66933 on Node 3
Recommended time step for next rad cycle = 6e-05
 
 
********** Run Time Statistics **********
                  Cycle Advance             Accumulated 
                     Time (sec)         Angle Loop Time (sec)
RADTR              = 39.641797             37.55366178113
 
 True flux iterations =             2
 True flux iterations =             1
 True flux iterations =             1
 True flux iterations =             1
 True flux iterations =             1
CYCLE 5 timerad = 0.000243
 
TempIters = 5 FluxIters = 5 GTAIters = 0
TrMax =     0.5123367265458 in Zone 66933 on Node 3
TeMax =     0.22394100235717 in Zone 66933 on Node 3
Recommended time step for next rad cycle = 6e-05
 
 
********** Run Time Statistics **********
                  Cycle Advance             Accumulated 
                     Time (sec)         Angle Loop Time (sec)
RADTR              = 39.70786             47.775384813547
 
 True flux iterations =             2
 True flux iterations =             1
 True flux iterations =             1
 True flux iterations =             1
 True flux iterations =             1
CYCLE 6 timerad = 0.000303
 
TempIters = 5 FluxIters = 5 GTAIters = 0
TrMax =     0.5406290463671 in Zone 66933 on Node 3
TeMax =     0.25504594781832 in Zone 66933 on Node 3
Recommended time step for next rad cycle = 6e-05
 
 
********** Run Time Statistics **********
                  Cycle Advance             Accumulated 
                     Time (sec)         Angle Loop Time (sec)
RADTR              = 39.576495             58.012937533669
 
 SuOlson setting last step's dt=3.1e-05
 True flux iterations =             2
 True flux iterations =             1
 True flux iterations =             1
 True flux iterations =             1
CYCLE 7 timerad = 0.000334
 
TempIters = 4 FluxIters = 4 GTAIters = 0
TrMax =     0.55355936068196 in Zone 71142 on Node 0
TeMax =     0.27044841658385 in Zone 64419 on Node 0
Recommended time step for next rad cycle = 6e-05
 
 
********** Run Time Statistics **********
                  Cycle Advance             Accumulated 
                     Time (sec)         Angle Loop Time (sec)
RADTR              = 34.409345             66.53884789953
 
 SuOlson Test version 1.0 completed at time= 0.000334  goalTime= 0.000334
 Computing error check along x=0.0131579, y=0.00657895
 z=    0.01 tInterpolated=  0.00533376 tExact=    0.00468 error=0.000653763
 z=     0.1 tInterpolated=  0.00533376 tExact=    0.00468 error=0.000653763
 z= 0.17783 tInterpolated=  0.00533376 tExact=    0.00468 error=0.000653761
 z= 0.31623 tInterpolated=  0.00533261 tExact=    0.00468 error=0.000652608
 z=    0.45 tInterpolated=  0.00501883 tExact=    0.00455 error=0.000468834
 z=     0.5 tInterpolated=  0.00267146 tExact=    0.00234 error=0.000331459
 z= 0.56234 tInterpolated= 0.000194576 tExact=      5e-05 error=0.000144576
 z=    0.75 tInterpolated= 5.35027e-08 tExact=          0 error=5.35027e-08
ngroups = 16
nangsn = 256
tot zones = 526800
numUnknowns = 1.72622e+10
cumulativeIterationCount= 33 cumulativeWorkTime=273.498 s.
figure of merit = 2.08283e+09
task 0 failed to open the trace file mpi_profile.59972.0 ... using stderr
task 2 failed to open the trace file mpi_profile.59972.2 ... using stderr
task 3 failed to open the trace file mpi_profile.59972.3 ... using stderr
task 4 failed to open the trace file mpi_profile.59972.4 ... using stderr

------------------------------------------------------------
Sender: LSF System <lsfadmin@batch2>
Subject: Job 59972: <Not_Specified> in cluster <summit> Done

Job <Not_Specified> was submitted from host <login5> by user <dappelh> in cluster <summit> at Wed Apr 11 15:48:52 2018
Job was executed on host(s) <1*batch2>, in queue <batch>, as user <dappelh> in cluster <summit> at Wed Apr 11 15:48:55 2018
                            <42*a31n04>
</ccs/home/dappelh> was used as the home directory.
</ccs/home/dappelh/codes/coral/umt2016-managed/runs> was used as the working directory.
Started at Wed Apr 11 15:48:55 2018
Terminated at Wed Apr 11 16:00:08 2018
Results reported at Wed Apr 11 16:00:08 2018

The output (if any) is above this job summary.



PS:

Read file <59972.err> for stderr output of this job.

