starting jsrun with
nodes = 324
gpus used per socket = 2
ranks_per_socket = 2
cores_per_rank = 10
used cores per socket = 20
threads per rank = 10
 Executing UMT2015 Number of ranks =1296
 and number of OMP threads  =10
 gridFileName: 9x12x12_36.cmg
 setting the number of groups=16
 Running with Product Quadrature 
 setting number of polar angles     = 8
 setting number of azimuthal angles = 4
 Building mesh...
 Mesh complete.
 Initializing Teton object...
    done.
 Starting time advance...
 sweep_mem =              13825209344
 True flux iterations =             1
 True flux iterations =             2
 True flux iterations =             1
 True flux iterations =             1
CYCLE 1 timerad = 3e-06
 
TempIters = 4 FluxIters = 4 GTAIters = 0
TrMax =     0.003162277660168 in Zone 46780 on Node 752
TeMax =     0.0031622776601684 in Zone 71794 on Node 1289
Recommended time step for next rad cycle = 6e-05
 
 
********** Run Time Statistics **********
                  Cycle Advance             Accumulated 
                     Time (sec)         Angle Loop Time (sec)
RADTR              = 16.576344             6.4643202179577
 
 True flux iterations =             2
 True flux iterations =             3
 True flux iterations =             3
 True flux iterations =             3
 True flux iterations =             1
 True flux iterations =             1
CYCLE 2 timerad = 6.3e-05
 
TempIters = 6 FluxIters = 6 GTAIters = 0
TrMax =     0.36459219972126 in Zone 52652 on Node 1008
TeMax =     0.0075234782304954 in Zone 52652 on Node 1008
Recommended time step for next rad cycle = 6e-05
 
 
********** Run Time Statistics **********
                  Cycle Advance             Accumulated 
                     Time (sec)         Angle Loop Time (sec)
RADTR              = 26.260248             20.928809503792
 
 True flux iterations =             2
 True flux iterations =             3
 True flux iterations =             3
 True flux iterations =             2
 True flux iterations =             1
 True flux iterations =             1
 True flux iterations =             1
 True flux iterations =             1
 True flux iterations =             1
 True flux iterations =             1
 True flux iterations =             1
CYCLE 3 timerad = 0.000123
 
TempIters = 11 FluxIters = 11 GTAIters = 0
TrMax =     0.43263702948638 in Zone 63807 on Node 1152
TeMax =     0.14207129578731 in Zone 52652 on Node 1008
Recommended time step for next rad cycle = 6e-05
 
 
********** Run Time Statistics **********
                  Cycle Advance             Accumulated 
                     Time (sec)         Angle Loop Time (sec)
RADTR              = 34.465379             42.363511809614
 
 True flux iterations =             2
 True flux iterations =             3
 True flux iterations =             3
 True flux iterations =             2
 True flux iterations =             1
 True flux iterations =             1
 True flux iterations =             1
 True flux iterations =             1
 True flux iterations =             1
 True flux iterations =             1
CYCLE 4 timerad = 0.000183
 
TempIters = 10 FluxIters = 10 GTAIters = 0
TrMax =     0.47777565112784 in Zone 45362 on Node 1152
TeMax =     0.18768964084771 in Zone 49373 on Node 1152
Recommended time step for next rad cycle = 6e-05
 
 
********** Run Time Statistics **********
                  Cycle Advance             Accumulated 
                     Time (sec)         Angle Loop Time (sec)
RADTR              = 32.137451             61.709925990086
 
 True flux iterations =             2
 True flux iterations =             3
 True flux iterations =             2
 True flux iterations =             3
 True flux iterations =             1
 True flux iterations =             1
 True flux iterations =             2
 True flux iterations =             1
 True flux iterations =             1
CYCLE 5 timerad = 0.000243
 
TempIters = 9 FluxIters = 9 GTAIters = 0
TrMax =     0.51233672654196 in Zone 45364 on Node 1152
TeMax =     0.22394100235343 in Zone 57075 on Node 1152
Recommended time step for next rad cycle = 6e-05
 
 
********** Run Time Statistics **********
                  Cycle Advance             Accumulated 
                     Time (sec)         Angle Loop Time (sec)
RADTR              = 32.649464             81.664542386541
 
 True flux iterations =             2
 True flux iterations =             3
 True flux iterations =             2
 True flux iterations =             2
 True flux iterations =             1
 True flux iterations =             2
 True flux iterations =             1
 True flux iterations =             1
CYCLE 6 timerad = 0.000303
 
TempIters = 8 FluxIters = 8 GTAIters = 0
TrMax =     0.54062904635862 in Zone 59607 on Node 1152
TeMax =     0.255045947814 in Zone 57075 on Node 1152
Recommended time step for next rad cycle = 6e-05
 
 
********** Run Time Statistics **********
                  Cycle Advance             Accumulated 
                     Time (sec)         Angle Loop Time (sec)
RADTR              = 30.238415             99.41900792555
 
 SuOlson setting last step's dt=3.1e-05
 True flux iterations =             2
 True flux iterations =             1
 True flux iterations =             1
 True flux iterations =             1
 True flux iterations =             1
CYCLE 7 timerad = 0.000334
 
TempIters = 5 FluxIters = 5 GTAIters = 0
TrMax =     0.55355936067424 in Zone 45361 on Node 1152
TeMax =     0.27044841657969 in Zone 57279 on Node 1152
Recommended time step for next rad cycle = 6e-05
 
 
********** Run Time Statistics **********
                  Cycle Advance             Accumulated 
                     Time (sec)         Angle Loop Time (sec)
RADTR              = 19.001012             107.77314688265
 
 SuOlson Test version 1.0 completed at time= 0.000334  goalTime= 0.000334
 Computing error check along x=0.00154321, y=0.00347222
 z=    0.01 tInterpolated=  0.00533376 tExact=    0.00468 error=0.000653763
 z=     0.1 tInterpolated=  0.00533376 tExact=    0.00468 error=0.000653763
 z= 0.17783 tInterpolated=  0.00533376 tExact=    0.00468 error=0.000653761
 z= 0.31623 tInterpolated=  0.00533264 tExact=    0.00468 error=0.000652645
 z=    0.45 tInterpolated=  0.00502305 tExact=    0.00455 error=0.000473046
 z=     0.5 tInterpolated=  0.00267518 tExact=    0.00234 error=0.000335179
 z= 0.56234 tInterpolated= 0.000197392 tExact=      5e-05 error=0.000147392
 z=    0.75 tInterpolated= 5.25355e-08 tExact=          0 error=5.25355e-08
ngroups = 16
nangsn = 256
tot zones = 96748992
numUnknowns = 3.17027e+12
cumulativeIterationCount= 53 cumulativeWorkTime=191.328 s.
figure of merit = 8.78199e+11
task 1152 failed to open the trace file mpi_profile.85374.1152 ... using stderr
task 520 failed to open the trace file mpi_profile.85374.520 ... using stderr
task 1168 failed to open the trace file mpi_profile.85374.1168 ... using stderr
task 0 failed to open the trace file mpi_profile.85374.0 ... using stderr

------------------------------------------------------------
Sender: LSF System <lsfadmin@batch1>
Subject: Job 85374: <Not_Specified> in cluster <summit> Done

Job <Not_Specified> was submitted from host <login4> by user <dappelh> in cluster <summit> at Fri May  4 14:16:08 2018
Job was executed on host(s) <1*batch1>, in queue <new>, as user <dappelh> in cluster <summit> at Sat May  5 01:28:26 2018
                            <42*b25n01>
                            <42*b25n02>
                            <42*b25n03>
                            <42*b25n04>
                            <42*b25n05>
                            <42*b25n06>
                            <42*b25n07>
                            <42*b25n08>
                            <42*b25n10>
                            <42*b25n11>
                            <42*b25n12>
                            <42*b25n13>
                            <42*b25n14>
                            <42*b25n15>
                            <42*b25n16>
                            <42*b25n17>
                            <42*b25n18>
                            <42*b26n01>
                            <42*b26n02>
                            <42*b26n03>
                            <42*b26n04>
                            <42*b26n05>
                            <42*b26n06>
                            <42*b26n07>
                            <42*b26n08>
                            <42*b26n09>
                            <42*b26n10>
                            <42*b26n11>
                            <42*b26n12>
                            <42*b26n13>
                            <42*b26n14>
                            <42*b26n15>
                            <42*b26n16>
                            <42*b26n17>
                            <42*b26n18>
                            <42*b27n01>
                            <42*b27n02>
                            <42*b27n03>
                            <42*b27n04>
                            <42*b27n06>
                            <42*b27n07>
                            <42*b27n08>
                            <42*b27n09>
                            <42*b27n10>
                            <42*b27n11>
                            <42*b27n13>
                            <42*b27n14>
                            <42*b27n15>
                            <42*b27n16>
                            <42*b27n17>
                            <42*b27n18>
                            <42*b28n01>
                            <42*b28n02>
                            <42*b28n03>
                            <42*b28n04>
                            <42*b28n05>
                            <42*b28n06>
                            <42*b28n07>
                            <42*b28n08>
                            <42*b28n09>
                            <42*b28n10>
                            <42*b28n11>
                            <42*b28n13>
                            <42*b28n14>
                            <42*b28n15>
                            <42*b28n16>
                            <42*b28n17>
                            <42*b28n18>
                            <42*b29n01>
                            <42*b29n02>
                            <42*b29n03>
                            <42*b29n04>
                            <42*b29n05>
                            <42*b29n06>
                            <42*b29n07>
                            <42*b29n08>
                            <42*b29n10>
                            <42*b29n11>
                            <42*b29n13>
                            <42*b29n14>
                            <42*b29n15>
                            <42*b29n16>
                            <42*b29n17>
                            <42*b29n18>
                            <42*b30n01>
                            <42*b30n02>
                            <42*b30n03>
                            <42*b30n04>
                            <42*b30n05>
                            <42*b30n06>
                            <42*b30n08>
                            <42*b30n09>
                            <42*b30n10>
                            <42*b30n11>
                            <42*b30n12>
                            <42*b30n13>
                            <42*b30n14>
                            <42*b30n16>
                            <42*b30n17>
                            <42*b30n18>
                            <42*b31n01>
                            <42*b31n02>
                            <42*b31n03>
                            <42*b31n04>
                            <42*b31n05>
                            <42*b31n06>
                            <42*b31n07>
                            <42*b31n08>
                            <42*b31n09>
                            <42*b31n10>
                            <42*b31n11>
                            <42*b31n12>
                            <42*b31n13>
                            <42*b31n14>
                            <42*b31n15>
                            <42*b31n16>
                            <42*b31n17>
                            <42*b31n18>
                            <42*b32n01>
                            <42*b32n02>
                            <42*b32n03>
                            <42*b32n04>
                            <42*b32n05>
                            <42*b32n06>
                            <42*b32n07>
                            <42*b32n08>
                            <42*b32n09>
                            <42*b32n10>
                            <42*b32n11>
                            <42*b32n12>
                            <42*b32n13>
                            <42*b32n14>
                            <42*b32n15>
                            <42*b32n16>
                            <42*b32n17>
                            <42*b32n18>
                            <42*b33n01>
                            <42*b33n02>
                            <42*b33n03>
                            <42*b33n04>
                            <42*b33n05>
                            <42*b33n06>
                            <42*b33n07>
                            <42*b33n08>
                            <42*b33n09>
                            <42*b33n10>
                            <42*b33n11>
                            <42*b33n12>
                            <42*b33n13>
                            <42*b33n14>
                            <42*b33n15>
                            <42*b33n16>
                            <42*b33n17>
                            <42*b33n18>
                            <42*b34n01>
                            <42*b34n02>
                            <42*b34n03>
                            <42*b34n04>
                            <42*b34n05>
                            <42*b34n06>
                            <42*b34n07>
                            <42*b34n08>
                            <42*b34n09>
                            <42*b34n10>
                            <42*b34n11>
                            <42*b34n12>
                            <42*b34n13>
                            <42*b34n14>
                            <42*b34n15>
                            <42*b34n16>
                            <42*b34n17>
                            <42*b34n18>
                            <42*b35n01>
                            <42*b35n02>
                            <42*b35n03>
                            <42*b35n04>
                            <42*b35n05>
                            <42*b35n06>
                            <42*b35n07>
                            <42*b35n08>
                            <42*b35n09>
                            <42*b35n10>
                            <42*b35n11>
                            <42*b35n12>
                            <42*b35n13>
                            <42*b35n14>
                            <42*b35n15>
                            <42*b35n16>
                            <42*b35n17>
                            <42*b35n18>
                            <42*b36n01>
                            <42*b36n02>
                            <42*b36n05>
                            <42*b36n06>
                            <42*b36n07>
                            <42*b36n09>
                            <42*b36n10>
                            <42*b36n11>
                            <42*b36n12>
                            <42*b36n13>
                            <42*b36n14>
                            <42*b36n15>
                            <42*b36n17>
                            <42*b36n18>
                            <42*c01n01>
                            <42*c01n02>
                            <42*c01n04>
                            <42*c01n05>
                            <42*c01n06>
                            <42*c01n07>
                            <42*c01n08>
                            <42*c01n09>
                            <42*c01n10>
                            <42*c01n11>
                            <42*c01n13>
                            <42*c01n14>
                            <42*e32n07>
                            <42*e32n08>
                            <42*e32n09>
                            <42*e32n10>
                            <42*e32n11>
                            <42*e32n12>
                            <42*e32n13>
                            <42*e32n14>
                            <42*e32n15>
                            <42*e32n16>
                            <42*e32n17>
                            <42*e32n18>
                            <42*e33n01>
                            <42*e33n02>
                            <42*e33n03>
                            <42*e33n04>
                            <42*e33n05>
                            <42*e33n06>
                            <42*e33n07>
                            <42*e33n08>
                            <42*e33n09>
                            <42*e33n10>
                            <42*e33n11>
                            <42*e33n12>
                            <42*e33n13>
                            <42*e33n14>
                            <42*e33n15>
                            <42*e33n17>
                            <42*e33n18>
                            <42*e34n01>
                            <42*e34n02>
                            <42*e34n03>
                            <42*e34n04>
                            <42*e34n05>
                            <42*e34n07>
                            <42*e34n08>
                            <42*e34n09>
                            <42*e34n10>
                            <42*e34n11>
                            <42*e34n12>
                            <42*e34n13>
                            <42*e34n14>
                            <42*e34n15>
                            <42*e34n16>
                            <42*e34n17>
                            <42*e34n18>
                            <42*e35n01>
                            <42*e35n02>
                            <42*e35n03>
                            <42*e35n04>
                            <42*e35n05>
                            <42*e35n06>
                            <42*e35n07>
                            <42*e35n09>
                            <42*e35n10>
                            <42*e35n11>
                            <42*e35n13>
                            <42*e35n14>
                            <42*e35n15>
                            <42*e35n16>
                            <42*e35n17>
                            <42*e35n18>
                            <42*e36n01>
                            <42*e36n02>
                            <42*e36n03>
                            <42*e36n04>
                            <42*e36n05>
                            <42*e36n06>
                            <42*e36n07>
                            <42*e36n08>
                            <42*e36n09>
                            <42*e36n10>
                            <42*e36n11>
                            <42*e36n13>
                            <42*e36n14>
                            <42*e36n15>
                            <42*e36n16>
                            <42*e36n17>
                            <42*e36n18>
                            <42*f01n01>
                            <42*f01n02>
                            <42*f01n03>
                            <42*f01n05>
                            <42*f01n07>
                            <42*f01n08>
                            <42*f01n09>
                            <42*f01n10>
                            <42*f01n11>
                            <42*f01n12>
                            <42*f01n13>
                            <42*f01n14>
                            <42*f01n15>
                            <42*f01n16>
                            <42*f01n18>
                            <42*f02n01>
                            <42*f02n02>
                            <42*f02n03>
                            <42*f02n04>
                            <42*f02n05>
                            <42*f02n06>
                            <42*f02n07>
                            <42*f02n08>
                            <42*f02n09>
                            <42*f02n10>
                            <42*f02n11>
                            <42*f02n12>
                            <42*f02n13>
                            <42*f02n14>
</ccs/home/dappelh> was used as the home directory.
</ccs/home/dappelh/codes/coral/umt2016-managed/runs> was used as the working directory.
Started at Sat May  5 01:28:26 2018
Terminated at Sat May  5 01:36:42 2018
Results reported at Sat May  5 01:36:42 2018

The output (if any) is above this job summary.



PS:

Read file <85374.err> for stderr output of this job.

