starting jsrun with
nodes = 216
gpus used per socket = 2
ranks_per_socket = 2
cores_per_rank = 10
used cores per socket = 20
threads per rank = 20
 Executing UMT2015 Number of ranks =864
 and number of OMP threads  =20
 gridFileName: 8x9x12_36.cmg
 setting the number of groups=16
 Running with Product Quadrature 
 setting number of polar angles     = 8
 setting number of azimuthal angles = 4
 Building mesh...
 Mesh complete.
 Initializing Teton object...
    done.
 Starting time advance...
 sweep_mem =              13825209344
 True flux iterations =             1
 True flux iterations =             1
 True flux iterations =             1
 True flux iterations =             1
CYCLE 1 timerad = 3e-06
 
TempIters = 4 FluxIters = 4 GTAIters = 0
TrMax =     0.0031622776601684 in Zone 74315 on Node 862
TeMax =     0.0031622776601684 in Zone 74086 on Node 861
Recommended time step for next rad cycle = 6e-05
 
 
********** Run Time Statistics **********
                  Cycle Advance             Accumulated 
                     Time (sec)         Angle Loop Time (sec)
RADTR              = 15.454594             5.5831020381302
 
 True flux iterations =             2
 True flux iterations =             3
 True flux iterations =             3
 True flux iterations =             2
 True flux iterations =             1
 True flux iterations =             1
CYCLE 2 timerad = 6.3e-05
 
TempIters = 6 FluxIters = 6 GTAIters = 0
TrMax =     0.36459219972342 in Zone 59271 on Node 648
TeMax =     0.007523478230599 in Zone 59271 on Node 648
Recommended time step for next rad cycle = 6e-05
 
 
********** Run Time Statistics **********
                  Cycle Advance             Accumulated 
                     Time (sec)         Angle Loop Time (sec)
RADTR              = 24.999434             19.424650168978
 
 True flux iterations =             2
 True flux iterations =             3
 True flux iterations =             3
 True flux iterations =             2
 True flux iterations =             1
 True flux iterations =             1
 True flux iterations =             1
 True flux iterations =             1
 True flux iterations =             1
 True flux iterations =             1
 True flux iterations =             1
CYCLE 3 timerad = 0.000123
 
TempIters = 11 FluxIters = 11 GTAIters = 0
TrMax =     0.43263702948682 in Zone 49717 on Node 0
TeMax =     0.14207129578859 in Zone 59271 on Node 648
Recommended time step for next rad cycle = 6e-05
 
 
********** Run Time Statistics **********
                  Cycle Advance             Accumulated 
                     Time (sec)         Angle Loop Time (sec)
RADTR              = 33.929988             40.198140702909
 
 True flux iterations =             2
 True flux iterations =             3
 True flux iterations =             2
 True flux iterations =             3
 True flux iterations =             1
 True flux iterations =             1
 True flux iterations =             1
 True flux iterations =             1
 True flux iterations =             1
 True flux iterations =             1
CYCLE 4 timerad = 0.000183
 
TempIters = 10 FluxIters = 10 GTAIters = 0
TrMax =     0.47777565112895 in Zone 73893 on Node 756
TeMax =     0.18768964084957 in Zone 59271 on Node 648
Recommended time step for next rad cycle = 6e-05
 
 
********** Run Time Statistics **********
                  Cycle Advance             Accumulated 
                     Time (sec)         Angle Loop Time (sec)
RADTR              = 32.202317             59.586178741883
 
 True flux iterations =             2
 True flux iterations =             3
 True flux iterations =             2
 True flux iterations =             2
 True flux iterations =             1
 True flux iterations =             1
 True flux iterations =             2
 True flux iterations =             1
 True flux iterations =             1
 True flux iterations =             2
 True flux iterations =             1
 True flux iterations =             1
 True flux iterations =             2
 True flux iterations =             1
 True flux iterations =             1
 True flux iterations =             2
 True flux iterations =             1
 True flux iterations =             1
 True flux iterations =             2
 True flux iterations =             1
CYCLE 5 timerad = 0.000243
 
TempIters = 20 FluxIters = 20 GTAIters = 0
TrMax =     0.51233413074338 in Zone 47399 on Node 121
TeMax =     0.22394066145588 in Zone 47399 on Node 121
Recommended time step for next rad cycle = 6e-05
 
 
********** Run Time Statistics **********
                  Cycle Advance             Accumulated 
                     Time (sec)         Angle Loop Time (sec)
RADTR              = 55.773807             96.747690988472
 
 True flux iterations =             2
 True flux iterations =             3
 True flux iterations =             2
 True flux iterations =             2
 True flux iterations =             1
 True flux iterations =             2
 True flux iterations =             1
 True flux iterations =             1
CYCLE 6 timerad = 0.000303
 
TempIters = 8 FluxIters = 8 GTAIters = 0
TrMax =     0.54062257168273 in Zone 3784 on Node 505
TeMax =     0.25504423867399 in Zone 65033 on Node 613
Recommended time step for next rad cycle = 6e-05
 
 
********** Run Time Statistics **********
                  Cycle Advance             Accumulated 
                     Time (sec)         Angle Loop Time (sec)
RADTR              = 29.758043             114.56494919001
 
 SuOlson setting last step's dt=3.1e-05
 True flux iterations =             2
 True flux iterations =             1
 True flux iterations =             1
 True flux iterations =             1
 True flux iterations =             1
CYCLE 7 timerad = 0.000334
 
TempIters = 5 FluxIters = 5 GTAIters = 0
TrMax =     0.55355294807884 in Zone 6272 on Node 229
TeMax =     0.27044611069774 in Zone 68604 on Node 469
Recommended time step for next rad cycle = 6e-05
 
 
********** Run Time Statistics **********
                  Cycle Advance             Accumulated 
                     Time (sec)         Angle Loop Time (sec)
RADTR              = 18.834488             122.95351702021
 
 SuOlson Test version 1.0 completed at time= 0.000334  goalTime= 0.000334
 Computing error check along x=0.00173611, y=0.00462963
 z=    0.01 tInterpolated=  0.00533351 tExact=    0.00468 error=0.000653515
 z=     0.1 tInterpolated=  0.00533352 tExact=    0.00468 error=0.000653519
 z= 0.17783 tInterpolated=  0.00533352 tExact=    0.00468 error=0.000653524
 z= 0.31623 tInterpolated=   0.0053324 tExact=    0.00468 error=  0.0006524
 z=    0.45 tInterpolated=  0.00502275 tExact=    0.00455 error=0.000472754
 z=     0.5 tInterpolated=  0.00267512 tExact=    0.00234 error=0.000335121
 z= 0.56234 tInterpolated= 0.000197339 tExact=      5e-05 error=0.000147339
 z=    0.75 tInterpolated= 5.25404e-08 tExact=          0 error=5.25404e-08
ngroups = 16
nangsn = 256
tot zones = 64499328
numUnknowns = 2.11351e+12
cumulativeIterationCount= 64 cumulativeWorkTime=210.953 s.
figure of merit = 6.4121e+11
task 852 failed to open the trace file mpi_profile.85373.852 ... using stderr
task 0 failed to open the trace file mpi_profile.85373.0 ... using stderr
task 401 failed to open the trace file mpi_profile.85373.401 ... using stderr
task 26 failed to open the trace file mpi_profile.85373.26 ... using stderr

------------------------------------------------------------
Sender: LSF System <lsfadmin@batch5>
Subject: Job 85373: <Not_Specified> in cluster <summit> Done

Job <Not_Specified> was submitted from host <login4> by user <dappelh> in cluster <summit> at Fri May  4 14:14:37 2018
Job was executed on host(s) <1*batch5>, in queue <new>, as user <dappelh> in cluster <summit> at Sat May  5 01:19:40 2018
                            <42*b25n01>
                            <42*b25n02>
                            <42*b25n03>
                            <42*b25n04>
                            <42*b25n05>
                            <42*b25n06>
                            <42*b25n07>
                            <42*b25n08>
                            <42*b25n10>
                            <42*b25n11>
                            <42*b25n12>
                            <42*b25n13>
                            <42*b25n14>
                            <42*b25n15>
                            <42*b25n16>
                            <42*b25n17>
                            <42*b25n18>
                            <42*b26n01>
                            <42*b26n02>
                            <42*b26n03>
                            <42*b26n04>
                            <42*b26n05>
                            <42*b26n06>
                            <42*b26n07>
                            <42*b26n08>
                            <42*b26n09>
                            <42*b26n10>
                            <42*b26n11>
                            <42*b26n12>
                            <42*b26n13>
                            <42*b26n14>
                            <42*b26n15>
                            <42*b26n16>
                            <42*b26n17>
                            <42*b26n18>
                            <42*b27n01>
                            <42*b27n02>
                            <42*b27n03>
                            <42*b27n04>
                            <42*b27n06>
                            <42*b27n07>
                            <42*b27n08>
                            <42*b27n09>
                            <42*b27n10>
                            <42*b27n11>
                            <42*b27n13>
                            <42*b27n14>
                            <42*b27n15>
                            <42*b27n16>
                            <42*b27n17>
                            <42*b27n18>
                            <42*b28n01>
                            <42*b28n02>
                            <42*b28n03>
                            <42*b28n04>
                            <42*b28n05>
                            <42*b28n06>
                            <42*b28n07>
                            <42*b28n08>
                            <42*b28n09>
                            <42*b28n10>
                            <42*b28n11>
                            <42*b28n13>
                            <42*b28n14>
                            <42*b28n15>
                            <42*b28n16>
                            <42*b28n17>
                            <42*b28n18>
                            <42*b29n01>
                            <42*b29n02>
                            <42*b29n03>
                            <42*b29n04>
                            <42*b29n05>
                            <42*b29n06>
                            <42*b29n07>
                            <42*b29n08>
                            <42*b29n10>
                            <42*b29n11>
                            <42*b29n13>
                            <42*b29n14>
                            <42*b29n15>
                            <42*b29n16>
                            <42*b29n17>
                            <42*b29n18>
                            <42*b30n01>
                            <42*b30n02>
                            <42*b30n03>
                            <42*b30n04>
                            <42*b30n05>
                            <42*b30n06>
                            <42*b30n08>
                            <42*b30n09>
                            <42*b30n10>
                            <42*b30n11>
                            <42*b30n12>
                            <42*b30n13>
                            <42*b30n14>
                            <42*b30n16>
                            <42*b30n17>
                            <42*b30n18>
                            <42*b31n01>
                            <42*b31n02>
                            <42*b31n03>
                            <42*b31n04>
                            <42*b31n05>
                            <42*b31n06>
                            <42*b31n07>
                            <42*b31n08>
                            <42*b31n09>
                            <42*b31n10>
                            <42*b31n11>
                            <42*b31n12>
                            <42*b31n13>
                            <42*b31n14>
                            <42*b31n15>
                            <42*b31n16>
                            <42*b31n17>
                            <42*b31n18>
                            <42*b32n01>
                            <42*b32n02>
                            <42*b32n03>
                            <42*b32n04>
                            <42*b32n05>
                            <42*b32n06>
                            <42*b32n07>
                            <42*b32n08>
                            <42*b32n09>
                            <42*b32n10>
                            <42*b32n11>
                            <42*b32n12>
                            <42*b32n13>
                            <42*b32n14>
                            <42*b32n15>
                            <42*b32n16>
                            <42*b32n17>
                            <42*b32n18>
                            <42*b33n01>
                            <42*b33n02>
                            <42*b33n03>
                            <42*b33n04>
                            <42*b33n05>
                            <42*b33n06>
                            <42*b33n07>
                            <42*b33n08>
                            <42*b33n09>
                            <42*b33n10>
                            <42*b33n11>
                            <42*b33n12>
                            <42*b33n13>
                            <42*b33n14>
                            <42*b33n15>
                            <42*b33n16>
                            <42*b33n17>
                            <42*b33n18>
                            <42*b34n01>
                            <42*b34n02>
                            <42*b34n03>
                            <42*b34n04>
                            <42*b34n05>
                            <42*b34n06>
                            <42*b34n07>
                            <42*b34n08>
                            <42*b34n09>
                            <42*b34n10>
                            <42*b34n11>
                            <42*b34n12>
                            <42*b34n13>
                            <42*b34n14>
                            <42*b34n15>
                            <42*b34n16>
                            <42*b34n17>
                            <42*b34n18>
                            <42*b35n01>
                            <42*b35n02>
                            <42*b35n03>
                            <42*b35n04>
                            <42*b35n05>
                            <42*b35n06>
                            <42*b35n07>
                            <42*b35n08>
                            <42*b35n09>
                            <42*b35n10>
                            <42*b35n11>
                            <42*b35n12>
                            <42*b35n13>
                            <42*b35n14>
                            <42*b35n15>
                            <42*b35n16>
                            <42*b35n17>
                            <42*b35n18>
                            <42*b36n01>
                            <42*b36n02>
                            <42*b36n05>
                            <42*b36n06>
                            <42*b36n07>
                            <42*b36n09>
                            <42*b36n10>
                            <42*b36n11>
                            <42*b36n12>
                            <42*b36n13>
                            <42*b36n14>
                            <42*b36n15>
                            <42*b36n17>
                            <42*b36n18>
                            <42*c01n01>
                            <42*c01n02>
                            <42*c01n04>
                            <42*c01n05>
                            <42*c01n06>
                            <42*c01n07>
                            <42*c01n08>
                            <42*c01n09>
                            <42*c01n10>
                            <42*c01n11>
                            <42*c01n13>
                            <42*c01n14>
</ccs/home/dappelh> was used as the home directory.
</ccs/home/dappelh/codes/coral/umt2016-managed/runs> was used as the working directory.
Started at Sat May  5 01:19:40 2018
Terminated at Sat May  5 01:28:04 2018
Results reported at Sat May  5 01:28:04 2018

The output (if any) is above this job summary.



PS:

Read file <85373.err> for stderr output of this job.

