from Timer_Print: could not open timing_summary.96618
timing summary printed to stderr

------------------------------------------------------------------------------------------------
Timing  summary:                 #calls       avg(sec)     min(sec) minRank     max(sec) maxRank
------------------------------------------------------------------------------------------------
work                                  1       136.803      136.802       4      136.804       3
getgeometry                           7         2.239        2.214       0        2.269       5
reflect                               7         0.282        0.251       1        0.336       0
rtorder                               7        37.407       36.729       1       38.639       3
findexit                              7         2.096        0.625       3        2.790       1
scheduler                             7         0.001        0.001       4        0.001       3
advanceRT                             7         8.699        8.651       0        8.794       5
_ZoneLoop0                            7         0.021        0.021       5        0.021       4
_snmoments1                           7         8.430        8.375       0        8.536       5
__snmoments                         368         0.010        0.010       1        0.011       5
_ZoneLoop2                            7         0.046        0.036       5        0.052       0
rtstrtsn                              7         0.223        0.218       1        0.227       3
_initialize                           7         0.035        0.033       0        0.037       2
_zoneaverage                          7         0.038        0.037       1        0.042       4
compton                               7         0.025        0.021       0        0.030       5
absorbrate                           40         0.213        0.200       0        0.228       1
material                             40         5.393        5.161       1        5.613       5
exch                                 33         3.073        2.662       0        3.512       1
rswpmd                               33        71.340       70.959       4       71.719       0
_setflux                             72         1.531        1.094       5        1.902       4
_initexch                            39         0.426        0.002       4        0.803       0
_sweepoct                           312        67.672       66.086       3       68.513       5
__exch                              312        10.304        6.731       2       15.212       1
rtconi                               33         0.622        0.601       1        0.644       5
rtconv                               33         1.739        1.456       5        1.959       1
bdyedt                                7         0.685        0.685       0        0.686       4
Data for MPI rank 3 of 6:
Times and statistics from MPI_Init() to MPI_Finalize().
-----------------------------------------------------------------------
MPI Routine                        #calls     avg. bytes      time(sec)
-----------------------------------------------------------------------
MPI_Comm_rank                      535557            0.0          0.016
MPI_Comm_size                           4            0.0          0.000
MPI_Isend                              56       762448.0          0.000
MPI_Send_init                         112     11852352.0          0.000
MPI_Recv_init                         112     11852352.0          0.000
MPI_Irecv                              56       762448.0          0.000
MPI_Wait                             1208            0.0          5.904
MPI_Waitall                            28            0.0          0.080
MPI_Start                            1152            0.0          0.007
MPI_Bcast                              24           33.3          0.000
MPI_Barrier                           230            0.0          1.930
MPI_Reduce                              1            4.0          0.000
MPI_Allreduce                         419           20.5          4.236
MPI_Gather                              1            4.0          0.000
MPI_Gatherv                             2            0.0          0.000
MPI_Alltoall                            1           80.0          0.000
-----------------------------------------------------------------
MPI task 3 of 6 had the minimum communication time.
total communication time = 12.174 seconds.
total elapsed time       = 434.470 seconds.
user cpu time            = 1877.059 seconds.
system time              = 125.127 seconds.
max resident set size    = 61017.688 MBytes.

-----------------------------------------------------------------
Message size distributions:

MPI_Isend                 #calls    avg. bytes      time(sec)
                              28          32.0          0.000
                              14       92416.0          0.000
                              14     2957312.0          0.000

MPI_Send_init             #calls    avg. bytes      time(sec)
                              56       46208.0          0.000
                              56    23658496.0          0.000

MPI_Recv_init             #calls    avg. bytes      time(sec)
                              56       46208.0          0.000
                              56    23658496.0          0.000

MPI_Irecv                 #calls    avg. bytes      time(sec)
                              28          32.0          0.000
                              14       92416.0          0.000
                              14     2957312.0          0.000

MPI_Bcast                 #calls    avg. bytes      time(sec)
                               5           4.0          0.000
                               2           8.0          0.000
                               3          13.3          0.000
                               8          30.5          0.000
                               6          80.0          0.000

MPI_Reduce                #calls    avg. bytes      time(sec)
                               1           4.0          0.000

MPI_Allreduce             #calls    avg. bytes      time(sec)
                             101           4.0          0.000
                             265           8.0          1.241
                              39          64.0          2.310
                              14         256.0          0.685

MPI_Gather                #calls    avg. bytes      time(sec)
                               1           4.0          0.000

MPI_Alltoall              #calls    avg. bytes      time(sec)
                               1          80.0          0.000

Data for MPI rank 4 of 6:
Times and statistics from MPI_Init() to MPI_Finalize().
-----------------------------------------------------------------------
MPI Routine                        #calls     avg. bytes      time(sec)
-----------------------------------------------------------------------
MPI_Comm_rank                      535561            0.0          0.016
MPI_Comm_size                           4            0.0          0.000
MPI_Isend                              84       762448.0          0.000
MPI_Send_init                         168     11852352.0          0.000
MPI_Recv_init                         168     11852352.0          0.000
MPI_Irecv                              84       762448.0          0.002
MPI_Wait                             1812            0.0         10.464
MPI_Waitall                            42            0.0          0.149
MPI_Start                            1728            0.0          0.010
MPI_Bcast                              24           33.3          0.000
MPI_Barrier                           230            0.0          2.957
MPI_Reduce                              1            4.0          0.000
MPI_Allreduce                         419           20.5          2.278
MPI_Gather                              1            4.0          0.000
MPI_Gatherv                             2            0.0          0.000
MPI_Alltoall                            1           80.0          0.000
-----------------------------------------------------------------
MPI task 4 of 6 had the maximum communication time.
total communication time = 15.876 seconds.
total elapsed time       = 434.470 seconds.
user cpu time            = 1884.753 seconds.
system time              = 129.032 seconds.
max resident set size    = 61205.375 MBytes.

-----------------------------------------------------------------
Message size distributions:

MPI_Isend                 #calls    avg. bytes      time(sec)
                              42          32.0          0.000
                              21       92416.0          0.000
                              21     2957312.0          0.000

MPI_Send_init             #calls    avg. bytes      time(sec)
                              84       46208.0          0.000
                              84    23658496.0          0.000

MPI_Recv_init             #calls    avg. bytes      time(sec)
                              84       46208.0          0.000
                              84    23658496.0          0.000

MPI_Irecv                 #calls    avg. bytes      time(sec)
                              42          32.0          0.000
                              21       92416.0          0.000
                              21     2957312.0          0.002

MPI_Bcast                 #calls    avg. bytes      time(sec)
                               5           4.0          0.000
                               2           8.0          0.000
                               3          13.3          0.000
                               8          30.5          0.000
                               6          80.0          0.000

MPI_Reduce                #calls    avg. bytes      time(sec)
                               1           4.0          0.000

MPI_Allreduce             #calls    avg. bytes      time(sec)
                             101           4.0          0.000
                             265           8.0          1.220
                              39          64.0          0.373
                              14         256.0          0.686

MPI_Gather                #calls    avg. bytes      time(sec)
                               1           4.0          0.000

MPI_Alltoall              #calls    avg. bytes      time(sec)
                               1          80.0          0.000

