1: 0: from Timer_Print: could not open timing_summary.182116
1: 0: timing summary printed to stderr
1: 0: 
1: 0: ------------------------------------------------------------------------------------------------
1: 0: Timing  summary:                 #calls       avg(sec)     min(sec) minRank     max(sec) maxRank
1: 0: ------------------------------------------------------------------------------------------------
1: 0: work                                  1       191.477      191.475      40      191.478      16
1: 0: getgeometry                           7         6.368        6.272      25        6.786      11
1: 0: reflect                               7         0.099        0.000      32        0.260      72
1: 0: rtorder                               7        37.417       36.198      58       39.680      63
1: 0: findexit                              7         4.643        2.296      56        6.202      58
1: 0: _CommLoop1                           14         0.974        0.238       0        1.702      94
1: 0: _CommLoop2                          112         0.438        0.269       5        0.577      56
1: 0: scheduler                             7         0.001        0.001       9        0.001      20
1: 0: advanceRT                             7         8.704        8.639      19        8.856      89
1: 0: _ZoneLoop0                            7         0.021        0.020      57        0.021      71
1: 0: _snmoments1                           7         8.429        8.360      37        8.592      89
1: 0: __snmoments                         492         0.014        0.013      26        0.016      31
1: 0: _ZoneLoop2                            7         0.046        0.035      47        0.057      40
1: 0: rtstrtsn                              7         0.212        0.197      26        0.222      76
1: 0: _initialize                           7         0.035        0.032      16        0.038      41
1: 0: _zoneaverage                          7         0.036        0.032      68        0.042      52
1: 0: compton                               7         0.027        0.020      81        0.032      88
1: 0: absorbrate                           52         0.231        0.217      38        0.256      13
1: 0: material                             52         7.451        6.426      17        8.034      43
1: 0: exch                                 45         8.855        5.000      72       12.205      40
1: 0: rswpmd                               45       110.015      106.590      40      113.928      77
1: 0: _setflux                            103         3.299        2.311      23        4.102      55
1: 0: _initexch                            58         3.641        0.003      40        7.751      77
1: 0: _sweepoct                           436       100.091       96.522       0      101.623      62
1: 0: __exch                              436        32.381       21.512      23       38.636      57
1: 0: rtconi                               45         0.712        0.677      46        0.751      18
1: 0: rtconv                               45         2.880        2.400      43        3.618      35
1: 0: bdyedt                                7         0.693        0.692      58        0.695      95
