1: 0: from Timer_Print: could not open timing_summary.182154
1: 0: timing summary printed to stderr
1: 0: 
1: 0: ------------------------------------------------------------------------------------------------
1: 0: Timing  summary:                 #calls       avg(sec)     min(sec) minRank     max(sec) maxRank
1: 0: ------------------------------------------------------------------------------------------------
1: 0: work                                  1       188.963      188.961      64      188.964       4
1: 0: getgeometry                           7         6.021        5.907      87        6.455      35
1: 0: reflect                               7         0.099        0.000      61        0.264      18
1: 0: rtorder                               7        37.316       36.247      67       39.520      56
1: 0: findexit                              7         4.441        2.143      56        5.632      40
1: 0: _CommLoop1                           14         1.024        0.233       0        1.762      94
1: 0: _CommLoop2                          112         0.361        0.216      90        0.482      56
1: 0: scheduler                             7         0.005        0.005      34        0.005      61
1: 0: advanceRT                             7         8.569        8.505      48        8.715      71
1: 0: _ZoneLoop0                            7         0.020        0.020      30        0.021      48
1: 0: _snmoments1                           7         8.297        8.230      30        8.456      17
1: 0: __snmoments                         492         0.015        0.014      81        0.016      61
1: 0: _ZoneLoop2                            7         0.047        0.034      17        0.053      72
1: 0: rtstrtsn                              7         0.210        0.202       8        0.218       4
1: 0: _initialize                           7         0.034        0.030      34        0.038      85
1: 0: _zoneaverage                          7         0.036        0.032      17        0.041      40
1: 0: compton                               7         0.027        0.021      22        0.031      54
1: 0: absorbrate                           52         0.235        0.216      10        0.258      24
1: 0: material                             52         6.949        6.098      47        7.569      55
1: 0: exch                                 45         8.722        5.044       0       11.352      39
1: 0: rswpmd                               45       109.031      106.450      39      112.773       5
1: 0: _setflux                            103         2.738        1.949      23        3.484      32
1: 0: _initexch                            58         2.849        0.058      38        6.838       0
1: 0: _sweepoct                           436       100.442       97.258      72      101.836      62
1: 0: __exch                              436        33.315       21.505      23       39.048      33
1: 0: rtconi                               45         0.701        0.656      24        0.766      10
1: 0: rtconv                               45         2.765        2.225      55        3.378      77
1: 0: bdyedt                                7         0.666        0.664      78        0.667      45
